#
# A fatal error has been detected by the Java Runtime Environment:
#
#  SIGBUS (0xa) at pc=0x000000010bdad4f0, pid=31645, tid=29707
#
# JRE version: OpenJDK Runtime Environment (18.0.1.1+2) (build 18.0.1.1+2-6)
# Java VM: OpenJDK 64-Bit Server VM (18.0.1.1+2-6, mixed mode, sharing, tiered, compressed oops, compressed class ptrs, g1 gc, bsd-aarch64)
# Problematic frame:
# v  ~StubRoutines::SafeFetchN
#
# No core dump will be written. Core dumps have been disabled. To enable core dumping, try "ulimit -c unlimited" before starting Java again
#
# If you would like to submit a bug report, please visit:
#   https://bugreport.java.com/bugreport/crash.jsp
# The crash happened outside the Java Virtual Machine in native code.
# See problematic frame for where to report the bug.
#

---------------  S U M M A R Y ------------

Command Line: -javaagent:/Applications/IntelliJ IDEA CE.app/Contents/lib/idea_rt.jar=49412:/Applications/IntelliJ IDEA CE.app/Contents/bin -Dfile.encoding=UTF-8 --module-path=/Users/sam/.m2/repository/org/openjfx/javafx-graphics/17.0.1/javafx-graphics-17.0.1-mac-aarch64.jar:/Users/sam/.m2/repository/org/openjfx/javafx-controls/17.0.1/javafx-controls-17.0.1-mac-aarch64.jar:/Users/sam/.m2/repository/org/openjfx/javafx-fxml/17.0.1/javafx-fxml-17.0.1-mac-aarch64.jar:/Users/sam/.m2/repository/org/openjfx/javafx-base/17.0.1/javafx-base-17.0.1-mac-aarch64.jar:/Users/sam/WGU/software_2/scheduler/target/classes -Djdk.module.main=dev.sam.scheduler dev.sam.scheduler/dev.sam.scheduler.App

Host: "MacBookPro17,1" arm64, 8 cores, 16G, Darwin 21.6.0, macOS 12.5.1 (21G83)
Time: Sun Aug 28 14:32:11 2022 CST elapsed time: 17.787984 seconds (0d 0h 0m 17s)

---------------  T H R E A D  ---------------

Current thread (0x000000013e8f6400):  JavaThread "InvokeLaterDispatcher" daemon [_thread_in_native, id=29707, stack(0x0000000280834000,0x0000000280a37000)]

Stack: [0x0000000280834000,0x0000000280a37000],  sp=0x0000000280a367c0,  free space=2057k
Native frames: (J=compiled Java code, j=interpreted, Vv=VM code, C=native code)
v  ~StubRoutines::SafeFetchN
V  [libjvm.dylib+0x7cdaa0]  _ZN10OopStorage7releaseEPKP7oopDesc+0x20
V  [libjvm.dylib+0x4f47ec]  jni_DeleteGlobalRef+0xd4
C  [libglass.dylib+0xab08]  -[GlassRunnable dealloc]+0x34
C  [Foundation+0x852e8]  -[_NSThreadPerformInfo dealloc]+0x30
C  [Foundation+0x5187c]  -[NSObject(NSThreadPerformAdditions) performSelectorOnMainThread:withObject:waitUntilDone:]+0x88
C  0x185e0001139547cc
J 2586 c1 com.sun.glass.ui.mac.MacApplication.submitForLaterInvocation(Ljava/lang/Runnable;)V javafx.graphics (6 bytes) @ 0x000000010c861458 [0x000000010c8613c0+0x0000000000000098]
C  0x000000070e820050

Java frames: (J=compiled Java code, j=interpreted, Vv=VM code)
J 2535  com.sun.glass.ui.mac.MacApplication._submitForLaterInvocation(Ljava/lang/Runnable;)V javafx.graphics (0 bytes) @ 0x00000001139547cc [0x0000000113954740+0x000000000000008c]
J 2586 c1 com.sun.glass.ui.mac.MacApplication.submitForLaterInvocation(Ljava/lang/Runnable;)V javafx.graphics (6 bytes) @ 0x000000010c861458 [0x000000010c8613c0+0x0000000000000098]
j  com.sun.glass.ui.InvokeLaterDispatcher.run()V+82 javafx.graphics
v  ~StubRoutines::call_stub

siginfo: si_signo: 10 (SIGBUS), si_code: 1 (BUS_ADRALN), si_addr: 0x000000010bdad4f0

Register to memory mapping:

 x0=0x000000013f015f88 is a global jni handle
 x1=0x0 is NULL
 x2=0x000000070e3850c0 is an oop: com.sun.glass.ui.InvokeLaterDispatcher$Future 
{0x000000070e3850c0} - klass: 'com/sun/glass/ui/InvokeLaterDispatcher$Future'
 - ---- fields (total size 3 words):
 - private 'done' 'Z' @12  true
 - private final 'runnable' 'Ljava/lang/Runnable;' @16  a 'com/sun/javafx/tk/quantum/QuantumToolkit$$Lambda$82+0x0000000800c3b008'{0x000000070e83ea18} (e1d07d43)
 - final synthetic 'this$0' 'Lcom/sun/glass/ui/InvokeLaterDispatcher;' @20  a 'com/sun/glass/ui/InvokeLaterDispatcher'{0x000000070e820050} (e1d0400a)
 x3=0x0 is NULL
 x4=0x00000000000130a8 is an unknown value
 x5=0x0 is NULL
 x6=0x0 is NULL
 x7=0x0 is NULL
 x8=0x000000010bdad4ec is at begin+0 in a stub
StubRoutines::SafeFetchN [0x000000010bdad4ec, 0x000000010bdad4f8] (12 bytes)
 x9=0x0 is NULL
x10=0x2010000030300000 is an unknown value
x11=0x0000000000000007 is an unknown value
x12=0x0000000000000003 is an unknown value
x13=0x000060000250d4a0 points into unknown readable memory: 0xcb0600018894d7f4 | f4 d7 94 88 01 00 06 cb
x14=0x0000510000000000 is an unknown value
x15=0x00000001033f5f98: OBJC_CLASS_$_GlassRunnable+0 in /Users/sam/.openjfx/cache/17.0.1/libglass.dylib at 0x00000001033b0000
x16=0x00000001879ab0fc: pthread_getspecific+0 in /usr/lib/system/libsystem_pthread.dylib at 0x00000001879a9000
x17=0x0000600002010460 points into unknown readable memory: 0xfffffffffffffffe | fe ff ff ff ff ff ff ff
x18=0x0 is NULL
x19=0x00006000020085b0 points into unknown readable memory: 0x0000600000915180 | 80 51 91 00 00 60 00 00
x20=0x000000013f015d80 points into unknown readable memory: 0x8c32ed9547ceed1d | 1d ed ce 47 95 ed 32 8c
x21=0x000000013f015f88 is a global jni handle
x22=0x000000013e8f6400 is a thread
x23=0x0000000000000001 is an unknown value
x24=0x000000013f015f40 is a global jni handle
x25=0x0000000104142ca8: _ZN12StubRoutines17_safefetchN_entryE+0 in /Users/sam/Library/Java/JavaVirtualMachines/openjdk-18.0.1.1/Contents/Home/lib/server/libjvm.dylib at 0x0000000103564000
x26=0x0000000138522120 is pointing into metadata
x27=0x0 is NULL
x28=0x000000013e8f6400 is a thread


Registers:
 x0=0x000000013f015f88  x1=0x0000000000000000  x2=0x000000070e3850c0  x3=0x0000000000000000
 x4=0x00000000000130a8  x5=0x0000000000000000  x6=0x0000000000000000  x7=0x0000000000000000
 x8=0x000000010bdad4ec  x9=0x0000000000000000 x10=0x2010000030300000 x11=0x0000000000000007
x12=0x0000000000000003 x13=0x000060000250d4a0 x14=0x0000510000000000 x15=0x00000001033f5f98
x16=0x00000001879ab0fc x17=0x0000600002010460 x18=0x0000000000000000 x19=0x00006000020085b0
x20=0x000000013f015d80 x21=0x000000013f015f88 x22=0x000000013e8f6400 x23=0x0000000000000001
x24=0x000000013f015f40 x25=0x0000000104142ca8 x26=0x0000000138522120 x27=0x0000000000000000
x28=0x000000013e8f6400  fp=0x0000000280a36800  lr=0x0000000103d30894  sp=0x0000000280a367c0
pc=0x000000010bdad4f0 cpsr=0x0000000060001000
Top of Stack: (sp=0x0000000280a367c0)
0x0000000280a367c0:   0000000138522120 0000000000000001
0x0000000280a367d0:   0000000800c2ac20 0000000000000000
0x0000000280a367e0:   000000012784c690 000000013f015f70
0x0000000280a367f0:   000000013f015f70 00006000020085b0
0x0000000280a36800:   0000000280a36840 0000000103d31aa0
0x0000000280a36810:   0000000000000001 000000013f015f70
0x0000000280a36820:   000000012784c690 000000013f015f70
0x0000000280a36830:   0000000000000001 000000012784c400
0x0000000280a36840:   0000000280a36880 0000000103a587ec
0x0000000280a36850:   0000000800c2ac20 000060000091eb70
0x0000000280a36860:   000060000091eb00 00000001d1cec8f7
0x0000000280a36870:   0000000000000000 000060000091eb00
0x0000000280a36880:   0000000280a368b0 00000001033bab08
0x0000000280a36890:   cbbe6faf640f00fb 0000000000000000
0x0000000280a368a0:   0000000000000000 0000600001ed0a80
0x0000000280a368b0:   0000000280a368f0 00000001889812e8
0x0000000280a368c0:   0000000800c2ac20 000060000091eb70
0x0000000280a368d0:   000060000091eb00 cbbe6faf640f00fb
0x0000000280a368e0:   0000000000000000 0000000000000000
0x0000000280a368f0:   0000000280a36930 ca3e80018894d87c
0x0000000280a36900:   0000000800c2ac20 000000010bdb47c0
0x0000000280a36910:   000000013851feba 000000010414a760
0x0000000280a36920:   0000000280a36a10 00000000000000b9
0x0000000280a36930:   0000000280a36990 185e0001139547cc
0x0000000280a36940:   000000070e83c0a8 000000070e3850c0
0x0000000280a36950:   0000000280a36ab8 00000001879b7630
0x0000000280a36960:   000000013e8f6400 0000000104126ae8
0x0000000280a36970:   0000000280a36a20 0000000000000001
0x0000000280a36980:   0000000280a369c0 000000070e66bfe8
0x0000000280a36990:   0000000280a36a80 000000010c861458
0x0000000280a369a0:   000000070e3850c0 000000070e83ea18
0x0000000280a369b0:   0000000280a36a18 00000000000000b6 

Instructions: (pc=0x000000010bdad4f0)
0x000000010bdad3f0:   f2a08209 f2c00029 6d425935 1e640886
0x000000010bdad400:   0c402d31 1e6408c7 1f5654d0 1e6c1017
0x000000010bdad410:   1f5050d0 1f504cd0 1f5048d0 1e650af6
0x000000010bdad420:   1f50d8f6 1f5694d6 1f5158f6 1e762880
0x000000010bdad430:   36000501 1e614000 14000026 2e251ca5
0x000000010bdad440:   d29e3009 f2a08209 f2c00029 6d425d36
0x000000010bdad450:   1e600806 0c402d32 1f5758c7 1e6c101a
0x000000010bdad460:   1f4754c7 1e650805 1f4750c7 d2866668
0x000000010bdad470:   f2a7fa68 1f474cc7 1e6608c0 1f4748c7
0x000000010bdad480:   1e6e1019 eb08007f 540000ac 1f479400
0x000000010bdad490:   1f460340 1e603b20 1400000e d2a7fd29
0x000000010bdad4a0:   eb09007f 540000ac 51480069 d3607d29
0x000000010bdad4b0:   9e670121 14000002 1e6a5001 1f679417
0x000000010bdad4c0:   1f668742 1e613b23 1e773857 1e773860
0x000000010bdad4d0:   a8c17ff3 910003bf a8c17bfd d65f03c0
0x000000010bdad4e0:   b9400001 aa0103e0 d65f03c0 f9400001
0x000000010bdad4f0:   aa0103e0 d65f03c0 00000000 00000000
0x000000010bdad500:   00000000 00000000 00000000 00000000
0x000000010bdad510:   00000000 00000000 00000000 00000000
0x000000010bdad520:   00000000 00000000 00000000 00000000
0x000000010bdad530:   00000000 00000000 00000000 00000000
0x000000010bdad540:   00000000 00000000 00000000 00000000
0x000000010bdad550:   00000000 00000000 00000000 00000000
0x000000010bdad560:   00000000 00000000 00000000 00000000
0x000000010bdad570:   00000000 00000000 00000000 00000000
0x000000010bdad580:   00000000 00000000 00000000 00000000
0x000000010bdad590:   00000000 00000000 00000000 00000000
0x000000010bdad5a0:   00000000 00000000 00000000 00000000
0x000000010bdad5b0:   00000000 00000000 00000000 00000000
0x000000010bdad5c0:   00000000 00000000 00000000 00000000
0x000000010bdad5d0:   00000000 00000000 00000000 00000000
0x000000010bdad5e0:   00000000 00000000 00000000 00000000 


Stack slot to memory mapping:
stack at sp + 0 slots: 0x0000000138522120 is pointing into metadata
stack at sp + 1 slots: 0x0000000000000001 is an unknown value
stack at sp + 2 slots: 0x0000000800c2ac20 is a pointer to class: 
com.sun.glass.ui.mac.MacApplication {0x0000000800c2ac20}
 - instance size:     5
 - klass size:        133
 - access:            final synchronized 
 - state:             fully_initialized
 - name:              'com/sun/glass/ui/mac/MacApplication'
 - super:             'com/sun/glass/ui/Application'
 - sub:               
 - arrays:            NULL
 - methods:           Array<T>(0x00000001384f5c48)
 - method ordering:   Array<T>(0x0000000800a839d8)
 - default_methods:   Array<T>(0x0000000000000000)
 - local interfaces:  Array<T>(0x00000001384f9168)
 - trans. interfaces: Array<T>(0x00000001384f9168)
 - constants:         constant pool [548]/operands[69] {0x00000001384f8000} for 'com/sun/glass/ui/mac/MacApplication' cache=0x0000000138520000
 - class loader data:  loader data: 0x0000600003a00280 for instance a 'jdk/internal/loader/ClassLoaders$AppClassLoader'{0x000000070e80b498}
 - source file:       'MacApplication.java'
 - class annotations:       Array<T>(0x0000000000000000)
 - class type annotations:  Array<T>(0x0000000000000000)
 - field annotations:       Array<T>(0x0000000000000000)
 - field type annotations:  Array<T>(0x0000000000000000)
 - inner classes:     Array<T>(0x00000001384fc030)
 - nest members:     Array<T>(0x00000001384fc088)
 - permitted subclasses:     Array<T>(0x00000008005c8a10)
 - java mirror:       a 'java/lang/Class'{0x000000070e83c030} = 'com/sun/glass/ui/mac/MacApplication'
 - vtable length      72  (start addr: 0x0000000800c2add8)
 - itable length      5 (start addr: 0x0000000800c2b018)
 - ---- static fields (1 words):
 - static final 'BROWSER_PARENT_ID' 'J' @112 
 - ---- non-static fields (7 words):
 - private 'initialActiveEventReceived' 'Z' @12 
 - private 'terminateWhenLastWindowClosed' 'Z' @13 
 - protected 'name' 'Ljava/lang/String;' @16 
 - private 'eventHandler' 'Lcom/sun/glass/ui/Application$EventHandler;' @20 
 - private 'initialOpenedFiles' '[Ljava/lang/String;' @24 
 - private 'isTaskbarApplication' 'Z' @14 
 - private 'firstDidResignActive' 'Z' @15 
 - private final 'invokeLaterDispatcher' 'Lcom/sun/glass/ui/InvokeLaterDispatcher;' @28 
 - private 'appleMenu' 'Lcom/sun/glass/ui/Menu;' @32 
 - private final 'reactivationLatch' 'Ljava/util/concurrent/CountDownLatch;' @36 
 - non-static oop maps: 16-36 
stack at sp + 3 slots: 0x0 is NULL
stack at sp + 4 slots: 0x000000012784c690 points into unknown readable memory: 0x00000001040ff378 | 78 f3 0f 04 01 00 00 00
stack at sp + 5 slots: 0x000000013f015f70 is a global jni handle
stack at sp + 6 slots: 0x000000013f015f70 is a global jni handle
stack at sp + 7 slots: 0x00006000020085b0 points into unknown readable memory: 0x0000600000915180 | 80 51 91 00 00 60 00 00

StubRoutines::SafeFetchN [0x000000010bdad4ec, 0x000000010bdad4f8] (12 bytes)
[MachCode]
  0x000000010bdad4ec: 0100 40f9 | e003 01aa | c003 5fd6 
[/MachCode]

Compiled method (c1)   17799 2586       3       com.sun.glass.ui.mac.MacApplication::submitForLaterInvocation (6 bytes)
 total in heap  [0x000000010c861210,0x000000010c8615d8] = 968
 relocation     [0x000000010c861368,0x000000010c8613a0] = 56
 main code      [0x000000010c8613c0,0x000000010c861500] = 320
 stub code      [0x000000010c861500,0x000000010c861558] = 88
 oops           [0x000000010c861558,0x000000010c861560] = 8
 metadata       [0x000000010c861560,0x000000010c861578] = 24
 scopes data    [0x000000010c861578,0x000000010c861590] = 24
 scopes pcs     [0x000000010c861590,0x000000010c8615d0] = 64
 dependencies   [0x000000010c8615d0,0x000000010c8615d8] = 8

[Constant Pool (empty)]

[MachCode]
[Entry Point]
  # {method} {0x00000001384fb1e0} 'submitForLaterInvocation' '(Ljava/lang/Runnable;)V' in 'com/sun/glass/ui/mac/MacApplication'
  # this:     c_rarg1:c_rarg1 
                        = 'com/sun/glass/ui/mac/MacApplication'
  # parm0:    c_rarg2:c_rarg2 
                        = 'java/lang/Runnable'
  #           [sp+0x40]  (sp of caller)
  0x000000010c8613c0: 2808 40b9 | 3f01 086b | c001 0054 

  0x000000010c8613cc: ;   {runtime_call ic_miss_stub}
  0x000000010c8613cc: 08ac fff0 | 0801 0091 | 0001 1fd6 | 1f20 03d5 | 1f20 03d5 | 1f20 03d5 | 1f20 03d5 | 1f20 03d5 
  0x000000010c8613ec: 1f20 03d5 | 1f20 03d5 | 1f20 03d5 | 1f20 03d5 | 1f20 03d5 
[Verified Entry Point]
  0x000000010c861400: 1f20 03d5 | e953 40d1 | 3f01 00f9 | ff03 01d1 | fd7b 03a9 

  0x000000010c861414: ;   {metadata(method data for {method} {0x00000001384fb1e0} 'submitForLaterInvocation' '(Ljava/lang/Runnable;)V' in 'com/sun/glass/ui/mac/MacApplication')}
  0x000000010c861414: 004f 83d2 | 6018 a7f2 | 2000 c0f2 | 03ac 40b9 | 6308 0011 | 03ac 00b9 | 6324 1f12 | 7f00 0071 
  0x000000010c861434: e001 0054 | e003 01aa 

  0x000000010c86143c: ;   {metadata(method data for {method} {0x00000001384fb1e0} 'submitForLaterInvocation' '(Ljava/lang/Runnable;)V' in 'com/sun/glass/ui/mac/MacApplication')}
  0x000000010c86143c: 034f 83d2 | 6318 a7f2 | 2300 c0f2 | 6878 40f9 | 0805 0091 | 6878 00f9 

  0x000000010c861454: ; ImmutableOopMap {}
                      ;*invokevirtual _submitForLaterInvocation {reexecute=0 rethrow=0 return_oop=0}
                      ; - com.sun.glass.ui.mac.MacApplication::submitForLaterInvocation@2 (line 348)
                      ;   {optimized virtual_call}
  0x000000010c861454: c1cc c395 | fd7b 43a9 | ff03 0191 

  0x000000010c861460: ;   {poll_return}
  0x000000010c861460: 889f 41f9 | ff63 28eb | 8801 0054 | c003 5fd6 

  0x000000010c861470: ;   {metadata({method} {0x00000001384fb1e0} 'submitForLaterInvocation' '(Ljava/lang/Runnable;)V' in 'com/sun/glass/ui/mac/MacApplication')}
  0x000000010c861470: 083c 96d2 | e809 a7f2 | 2800 c0f2 | e807 00f9 | 0800 8092 | e803 00f9 

  0x000000010c861488: ;   {runtime_call counter_overflow Runtime1 stub}
  0x000000010c861488: 08b2 ffd0 | 0801 0a91 

  0x000000010c861490: ; ImmutableOopMap {c_rarg1=Oop c_rarg2=Oop }
                      ;*synchronization entry
                      ; - com.sun.glass.ui.mac.MacApplication::submitForLaterInvocation@-1 (line 348)
  0x000000010c861490: 0001 3fd6 | e9ff ff17 

  0x000000010c861498: ;   {internal_word}
  0x000000010c861498: 48fe ff10 | 88ab 01f9 

  0x000000010c8614a0: ;   {runtime_call SafepointBlob}
  0x000000010c8614a0: 48ac ffb0 | 0801 1891 | 0001 1fd6 | 1f20 03d5 | 1f20 03d5 | 80e7 41f9 | 9fe7 01f9 | 9feb 01f9 
  0x000000010c8614c0: fd7b 43a9 | ff03 0191 

  0x000000010c8614c8: ;   {runtime_call unwind_exception Runtime1 stub}
  0x000000010c8614c8: 68ad ff90 | 0801 2091 | 0001 1fd6 | 0000 0000 | 0000 0000 | 0000 0000 | 0000 0000 | 0000 0000 
  0x000000010c8614e8: 0000 0000 | 0000 0000 | 0000 0000 | 0000 0000 | 0000 0000 | 0000 0000 
[Stub Code]
  0x000000010c861500: ;   {no_reloc}
  0x000000010c861500: df3f 03d5 

  0x000000010c861504: ;   {metadata(NULL)}
  0x000000010c861504: 0c00 80d2 | 0c00 a0f2 | 0c00 c0f2 | 0800 80d2 | 0800 a0f2 | 0800 c0f2 | 0001 1fd6 

  0x000000010c861520: ;   {trampoline_stub}
  0x000000010c861520: 4800 0058 | 0001 1fd6 | 5847 9513 | 0100 0000 
[Exception Handler]
  0x000000010c861530: ;   {runtime_call handle_exception_from_callee Runtime1 stub}
  0x000000010c861530: e8b1 ff90 | 0801 1491 | 0001 3fd6 | c1d5 bbd4 | 6190 f803 | 0100 0000 
[Deopt Handler Code]
  0x000000010c861548: 1e00 0010 

  0x000000010c86154c: ;   {runtime_call DeoptimizationBlob}
  0x000000010c86154c: 48ac ffb0 | 0801 2591 | 0001 1fd6 
[/MachCode]


Compiled method (n/a)   17802 2535     n 0       com.sun.glass.ui.mac.MacApplication::_submitForLaterInvocation (native)
 total in heap  [0x0000000113954590,0x00000001139548e0] = 848
 relocation     [0x00000001139546e8,0x0000000113954710] = 40
 main code      [0x0000000113954740,0x00000001139548d0] = 400
 oops           [0x00000001139548d0,0x00000001139548d8] = 8
 metadata       [0x00000001139548d8,0x00000001139548e0] = 8

[Constant Pool (empty)]

[MachCode]
[Entry Point]
  # {method} {0x00000001384fb138} '_submitForLaterInvocation' '(Ljava/lang/Runnable;)V' in 'com/sun/glass/ui/mac/MacApplication'
  # this:     c_rarg1:c_rarg1 
                        = 'com/sun/glass/ui/mac/MacApplication'
  # parm0:    c_rarg2:c_rarg2 
                        = 'java/lang/Runnable'
  #           [sp+0x60]  (sp of caller)
  0x0000000113954740: 2808 40b9 | 3f01 086b | 8000 0054 

  0x000000011395474c: ;   {runtime_call ic_miss_stub}
  0x000000011395474c: 8824 fc90 | 0801 0091 | 0001 1fd6 
[Verified Entry Point]
  0x0000000113954758: 1f20 03d5 | e953 40d1 | 3f01 00f9 | fd7b bfa9 | fd03 0091 | ff43 01d1 | e207 00f9 | 5f00 1feb 
  0x0000000113954778: e223 0091 | e203 829a | e103 00f9 | 3f00 1feb | e103 00d1 | e103 819a | e801 0010 | 883f 01f9 
  0x0000000113954798: e803 0091 | 883b 01f9 

  0x00000001139547a0: ;   {external_word}
  0x00000001139547a0: 083f f8d0 | 08c9 4d39 | 4806 0035 | 8043 0a91 | e803 7eb2 | 89c3 0c91 | 28fd 9f88 

  0x00000001139547bc: ;   {runtime_call Java_com_sun_glass_ui_mac_MacApplication__1submitForLaterInvocation}
  0x00000001139547bc: 0841 9bd2 | 6867 a0f2 | 2800 c0f2 | 0001 3fd6 | a800 80d2 | 8833 03b9 | bf3b 03d5 | 88e3 0c91 
  0x00000001139547dc: 08fd dfc8 | bf03 08eb | a803 0054 | 8823 43b9 | 6803 0035 | e803 7db2 | 89c3 0c91 | 28fd 9f88 
  0x00000001139547fc: 8883 4e39 | 1f09 0071 | 0002 0054 

  0x0000000113954808: ;   {external_word}
  0x0000000113954808: 083f f8d0 | 08c9 4d39 | a804 0035 | 9f3b 01f9 | 9f3f 01f9 | 8283 41f9 | 5f80 00f9 | bf03 0091 
  0x0000000113954828: fd7b c1a8 | 8807 40f9 | 4800 00b5 | c003 5fd6 

  0x0000000113954838: ;   {runtime_call StubRoutines (1)}
  0x0000000113954838: c822 fc90 | 0801 0291 | 0001 1fd6 

  0x0000000113954844: ;   {runtime_call _ZN13SharedRuntime20reguard_yellow_pagesEv}
  0x0000000113954844: 0878 92d2 | 887b a0f2 | 2800 c0f2 | 0001 3fd6 | edff ff17 | e003 1caa 

  0x000000011395485c: ;   {runtime_call _ZN10JavaThread40check_special_condition_for_native_transEPS_}
  0x000000011395485c: 8829 9cd2 | e87c a0f2 | 2800 c0f2 | 0001 3fd6 | e1ff ff17 | e10b bfa9 

  0x0000000113954874: ;   {metadata({method} {0x00000001384fb138} '_submitForLaterInvocation' '(Ljava/lang/Runnable;)V' in 'com/sun/glass/ui/mac/MacApplication')}
  0x0000000113954874: 0127 96d2 | e109 a7f2 | 2100 c0f2 | e003 1caa | e833 bfa9 | 0831 8ed2 | 887b a0f2 | 2800 c0f2 
  0x0000000113954894: 0001 3fd6 | e833 c1a8 | e10b c1a8 | c3ff ff17 

  0x00000001139548a4: ;   {metadata({method} {0x00000001384fb138} '_submitForLaterInvocation' '(Ljava/lang/Runnable;)V' in 'com/sun/glass/ui/mac/MacApplication')}
  0x00000001139548a4: 0127 96d2 | e109 a7f2 | 2100 c0f2 | e003 1caa | e833 bfa9 | 0850 8ed2 | 887b a0f2 | 2800 c0f2 
  0x00000001139548c4: 0001 3fd6 | e833 c1a8 | d2ff ff17 
[/MachCode]


---------------  P R O C E S S  ---------------

Threads class SMR info:
_java_thread_list=0x0000600000bd0de0, length=20, elements={
0x000000013e808a00, 0x000000014e80ee00, 0x000000014e80d600, 0x000000013e844200,
0x000000013e84f200, 0x000000014804a400, 0x0000000126808c00, 0x000000012600a400,
0x000000013f80f200, 0x000000013e847e00, 0x000000014f0d0e00, 0x000000014f013600,
0x0000000127849800, 0x000000013e8f6400, 0x000000012784c400, 0x000000014e943e00,
0x000000013e957600, 0x000000012785a600, 0x000000014f339200, 0x000000014ea9ca00
}

Java Threads: ( => current thread )
  0x000000013e808a00 JavaThread "main" [_thread_blocked, id=9987, stack(0x000000016dd1c000,0x000000016df1f000)]
  0x000000014e80ee00 JavaThread "Reference Handler" daemon [_thread_blocked, id=13315, stack(0x000000016eb70000,0x000000016ed73000)]
  0x000000014e80d600 JavaThread "Finalizer" daemon [_thread_blocked, id=14595, stack(0x000000016ed7c000,0x000000016ef7f000)]
  0x000000013e844200 JavaThread "Signal Dispatcher" daemon [_thread_blocked, id=23043, stack(0x000000016f0a0000,0x000000016f2a3000)]
  0x000000013e84f200 JavaThread "Service Thread" daemon [_thread_blocked, id=42499, stack(0x000000016f2ac000,0x000000016f4af000)]
  0x000000014804a400 JavaThread "Monitor Deflation Thread" daemon [_thread_blocked, id=41987, stack(0x000000016f4b8000,0x000000016f6bb000)]
  0x0000000126808c00 JavaThread "C2 CompilerThread0" daemon [_thread_blocked, id=41475, stack(0x000000016f6c4000,0x000000016f8c7000)]
  0x000000012600a400 JavaThread "C1 CompilerThread0" daemon [_thread_blocked, id=40963, stack(0x000000016f8d0000,0x000000016fad3000)]
  0x000000013f80f200 JavaThread "Sweeper thread" daemon [_thread_blocked, id=40707, stack(0x000000016fadc000,0x000000016fcdf000)]
  0x000000013e847e00 JavaThread "Common-Cleaner" daemon [_thread_blocked, id=40195, stack(0x000000016fce8000,0x000000016feeb000)]
  0x000000014f0d0e00 JavaThread "Monitor Ctrl-Break" daemon [_thread_in_native, id=39683, stack(0x0000000280004000,0x0000000280207000)]
  0x000000014f013600 JavaThread "Notification Thread" daemon [_thread_blocked, id=24067, stack(0x0000000280210000,0x0000000280413000)]
  0x0000000127849800 JavaThread "QuantumRenderer-0" daemon [_thread_blocked, id=38915, stack(0x0000000280628000,0x000000028082b000)]
=>0x000000013e8f6400 JavaThread "InvokeLaterDispatcher" daemon [_thread_in_native, id=29707, stack(0x0000000280834000,0x0000000280a37000)]
  0x000000012784c400 JavaThread "JavaFX Application Thread" [_thread_in_vm, id=259, stack(0x000000016d494000,0x000000016dc90000)]
  0x000000014e943e00 JavaThread "JavaFX-Launcher" [_thread_blocked, id=56847, stack(0x0000000280df0000,0x0000000280ff3000)]
  0x000000013e957600 JavaThread "Prism Font Disposer" daemon [_thread_blocked, id=68615, stack(0x0000000281a38000,0x0000000281c3b000)]
  0x000000012785a600 JavaThread "PulseTimer-CVDisplayLink thread" daemon [_thread_in_native, id=51215, stack(0x0000000280a40000,0x0000000280ac3000)]
  0x000000014f339200 JavaThread "Cleaner-0" daemon [_thread_blocked, id=58895, stack(0x00000002864a4000,0x00000002866a7000)]
  0x000000014ea9ca00 JavaThread "Attach Listener" daemon [_thread_blocked, id=1311, stack(0x00000002866b0000,0x00000002868b3000)]

Other Threads:
  0x000000013f015380 VMThread "VM Thread" [stack: 0x000000016e964000,0x000000016eb67000] [id=15363]
  0x000000014e71c510 WatcherThread "VM Periodic Task Thread" [stack: 0x000000028041c000,0x000000028061f000] [id=39427]
  0x000000013f0056f0 WorkerThread "GC Thread#0" [stack: 0x000000016df28000,0x000000016e12b000] [id=12035]
  0x000000014e6214a0 WorkerThread "GC Thread#1" [stack: 0x0000000280ffc000,0x00000002811ff000] [id=70919]
  0x000000014e621910 WorkerThread "GC Thread#2" [stack: 0x0000000281208000,0x000000028140b000] [id=70147]
  0x000000014e621d80 WorkerThread "GC Thread#3" [stack: 0x0000000281414000,0x0000000281617000] [id=57859]
  0x000000014e6225e0 WorkerThread "GC Thread#4" [stack: 0x0000000281620000,0x0000000281823000] [id=58115]
  0x0000000125e076f0 WorkerThread "GC Thread#5" [stack: 0x000000028182c000,0x0000000281a2f000] [id=69123]
  0x000000013e7054b0 ConcurrentGCThread "G1 Main Marker" [stack: 0x000000016e134000,0x000000016e337000] [id=19203]
  0x000000013e705d20 WorkerThread "G1 Conc#0" [stack: 0x000000016e340000,0x000000016e543000] [id=18435]
  0x000000013f010b60 ConcurrentGCThread "G1 Refine#0" [stack: 0x000000016e54c000,0x000000016e74f000] [id=12547]
  0x000000013f0113e0 ConcurrentGCThread "G1 Service" [stack: 0x000000016e758000,0x000000016e95b000] [id=12803]

Threads with active compile tasks:

VM state: not at safepoint (normal execution)

VM Mutex/Monitor currently owned by a thread: None

Heap address: 0x0000000700000000, size: 4096 MB, Compressed Oops mode: Zero based, Oop shift amount: 3

CDS archive(s) mapped at: [0x0000000800000000-0x0000000800ba8000-0x0000000800ba8000), size 12222464, SharedBaseAddress: 0x0000000800000000, ArchiveRelocationMode: 0.
Compressed class space mapped at: 0x0000000800c00000-0x0000000840c00000, reserved size: 1073741824
Narrow klass base: 0x0000000800000000, Narrow klass shift: 0, Narrow klass range: 0x100000000

GC Precious Log:
 CardTable entry size: 512
 Card Set container configuration: InlinePtr #cards 4 size 8 Array Of Cards #cards 16 size 48 Howl #buckets 8 coarsen threshold 3686 Howl Bitmap #cards 512 size 80 coarsen threshold 460 Card regions per heap region 1 cards per card region 4096
 CPUs: 8 total, 8 available
 Memory: 16384M
 Large Page Support: Disabled
 NUMA Support: Disabled
 Compressed Oops: Enabled (Zero based)
 Heap Region Size: 2M
 Heap Min Capacity: 8M
 Heap Initial Capacity: 256M
 Heap Max Capacity: 4G
 Pre-touch: Disabled
 Parallel Workers: 8
 Concurrent Workers: 2
 Concurrent Refinement Workers: 8
 Periodic GC: Disabled

Heap:
 garbage-first heap   total 266240K, used 41933K [0x0000000700000000, 0x0000000800000000)
  region size 2048K, 19 young (38912K), 2 survivors (4096K)
 Metaspace       used 15390K, committed 15680K, reserved 1114112K
  class space    used 2126K, committed 2304K, reserved 1048576K

Heap Regions: E=young(eden), S=young(survivor), O=old, HS=humongous(starts), HC=humongous(continues), CS=collection set, F=free, OA=open archive, CA=closed archive, TAMS=top-at-mark-start (previous, next)
|   0|0x0000000700000000, 0x0000000700200000, 0x0000000700200000|100%|HS|  |TAMS 0x0000000700000000, 0x0000000700000000| Complete 
|   1|0x0000000700200000, 0x0000000700400000, 0x0000000700400000|100%|HC|  |TAMS 0x0000000700200000, 0x0000000700200000| Complete 
|   2|0x0000000700400000, 0x0000000700600000, 0x0000000700600000|100%|HS|  |TAMS 0x0000000700400000, 0x0000000700400000| Complete 
|   3|0x0000000700600000, 0x0000000700600000, 0x0000000700800000|  0%| F|  |TAMS 0x0000000700600000, 0x0000000700600000| Untracked 
|   4|0x0000000700800000, 0x0000000700800000, 0x0000000700a00000|  0%| F|  |TAMS 0x0000000700800000, 0x0000000700800000| Untracked 
|   5|0x0000000700a00000, 0x0000000700a00000, 0x0000000700c00000|  0%| F|  |TAMS 0x0000000700a00000, 0x0000000700a00000| Untracked 
|   6|0x0000000700c00000, 0x0000000700c00000, 0x0000000700e00000|  0%| F|  |TAMS 0x0000000700c00000, 0x0000000700c00000| Untracked 
|   7|0x0000000700e00000, 0x0000000700e00000, 0x0000000701000000|  0%| F|  |TAMS 0x0000000700e00000, 0x0000000700e00000| Untracked 
|   8|0x0000000701000000, 0x0000000701000000, 0x0000000701200000|  0%| F|  |TAMS 0x0000000701000000, 0x0000000701000000| Untracked 
|   9|0x0000000701200000, 0x0000000701200000, 0x0000000701400000|  0%| F|  |TAMS 0x0000000701200000, 0x0000000701200000| Untracked 
|  10|0x0000000701400000, 0x0000000701400000, 0x0000000701600000|  0%| F|  |TAMS 0x0000000701400000, 0x0000000701400000| Untracked 
|  11|0x0000000701600000, 0x0000000701600000, 0x0000000701800000|  0%| F|  |TAMS 0x0000000701600000, 0x0000000701600000| Untracked 
|  12|0x0000000701800000, 0x0000000701800000, 0x0000000701a00000|  0%| F|  |TAMS 0x0000000701800000, 0x0000000701800000| Untracked 
|  13|0x0000000701a00000, 0x0000000701a00000, 0x0000000701c00000|  0%| F|  |TAMS 0x0000000701a00000, 0x0000000701a00000| Untracked 
|  14|0x0000000701c00000, 0x0000000701c00000, 0x0000000701e00000|  0%| F|  |TAMS 0x0000000701c00000, 0x0000000701c00000| Untracked 
|  15|0x0000000701e00000, 0x0000000701e00000, 0x0000000702000000|  0%| F|  |TAMS 0x0000000701e00000, 0x0000000701e00000| Untracked 
|  16|0x0000000702000000, 0x0000000702000000, 0x0000000702200000|  0%| F|  |TAMS 0x0000000702000000, 0x0000000702000000| Untracked 
|  17|0x0000000702200000, 0x0000000702200000, 0x0000000702400000|  0%| F|  |TAMS 0x0000000702200000, 0x0000000702200000| Untracked 
|  18|0x0000000702400000, 0x0000000702400000, 0x0000000702600000|  0%| F|  |TAMS 0x0000000702400000, 0x0000000702400000| Untracked 
|  19|0x0000000702600000, 0x0000000702600000, 0x0000000702800000|  0%| F|  |TAMS 0x0000000702600000, 0x0000000702600000| Untracked 
|  20|0x0000000702800000, 0x0000000702800000, 0x0000000702a00000|  0%| F|  |TAMS 0x0000000702800000, 0x0000000702800000| Untracked 
|  21|0x0000000702a00000, 0x0000000702a00000, 0x0000000702c00000|  0%| F|  |TAMS 0x0000000702a00000, 0x0000000702a00000| Untracked 
|  22|0x0000000702c00000, 0x0000000702c00000, 0x0000000702e00000|  0%| F|  |TAMS 0x0000000702c00000, 0x0000000702c00000| Untracked 
|  23|0x0000000702e00000, 0x0000000702e00000, 0x0000000703000000|  0%| F|  |TAMS 0x0000000702e00000, 0x0000000702e00000| Untracked 
|  24|0x0000000703000000, 0x0000000703000000, 0x0000000703200000|  0%| F|  |TAMS 0x0000000703000000, 0x0000000703000000| Untracked 
|  25|0x0000000703200000, 0x0000000703200000, 0x0000000703400000|  0%| F|  |TAMS 0x0000000703200000, 0x0000000703200000| Untracked 
|  26|0x0000000703400000, 0x0000000703400000, 0x0000000703600000|  0%| F|  |TAMS 0x0000000703400000, 0x0000000703400000| Untracked 
|  27|0x0000000703600000, 0x0000000703600000, 0x0000000703800000|  0%| F|  |TAMS 0x0000000703600000, 0x0000000703600000| Untracked 
|  28|0x0000000703800000, 0x0000000703800000, 0x0000000703a00000|  0%| F|  |TAMS 0x0000000703800000, 0x0000000703800000| Untracked 
|  29|0x0000000703a00000, 0x0000000703a00000, 0x0000000703c00000|  0%| F|  |TAMS 0x0000000703a00000, 0x0000000703a00000| Untracked 
|  30|0x0000000703c00000, 0x0000000703c00000, 0x0000000703e00000|  0%| F|  |TAMS 0x0000000703c00000, 0x0000000703c00000| Untracked 
|  31|0x0000000703e00000, 0x0000000703e00000, 0x0000000704000000|  0%| F|  |TAMS 0x0000000703e00000, 0x0000000703e00000| Untracked 
|  32|0x0000000704000000, 0x0000000704000000, 0x0000000704200000|  0%| F|  |TAMS 0x0000000704000000, 0x0000000704000000| Untracked 
|  33|0x0000000704200000, 0x0000000704200000, 0x0000000704400000|  0%| F|  |TAMS 0x0000000704200000, 0x0000000704200000| Untracked 
|  34|0x0000000704400000, 0x0000000704400000, 0x0000000704600000|  0%| F|  |TAMS 0x0000000704400000, 0x0000000704400000| Untracked 
|  35|0x0000000704600000, 0x0000000704600000, 0x0000000704800000|  0%| F|  |TAMS 0x0000000704600000, 0x0000000704600000| Untracked 
|  36|0x0000000704800000, 0x0000000704800000, 0x0000000704a00000|  0%| F|  |TAMS 0x0000000704800000, 0x0000000704800000| Untracked 
|  37|0x0000000704a00000, 0x0000000704a00000, 0x0000000704c00000|  0%| F|  |TAMS 0x0000000704a00000, 0x0000000704a00000| Untracked 
|  38|0x0000000704c00000, 0x0000000704c00000, 0x0000000704e00000|  0%| F|  |TAMS 0x0000000704c00000, 0x0000000704c00000| Untracked 
|  39|0x0000000704e00000, 0x0000000704e00000, 0x0000000705000000|  0%| F|  |TAMS 0x0000000704e00000, 0x0000000704e00000| Untracked 
|  40|0x0000000705000000, 0x0000000705000000, 0x0000000705200000|  0%| F|  |TAMS 0x0000000705000000, 0x0000000705000000| Untracked 
|  41|0x0000000705200000, 0x0000000705200000, 0x0000000705400000|  0%| F|  |TAMS 0x0000000705200000, 0x0000000705200000| Untracked 
|  42|0x0000000705400000, 0x0000000705400000, 0x0000000705600000|  0%| F|  |TAMS 0x0000000705400000, 0x0000000705400000| Untracked 
|  43|0x0000000705600000, 0x0000000705600000, 0x0000000705800000|  0%| F|  |TAMS 0x0000000705600000, 0x0000000705600000| Untracked 
|  44|0x0000000705800000, 0x0000000705800000, 0x0000000705a00000|  0%| F|  |TAMS 0x0000000705800000, 0x0000000705800000| Untracked 
|  45|0x0000000705a00000, 0x0000000705a00000, 0x0000000705c00000|  0%| F|  |TAMS 0x0000000705a00000, 0x0000000705a00000| Untracked 
|  46|0x0000000705c00000, 0x0000000705c00000, 0x0000000705e00000|  0%| F|  |TAMS 0x0000000705c00000, 0x0000000705c00000| Untracked 
|  47|0x0000000705e00000, 0x0000000705e00000, 0x0000000706000000|  0%| F|  |TAMS 0x0000000705e00000, 0x0000000705e00000| Untracked 
|  48|0x0000000706000000, 0x0000000706000000, 0x0000000706200000|  0%| F|  |TAMS 0x0000000706000000, 0x0000000706000000| Untracked 
|  49|0x0000000706200000, 0x0000000706200000, 0x0000000706400000|  0%| F|  |TAMS 0x0000000706200000, 0x0000000706200000| Untracked 
|  50|0x0000000706400000, 0x0000000706400000, 0x0000000706600000|  0%| F|  |TAMS 0x0000000706400000, 0x0000000706400000| Untracked 
|  51|0x0000000706600000, 0x0000000706600000, 0x0000000706800000|  0%| F|  |TAMS 0x0000000706600000, 0x0000000706600000| Untracked 
|  52|0x0000000706800000, 0x0000000706800000, 0x0000000706a00000|  0%| F|  |TAMS 0x0000000706800000, 0x0000000706800000| Untracked 
|  53|0x0000000706a00000, 0x0000000706a00000, 0x0000000706c00000|  0%| F|  |TAMS 0x0000000706a00000, 0x0000000706a00000| Untracked 
|  54|0x0000000706c00000, 0x0000000706c00000, 0x0000000706e00000|  0%| F|  |TAMS 0x0000000706c00000, 0x0000000706c00000| Untracked 
|  55|0x0000000706e00000, 0x0000000706e00000, 0x0000000707000000|  0%| F|  |TAMS 0x0000000706e00000, 0x0000000706e00000| Untracked 
|  56|0x0000000707000000, 0x0000000707000000, 0x0000000707200000|  0%| F|  |TAMS 0x0000000707000000, 0x0000000707000000| Untracked 
|  57|0x0000000707200000, 0x0000000707200000, 0x0000000707400000|  0%| F|  |TAMS 0x0000000707200000, 0x0000000707200000| Untracked 
|  58|0x0000000707400000, 0x0000000707400000, 0x0000000707600000|  0%| F|  |TAMS 0x0000000707400000, 0x0000000707400000| Untracked 
|  59|0x0000000707600000, 0x0000000707600000, 0x0000000707800000|  0%| F|  |TAMS 0x0000000707600000, 0x0000000707600000| Untracked 
|  60|0x0000000707800000, 0x0000000707800000, 0x0000000707a00000|  0%| F|  |TAMS 0x0000000707800000, 0x0000000707800000| Untracked 
|  61|0x0000000707a00000, 0x0000000707a00000, 0x0000000707c00000|  0%| F|  |TAMS 0x0000000707a00000, 0x0000000707a00000| Untracked 
|  62|0x0000000707c00000, 0x0000000707c00000, 0x0000000707e00000|  0%| F|  |TAMS 0x0000000707c00000, 0x0000000707c00000| Untracked 
|  63|0x0000000707e00000, 0x0000000707e00000, 0x0000000708000000|  0%| F|  |TAMS 0x0000000707e00000, 0x0000000707e00000| Untracked 
|  64|0x0000000708000000, 0x0000000708000000, 0x0000000708200000|  0%| F|  |TAMS 0x0000000708000000, 0x0000000708000000| Untracked 
|  65|0x0000000708200000, 0x0000000708200000, 0x0000000708400000|  0%| F|  |TAMS 0x0000000708200000, 0x0000000708200000| Untracked 
|  66|0x0000000708400000, 0x0000000708400000, 0x0000000708600000|  0%| F|  |TAMS 0x0000000708400000, 0x0000000708400000| Untracked 
|  67|0x0000000708600000, 0x0000000708600000, 0x0000000708800000|  0%| F|  |TAMS 0x0000000708600000, 0x0000000708600000| Untracked 
|  68|0x0000000708800000, 0x0000000708800000, 0x0000000708a00000|  0%| F|  |TAMS 0x0000000708800000, 0x0000000708800000| Untracked 
|  69|0x0000000708a00000, 0x0000000708a00000, 0x0000000708c00000|  0%| F|  |TAMS 0x0000000708a00000, 0x0000000708a00000| Untracked 
|  70|0x0000000708c00000, 0x0000000708c00000, 0x0000000708e00000|  0%| F|  |TAMS 0x0000000708c00000, 0x0000000708c00000| Untracked 
|  71|0x0000000708e00000, 0x0000000708e00000, 0x0000000709000000|  0%| F|  |TAMS 0x0000000708e00000, 0x0000000708e00000| Untracked 
|  72|0x0000000709000000, 0x0000000709000000, 0x0000000709200000|  0%| F|  |TAMS 0x0000000709000000, 0x0000000709000000| Untracked 
|  73|0x0000000709200000, 0x0000000709200000, 0x0000000709400000|  0%| F|  |TAMS 0x0000000709200000, 0x0000000709200000| Untracked 
|  74|0x0000000709400000, 0x0000000709400000, 0x0000000709600000|  0%| F|  |TAMS 0x0000000709400000, 0x0000000709400000| Untracked 
|  75|0x0000000709600000, 0x0000000709600000, 0x0000000709800000|  0%| F|  |TAMS 0x0000000709600000, 0x0000000709600000| Untracked 
|  76|0x0000000709800000, 0x0000000709800000, 0x0000000709a00000|  0%| F|  |TAMS 0x0000000709800000, 0x0000000709800000| Untracked 
|  77|0x0000000709a00000, 0x0000000709a00000, 0x0000000709c00000|  0%| F|  |TAMS 0x0000000709a00000, 0x0000000709a00000| Untracked 
|  78|0x0000000709c00000, 0x0000000709c00000, 0x0000000709e00000|  0%| F|  |TAMS 0x0000000709c00000, 0x0000000709c00000| Untracked 
|  79|0x0000000709e00000, 0x0000000709e00000, 0x000000070a000000|  0%| F|  |TAMS 0x0000000709e00000, 0x0000000709e00000| Untracked 
|  80|0x000000070a000000, 0x000000070a000000, 0x000000070a200000|  0%| F|  |TAMS 0x000000070a000000, 0x000000070a000000| Untracked 
|  81|0x000000070a200000, 0x000000070a200000, 0x000000070a400000|  0%| F|  |TAMS 0x000000070a200000, 0x000000070a200000| Untracked 
|  82|0x000000070a400000, 0x000000070a400000, 0x000000070a600000|  0%| F|  |TAMS 0x000000070a400000, 0x000000070a400000| Untracked 
|  83|0x000000070a600000, 0x000000070a600000, 0x000000070a800000|  0%| F|  |TAMS 0x000000070a600000, 0x000000070a600000| Untracked 
|  84|0x000000070a800000, 0x000000070a800000, 0x000000070aa00000|  0%| F|  |TAMS 0x000000070a800000, 0x000000070a800000| Untracked 
|  85|0x000000070aa00000, 0x000000070aa00000, 0x000000070ac00000|  0%| F|  |TAMS 0x000000070aa00000, 0x000000070aa00000| Untracked 
|  86|0x000000070ac00000, 0x000000070ac00000, 0x000000070ae00000|  0%| F|  |TAMS 0x000000070ac00000, 0x000000070ac00000| Untracked 
|  87|0x000000070ae00000, 0x000000070ae00000, 0x000000070b000000|  0%| F|  |TAMS 0x000000070ae00000, 0x000000070ae00000| Untracked 
|  88|0x000000070b000000, 0x000000070b000000, 0x000000070b200000|  0%| F|  |TAMS 0x000000070b000000, 0x000000070b000000| Untracked 
|  89|0x000000070b200000, 0x000000070b200000, 0x000000070b400000|  0%| F|  |TAMS 0x000000070b200000, 0x000000070b200000| Untracked 
|  90|0x000000070b400000, 0x000000070b400000, 0x000000070b600000|  0%| F|  |TAMS 0x000000070b400000, 0x000000070b400000| Untracked 
|  91|0x000000070b600000, 0x000000070b600000, 0x000000070b800000|  0%| F|  |TAMS 0x000000070b600000, 0x000000070b600000| Untracked 
|  92|0x000000070b800000, 0x000000070b800000, 0x000000070ba00000|  0%| F|  |TAMS 0x000000070b800000, 0x000000070b800000| Untracked 
|  93|0x000000070ba00000, 0x000000070ba00000, 0x000000070bc00000|  0%| F|  |TAMS 0x000000070ba00000, 0x000000070ba00000| Untracked 
|  94|0x000000070bc00000, 0x000000070bc00000, 0x000000070be00000|  0%| F|  |TAMS 0x000000070bc00000, 0x000000070bc00000| Untracked 
|  95|0x000000070be00000, 0x000000070be00000, 0x000000070c000000|  0%| F|  |TAMS 0x000000070be00000, 0x000000070be00000| Untracked 
|  96|0x000000070c000000, 0x000000070c000000, 0x000000070c200000|  0%| F|  |TAMS 0x000000070c000000, 0x000000070c000000| Untracked 
|  97|0x000000070c200000, 0x000000070c200000, 0x000000070c400000|  0%| F|  |TAMS 0x000000070c200000, 0x000000070c200000| Untracked 
|  98|0x000000070c400000, 0x000000070c400000, 0x000000070c600000|  0%| F|  |TAMS 0x000000070c400000, 0x000000070c400000| Untracked 
|  99|0x000000070c600000, 0x000000070c600000, 0x000000070c800000|  0%| F|  |TAMS 0x000000070c600000, 0x000000070c600000| Untracked 
| 100|0x000000070c800000, 0x000000070c800000, 0x000000070ca00000|  0%| F|  |TAMS 0x000000070c800000, 0x000000070c800000| Untracked 
| 101|0x000000070ca00000, 0x000000070ca00000, 0x000000070cc00000|  0%| F|  |TAMS 0x000000070ca00000, 0x000000070ca00000| Untracked 
| 102|0x000000070cc00000, 0x000000070cc00000, 0x000000070ce00000|  0%| F|  |TAMS 0x000000070cc00000, 0x000000070cc00000| Untracked 
| 103|0x000000070ce00000, 0x000000070ce00000, 0x000000070d000000|  0%| F|  |TAMS 0x000000070ce00000, 0x000000070ce00000| Untracked 
| 104|0x000000070d000000, 0x000000070d000000, 0x000000070d200000|  0%| F|  |TAMS 0x000000070d000000, 0x000000070d000000| Untracked 
| 105|0x000000070d200000, 0x000000070d200000, 0x000000070d400000|  0%| F|  |TAMS 0x000000070d200000, 0x000000070d200000| Untracked 
| 106|0x000000070d400000, 0x000000070d400000, 0x000000070d600000|  0%| F|  |TAMS 0x000000070d400000, 0x000000070d400000| Untracked 
| 107|0x000000070d600000, 0x000000070d600000, 0x000000070d800000|  0%| F|  |TAMS 0x000000070d600000, 0x000000070d600000| Untracked 
| 108|0x000000070d800000, 0x000000070d800000, 0x000000070da00000|  0%| F|  |TAMS 0x000000070d800000, 0x000000070d800000| Untracked 
| 109|0x000000070da00000, 0x000000070daf10a0, 0x000000070dc00000| 47%| E|  |TAMS 0x000000070da00000, 0x000000070da00000| Complete 
| 110|0x000000070dc00000, 0x000000070de00000, 0x000000070de00000|100%| E|CS|TAMS 0x000000070dc00000, 0x000000070dc00000| Complete 
| 111|0x000000070de00000, 0x000000070e000000, 0x000000070e000000|100%| E|CS|TAMS 0x000000070de00000, 0x000000070de00000| Complete 
| 112|0x000000070e000000, 0x000000070e200000, 0x000000070e200000|100%| E|CS|TAMS 0x000000070e000000, 0x000000070e000000| Complete 
| 113|0x000000070e200000, 0x000000070e400000, 0x000000070e400000|100%| E|CS|TAMS 0x000000070e200000, 0x000000070e200000| Complete 
| 114|0x000000070e400000, 0x000000070e600000, 0x000000070e600000|100%| E|CS|TAMS 0x000000070e400000, 0x000000070e400000| Complete 
| 115|0x000000070e600000, 0x000000070e70b548, 0x000000070e800000| 52%| S|CS|TAMS 0x000000070e600000, 0x000000070e600000| Complete 
| 116|0x000000070e800000, 0x000000070ea00000, 0x000000070ea00000|100%| S|CS|TAMS 0x000000070e800000, 0x000000070e800000| Complete 
| 117|0x000000070ea00000, 0x000000070ec00000, 0x000000070ec00000|100%| E|CS|TAMS 0x000000070ea00000, 0x000000070ea00000| Complete 
| 118|0x000000070ec00000, 0x000000070ee00000, 0x000000070ee00000|100%| E|CS|TAMS 0x000000070ec00000, 0x000000070ec00000| Complete 
| 119|0x000000070ee00000, 0x000000070f000000, 0x000000070f000000|100%| E|CS|TAMS 0x000000070ee00000, 0x000000070ee00000| Complete 
| 120|0x000000070f000000, 0x000000070f200000, 0x000000070f200000|100%| E|CS|TAMS 0x000000070f000000, 0x000000070f000000| Complete 
| 121|0x000000070f200000, 0x000000070f400000, 0x000000070f400000|100%| E|CS|TAMS 0x000000070f200000, 0x000000070f200000| Complete 
| 122|0x000000070f400000, 0x000000070f600000, 0x000000070f600000|100%| E|CS|TAMS 0x000000070f400000, 0x000000070f400000| Complete 
| 123|0x000000070f600000, 0x000000070f800000, 0x000000070f800000|100%| E|CS|TAMS 0x000000070f600000, 0x000000070f600000| Complete 
| 124|0x000000070f800000, 0x000000070fa00000, 0x000000070fa00000|100%| E|CS|TAMS 0x000000070f800000, 0x000000070f800000| Complete 
| 125|0x000000070fa00000, 0x000000070fc00000, 0x000000070fc00000|100%| E|CS|TAMS 0x000000070fa00000, 0x000000070fa00000| Complete 
| 126|0x000000070fc00000, 0x000000070fe00000, 0x000000070fe00000|100%| E|CS|TAMS 0x000000070fc00000, 0x000000070fc00000| Complete 
| 127|0x000000070fe00000, 0x0000000710000000, 0x0000000710000000|100%| E|  |TAMS 0x000000070fe00000, 0x000000070fe00000| Complete 
|2046|0x00000007ffc00000, 0x00000007ffd74000, 0x00000007ffe00000| 72%|OA|  |TAMS 0x00000007ffc00000, 0x00000007ffc00000| Untracked 
|2047|0x00000007ffe00000, 0x00000007ffe74000, 0x0000000800000000| 22%|CA|  |TAMS 0x00000007ffe00000, 0x00000007ffe00000| Untracked 

Card table byte_map: [0x000000011adac000,0x000000011b5ac000] _byte_map_base: 0x00000001175ac000

Marking Bits (Prev, Next): (CMBitMap*) 0x000000014800dc10, (CMBitMap*) 0x000000014800dc50
 Prev Bits: [0x000000011bdac000, 0x000000011fdac000)
 Next Bits: [0x000000011fdac000, 0x0000000123dac000)

Polling page: 0x00000001022f4000

Metaspace:

Usage:
  Non-class:     12.95 MB used.
      Class:      2.08 MB used.
       Both:     15.03 MB used.

Virtual space:
  Non-class space:       64.00 MB reserved,      13.06 MB ( 20%) committed,  1 nodes.
      Class space:        1.00 GB reserved,       2.25 MB ( <1%) committed,  1 nodes.
             Both:        1.06 GB reserved,      15.31 MB (  1%) committed. 

Chunk freelists:
   Non-Class:  2.12 MB
       Class:  1.74 MB
        Both:  3.87 MB

MaxMetaspaceSize: unlimited
CompressedClassSpaceSize: 1.00 GB
Initial GC threshold: 21.00 MB
Current GC threshold: 21.00 MB
CDS: on
MetaspaceReclaimPolicy: balanced
 - commit_granule_bytes: 65536.
 - commit_granule_words: 8192.
 - virtual_space_node_default_size: 8388608.
 - enlarge_chunks_in_place: 1.
 - new_chunks_are_fully_committed: 0.
 - uncommit_free_chunks: 1.
 - use_allocation_guard: 0.


Internal statistics:

num_allocs_failed_limit: 0.
num_arena_births: 336.
num_arena_deaths: 0.
num_vsnodes_births: 2.
num_vsnodes_deaths: 0.
num_space_committed: 245.
num_space_uncommitted: 0.
num_chunks_returned_to_freelist: 0.
num_chunks_taken_from_freelist: 808.
num_chunk_merges: 0.
num_chunk_splits: 567.
num_chunks_enlarged: 439.
num_inconsistent_stats: 0.

CodeHeap 'non-profiled nmethods': size=120032Kb used=986Kb max_used=986Kb free=119046Kb
 bounds [0x0000000113874000, 0x0000000113ae4000, 0x000000011adac000]
CodeHeap 'profiled nmethods': size=120016Kb used=5546Kb max_used=5546Kb free=114469Kb
 bounds [0x000000010c340000, 0x000000010c8b0000, 0x0000000113874000]
CodeHeap 'non-nmethods': size=5712Kb used=1397Kb max_used=1444Kb free=4314Kb
 bounds [0x000000010bdac000, 0x000000010c01c000, 0x000000010c340000]
 total_blobs=3379 nmethods=2605 adapters=690
 compilation: enabled
              stopped_count=0, restarted_count=0
 full_count=0

Compilation events (20 events):
Event: 14.240 Thread 0x000000012600a400 2664       3       com.sun.javafx.sg.prism.NGGroup::computeRenderRoot (398 bytes)
Event: 14.243 Thread 0x000000012600a400 nmethod 2664 0x000000010c8a3190 code [0x000000010c8a3780, 0x000000010c8a5e68]
Event: 14.738 Thread 0x000000012600a400 2665       3       com.sun.javafx.scene.shape.ShapeHelper::markDirtyImpl (17 bytes)
Event: 14.739 Thread 0x000000012600a400 nmethod 2665 0x000000010c8a7110 code [0x000000010c8a7380, 0x000000010c8a7ba8]
Event: 14.739 Thread 0x000000012600a400 2666       3       javafx.scene.shape.Shape$1::doMarkDirty (9 bytes)
Event: 14.739 Thread 0x000000012600a400 nmethod 2666 0x000000010c8a7f10 code [0x000000010c8a80c0, 0x000000010c8a8358]
Event: 14.740 Thread 0x000000012600a400 2667       1       com.sun.prism.es2.ES2SwapChain::getFboID (5 bytes)
Event: 14.740 Thread 0x000000012600a400 nmethod 2667 0x0000000113969410 code [0x0000000113969580, 0x0000000113969668]
Event: 14.741 Thread 0x000000012600a400 2668       3       com.sun.javafx.PlatformUtil::useEGL (4 bytes)
Event: 14.741 Thread 0x000000012600a400 nmethod 2668 0x000000010c8a8490 code [0x000000010c8a8640, 0x000000010c8a8728]
Event: 15.239 Thread 0x000000012600a400 2669       3       com.sun.javafx.sg.prism.NGRegion::renderBackgroundRectanglesDirectly (346 bytes)
Event: 15.240 Thread 0x0000000126808c00 2670       4       com.sun.javafx.geom.transform.Affine3D::updateState (96 bytes)
Event: 15.242 Thread 0x000000012600a400 nmethod 2669 0x000000010c8a8790 code [0x000000010c8a8b00, 0x000000010c8a9f18]
Event: 15.244 Thread 0x0000000126808c00 nmethod 2670 0x0000000113969710 code [0x0000000113969980, 0x0000000113969df0]
Event: 16.120 Thread 0x0000000126808c00 2671       4       java.util.concurrent.locks.AbstractQueuedSynchronizer::signalNext (34 bytes)
Event: 16.122 Thread 0x0000000126808c00 nmethod 2671 0x000000011396a090 code [0x000000011396a240, 0x000000011396a3b0]
Event: 16.738 Thread 0x000000012600a400 2672       3       java.util.RegularEnumSet::clear (6 bytes)
Event: 16.738 Thread 0x000000012600a400 nmethod 2672 0x000000010c8aa590 code [0x000000010c8aa740, 0x000000010c8aa868]
Event: 17.240 Thread 0x0000000126808c00 2673       4       com.sun.javafx.sg.prism.NGNode::renderForcedContent (1 bytes)
Event: 17.240 Thread 0x0000000126808c00 nmethod 2673 0x000000011396a510 code [0x000000011396a680, 0x000000011396a720]

GC Heap History (2 events):
Event: 0.362 GC heap before
{Heap before GC invocations=0 (full 0):
 garbage-first heap   total 266240K, used 24480K [0x0000000700000000, 0x0000000800000000)
  region size 2048K, 11 young (22528K), 0 survivors (0K)
 Metaspace       used 7188K, committed 7360K, reserved 1114112K
  class space    used 894K, committed 960K, reserved 1048576K
}
Event: 0.365 GC heap after
{Heap after GC invocations=1 (full 0):
 garbage-first heap   total 266240K, used 5069K [0x0000000700000000, 0x0000000800000000)
  region size 2048K, 2 young (4096K), 2 survivors (4096K)
 Metaspace       used 7188K, committed 7360K, reserved 1114112K
  class space    used 894K, committed 960K, reserved 1048576K
}

Deoptimization events (20 events):
Event: 5.302 Thread 0x0000000127849800 DEOPT PACKING pc=0x000000010c704f20 sp=0x0000000280828cc0
Event: 5.302 Thread 0x0000000127849800 DEOPT UNPACKING pc=0x000000010bdeab7c sp=0x00000002808288c0 mode 0
Event: 5.303 Thread 0x0000000127849800 DEOPT PACKING pc=0x000000010c70488c sp=0x00000002808294e0
Event: 5.303 Thread 0x0000000127849800 DEOPT UNPACKING pc=0x000000010bdeab7c sp=0x00000002808290e0 mode 0
Event: 5.639 Thread 0x0000000127849800 DEOPT PACKING pc=0x000000010c7425fc sp=0x0000000280829640
Event: 5.639 Thread 0x0000000127849800 DEOPT UNPACKING pc=0x000000010bdeab7c sp=0x00000002808292d0 mode 0
Event: 5.738 Thread 0x0000000127849800 Uncommon trap: trap_request=0xffffff45 fr.pc=0x00000001139457dc relative=0x00000000000018dc
Event: 5.738 Thread 0x0000000127849800 Uncommon trap: reason=unstable_if action=reinterpret pc=0x00000001139457dc method=com.sun.marlin.Renderer._endRendering(IILcom/sun/marlin/MarlinAlphaConsumer;)V @ 207 c2
Event: 5.738 Thread 0x0000000127849800 DEOPT PACKING pc=0x00000001139457dc sp=0x0000000280828e60
Event: 5.738 Thread 0x0000000127849800 DEOPT UNPACKING pc=0x000000010bdead1c sp=0x0000000280828c50 mode 2
Event: 5.738 Thread 0x0000000127849800 Uncommon trap: trap_request=0xffffff45 fr.pc=0x00000001139338b0 relative=0x0000000000002430
Event: 5.738 Thread 0x0000000127849800 Uncommon trap: reason=unstable_if action=reinterpret pc=0x00000001139338b0 method=com.sun.marlin.Renderer._endRendering(IILcom/sun/marlin/MarlinAlphaConsumer;)V @ 2268 c2
Event: 5.738 Thread 0x0000000127849800 DEOPT PACKING pc=0x00000001139338b0 sp=0x0000000280828dc0
Event: 5.738 Thread 0x0000000127849800 DEOPT UNPACKING pc=0x000000010bdead1c sp=0x0000000280828c50 mode 2
Event: 5.738 Thread 0x0000000127849800 Uncommon trap: trap_request=0xffffff45 fr.pc=0x000000011393c52c relative=0x0000000000001e6c
Event: 5.738 Thread 0x0000000127849800 Uncommon trap: reason=unstable_if action=reinterpret pc=0x000000011393c52c method=com.sun.marlin.Renderer._endRendering(IILcom/sun/marlin/MarlinAlphaConsumer;)V @ 2268 c2
Event: 5.738 Thread 0x0000000127849800 DEOPT PACKING pc=0x000000011393c52c sp=0x0000000280828dd0
Event: 5.738 Thread 0x0000000127849800 DEOPT UNPACKING pc=0x000000010bdead1c sp=0x0000000280828c50 mode 2
Event: 8.739 Thread 0x0000000127849800 DEOPT PACKING pc=0x000000010c81e98c sp=0x0000000280828d80
Event: 8.740 Thread 0x0000000127849800 DEOPT UNPACKING pc=0x000000010bdeab7c sp=0x0000000280828960 mode 0

Classes loaded (20 events):
Event: 1.223 Loading class sun/util/locale/provider/TimeZoneNameProviderImpl done
Event: 1.223 Loading class sun/util/cldr/CLDRTimeZoneNameProviderImpl done
Event: 1.223 Loading class sun/util/locale/provider/BaseLocaleDataMetaInfo
Event: 1.223 Loading class sun/util/locale/provider/BaseLocaleDataMetaInfo done
Event: 1.224 Loading class sun/util/resources/cldr/TimeZoneNames
Event: 1.224 Loading class sun/util/resources/TimeZoneNamesBundle
Event: 1.224 Loading class sun/util/resources/OpenListResourceBundle
Event: 1.224 Loading class sun/util/resources/OpenListResourceBundle done
Event: 1.224 Loading class sun/util/resources/TimeZoneNamesBundle done
Event: 1.224 Loading class sun/util/resources/cldr/TimeZoneNames done
Event: 1.224 Loading class sun/util/resources/cldr/TimeZoneNames_en
Event: 1.224 Loading class sun/util/resources/cldr/TimeZoneNames_en done
Event: 1.224 Loading class sun/util/resources/cldr/TimeZoneNames_en_US
Event: 1.224 Loading class sun/util/resources/cldr/TimeZoneNames_en_US done
Event: 1.390 Loading class java/util/EnumMap$Values
Event: 1.390 Loading class java/util/EnumMap$Values done
Event: 1.390 Loading class java/util/EnumMap$ValueIterator
Event: 1.390 Loading class java/util/EnumMap$EnumMapIterator
Event: 1.390 Loading class java/util/EnumMap$EnumMapIterator done
Event: 1.390 Loading class java/util/EnumMap$ValueIterator done

Classes unloaded (0 events):
No events

Classes redefined (0 events):
No events

Internal exceptions (20 events):
Event: 0.549 Thread 0x000000012784c400 Exception <a 'java/lang/NoSuchMethodError'{0x000000070f5ca6a0}: 'void java.lang.invoke.Invokers$Holder.invokeExact_MT(java.lang.Object, java.lang.Object, java.lang.Object, java.lang.Object)'> (0x000000070f5ca6a0) 
thrown [open/src/hotspot/share/interpreter/linkResolver.cpp, line 766]
Event: 0.552 Thread 0x000000012784c400 Exception <a 'java/io/FileNotFoundException'{0x000000070f21e2e8}> (0x000000070f21e2e8) 
thrown [open/src/hotspot/share/prims/jni.cpp, line 516]
Event: 0.574 Thread 0x000000012784c400 Implicit null exception at 0x00000001138a2a78 to 0x00000001138a2b08
Event: 0.576 Thread 0x000000012784c400 Implicit null exception at 0x00000001138c8094 to 0x00000001138c82a4
Event: 0.630 Thread 0x000000012784c400 Exception <a 'java/lang/ClassNotFoundException'{0x000000070ed11ae8}: com/sun/javafx/scene/control/skin/resources/controls> (0x000000070ed11ae8) 
thrown [open/src/hotspot/share/prims/jni.cpp, line 535]
Event: 0.630 Thread 0x000000012784c400 Exception <a 'java/lang/ClassNotFoundException'{0x000000070ed1fa88}: com/sun/javafx/scene/control/skin/resources/controls_en> (0x000000070ed1fa88) 
thrown [open/src/hotspot/share/prims/jni.cpp, line 535]
Event: 0.630 Thread 0x000000012784c400 Exception <a 'java/lang/ClassNotFoundException'{0x000000070ed20a20}: com/sun/javafx/scene/control/skin/resources/controls_en_US> (0x000000070ed20a20) 
thrown [open/src/hotspot/share/prims/jni.cpp, line 535]
Event: 0.645 Thread 0x000000012784c400 Exception <a 'java/lang/NoSuchMethodError'{0x000000070eade198}: 'void java.lang.invoke.DirectMethodHandle$Holder.invokeSpecial(java.lang.Object, java.lang.Object, java.lang.Object, java.lang.Object, java.lang.Object, java.lang.Object)'> (0x000000070eade198) 
thrown [open/src/hotspot/share/interpreter/linkResolver.cpp, line 766]
Event: 0.657 Thread 0x000000012784c400 Exception <a 'java/lang/NoSuchMethodError'{0x000000070e53e5b0}: 'java.lang.Object java.lang.invoke.DirectMethodHandle$Holder.invokeInterface(java.lang.Object, java.lang.Object, java.lang.Object)'> (0x000000070e53e5b0) 
thrown [open/src/hotspot/share/interpreter/linkResolver.cpp, line 766]
Event: 0.657 Thread 0x000000012784c400 Exception <a 'java/lang/IncompatibleClassChangeError'{0x000000070e542330}: Found class java.lang.Object, but interface was expected> (0x000000070e542330) 
thrown [open/src/hotspot/share/interpreter/linkResolver.cpp, line 833]
Event: 0.686 Thread 0x000000012784c400 Exception <a 'java/lang/NoSuchMethodError'{0x000000070e3005e0}: 'int java.lang.invoke.DirectMethodHandle$Holder.invokeSpecial(java.lang.Object, java.lang.Object, int)'> (0x000000070e3005e0) 
thrown [open/src/hotspot/share/interpreter/linkResolver.cpp, line 766]
Event: 0.692 Thread 0x000000012784c400 Exception <a 'java/lang/NoSuchMethodError'{0x000000070e3350a8}: 'java.lang.Object java.lang.invoke.DirectMethodHandle$Holder.newInvokeSpecial(java.lang.Object, java.lang.Object, int)'> (0x000000070e3350a8) 
thrown [open/src/hotspot/share/interpreter/linkResolver.cpp, line 766]
Event: 0.737 Thread 0x0000000127849800 Exception <a 'java/lang/NoSuchMethodError'{0x000000070e04dcb0}: 'int java.lang.invoke.DirectMethodHandle$Holder.invokeStaticInit(java.lang.Object, java.lang.Object)'> (0x000000070e04dcb0) 
thrown [open/src/hotspot/share/interpreter/linkResolver.cpp, line 766]
Event: 0.745 Thread 0x000000012784c400 Exception <a 'java/lang/NoSuchMethodError'{0x000000070e3e5848}: 'long java.lang.invoke.DirectMethodHandle$Holder.invokeStatic(java.lang.Object, java.lang.Object, java.lang.Object)'> (0x000000070e3e5848) 
thrown [open/src/hotspot/share/interpreter/linkResolver.cpp, line 766]
Event: 0.745 Thread 0x000000012784c400 Exception <a 'java/lang/NoSuchMethodError'{0x000000070e0a8590}: 'long java.lang.invoke.DirectMethodHandle$Holder.invokeStaticInit(java.lang.Object, java.lang.Object, java.lang.Object)'> (0x000000070e0a8590) 
thrown [open/src/hotspot/share/interpreter/linkResolver.cpp, line 766]
Event: 0.746 Thread 0x000000012784c400 Exception <a 'java/lang/NoSuchMethodError'{0x000000070e0c0bd8}: 'java.lang.Object java.lang.invoke.DirectMethodHandle$Holder.newInvokeSpecial(java.lang.Object, java.lang.Object, long)'> (0x000000070e0c0bd8) 
thrown [open/src/hotspot/share/interpreter/linkResolver.cpp, line 766]
Event: 0.746 Thread 0x000000012784c400 Exception <a 'java/lang/NoSuchMethodError'{0x000000070e0c44a8}: 'java.lang.Object java.lang.invoke.Invokers$Holder.linkToTargetMethod(java.lang.Object, long, java.lang.Object)'> (0x000000070e0c44a8) 
thrown [open/src/hotspot/share/interpreter/linkResolver.cpp, line 766]
Event: 3.569 Thread 0x000000012784c400 Exception <a 'java/lang/NoSuchMethodError'{0x000000070dcdf6d0}: 'java.lang.Object java.lang.invoke.DirectMethodHandle$Holder.newInvokeSpecial(java.lang.Object, java.lang.Object, int, int, int, int, int, java.lang.Object)'> (0x000000070dcdf6d0) 
thrown [open/src/hotspot/share/interpreter/linkResolver.cpp, line 766]
Event: 3.569 Thread 0x000000012784c400 Exception <a 'java/lang/NoSuchMethodError'{0x000000070dcf2d40}: 'java.lang.Object java.lang.invoke.DirectMethodHandle$Holder.newInvokeSpecial(java.lang.Object, java.lang.Object, java.lang.Object, int, int, int, int, int)'> (0x000000070dcf2d40) 
thrown [open/src/hotspot/share/interpreter/linkResolver.cpp, line 766]
Event: 3.569 Thread 0x000000012784c400 Exception <a 'java/lang/NoSuchMethodError'{0x000000070dcfa5a8}: 'java.lang.Object java.lang.invoke.Invokers$Holder.linkToTargetMethod(java.lang.Object, java.lang.Object, int, int, int, int, int, java.lang.Object)'> (0x000000070dcfa5a8) 
thrown [open/src/hotspot/share/interpreter/linkResolver.cpp, line 766]

VM Operations (20 events):
Event: 4.132 Executing VM operation: Cleanup
Event: 4.132 Executing VM operation: Cleanup done
Event: 5.136 Executing VM operation: Cleanup
Event: 5.136 Executing VM operation: Cleanup done
Event: 5.436 Executing VM operation: ICBufferFull
Event: 5.436 Executing VM operation: ICBufferFull done
Event: 6.441 Executing VM operation: Cleanup
Event: 6.441 Executing VM operation: Cleanup done
Event: 7.442 Executing VM operation: Cleanup
Event: 7.442 Executing VM operation: Cleanup done
Event: 8.446 Executing VM operation: Cleanup
Event: 8.446 Executing VM operation: Cleanup done
Event: 11.448 Executing VM operation: Cleanup
Event: 11.448 Executing VM operation: Cleanup done
Event: 12.453 Executing VM operation: Cleanup
Event: 12.453 Executing VM operation: Cleanup done
Event: 13.458 Executing VM operation: Cleanup
Event: 13.458 Executing VM operation: Cleanup done
Event: 16.467 Executing VM operation: Cleanup
Event: 16.467 Executing VM operation: Cleanup done

Events (20 events):
Event: 0.226 Protecting memory [0x0000000280a40000,0x0000000280a4c000] with protection modes 0
Event: 0.257 Protecting memory [0x0000000280a40000,0x0000000280a4c000] with protection modes 3
Event: 0.257 Thread 0x000000012784ca00 Thread exited: 0x000000012784ca00
Event: 0.303 Thread 0x000000014e943e00 Thread added: 0x000000014e943e00
Event: 0.303 Protecting memory [0x0000000280df0000,0x0000000280dfc000] with protection modes 0
Event: 0.304 Protecting memory [0x0000000280a40000,0x0000000280a4c000] with protection modes 0
Event: 0.304 Thread 0x000000014f25e200 Thread added: 0x000000014f25e200
Event: 0.314 Loaded shared library /Users/sam/Library/Java/JavaVirtualMachines/openjdk-18.0.1.1/Contents/Home/lib/libjimage.dylib
Event: 0.387 Loading shared library /Users/sam/.m2/repository/org/openjfx/javafx-graphics/17.0.1/libjavafx_font.dylib failed, dlopen(/Users/sam/.m2/repository/org/openjfx/javafx-graphics/17.0.1/libjavafx_font.dylib, 0x0001): tried: '/Users/sam/.m2/repository/org/openj
Event: 0.389 Loaded shared library /Users/sam/.openjfx/cache/17.0.1/libjavafx_font.dylib
Event: 0.499 Thread 0x000000013e957600 Thread added: 0x000000013e957600
Event: 0.499 Protecting memory [0x0000000281a38000,0x0000000281a44000] with protection modes 0
Event: 0.554 Protecting memory [0x0000000280a40000,0x0000000280a4c000] with protection modes 3
Event: 0.554 Thread 0x000000014f25e200 Thread exited: 0x000000014f25e200
Event: 0.604 Protecting memory [0x0000000280a40000,0x0000000280a4c000] with protection modes 0
Event: 0.604 Thread 0x000000012785a600 Thread added: 0x000000012785a600
Event: 0.770 Thread 0x000000014f339200 Thread added: 0x000000014f339200
Event: 0.774 Protecting memory [0x00000002864a4000,0x00000002864b0000] with protection modes 0
Event: 1.119 Thread 0x000000014ea9ca00 Thread added: 0x000000014ea9ca00
Event: 1.119 Protecting memory [0x00000002866b0000,0x00000002866bc000] with protection modes 0


Dynamic libraries:
0x00000001022a4000 	/Users/sam/Library/Java/JavaVirtualMachines/openjdk-18.0.1.1/Contents/Home/lib/libjli.dylib
0x000000019245d000 	/usr/lib/libz.1.dylib
0x0000000192514000 	/usr/lib/libSystem.B.dylib
0x000000019250e000 	/usr/lib/system/libcache.dylib
0x00000001924cc000 	/usr/lib/system/libcommonCrypto.dylib
0x00000001924f5000 	/usr/lib/system/libcompiler_rt.dylib
0x00000001924ec000 	/usr/lib/system/libcopyfile.dylib
0x0000000187733000 	/usr/lib/system/libcorecrypto.dylib
0x00000001877e8000 	/usr/lib/system/libdispatch.dylib
0x00000001879b6000 	/usr/lib/system/libdyld.dylib
0x0000000192504000 	/usr/lib/system/libkeymgr.dylib
0x00000001924a7000 	/usr/lib/system/libmacho.dylib
0x0000000191b97000 	/usr/lib/system/libquarantine.dylib
0x0000000192501000 	/usr/lib/system/libremovefile.dylib
0x000000018cb2e000 	/usr/lib/system/libsystem_asl.dylib
0x00000001876d5000 	/usr/lib/system/libsystem_blocks.dylib
0x0000000187870000 	/usr/lib/system/libsystem_c.dylib
0x00000001924f9000 	/usr/lib/system/libsystem_collections.dylib
0x000000019102c000 	/usr/lib/system/libsystem_configuration.dylib
0x0000000190286000 	/usr/lib/system/libsystem_containermanager.dylib
0x0000000192204000 	/usr/lib/system/libsystem_coreservices.dylib
0x000000018a0e7000 	/usr/lib/system/libsystem_darwin.dylib
0x0000000192505000 	/usr/lib/system/libsystem_dnssd.dylib
0x000000018786d000 	/usr/lib/system/libsystem_featureflags.dylib
0x00000001879cb000 	/usr/lib/system/libsystem_info.dylib
0x000000019246f000 	/usr/lib/system/libsystem_m.dylib
0x00000001877bd000 	/usr/lib/system/libsystem_malloc.dylib
0x000000018cabc000 	/usr/lib/system/libsystem_networkextension.dylib
0x000000018a540000 	/usr/lib/system/libsystem_notify.dylib
0x0000000198869000 	/usr/lib/system/libsystem_product_info_filter.dylib
0x0000000191031000 	/usr/lib/system/libsystem_sandbox.dylib
0x00000001924fe000 	/usr/lib/system/libsystem_secinit.dylib
0x0000000187971000 	/usr/lib/system/libsystem_kernel.dylib
0x00000001879c3000 	/usr/lib/system/libsystem_platform.dylib
0x00000001879a9000 	/usr/lib/system/libsystem_pthread.dylib
0x000000018e292000 	/usr/lib/system/libsystem_symptoms.dylib
0x0000000187719000 	/usr/lib/system/libsystem_trace.dylib
0x00000001924d9000 	/usr/lib/system/libunwind.dylib
0x00000001876d7000 	/usr/lib/system/libxpc.dylib
0x0000000187959000 	/usr/lib/libc++abi.dylib
0x000000018782f000 	/usr/lib/libobjc.A.dylib
0x00000001924e4000 	/usr/lib/liboah.dylib
0x00000001878f2000 	/usr/lib/libc++.1.dylib
0x000000019e397000 	/System/Library/Frameworks/Cocoa.framework/Versions/A/Cocoa
0x000000018a5a1000 	/System/Library/Frameworks/AppKit.framework/Versions/C/AppKit
0x000000018dab8000 	/System/Library/Frameworks/CoreData.framework/Versions/A/CoreData
0x00000001888fc000 	/System/Library/Frameworks/Foundation.framework/Versions/C/Foundation
0x000000018b45a000 	/System/Library/PrivateFrameworks/UIFoundation.framework/Versions/A/UIFoundation
0x0000000198563000 	/System/Library/PrivateFrameworks/RemoteViewServices.framework/Versions/A/RemoteViewServices
0x00000001909d4000 	/System/Library/PrivateFrameworks/XCTTargetBootstrap.framework/Versions/A/XCTTargetBootstrap
0x0000000194254000 	/System/Library/PrivateFrameworks/InternationalSupport.framework/Versions/A/InternationalSupport
0x00000001942dd000 	/System/Library/PrivateFrameworks/UserActivity.framework/Versions/A/UserActivity
0x000000019374b000 	/usr/lib/libspindump.dylib
0x000000018b6cb000 	/System/Library/Frameworks/UniformTypeIdentifiers.framework/Versions/A/UniformTypeIdentifiers
0x000000018ef1c000 	/usr/lib/libapp_launch_measurement.dylib
0x000000018e444000 	/System/Library/PrivateFrameworks/CoreAnalytics.framework/Versions/A/CoreAnalytics
0x000000018ef1f000 	/System/Library/PrivateFrameworks/CoreAutoLayout.framework/Versions/A/CoreAutoLayout
0x00000001902c3000 	/System/Library/Frameworks/Metal.framework/Versions/A/Metal
0x000000019103c000 	/usr/lib/liblangid.dylib
0x00000001909d9000 	/System/Library/PrivateFrameworks/CoreSVG.framework/Versions/A/CoreSVG
0x000000018cb62000 	/System/Library/PrivateFrameworks/SkyLight.framework/Versions/A/SkyLight
0x000000018cf3e000 	/System/Library/Frameworks/CoreGraphics.framework/Versions/A/CoreGraphics
0x0000000198c2f000 	/System/Library/Frameworks/Accelerate.framework/Versions/A/Accelerate
0x00000001931c2000 	/System/Library/PrivateFrameworks/IconServices.framework/Versions/A/IconServices
0x00000001902a5000 	/System/Library/Frameworks/IOSurface.framework/Versions/A/IOSurface
0x000000018e475000 	/usr/lib/libDiagnosticMessagesClient.dylib
0x000000019c134000 	/System/Library/Frameworks/ApplicationServices.framework/Versions/A/ApplicationServices
0x00000001909bc000 	/System/Library/PrivateFrameworks/DFRFoundation.framework/Versions/A/DFRFoundation
0x0000000189e31000 	/usr/lib/libicucore.A.dylib
0x0000000195102000 	/System/Library/Frameworks/AudioToolbox.framework/Versions/A/AudioToolbox
0x0000000194260000 	/System/Library/PrivateFrameworks/DataDetectorsCore.framework/Versions/A/DataDetectorsCore
0x00000001aac80000 	/System/Library/PrivateFrameworks/TextInput.framework/Versions/A/TextInput
0x000000018cad7000 	/usr/lib/libMobileGestalt.dylib
0x0000000190688000 	/System/Library/Frameworks/Carbon.framework/Versions/A/Frameworks/HIToolbox.framework/Versions/A/HIToolbox
0x000000018e8f5000 	/System/Library/Frameworks/QuartzCore.framework/Versions/A/QuartzCore
0x0000000189ab2000 	/System/Library/Frameworks/Security.framework/Versions/A/Security
0x00000001985a3000 	/System/Library/Frameworks/Carbon.framework/Versions/A/Frameworks/SpeechRecognition.framework/Versions/A/SpeechRecognition
0x000000018ec71000 	/System/Library/PrivateFrameworks/CoreUI.framework/Versions/A/CoreUI
0x000000018938e000 	/System/Library/Frameworks/CoreAudio.framework/Versions/A/CoreAudio
0x000000018e569000 	/System/Library/Frameworks/DiskArbitration.framework/Versions/A/DiskArbitration
0x0000000193b55000 	/System/Library/PrivateFrameworks/MultitouchSupport.framework/Versions/A/MultitouchSupport
0x000000018cad5000 	/usr/lib/libenergytrace.dylib
0x000000018a469000 	/System/Library/Frameworks/IOKit.framework/Versions/A/IOKit
0x0000000198992000 	/System/Library/Frameworks/CoreServices.framework/Versions/A/CoreServices
0x000000018eeac000 	/System/Library/PrivateFrameworks/PerformanceAnalysis.framework/Versions/A/PerformanceAnalysis
0x00000001e912b000 	/System/Library/Frameworks/OpenGL.framework/Versions/A/OpenGL
0x0000000191aaf000 	/System/Library/PrivateFrameworks/MobileKeyBag.framework/Versions/A/MobileKeyBag
0x000000018d54c000 	/System/Library/Frameworks/ColorSync.framework/Versions/A/ColorSync
0x00000001879f8000 	/System/Library/Frameworks/CoreFoundation.framework/Versions/A/CoreFoundation
0x0000000190c58000 	/System/Library/Frameworks/CoreImage.framework/Versions/A/CoreImage
0x00000001891b2000 	/System/Library/Frameworks/CoreText.framework/Versions/A/CoreText
0x0000000190a09000 	/System/Library/Frameworks/ImageIO.framework/Versions/A/ImageIO
0x000000019251a000 	/System/Library/PrivateFrameworks/SoftLinking.framework/Versions/A/SoftLinking
0x000000018ef6a000 	/usr/lib/libxml2.2.dylib
0x00000001927b3000 	/usr/lib/libcompression.dylib
0x00000001941b0000 	/System/Library/PrivateFrameworks/TextureIO.framework/Versions/A/TextureIO
0x0000000192edb000 	/usr/lib/libate.dylib
0x0000000192da0000 	/usr/lib/liblzma.5.dylib
0x00000001885ef000 	/System/Library/Frameworks/SystemConfiguration.framework/Versions/A/SystemConfiguration
0x0000000192516000 	/usr/lib/libfakelink.dylib
0x000000018c607000 	/System/Library/Frameworks/CFNetwork.framework/Versions/A/CFNetwork
0x000000019265c000 	/usr/lib/libarchive.2.dylib
0x0000000191038000 	/System/Library/PrivateFrameworks/AppleSystemInfo.framework/Versions/A/AppleSystemInfo
0x0000000191bc2000 	/usr/lib/libbsm.0.dylib
0x000000018bb74000 	/usr/lib/libnetwork.dylib
0x00000001924b0000 	/usr/lib/system/libkxld.dylib
0x00000001917dc000 	/System/Library/PrivateFrameworks/IOMobileFramebuffer.framework/Versions/A/IOMobileFramebuffer
0x0000000207515000 	/usr/lib/libCoreEntitlements.dylib
0x00000001921e6000 	/System/Library/PrivateFrameworks/AppleFSCompression.framework/Versions/A/AppleFSCompression
0x0000000191baa000 	/usr/lib/libcoretls.dylib
0x0000000192db9000 	/usr/lib/libcoretls_cfhelpers.dylib
0x00000001927ae000 	/usr/lib/libpam.2.dylib
0x000000018dea8000 	/usr/lib/libsqlite3.dylib
0x0000000192e22000 	/usr/lib/libxar.1.dylib
0x00000001921f7000 	/usr/lib/libbz2.1.0.dylib
0x000000019251b000 	/usr/lib/libpcap.A.dylib
0x000000018e289000 	/usr/lib/libdns_services.dylib
0x0000000192781000 	/usr/lib/libapple_nghttp2.dylib
0x0000000192558000 	/usr/lib/libiconv.2.dylib
0x00000001924a6000 	/usr/lib/libcharset.1.dylib
0x000000018eee8000 	/System/Library/Frameworks/CoreServices.framework/Versions/A/Frameworks/FSEvents.framework/Versions/A/FSEvents
0x000000018a0f2000 	/System/Library/Frameworks/CoreServices.framework/Versions/A/Frameworks/CarbonCore.framework/Versions/A/CarbonCore
0x000000018e4c9000 	/System/Library/Frameworks/CoreServices.framework/Versions/A/Frameworks/Metadata.framework/Versions/A/Metadata
0x000000019220a000 	/System/Library/Frameworks/CoreServices.framework/Versions/A/Frameworks/OSServices.framework/Versions/A/OSServices
0x00000001926e2000 	/System/Library/Frameworks/CoreServices.framework/Versions/A/Frameworks/SearchKit.framework/Versions/A/SearchKit
0x000000018e217000 	/System/Library/Frameworks/CoreServices.framework/Versions/A/Frameworks/AE.framework/Versions/A/AE
0x0000000187f3f000 	/System/Library/Frameworks/CoreServices.framework/Versions/A/Frameworks/LaunchServices.framework/Versions/A/LaunchServices
0x0000000192d49000 	/System/Library/Frameworks/CoreServices.framework/Versions/A/Frameworks/DictionaryServices.framework/Versions/A/DictionaryServices
0x000000018eef5000 	/System/Library/Frameworks/CoreServices.framework/Versions/A/Frameworks/SharedFileList.framework/Versions/A/SharedFileList
0x0000000191b9a000 	/usr/lib/libCheckFix.dylib
0x000000018cb46000 	/System/Library/PrivateFrameworks/TCC.framework/Versions/A/TCC
0x000000019103e000 	/System/Library/PrivateFrameworks/CoreNLP.framework/Versions/A/CoreNLP
0x000000018e478000 	/System/Library/PrivateFrameworks/MetadataUtilities.framework/Versions/A/MetadataUtilities
0x00000001886a9000 	/usr/lib/libmecabra.dylib
0x0000000191bd3000 	/usr/lib/libmecab.dylib
0x0000000188675000 	/usr/lib/libCRFSuite.dylib
0x0000000191c30000 	/usr/lib/libgermantok.dylib
0x000000019275a000 	/usr/lib/libThaiTokenizer.dylib
0x000000018e571000 	/System/Library/Frameworks/Accelerate.framework/Versions/A/Frameworks/vImage.framework/Versions/A/vImage
0x0000000198969000 	/System/Library/Frameworks/Accelerate.framework/Versions/A/Frameworks/vecLib.framework/Versions/A/vecLib
0x0000000192e67000 	/System/Library/Frameworks/Accelerate.framework/Versions/A/Frameworks/vecLib.framework/Versions/A/libvMisc.dylib
0x00000001916e3000 	/System/Library/Frameworks/Accelerate.framework/Versions/A/Frameworks/vecLib.framework/Versions/A/libvDSP.dylib
0x00000001882ca000 	/System/Library/Frameworks/Accelerate.framework/Versions/A/Frameworks/vecLib.framework/Versions/A/libBLAS.dylib
0x0000000192884000 	/System/Library/Frameworks/Accelerate.framework/Versions/A/Frameworks/vecLib.framework/Versions/A/libLAPACK.dylib
0x0000000191c33000 	/System/Library/Frameworks/Accelerate.framework/Versions/A/Frameworks/vecLib.framework/Versions/A/libLinearAlgebra.dylib
0x0000000192799000 	/System/Library/Frameworks/Accelerate.framework/Versions/A/Frameworks/vecLib.framework/Versions/A/libSparseBLAS.dylib
0x000000019287f000 	/System/Library/Frameworks/Accelerate.framework/Versions/A/Frameworks/vecLib.framework/Versions/A/libQuadrature.dylib
0x0000000191137000 	/System/Library/Frameworks/Accelerate.framework/Versions/A/Frameworks/vecLib.framework/Versions/A/libBNNS.dylib
0x0000000188588000 	/System/Library/Frameworks/Accelerate.framework/Versions/A/Frameworks/vecLib.framework/Versions/A/libSparse.dylib
0x000000019112f000 	/System/Library/PrivateFrameworks/LinguisticData.framework/Versions/A/LinguisticData
0x0000000188540000 	/System/Library/PrivateFrameworks/Lexicon.framework/Versions/A/Lexicon
0x0000000192e5f000 	/usr/lib/libChineseTokenizer.dylib
0x0000000188cee000 	/System/Library/PrivateFrameworks/LanguageModeling.framework/Versions/A/LanguageModeling
0x000000019275c000 	/System/Library/PrivateFrameworks/AppleSauce.framework/Versions/A/AppleSauce
0x00000001917c9000 	/System/Library/PrivateFrameworks/CoreEmoji.framework/Versions/A/CoreEmoji
0x000000019264a000 	/usr/lib/libcmph.dylib
0x000000018eec8000 	/System/Library/Frameworks/OpenDirectory.framework/Versions/A/Frameworks/CFOpenDirectory.framework/Versions/A/CFOpenDirectory
0x000000018eeb8000 	/System/Library/Frameworks/OpenDirectory.framework/Versions/A/OpenDirectory
0x0000000192dbb000 	/System/Library/PrivateFrameworks/APFS.framework/Versions/A/APFS
0x0000000191aea000 	/System/Library/Frameworks/SecurityFoundation.framework/Versions/A/SecurityFoundation
0x0000000192e31000 	/usr/lib/libutil.dylib
0x000000018a42b000 	/System/Library/PrivateFrameworks/CoreServicesStore.framework/Versions/A/CoreServicesStore
0x0000000192e35000 	/usr/lib/libxslt.1.dylib
0x0000000191b7e000 	/System/Library/PrivateFrameworks/BackgroundTaskManagement.framework/Versions/A/BackgroundTaskManagement
0x00000001940d1000 	/System/Library/Frameworks/ImageIO.framework/Versions/A/Resources/libRadiance.dylib
0x00000001940da000 	/System/Library/Frameworks/ImageIO.framework/Versions/A/Resources/libJPEG.dylib
0x000000019402d000 	/System/Library/Frameworks/ImageIO.framework/Versions/A/Resources/libPng.dylib
0x000000019404f000 	/System/Library/Frameworks/ImageIO.framework/Versions/A/Resources/libTIFF.dylib
0x0000000194135000 	/System/Library/Frameworks/ImageIO.framework/Versions/A/Resources/libGIF.dylib
0x0000000193a65000 	/System/Library/Frameworks/ImageIO.framework/Versions/A/Resources/libJP2.dylib
0x0000000193187000 	/usr/lib/libexpat.1.dylib
0x0000000193a20000 	/System/Library/PrivateFrameworks/AppleJPEG.framework/Versions/A/AppleJPEG
0x0000000190544000 	/System/Library/PrivateFrameworks/FontServices.framework/libFontParser.dylib
0x000000018e1bc000 	/System/Library/PrivateFrameworks/RunningBoardServices.framework/Versions/A/RunningBoardServices
0x000000019ea6e000 	/System/Library/PrivateFrameworks/IOSurfaceAccelerator.framework/Versions/A/IOSurfaceAccelerator
0x0000000193b51000 	/System/Library/PrivateFrameworks/WatchdogClient.framework/Versions/A/WatchdogClient
0x0000000188dee000 	/System/Library/Frameworks/CoreDisplay.framework/Versions/A/CoreDisplay
0x000000019042e000 	/System/Library/Frameworks/CoreMedia.framework/Versions/A/CoreMedia
0x00000001902b9000 	/System/Library/PrivateFrameworks/IOAccelerator.framework/Versions/A/IOAccelerator
0x000000018f058000 	/System/Library/Frameworks/CoreVideo.framework/Versions/A/CoreVideo
0x00000001927ac000 	/System/Library/Frameworks/MetalPerformanceShaders.framework/Versions/A/MetalPerformanceShaders
0x0000000193b90000 	/System/Library/Frameworks/VideoToolbox.framework/Versions/A/VideoToolbox
0x000000018e100000 	/System/Library/PrivateFrameworks/BaseBoard.framework/Versions/A/BaseBoard
0x000000018de8e000 	/System/Library/PrivateFrameworks/ProtocolBuffer.framework/Versions/A/ProtocolBuffer
0x00000001940cc000 	/System/Library/PrivateFrameworks/GPUWrangler.framework/Versions/A/GPUWrangler
0x00000001940ac000 	/System/Library/PrivateFrameworks/IOPresentment.framework/Versions/A/IOPresentment
0x00000001940d4000 	/System/Library/PrivateFrameworks/DSExternalDisplay.framework/Versions/A/DSExternalDisplay
0x00000001e911e000 	/System/Library/Frameworks/OpenGL.framework/Versions/A/Libraries/libCoreFSCache.dylib
0x00000001f3fe8000 	/System/Library/PrivateFrameworks/GPUCompiler.framework/Versions/31001/Libraries/libGPUCompilerUtils.dylib
0x000000019413a000 	/System/Library/PrivateFrameworks/CMCaptureCore.framework/Versions/A/CMCaptureCore
0x0000000193738000 	/System/Library/PrivateFrameworks/AppServerSupport.framework/Versions/A/AppServerSupport
0x00000001959c0000 	/System/Library/PrivateFrameworks/perfdata.framework/Versions/A/perfdata
0x0000000188f0e000 	/System/Library/PrivateFrameworks/AudioToolboxCore.framework/Versions/A/AudioToolboxCore
0x0000000190407000 	/System/Library/PrivateFrameworks/caulk.framework/Versions/A/caulk
0x00000001952b5000 	/usr/lib/libAudioStatistics.dylib
0x00000001a72d3000 	/System/Library/PrivateFrameworks/SystemPolicy.framework/Versions/A/SystemPolicy
0x0000000195521000 	/usr/lib/libSMC.dylib
0x000000019e275000 	/System/Library/Frameworks/CoreMIDI.framework/Versions/A/CoreMIDI
0x0000000193ffb000 	/usr/lib/libAudioToolboxUtility.dylib
0x00000001a3436000 	/System/Library/PrivateFrameworks/OSAServicesClient.framework/Versions/A/OSAServicesClient
0x00000001959cd000 	/usr/lib/libperfcheck.dylib
0x00000001a7df2000 	/usr/lib/libmis.dylib
0x00000001e9180000 	/System/Library/Frameworks/OpenGL.framework/Versions/A/Libraries/libGLU.dylib
0x00000001e913f000 	/System/Library/Frameworks/OpenGL.framework/Versions/A/Libraries/libGFXShared.dylib
0x00000001e932c000 	/System/Library/Frameworks/OpenGL.framework/Versions/A/Libraries/libGL.dylib
0x00000001e9148000 	/System/Library/Frameworks/OpenGL.framework/Versions/A/Libraries/libGLImage.dylib
0x00000001e913c000 	/System/Library/Frameworks/OpenGL.framework/Versions/A/Libraries/libCVMSPluginSupport.dylib
0x00000001e9125000 	/System/Library/Frameworks/OpenGL.framework/Versions/A/Libraries/libCoreVMClient.dylib
0x0000000190fb8000 	/System/Library/Frameworks/MetalPerformanceShaders.framework/Versions/A/Frameworks/MPSCore.framework/Versions/A/MPSCore
0x0000000192159000 	/System/Library/Frameworks/MetalPerformanceShaders.framework/Versions/A/Frameworks/MPSImage.framework/Versions/A/MPSImage
0x0000000191c48000 	/System/Library/Frameworks/MetalPerformanceShaders.framework/Versions/A/Frameworks/MPSNeuralNetwork.framework/Versions/A/MPSNeuralNetwork
0x0000000192081000 	/System/Library/Frameworks/MetalPerformanceShaders.framework/Versions/A/Frameworks/MPSMatrix.framework/Versions/A/MPSMatrix
0x0000000191e5a000 	/System/Library/Frameworks/MetalPerformanceShaders.framework/Versions/A/Frameworks/MPSRayIntersector.framework/Versions/A/MPSRayIntersector
0x00000001920b2000 	/System/Library/Frameworks/MetalPerformanceShaders.framework/Versions/A/Frameworks/MPSNDArray.framework/Versions/A/MPSNDArray
0x00000001ebc27000 	/System/Library/Frameworks/MetalPerformanceShaders.framework/Versions/A/Frameworks/MPSFunctions.framework/Versions/A/MPSFunctions
0x00000001881a0000 	/System/Library/PrivateFrameworks/MetalTools.framework/Versions/A/MetalTools
0x0000000191036000 	/System/Library/PrivateFrameworks/AggregateDictionary.framework/Versions/A/AggregateDictionary
0x0000000192f6c000 	/usr/lib/libIOReport.dylib
0x000000019d28e000 	/System/Library/PrivateFrameworks/ASEProcessing.framework/Versions/A/ASEProcessing
0x00000001932e1000 	/System/Library/PrivateFrameworks/FaceCore.framework/Versions/A/FaceCore
0x00000001932d3000 	/System/Library/PrivateFrameworks/GraphVisualizer.framework/Versions/A/GraphVisualizer
0x00000001f3eff000 	/System/Library/PrivateFrameworks/FontServices.framework/Versions/A/FontServices
0x00000001936f4000 	/System/Library/PrivateFrameworks/OTSVG.framework/Versions/A/OTSVG
0x000000018ec21000 	/System/Library/Frameworks/ApplicationServices.framework/Versions/A/Frameworks/ATS.framework/Versions/A/Resources/libFontRegistry.dylib
0x0000000193741000 	/System/Library/PrivateFrameworks/FontServices.framework/libhvf.dylib
0x00000001f3f00000 	/System/Library/PrivateFrameworks/FontServices.framework/libXTFontStaticRegistryData.dylib
0x00000001e94cd000 	/System/Library/Frameworks/OpenCL.framework/Versions/A/OpenCL
0x000000019313b000 	/System/Library/PrivateFrameworks/AppleVA.framework/Versions/A/AppleVA
0x00000001952dd000 	/System/Library/Frameworks/ApplicationServices.framework/Versions/A/Frameworks/ATS.framework/Versions/A/ATS
0x000000018d64b000 	/System/Library/Frameworks/ApplicationServices.framework/Versions/A/Frameworks/HIServices.framework/Versions/A/HIServices
0x0000000194144000 	/System/Library/Frameworks/ApplicationServices.framework/Versions/A/Frameworks/PrintCore.framework/Versions/A/PrintCore
0x0000000195674000 	/System/Library/Frameworks/ApplicationServices.framework/Versions/A/Frameworks/QD.framework/Versions/A/QD
0x000000019566c000 	/System/Library/Frameworks/ApplicationServices.framework/Versions/A/Frameworks/ColorSyncLegacy.framework/Versions/A/ColorSyncLegacy
0x00000001952c9000 	/System/Library/Frameworks/ApplicationServices.framework/Versions/A/Frameworks/SpeechSynthesis.framework/Versions/A/SpeechSynthesis
0x0000000194105000 	/System/Library/Frameworks/ApplicationServices.framework/Versions/A/Frameworks/ATSUI.framework/Versions/A/ATSUI
0x0000000195601000 	/usr/lib/libcups.2.dylib
0x00000001959db000 	/System/Library/Frameworks/Kerberos.framework/Versions/A/Kerberos
0x00000001959ec000 	/System/Library/Frameworks/GSS.framework/Versions/A/GSS
0x000000019534d000 	/usr/lib/libresolv.9.dylib
0x0000000193750000 	/System/Library/PrivateFrameworks/Heimdal.framework/Versions/A/Heimdal
0x000000019c4c4000 	/System/Library/Frameworks/Kerberos.framework/Versions/A/Libraries/libHeimdalProxy.dylib
0x000000018e29b000 	/System/Library/Frameworks/Network.framework/Versions/A/Network
0x00000001931a2000 	/usr/lib/libheimdal-asn1.dylib
0x0000000195a3c000 	/System/Library/PrivateFrameworks/CommonAuth.framework/Versions/A/CommonAuth
0x0000000195243000 	/System/Library/PrivateFrameworks/AudioSession.framework/Versions/A/AudioSession
0x0000000193234000 	/System/Library/PrivateFrameworks/MediaExperience.framework/Versions/A/MediaExperience
0x00000001950c8000 	/System/Library/PrivateFrameworks/AudioSession.framework/libSessionUtility.dylib
0x0000000195680000 	/System/Library/PrivateFrameworks/AudioResourceArbitration.framework/Versions/A/AudioResourceArbitration
0x0000000199846000 	/System/Library/PrivateFrameworks/PowerLog.framework/Versions/A/PowerLog
0x00000001931ac000 	/System/Library/PrivateFrameworks/IconFoundation.framework/Versions/A/IconFoundation
0x000000019858f000 	/System/Library/PrivateFrameworks/SpeechRecognitionCore.framework/Versions/A/SpeechRecognitionCore
0x0000000103564000 	/Users/sam/Library/Java/JavaVirtualMachines/openjdk-18.0.1.1/Contents/Home/lib/server/libjvm.dylib
0x0000000102308000 	/Users/sam/Library/Java/JavaVirtualMachines/openjdk-18.0.1.1/Contents/Home/lib/libjimage.dylib
0x0000000102334000 	/Users/sam/Library/Java/JavaVirtualMachines/openjdk-18.0.1.1/Contents/Home/lib/libinstrument.dylib
0x0000000102380000 	/Users/sam/Library/Java/JavaVirtualMachines/openjdk-18.0.1.1/Contents/Home/lib/libjava.dylib
0x0000000102ee8000 	/Users/sam/Library/Java/JavaVirtualMachines/openjdk-18.0.1.1/Contents/Home/lib/libnio.dylib
0x0000000102f08000 	/Users/sam/Library/Java/JavaVirtualMachines/openjdk-18.0.1.1/Contents/Home/lib/libnet.dylib
0x0000000102368000 	/Users/sam/Library/Java/JavaVirtualMachines/openjdk-18.0.1.1/Contents/Home/lib/libzip.dylib
0x0000000102f28000 	/Users/sam/.openjfx/cache/17.0.1/libprism_es2.dylib
0x000000018a3ee000 	/System/Library/PrivateFrameworks/CoreServicesInternal.framework/Versions/A/CoreServicesInternal
0x00000001e9336000 	/System/Library/Frameworks/OpenGL.framework/Versions/A/Resources/GLEngine.bundle/GLEngine
0x00000001e91be000 	/System/Library/Frameworks/OpenGL.framework/Versions/A/Libraries/libGLProgrammability.dylib
0x0000000103134000 	/System/Library/Extensions/AppleMetalOpenGLRenderer.bundle/Contents/MacOS/AppleMetalOpenGLRenderer
0x00000001e94a5000 	/System/Library/Frameworks/OpenGL.framework/Versions/A/Resources/GLRendererFloat.bundle/GLRendererFloat
0x00000001e95a5000 	/System/Library/Extensions/AGXMetal13_3.bundle/Contents/MacOS/AGXMetal13_3
0x00000001a7e0e000 	/System/Library/PrivateFrameworks/GPURawCounter.framework/Versions/A/GPURawCounter
0x00000001a259f000 	/System/Library/PrivateFrameworks/IOGPU.framework/Versions/A/IOGPU
0x00000001033b0000 	/Users/sam/.openjfx/cache/17.0.1/libglass.dylib
0x0000000199a9e000 	/System/Library/Frameworks/FileProvider.framework/Versions/A/FileProvider
0x000000018e068000 	/System/Library/Frameworks/Accounts.framework/Versions/A/Accounts
0x0000000199c22000 	/System/Library/PrivateFrameworks/GenerationalStorage.framework/Versions/A/GenerationalStorage
0x000000019a7e5000 	/System/Library/PrivateFrameworks/CoreSymbolication.framework/Versions/A/CoreSymbolication
0x000000019983a000 	/System/Library/PrivateFrameworks/SymptomDiagnosticReporter.framework/Versions/A/SymptomDiagnosticReporter
0x000000018b6df000 	/System/Library/PrivateFrameworks/DesktopServicesPriv.framework/Versions/A/DesktopServicesPriv
0x000000018a550000 	/usr/lib/libsandbox.1.dylib
0x000000018f0e6000 	/System/Library/PrivateFrameworks/UserManagement.framework/Versions/A/UserManagement
0x000000019a7a2000 	/System/Library/PrivateFrameworks/DebugSymbols.framework/Versions/A/DebugSymbols
0x000000019565f000 	/System/Library/PrivateFrameworks/NetAuth.framework/Versions/A/NetAuth
0x0000000196580000 	/System/Library/PrivateFrameworks/Sharing.framework/Versions/A/Sharing
0x000000018f0b6000 	/System/Library/PrivateFrameworks/login.framework/Versions/A/Frameworks/loginsupport.framework/Versions/A/loginsupport
0x000000019b9d9000 	/System/Library/PrivateFrameworks/Apple80211.framework/Versions/A/Apple80211
0x000000019223d000 	/System/Library/PrivateFrameworks/AuthKit.framework/Versions/A/AuthKit
0x00000001918c5000 	/System/Library/PrivateFrameworks/CoreUtils.framework/Versions/A/CoreUtils
0x00000001917e8000 	/System/Library/Frameworks/CoreWLAN.framework/Versions/A/CoreWLAN
0x00000001966f0000 	/System/Library/Frameworks/IOBluetooth.framework/Versions/A/IOBluetooth
0x000000019ba39000 	/System/Library/PrivateFrameworks/CoreWiFi.framework/Versions/A/CoreWiFi
0x000000019a382000 	/System/Library/PrivateFrameworks/FrontBoardServices.framework/Versions/A/FrontBoardServices
0x000000019a41a000 	/System/Library/PrivateFrameworks/BoardServices.framework/Versions/A/BoardServices
0x0000000191ad8000 	/System/Library/PrivateFrameworks/AssertionServices.framework/Versions/A/AssertionServices
0x000000019bbb6000 	/System/Library/PrivateFrameworks/BackBoardServices.framework/Versions/A/BackBoardServices
0x0000000195ad3000 	/System/Library/PrivateFrameworks/CorePhoneNumbers.framework/Versions/A/CorePhoneNumbers
0x000000019537a000 	/System/Library/PrivateFrameworks/MultiverseSupport.framework/Versions/A/MultiverseSupport
0x000000019be37000 	/System/Library/PrivateFrameworks/RemoteServiceDiscovery.framework/Versions/A/RemoteServiceDiscovery
0x000000019996a000 	/System/Library/PrivateFrameworks/DiskManagement.framework/Versions/A/DiskManagement
0x000000019986d000 	/System/Library/PrivateFrameworks/AppleIDAuthSupport.framework/Versions/A/AppleIDAuthSupport
0x00000001ee464000 	/System/Library/PrivateFrameworks/AAAFoundation.framework/Versions/A/AAAFoundation
0x0000000195ab2000 	/System/Library/PrivateFrameworks/KeychainCircle.framework/Versions/A/KeychainCircle
0x000000019be47000 	/System/Library/PrivateFrameworks/RemoteXPC.framework/Versions/A/RemoteXPC
0x0000000199936000 	/System/Library/PrivateFrameworks/MediaKit.framework/Versions/A/MediaKit
0x000000019987a000 	/System/Library/Frameworks/DiscRecording.framework/Versions/A/DiscRecording
0x00000001930b7000 	/usr/lib/libCoreStorage.dylib
0x000000019beb3000 	/usr/lib/libcsfde.dylib
0x00000001967c5000 	/System/Library/PrivateFrameworks/ProtectedCloudStorage.framework/Versions/A/ProtectedCloudStorage
0x000000019beab000 	/System/Library/PrivateFrameworks/EFILogin.framework/Versions/A/EFILogin
0x0000000199c49000 	/System/Library/PrivateFrameworks/OctagonTrust.framework/Versions/A/OctagonTrust
0x00000001f3086000 	/System/Library/PrivateFrameworks/CoreUtilsExtras.framework/Versions/A/CoreUtilsExtras
0x000000019979f000 	/System/Library/Frameworks/CoreBluetooth.framework/Versions/A/CoreBluetooth
0x000000019c549000 	/System/Library/Frameworks/AudioUnit.framework/Versions/A/AudioUnit
0x00000001930af000 	/usr/lib/libMatch.1.dylib
0x00000001ac2f6000 	/System/Library/Frameworks/Accelerate.framework/Versions/A/Frameworks/vImage.framework/Versions/A/Libraries/libCGInterfaces.dylib
0x0000000125dd0000 	/usr/lib/libobjc-trampolines.dylib
0x000000018edb0000 	/System/Library/PrivateFrameworks/ViewBridge.framework/Versions/A/ViewBridge
0x00000001eeb18000 	/System/Library/PrivateFrameworks/AccessibilityBundles.framework/Versions/A/AccessibilityBundles
0x0000000193813000 	/System/Library/PrivateFrameworks/login.framework/Versions/A/login
0x000000013f728000 	/Users/sam/.openjfx/cache/17.0.1/libjavafx_font.dylib
0x0000000207672000 	/usr/lib/libRosetta.dylib


VM Arguments:
jvm_args: -javaagent:/Applications/IntelliJ IDEA CE.app/Contents/lib/idea_rt.jar=49412:/Applications/IntelliJ IDEA CE.app/Contents/bin -Dfile.encoding=UTF-8 --module-path=/Users/sam/.m2/repository/org/openjfx/javafx-graphics/17.0.1/javafx-graphics-17.0.1-mac-aarch64.jar:/Users/sam/.m2/repository/org/openjfx/javafx-controls/17.0.1/javafx-controls-17.0.1-mac-aarch64.jar:/Users/sam/.m2/repository/org/openjfx/javafx-fxml/17.0.1/javafx-fxml-17.0.1-mac-aarch64.jar:/Users/sam/.m2/repository/org/openjfx/javafx-base/17.0.1/javafx-base-17.0.1-mac-aarch64.jar:/Users/sam/WGU/software_2/scheduler/target/classes -Djdk.module.main=dev.sam.scheduler 
java_command: dev.sam.scheduler/dev.sam.scheduler.App
java_class_path (initial): /Users/sam/.m2/repository/org/openjfx/javafx-controls/17.0.1/javafx-controls-17.0.1.jar:/Users/sam/.m2/repository/org/openjfx/javafx-graphics/17.0.1/javafx-graphics-17.0.1.jar:/Users/sam/.m2/repository/org/openjfx/javafx-base/17.0.1/javafx-base-17.0.1.jar:/Users/sam/.m2/repository/org/openjfx/javafx-fxml/17.0.1/javafx-fxml-17.0.1.jar
Launcher Type: SUN_STANDARD

[Global flags]
     intx CICompilerCount                          = 4                                         {product} {ergonomic}
     uint ConcGCThreads                            = 2                                         {product} {ergonomic}
     uint G1ConcRefinementThreads                  = 8                                         {product} {ergonomic}
   size_t G1HeapRegionSize                         = 2097152                                   {product} {ergonomic}
    uintx GCDrainStackTargetSize                   = 64                                        {product} {ergonomic}
   size_t InitialHeapSize                          = 268435456                                 {product} {ergonomic}
   size_t MarkStackSize                            = 4194304                                   {product} {ergonomic}
   size_t MaxHeapSize                              = 4294967296                                {product} {ergonomic}
   size_t MaxNewSize                               = 2575302656                                {product} {ergonomic}
   size_t MinHeapDeltaBytes                        = 2097152                                   {product} {ergonomic}
   size_t MinHeapSize                              = 8388608                                   {product} {ergonomic}
    uintx NonNMethodCodeHeapSize                   = 5839564                                {pd product} {ergonomic}
    uintx NonProfiledCodeHeapSize                  = 122909338                              {pd product} {ergonomic}
    uintx ProfiledCodeHeapSize                     = 122909338                              {pd product} {ergonomic}
    uintx ReservedCodeCacheSize                    = 251658240                              {pd product} {ergonomic}
     bool SegmentedCodeCache                       = true                                      {product} {ergonomic}
   size_t SoftMaxHeapSize                          = 4294967296                             {manageable} {ergonomic}
     bool UseCompressedClassPointers               = true                           {product lp64_product} {ergonomic}
     bool UseCompressedOops                        = true                           {product lp64_product} {ergonomic}
     bool UseG1GC                                  = true                                      {product} {ergonomic}
     bool UseNUMA                                  = false                                     {product} {ergonomic}
     bool UseNUMAInterleaving                      = false                                     {product} {ergonomic}

Logging:
Log output configuration:
 #0: stdout all=warning uptime,level,tags foldmultilines=false
 #1: stderr all=off uptime,level,tags foldmultilines=false

Environment Variables:
JAVA_HOME=/Library/Java/JavaVirtualMachines/temurin-17.jdk/Contents/Home/
PATH=/Users/sam/.nvm/versions/node/v18.3.0/bin:/opt/local/bin:/opt/local/sbin:/Library/Frameworks/Python.framework/Versions/2.7/bin:/Users/sam/.cargo/bin:/opt/homebrew/bin:/opt/homebrew/sbin:/opt/homebrew/Cellar/openjdk/18.0.1.1/bin:/usr/local/bin:/bin:/usr/bin:/usr/sbin:/sbin:/opt/local/bin:/opt/local/sbin:/Library/Frameworks/Python.framework/Versions/2.7/bin:/Applications/Little Snitch.app/Contents/Components:/Applications/kitty.app/Contents/MacOS:/Library/Apple/usr/bin:/usr/local/texlive/2022/bin/universal-darwin::/Users/sam/.fig/bin:/Users/sam/.local/bin
SHELL=/bin/zsh
LC_CTYPE=en_US.UTF-8

Signal Handlers:
   SIGSEGV: _ZL13crash_handleriP9__siginfoPv in libjvm.dylib, mask=11100110000111110111111111111111, flags=SA_RESTART|SA_SIGINFO
    SIGBUS: _ZL13crash_handleriP9__siginfoPv in libjvm.dylib, mask=11100110000111110111111111111111, flags=SA_RESTART|SA_SIGINFO
    SIGFPE: _ZL13crash_handleriP9__siginfoPv in libjvm.dylib, mask=11100110000111110111111111111111, flags=SA_RESTART|SA_SIGINFO
   SIGPIPE: _ZL17javaSignalHandleriP9__siginfoPv in libjvm.dylib, mask=11100110000111110111111111111111, flags=SA_RESTART|SA_SIGINFO
   SIGXFSZ: _ZL17javaSignalHandleriP9__siginfoPv in libjvm.dylib, mask=11100110000111110111111111111111, flags=SA_RESTART|SA_SIGINFO
    SIGILL: _ZL13crash_handleriP9__siginfoPv in libjvm.dylib, mask=11100110000111110111111111111111, flags=SA_RESTART|SA_SIGINFO
   SIGUSR2: _ZL10SR_handleriP9__siginfoP17__darwin_ucontext in libjvm.dylib, mask=00100000000000000000000000000000, flags=SA_RESTART|SA_SIGINFO
    SIGHUP: _ZL11UserHandleriPvS_ in libjvm.dylib, mask=11100110000111110111111111111111, flags=SA_RESTART|SA_SIGINFO
    SIGINT: _ZL11UserHandleriPvS_ in libjvm.dylib, mask=11100110000111110111111111111111, flags=SA_RESTART|SA_SIGINFO
   SIGTERM: _ZL11UserHandleriPvS_ in libjvm.dylib, mask=11100110000111110111111111111111, flags=SA_RESTART|SA_SIGINFO
   SIGQUIT: _ZL11UserHandleriPvS_ in libjvm.dylib, mask=11100110000111110111111111111111, flags=SA_RESTART|SA_SIGINFO
   SIGTRAP: _ZL13crash_handleriP9__siginfoPv in libjvm.dylib, mask=11100110000111110111111111111111, flags=SA_RESTART|SA_SIGINFO


---------------  S Y S T E M  ---------------

OS:
uname: Darwin 21.6.0 Darwin Kernel Version 21.6.0: Wed Aug 10 14:28:35 PDT 2022; root:xnu-8020.141.5~2/RELEASE_ARM64_T8101 arm64
OS uptime: 4 days 7:40 hours
rlimit (soft/hard): STACK 8176k/65520k , CORE 0k/infinity , NPROC 2666/4000 , NOFILE 10240/infinity , AS infinity/infinity , CPU infinity/infinity , DATA infinity/infinity , FSIZE infinity/infinity , MEMLOCK infinity/infinity , RSS infinity/infinity
load average: 2.32 2.30 2.17

CPU: total 8 (initial active 8) 0x61:0x0:0x1b588bb3:0, fp, simd, aes, pmull, crc, lse

Memory: 16k page, physical 16777216k(216656k free), swap 1048576k(816704k free)

vm_info: OpenJDK 64-Bit Server VM (18.0.1.1+2-6) for bsd-aarch64 JRE (18.0.1.1+2-6), built on Apr 25 2022 20:45:35 by "mach5one" with clang Apple LLVM 12.0.0 (clang-1200.0.32.29)

END.
