#
# A fatal error has been detected by the Java Runtime Environment:
#
#  SIGBUS (0xa) at pc=0x00000001380014f0, pid=31724, tid=34315
#
# JRE version: OpenJDK Runtime Environment Temurin-17.0.2+8 (17.0.2+8) (build 17.0.2+8)
# Java VM: OpenJDK 64-Bit Server VM Temurin-17.0.2+8 (17.0.2+8, mixed mode, tiered, compressed oops, compressed class ptrs, g1 gc, bsd-aarch64)
# Problematic frame:
# v  ~StubRoutines::SafeFetchN
#
# No core dump will be written. Core dumps have been disabled. To enable core dumping, try "ulimit -c unlimited" before starting Java again
#
# If you would like to submit a bug report, please visit:
#   https://github.com/adoptium/adoptium-support/issues
# The crash happened outside the Java Virtual Machine in native code.
# See problematic frame for where to report the bug.
#

---------------  S U M M A R Y ------------

Command Line: -javaagent:/Applications/IntelliJ IDEA CE.app/Contents/lib/idea_rt.jar=49513:/Applications/IntelliJ IDEA CE.app/Contents/bin -Dfile.encoding=UTF-8 --module-path=/Users/sam/.m2/repository/org/openjfx/javafx-graphics/17.0.1/javafx-graphics-17.0.1-mac-aarch64.jar:/Users/sam/.m2/repository/org/openjfx/javafx-controls/17.0.1/javafx-controls-17.0.1-mac-aarch64.jar:/Users/sam/.m2/repository/org/openjfx/javafx-fxml/17.0.1/javafx-fxml-17.0.1-mac-aarch64.jar:/Users/sam/.m2/repository/org/openjfx/javafx-base/17.0.1/javafx-base-17.0.1-mac-aarch64.jar:/Users/sam/WGU/software_2/scheduler/target/classes -Djdk.module.main=dev.sam.scheduler dev.sam.scheduler/dev.sam.scheduler.App

Host: "MacBookPro17,1" arm64 1 MHz, 8 cores, 16G, Darwin 21.6.0, macOS 12.5.1 (21G83)
Time: Sun Aug 28 14:34:32 2022 CST elapsed time: 2.530335 seconds (0d 0h 0m 2s)

---------------  T H R E A D  ---------------

Current thread (0x000000010f1a0200):  JavaThread "InvokeLaterDispatcher" daemon [_thread_in_native, id=34315, stack(0x000000016db78000,0x000000016dd7b000)]

Stack: [0x000000016db78000,0x000000016dd7b000],  sp=0x000000016dd7a780,  free space=2057k
Native frames: (J=compiled Java code, j=interpreted, Vv=VM code, C=native code)
v  ~StubRoutines::SafeFetchN
V  [libjvm.dylib+0x7ba2dc]  _ZN10OopStorage7releaseEPKP7oopDesc+0x20
V  [libjvm.dylib+0x4c5750]  jni_DeleteGlobalRef+0xd8
C  [libglass.dylib+0xab08]  -[GlassRunnable dealloc]+0x34
C  [Foundation+0x852e8]  -[_NSThreadPerformInfo dealloc]+0x30
C  [Foundation+0x5187c]  -[NSObject(NSThreadPerformAdditions) performSelectorOnMainThread:withObject:waitUntilDone:]+0x88
C  0x3e730001380098ac
j  com.sun.glass.ui.mac.MacApplication.submitForLaterInvocation(Ljava/lang/Runnable;)V+2 javafx.graphics
j  com.sun.glass.ui.InvokeLaterDispatcher.run()V+82 javafx.graphics
v  ~StubRoutines::call_stub
V  [libjvm.dylib+0x46a8f0]  _ZN9JavaCalls11call_helperEP9JavaValueRK12methodHandleP17JavaCallArgumentsP10JavaThread+0x38c
V  [libjvm.dylib+0x46990c]  _ZN9JavaCalls12call_virtualEP9JavaValueP5KlassP6SymbolS5_P17JavaCallArgumentsP10JavaThread+0x11c
V  [libjvm.dylib+0x4699d8]  _ZN9JavaCalls12call_virtualEP9JavaValue6HandleP5KlassP6SymbolS6_P10JavaThread+0x64
V  [libjvm.dylib+0x521e64]  _ZL12thread_entryP10JavaThreadS0_+0xc4
V  [libjvm.dylib+0x99aac0]  _ZN10JavaThread17thread_main_innerEv+0x13c
V  [libjvm.dylib+0x99919c]  _ZN6Thread8call_runEv+0x128
V  [libjvm.dylib+0x7c1124]  _ZL19thread_native_entryP6Thread+0x158
C  [libsystem_pthread.dylib+0x726c]  _pthread_start+0x94

Java frames: (J=compiled Java code, j=interpreted, Vv=VM code)
j  com.sun.glass.ui.mac.MacApplication._submitForLaterInvocation(Ljava/lang/Runnable;)V+0 javafx.graphics
j  com.sun.glass.ui.mac.MacApplication.submitForLaterInvocation(Ljava/lang/Runnable;)V+2 javafx.graphics
j  com.sun.glass.ui.InvokeLaterDispatcher.run()V+82 javafx.graphics
v  ~StubRoutines::call_stub

siginfo: si_signo: 10 (SIGBUS), si_code: 1 (BUS_ADRALN), si_addr: 0x00000001380014f0

Register to memory mapping:

 x0=0x0000000117608c88 points into unknown readable memory: 0x0000000000000000 | 00 00 00 00 00 00 00 00
 x1=0x0 is NULL
 x2=0x000000070ffc2bb8 is an oop: com.sun.glass.ui.InvokeLaterDispatcher$Future 
{0x000000070ffc2bb8} - klass: 'com/sun/glass/ui/InvokeLaterDispatcher$Future'
 - ---- fields (total size 3 words):
 - private 'done' 'Z' @12  true
 - private final 'runnable' 'Ljava/lang/Runnable;' @16  a 'com/sun/javafx/tk/quantum/QuantumToolkit$$Lambda$85+0x0000000800108ec0'{0x000000070da1a320} (e1b43464)
 - final synthetic 'this$0' 'Lcom/sun/glass/ui/InvokeLaterDispatcher;' @20  a 'com/sun/glass/ui/InvokeLaterDispatcher'{0x000000070dc00618} (e1b800c3)
 x3=0x0 is NULL
 x4=0x00000000000130a8 is an unknown value
 x5=0x0 is NULL
 x6=0x0 is NULL
 x7=0x0 is NULL
 x8=0x00000001380014ec is at begin+0 in a stub
StubRoutines::SafeFetchN [0x00000001380014ec, 0x00000001380014f8] (12 bytes)
 x9=0x0 is NULL
x10=0x2010000030300000 is an unknown value
x11=0x0000000000000007 is an unknown value
x12=0x0000000000000003 is an unknown value
x13=0x00006000026c5120 points into unknown readable memory: 0xc91b00018894d7f4 | f4 d7 94 88 01 00 1b c9
x14=0x00000e0000000000 is an unknown value
x15=0x000000010ef1df98: OBJC_CLASS_$_GlassRunnable+0 in /Users/sam/.openjfx/cache/17.0.1/libglass.dylib at 0x000000010eed8000
x16=0x00000001879ab0fc: pthread_getspecific+0 in /usr/lib/system/libsystem_pthread.dylib at 0x00000001879a9000
x17=0x0000600002cc2940 points into unknown readable memory: 0xfffffffffffffffe | fe ff ff ff ff ff ff ff
x18=0x0 is NULL
x19=0x00006000023cc230 points into unknown readable memory: 0x0000600000ad0770 | 70 07 ad 00 00 60 00 00
x20=0x0000000117608a80 points into unknown readable memory: 0x0000000000000000 | 00 00 00 00 00 00 00 00
x21=0x0000000117608c88 points into unknown readable memory: 0x0000000000000000 | 00 00 00 00 00 00 00 00
x22=0x000000010f1a0200 is a thread
x23=0x0000000000000001 is an unknown value
x24=0x0000000117608c40 is a global jni handle
x25=0x0000000106baba08: _ZN12StubRoutines17_safefetchN_entryE+0 in /Library/Java/JavaVirtualMachines/temurin-17.jdk/Contents/Home/lib/server/libjvm.dylib at 0x0000000105f50000
x26=0x0000000129953ab0 is pointing into metadata
x27=0x0 is NULL
x28=0x000000010f1a0200 is a thread


Registers:
 x0=0x0000000117608c88  x1=0x0000000000000000  x2=0x000000070ffc2bb8  x3=0x0000000000000000
 x4=0x00000000000130a8  x5=0x0000000000000000  x6=0x0000000000000000  x7=0x0000000000000000
 x8=0x00000001380014ec  x9=0x0000000000000000 x10=0x2010000030300000 x11=0x0000000000000007
x12=0x0000000000000003 x13=0x00006000026c5120 x14=0x00000e0000000000 x15=0x000000010ef1df98
x16=0x00000001879ab0fc x17=0x0000600002cc2940 x18=0x0000000000000000 x19=0x00006000023cc230
x20=0x0000000117608a80 x21=0x0000000117608c88 x22=0x000000010f1a0200 x23=0x0000000000000001
x24=0x0000000117608c40 x25=0x0000000106baba08 x26=0x0000000129953ab0 x27=0x0000000000000000
x28=0x000000010f1a0200  fp=0x000000016dd7a7c0  lr=0x00000001067090ac  sp=0x000000016dd7a780
pc=0x00000001380014f0 cpsr=0x0000000060001000
Top of Stack: (sp=0x000000016dd7a780)
0x000000016dd7a780:   0000000129953ab0 0000000000000001
0x000000016dd7a790:   000000016dd7a988 0000000000000000
0x000000016dd7a7a0:   0000000117949aa8 0000000117608c78
0x000000016dd7a7b0:   0000000117608c78 00006000023cc230
0x000000016dd7a7c0:   000000016dd7a800 000000010670a2dc
0x000000016dd7a7d0:   0000000000000001 0000000117608c78
0x000000016dd7a7e0:   0000000117949aa8 0000000117608c78
0x000000016dd7a7f0:   0000000000000001 0000000117949800
0x000000016dd7a800:   000000016dd7a840 0000000106415750
0x000000016dd7a810:   000000016dd7a988 0000600000af57c0
0x000000016dd7a820:   0000600000af5780 00000001d1cec8f7
0x000000016dd7a830:   0000000000000000 0000600000af5780
0x000000016dd7a840:   000000016dd7a870 000000010eee2b08
0x000000016dd7a850:   0a98677d3689005b 0000000000000000
0x000000016dd7a860:   0000000000000000 0000600001d08300
0x000000016dd7a870:   000000016dd7a8b0 00000001889812e8
0x000000016dd7a880:   000000016dd7a988 0000600000af57c0
0x000000016dd7a890:   0000600000af5780 0a98677d3689005b
0x000000016dd7a8a0:   0000000000000000 0000000000000000
0x000000016dd7a8b0:   000000016dd7a8f0 411c00018894d87c
0x000000016dd7a8c0:   000000016dd7a988 00000001380087c0
0x000000016dd7a8d0:   0000000000000000 0000000106bb33c8
0x000000016dd7a8e0:   000000016dd7a900 0000000138007730
0x000000016dd7a8f0:   000000016dd7a960 3e730001380098ac
0x000000016dd7a900:   000000016dd7a968 000000012986c750
0x000000016dd7a910:   000000016dd7a910 0000000000000000
0x000000016dd7a920:   000000016dd7a988 0000000129953ab0
0x000000016dd7a930:   000000070dc2a408 0000000000000000
0x000000016dd7a940:   0000000000000000 0000000129929000
0x000000016dd7a950:   0000000000000000 000000016dd7a960
0x000000016dd7a960:   000000016dd7a9e0 0000000138005fc8
0x000000016dd7a970:   0000000000000000 0000000000000000 

Instructions: (pc=0x00000001380014f0)
0x00000001380013f0:   f2a0d6e9 f2c00029 6d425935 1e640886
0x0000000138001400:   0c402d31 1e6408c7 1f5654d0 1e6c1017
0x0000000138001410:   1f5050d0 1f504cd0 1f5048d0 1e650af6
0x0000000138001420:   1f50d8f6 1f5694d6 1f5158f6 1e762880
0x0000000138001430:   36000501 1e614000 14000026 2e251ca5
0x0000000138001440:   d2903009 f2a0d6e9 f2c00029 6d425d36
0x0000000138001450:   1e600806 0c402d32 1f5758c7 1e6c101a
0x0000000138001460:   1f4754c7 1e650805 1f4750c7 d2866668
0x0000000138001470:   f2a7fa68 1f474cc7 1e6608c0 1f4748c7
0x0000000138001480:   1e6e1019 eb08007f 540000ac 1f479400
0x0000000138001490:   1f460340 1e603b20 1400000e d2a7fd29
0x00000001380014a0:   eb09007f 540000ac 51480069 d3607d29
0x00000001380014b0:   9e670121 14000002 1e6a5001 1f679417
0x00000001380014c0:   1f668742 1e613b23 1e773857 1e773860
0x00000001380014d0:   a8c17ff3 910003bf a8c17bfd d65f03c0
0x00000001380014e0:   b9400001 aa0103e0 d65f03c0 f9400001
0x00000001380014f0:   aa0103e0 d65f03c0 00000000 00000000
0x0000000138001500:   00000000 00000000 00000000 00000000
0x0000000138001510:   00000000 00000000 00000000 00000000
0x0000000138001520:   00000000 00000000 00000000 00000000
0x0000000138001530:   00000000 00000000 00000000 00000000
0x0000000138001540:   00000000 00000000 00000000 00000000
0x0000000138001550:   00000000 00000000 00000000 00000000
0x0000000138001560:   00000000 00000000 00000000 00000000
0x0000000138001570:   00000000 00000000 00000000 00000000
0x0000000138001580:   00000000 00000000 00000000 00000000
0x0000000138001590:   00000000 00000000 00000000 00000000
0x00000001380015a0:   00000000 00000000 00000000 00000000
0x00000001380015b0:   00000000 00000000 00000000 00000000
0x00000001380015c0:   00000000 00000000 00000000 00000000
0x00000001380015d0:   00000000 00000000 00000000 00000000
0x00000001380015e0:   00000000 00000000 00000000 00000000 


Stack slot to memory mapping:
stack at sp + 0 slots: 0x0000000129953ab0 is pointing into metadata
stack at sp + 1 slots: 0x0000000000000001 is an unknown value
stack at sp + 2 slots: 0x000000016dd7a988 is pointing into the stack for thread: 0x000000010f1a0200
stack at sp + 3 slots: 0x0 is NULL
stack at sp + 4 slots: 0x0000000117949aa8 points into unknown readable memory: 0x0000000106b66888 | 88 68 b6 06 01 00 00 00
stack at sp + 5 slots: 0x0000000117608c78 is a global jni handle
stack at sp + 6 slots: 0x0000000117608c78 is a global jni handle
stack at sp + 7 slots: 0x00006000023cc230 points into unknown readable memory: 0x0000600000ad0770 | 70 07 ad 00 00 60 00 00

StubRoutines::SafeFetchN [0x00000001380014ec, 0x00000001380014f8] (12 bytes)
[MachCode]
  0x00000001380014ec: 0100 40f9 | e003 01aa | c003 5fd6 
[/MachCode]

---------------  P R O C E S S  ---------------

Threads class SMR info:
_java_thread_list=0x0000600000801ca0, length=20, elements={
0x000000010f011a00, 0x0000000117834800, 0x0000000128008800, 0x0000000127828e00,
0x0000000117836600, 0x0000000117841c00, 0x0000000117842200, 0x0000000117842800,
0x0000000127829400, 0x0000000127816400, 0x0000000127817a00, 0x0000000129012400,
0x000000012782a400, 0x000000010f1a0200, 0x0000000117949800, 0x00000001248eaa00,
0x00000001248ea200, 0x00000001179a8a00, 0x0000000124b57400, 0x0000000117bc4000
}

Java Threads: ( => current thread )
  0x000000010f011a00 JavaThread "main" [_thread_blocked, id=5891, stack(0x000000016b170000,0x000000016b373000)]
  0x0000000117834800 JavaThread "Reference Handler" daemon [_thread_blocked, id=17155, stack(0x000000016bfc4000,0x000000016c1c7000)]
  0x0000000128008800 JavaThread "Finalizer" daemon [_thread_blocked, id=15875, stack(0x000000016c1d0000,0x000000016c3d3000)]
  0x0000000127828e00 JavaThread "Signal Dispatcher" daemon [_thread_blocked, id=41987, stack(0x000000016c4f4000,0x000000016c6f7000)]
  0x0000000117836600 JavaThread "Service Thread" daemon [_thread_blocked, id=41475, stack(0x000000016c700000,0x000000016c903000)]
  0x0000000117841c00 JavaThread "Monitor Deflation Thread" daemon [_thread_blocked, id=40963, stack(0x000000016c90c000,0x000000016cb0f000)]
  0x0000000117842200 JavaThread "C2 CompilerThread0" daemon [_thread_blocked, id=22531, stack(0x000000016cb18000,0x000000016cd1b000)]
  0x0000000117842800 JavaThread "C1 CompilerThread0" daemon [_thread_blocked, id=23043, stack(0x000000016cd24000,0x000000016cf27000)]
  0x0000000127829400 JavaThread "Sweeper thread" daemon [_thread_blocked, id=23555, stack(0x000000016cf30000,0x000000016d133000)]
  0x0000000127816400 JavaThread "Common-Cleaner" daemon [_thread_blocked, id=40451, stack(0x000000016d13c000,0x000000016d33f000)]
  0x0000000127817a00 JavaThread "Monitor Ctrl-Break" daemon [_thread_in_native, id=39939, stack(0x000000016d348000,0x000000016d54b000)]
  0x0000000129012400 JavaThread "Notification Thread" daemon [_thread_blocked, id=39427, stack(0x000000016d554000,0x000000016d757000)]
  0x000000012782a400 JavaThread "QuantumRenderer-0" daemon [_thread_blocked, id=38659, stack(0x000000016d96c000,0x000000016db6f000)]
=>0x000000010f1a0200 JavaThread "InvokeLaterDispatcher" daemon [_thread_in_native, id=34315, stack(0x000000016db78000,0x000000016dd7b000)]
  0x0000000117949800 JavaThread "JavaFX Application Thread" [_thread_in_native, id=259, stack(0x000000016a8e8000,0x000000016b0e4000)]
  0x00000001248eaa00 JavaThread "PulseTimer-CVDisplayLink thread" daemon [_thread_in_native, id=78083, stack(0x000000016dd84000,0x000000016de07000)]
  0x00000001248ea200 JavaThread "JavaFX-Launcher" [_thread_blocked, id=74251, stack(0x000000016e134000,0x000000016e337000)]
  0x00000001179a8a00 JavaThread "Prism Font Disposer" daemon [_thread_blocked, id=68871, stack(0x000000016ed7c000,0x000000016ef7f000)]
  0x0000000124b57400 JavaThread "Cleaner-0" daemon [_thread_blocked, id=171535, stack(0x000000016ef88000,0x000000016f18b000)]
  0x0000000117bc4000 JavaThread "Attach Listener" daemon [_thread_blocked, id=1315, stack(0x000000016f7b8000,0x000000016f9bb000)]

Other Threads:
  0x0000000117606d90 VMThread "VM Thread" [stack: 0x000000016bdb8000,0x000000016bfbb000] [id=17411]
  0x00000001277058b0 WatcherThread [stack: 0x000000016d760000,0x000000016d963000] [id=38915]
  0x0000000105106b00 GCTaskThread "GC Thread#0" [stack: 0x000000016b37c000,0x000000016b57f000] [id=19459]
  0x000000010511aaf0 GCTaskThread "GC Thread#1" [stack: 0x000000016e340000,0x000000016e543000] [id=56579]
  0x000000010511af70 GCTaskThread "GC Thread#2" [stack: 0x000000016e54c000,0x000000016e74f000] [id=70147]
  0x000000010511b3f0 GCTaskThread "GC Thread#3" [stack: 0x000000016e758000,0x000000016e95b000] [id=56835]
  0x000000010511b870 GCTaskThread "GC Thread#4" [stack: 0x000000016e964000,0x000000016eb67000] [id=69379]
  0x000000010511bcf0 GCTaskThread "GC Thread#5" [stack: 0x000000016eb70000,0x000000016ed73000] [id=69123]
  0x0000000105265210 GCTaskThread "GC Thread#6" [stack: 0x000000016f194000,0x000000016f397000] [id=68179]
  0x00000001052656a0 GCTaskThread "GC Thread#7" [stack: 0x000000016f3a0000,0x000000016f5a3000] [id=171295]
  0x00000001051071b0 ConcurrentGCThread "G1 Main Marker" [stack: 0x000000016b588000,0x000000016b78b000] [id=12291]
  0x0000000105107a30 ConcurrentGCThread "G1 Conc#0" [stack: 0x000000016b794000,0x000000016b997000] [id=19203]
  0x00000001052649d0 ConcurrentGCThread "G1 Conc#1" [stack: 0x000000016f5ac000,0x000000016f7af000] [id=89091]
  0x00000001176048f0 ConcurrentGCThread "G1 Refine#0" [stack: 0x000000016b9a0000,0x000000016bba3000] [id=18691]
  0x0000000117605190 ConcurrentGCThread "G1 Service" [stack: 0x000000016bbac000,0x000000016bdaf000] [id=13571]

Threads with active compile tasks:

VM state: not at safepoint (normal execution)

VM Mutex/Monitor currently owned by a thread: None

Heap address: 0x0000000700000000, size: 4096 MB, Compressed Oops mode: Zero based, Oop shift amount: 3

CDS archive(s) not mapped
Compressed class space mapped at: 0x0000000800000000-0x0000000840000000, reserved size: 1073741824
Narrow klass base: 0x0000000800000000, Narrow klass shift: 0, Narrow klass range: 0x40000000

GC Precious Log:
 CPUs: 8 total, 8 available
 Memory: 16384M
 Large Page Support: Disabled
 NUMA Support: Disabled
 Compressed Oops: Enabled (Zero based)
 Heap Region Size: 2M
 Heap Min Capacity: 8M
 Heap Initial Capacity: 256M
 Heap Max Capacity: 4G
 Pre-touch: Disabled
 Parallel Workers: 8
 Concurrent Workers: 2
 Concurrent Refinement Workers: 8
 Periodic GC: Disabled

Heap:
 garbage-first heap   total 40960K, used 12851K [0x0000000700000000, 0x0000000800000000)
  region size 2048K, 6 young (12288K), 3 survivors (6144K)
 Metaspace       used 21931K, committed 22144K, reserved 1073152K
  class space    used 2798K, committed 2880K, reserved 1048576K

Heap Regions: E=young(eden), S=young(survivor), O=old, HS=humongous(starts), HC=humongous(continues), CS=collection set, F=free, OA=open archive, CA=closed archive, TAMS=top-at-mark-start (previous, next)
|   0|0x0000000700000000, 0x0000000700200000, 0x0000000700200000|100%|HS|  |TAMS 0x0000000700200000, 0x0000000700000000| Complete 
|   1|0x0000000700200000, 0x000000070028cc00, 0x0000000700400000| 27%| O|  |TAMS 0x0000000700200000, 0x0000000700200000| Complete 
|   2|0x0000000700400000, 0x0000000700400000, 0x0000000700600000|  0%| F|  |TAMS 0x0000000700400000, 0x0000000700400000| Untracked 
|   3|0x0000000700600000, 0x0000000700600000, 0x0000000700800000|  0%| F|  |TAMS 0x0000000700600000, 0x0000000700600000| Untracked 
|   4|0x0000000700800000, 0x0000000700800000, 0x0000000700a00000|  0%| F|  |TAMS 0x0000000700800000, 0x0000000700800000| Untracked 
|   5|0x0000000700a00000, 0x0000000700a00000, 0x0000000700c00000|  0%| F|  |TAMS 0x0000000700a00000, 0x0000000700a00000| Untracked 
|   6|0x0000000700c00000, 0x0000000700c00000, 0x0000000700e00000|  0%| F|  |TAMS 0x0000000700c00000, 0x0000000700c00000| Untracked 
|   7|0x0000000700e00000, 0x0000000700e00000, 0x0000000701000000|  0%| F|  |TAMS 0x0000000700e00000, 0x0000000700e00000| Untracked 
|   8|0x0000000701000000, 0x0000000701000000, 0x0000000701200000|  0%| F|  |TAMS 0x0000000701000000, 0x0000000701000000| Untracked 
|   9|0x0000000701200000, 0x0000000701200000, 0x0000000701400000|  0%| F|  |TAMS 0x0000000701200000, 0x0000000701200000| Untracked 
|  10|0x0000000701400000, 0x0000000701400000, 0x0000000701600000|  0%| F|  |TAMS 0x0000000701400000, 0x0000000701400000| Untracked 
|  11|0x0000000701600000, 0x0000000701600000, 0x0000000701800000|  0%| F|  |TAMS 0x0000000701600000, 0x0000000701600000| Untracked 
|  12|0x0000000701800000, 0x0000000701800000, 0x0000000701a00000|  0%| F|  |TAMS 0x0000000701800000, 0x0000000701800000| Untracked 
|  13|0x0000000701a00000, 0x0000000701a00000, 0x0000000701c00000|  0%| F|  |TAMS 0x0000000701a00000, 0x0000000701a00000| Untracked 
|  14|0x0000000701c00000, 0x0000000701cadb88, 0x0000000701e00000| 33%| E|  |TAMS 0x0000000701c00000, 0x0000000701c00000| Complete 
|  15|0x0000000701e00000, 0x0000000702000000, 0x0000000702000000|100%| E|CS|TAMS 0x0000000701e00000, 0x0000000701e00000| Complete 
| 108|0x000000070d800000, 0x000000070da00000, 0x000000070da00000|100%| S|CS|TAMS 0x000000070d800000, 0x000000070d800000| Complete 
| 109|0x000000070da00000, 0x000000070dc00000, 0x000000070dc00000|100%| S|CS|TAMS 0x000000070da00000, 0x000000070da00000| Complete 
| 110|0x000000070dc00000, 0x000000070de00000, 0x000000070de00000|100%| S|CS|TAMS 0x000000070dc00000, 0x000000070dc00000| Complete 
| 127|0x000000070fe00000, 0x0000000710000000, 0x0000000710000000|100%| E|CS|TAMS 0x000000070fe00000, 0x000000070fe00000| Complete 

Card table byte_map: [0x000000010f800000,0x0000000110000000] _byte_map_base: 0x000000010c000000

Marking Bits (Prev, Next): (CMBitMap*) 0x000000010f03cc50, (CMBitMap*) 0x000000010f03cc10
 Prev Bits: [0x0000000120000000, 0x0000000124000000)
 Next Bits: [0x0000000110800000, 0x0000000114800000)

Polling page: 0x0000000104f54000

Metaspace:

Usage:
  Non-class:     18.68 MB used.
      Class:      2.73 MB used.
       Both:     21.42 MB used.

Virtual space:
  Non-class space:       24.00 MB reserved,      18.81 MB ( 78%) committed,  3 nodes.
      Class space:        1.00 GB reserved,       2.81 MB ( <1%) committed,  1 nodes.
             Both:        1.02 GB reserved,      21.62 MB (  2%) committed. 

Chunk freelists:
   Non-Class:  400.00 KB
       Class:  1.00 MB
        Both:  1.39 MB

MaxMetaspaceSize: unlimited
CompressedClassSpaceSize: 1.00 GB
Initial GC threshold: 21.00 MB
Current GC threshold: 35.12 MB
CDS: off
MetaspaceReclaimPolicy: balanced
 - commit_granule_bytes: 65536.
 - commit_granule_words: 8192.
 - virtual_space_node_default_size: 1048576.
 - enlarge_chunks_in_place: 1.
 - new_chunks_are_fully_committed: 0.
 - uncommit_free_chunks: 1.
 - use_allocation_guard: 0.
 - handle_deallocations: 1.


Internal statistics:

num_allocs_failed_limit: 3.
num_arena_births: 188.
num_arena_deaths: 0.
num_vsnodes_births: 4.
num_vsnodes_deaths: 0.
num_space_committed: 346.
num_space_uncommitted: 0.
num_chunks_returned_to_freelist: 3.
num_chunks_taken_from_freelist: 661.
num_chunk_merges: 3.
num_chunk_splits: 439.
num_chunks_enlarged: 333.
num_purges: 0.
num_inconsistent_stats: 0.

CodeHeap 'non-profiled nmethods': size=120032Kb used=640Kb max_used=640Kb free=119391Kb
 bounds [0x000000013fac8000, 0x000000013fd38000, 0x0000000147000000]
CodeHeap 'profiled nmethods': size=120016Kb used=3332Kb max_used=3332Kb free=116683Kb
 bounds [0x0000000138594000, 0x00000001388e4000, 0x000000013fac8000]
CodeHeap 'non-nmethods': size=5712Kb used=1364Kb max_used=1506Kb free=4347Kb
 bounds [0x0000000138000000, 0x0000000138270000, 0x0000000138594000]
 total_blobs=2467 nmethods=1719 adapters=664
 compilation: enabled
              stopped_count=0, restarted_count=0
 full_count=0

Compilation events (20 events):
Event: 2.409 Thread 0x0000000117842800 nmethod 1765 0x00000001388c6a10 code [0x00000001388c6bc0, 0x00000001388c6da8]
Event: 2.409 Thread 0x0000000117842800 1766   !   3       javafx.scene.Node::intersectsBounds (1005 bytes)
Event: 2.413 Thread 0x0000000117842800 nmethod 1766 0x00000001388c6f10 code [0x00000001388c77c0, 0x00000001388cb1b8]
Event: 2.417 Thread 0x0000000117842800 1767       3       javafx.geometry.Point3D::<init> (26 bytes)
Event: 2.417 Thread 0x0000000117842800 nmethod 1767 0x00000001388cc510 code [0x00000001388cc6c0, 0x00000001388cc868]
Event: 2.459 Thread 0x0000000117842800 1768       3       javafx.scene.Node::isDisable (19 bytes)
Event: 2.460 Thread 0x0000000117842800 nmethod 1768 0x00000001388cc990 code [0x00000001388ccb80, 0x00000001388cd058]
Event: 2.474 Thread 0x0000000117842800 1769       3       java.util.EnumMap$ValueIterator::next (50 bytes)
Event: 2.475 Thread 0x0000000117842800 nmethod 1769 0x00000001388cd210 code [0x00000001388cd400, 0x00000001388cd848]
Event: 2.475 Thread 0x0000000117842800 1770       3       javafx.scene.Scene$ClickCounter::moved (52 bytes)
Event: 2.476 Thread 0x0000000117842800 nmethod 1770 0x00000001388cda10 code [0x00000001388cdcc0, 0x00000001388ce578]
Event: 2.493 Thread 0x0000000117842800 1771       3       com.sun.javafx.event.EventDispatchChainImpl::dispatchEvent (101 bytes)
Event: 2.494 Thread 0x0000000117842800 nmethod 1771 0x00000001388cea10 code [0x00000001388cebc0, 0x00000001388cef18]
Event: 2.499 Thread 0x0000000117842800 1772       3       jdk.internal.misc.Unsafe::putReferenceOpaque (9 bytes)
Event: 2.499 Thread 0x0000000117842800 nmethod 1772 0x00000001388cf090 code [0x00000001388cf240, 0x00000001388cf3e8]
Event: 2.499 Thread 0x0000000117842800 1773       1       com.sun.glass.ui.Window::getPlatformScaleX (5 bytes)
Event: 2.499 Thread 0x0000000117842800 nmethod 1773 0x000000013fb67190 code [0x000000013fb67300, 0x000000013fb673e8]
Event: 2.499 Thread 0x0000000117842800 1774       1       com.sun.glass.ui.Window::getPlatformScaleY (5 bytes)
Event: 2.499 Thread 0x0000000117842800 nmethod 1774 0x000000013fb67490 code [0x000000013fb67600, 0x000000013fb676e8]
Event: 2.514 Thread 0x0000000117842200 1775       4       java.util.HashMap::getNode (150 bytes)

GC Heap History (4 events):
Event: 0.341 GC heap before
{Heap before GC invocations=0 (full 0):
 garbage-first heap   total 262144K, used 22528K [0x0000000700000000, 0x0000000800000000)
  region size 2048K, 11 young (22528K), 0 survivors (0K)
 Metaspace       used 13987K, committed 14144K, reserved 1064960K
  class space    used 1525K, committed 1600K, reserved 1048576K
}
Event: 0.343 GC heap after
{Heap after GC invocations=1 (full 0):
 garbage-first heap   total 262144K, used 3402K [0x0000000700000000, 0x0000000800000000)
  region size 2048K, 2 young (4096K), 2 survivors (4096K)
 Metaspace       used 13987K, committed 14144K, reserved 1064960K
  class space    used 1525K, committed 1600K, reserved 1048576K
}
Event: 0.720 GC heap before
{Heap before GC invocations=1 (full 0):
 garbage-first heap   total 262144K, used 34122K [0x0000000700000000, 0x0000000800000000)
  region size 2048K, 17 young (34816K), 2 survivors (4096K)
 Metaspace       used 21328K, committed 21504K, reserved 1073152K
  class space    used 2743K, committed 2816K, reserved 1048576K
}
Event: 0.723 GC heap after
{Heap after GC invocations=2 (full 0):
 garbage-first heap   total 262144K, used 8755K [0x0000000700000000, 0x0000000800000000)
  region size 2048K, 3 young (6144K), 3 survivors (6144K)
 Metaspace       used 21328K, committed 21504K, reserved 1073152K
  class space    used 2743K, committed 2816K, reserved 1048576K
}

Deoptimization events (20 events):
Event: 0.706 Thread 0x000000012782a400 DEOPT PACKING pc=0x00000001388772b8 sp=0x000000016db6ce90
Event: 0.706 Thread 0x000000012782a400 DEOPT UNPACKING pc=0x000000013803eb7c sp=0x000000016db6caf0 mode 0
Event: 0.706 Thread 0x000000012782a400 DEOPT PACKING pc=0x00000001388772b8 sp=0x000000016db6ce90
Event: 0.706 Thread 0x000000012782a400 DEOPT UNPACKING pc=0x000000013803eb7c sp=0x000000016db6caf0 mode 0
Event: 0.706 Thread 0x000000012782a400 DEOPT PACKING pc=0x00000001388772b8 sp=0x000000016db6ce90
Event: 0.706 Thread 0x000000012782a400 DEOPT UNPACKING pc=0x000000013803eb7c sp=0x000000016db6caf0 mode 0
Event: 0.706 Thread 0x000000012782a400 DEOPT PACKING pc=0x00000001388772b8 sp=0x000000016db6ce90
Event: 0.706 Thread 0x000000012782a400 DEOPT UNPACKING pc=0x000000013803eb7c sp=0x000000016db6caf0 mode 0
Event: 0.707 Thread 0x000000012782a400 DEOPT PACKING pc=0x00000001388772b8 sp=0x000000016db6ce90
Event: 0.707 Thread 0x000000012782a400 DEOPT UNPACKING pc=0x000000013803eb7c sp=0x000000016db6caf0 mode 0
Event: 0.707 Thread 0x000000012782a400 DEOPT PACKING pc=0x00000001388772b8 sp=0x000000016db6ce90
Event: 0.707 Thread 0x000000012782a400 DEOPT UNPACKING pc=0x000000013803eb7c sp=0x000000016db6caf0 mode 0
Event: 0.707 Thread 0x000000012782a400 DEOPT PACKING pc=0x00000001388772b8 sp=0x000000016db6ce90
Event: 0.707 Thread 0x000000012782a400 DEOPT UNPACKING pc=0x000000013803eb7c sp=0x000000016db6caf0 mode 0
Event: 0.709 Thread 0x000000012782a400 DEOPT PACKING pc=0x00000001388772b8 sp=0x000000016db6d4b0
Event: 0.709 Thread 0x000000012782a400 DEOPT UNPACKING pc=0x000000013803eb7c sp=0x000000016db6d110 mode 0
Event: 1.183 Thread 0x0000000117bc4000 Uncommon trap: trap_request=0xffffff45 fr.pc=0x000000013fad53c4 relative=0x0000000000000104
Event: 1.183 Thread 0x0000000117bc4000 Uncommon trap: reason=unstable_if action=reinterpret pc=0x000000013fad53c4 method=java.lang.StringLatin1.lastIndexOf([BI[BII)I @ 86 c2
Event: 1.183 Thread 0x0000000117bc4000 DEOPT PACKING pc=0x000000013fad53c4 sp=0x000000016f9b98b0
Event: 1.183 Thread 0x0000000117bc4000 DEOPT UNPACKING pc=0x000000013803ed1c sp=0x000000016f9b9810 mode 2

Classes unloaded (0 events):
No events

Classes redefined (0 events):
No events

Internal exceptions (20 events):
Event: 0.336 Thread 0x0000000117949800 Exception <a 'java/lang/NoSuchMethodError'{0x000000070eb36498}: 'java.lang.Object java.lang.invoke.DirectMethodHandle$Holder.invokeStaticInit(java.lang.Object, java.lang.Object, java.lang.Object, java.lang.Object)'> (0x000000070eb36498) 
thrown [../../src/hotspot/share/interpreter/linkResolver.cpp, line 766]
Event: 0.337 Thread 0x0000000117949800 Exception <a 'java/lang/NullPointerException'{0x000000070eb42170}> (0x000000070eb42170) 
thrown [../../src/hotspot/share/interpreter/linkResolver.cpp, line 1357]
Event: 0.348 Thread 0x0000000117949800 Exception <a 'java/lang/NoSuchMethodError'{0x000000070fec6cf0}: 'java.lang.Object java.lang.invoke.DirectMethodHandle$Holder.invokeSpecial(java.lang.Object, java.lang.Object, java.lang.Object, int, java.lang.Object)'> (0x000000070fec6cf0) 
thrown [../../src/hotspot/share/interpreter/linkResolver.cpp, line 766]
Event: 0.497 Thread 0x0000000117949800 Exception <a 'java/lang/NoSuchMethodError'{0x000000070f705a80}: 'void java.lang.invoke.DirectMethodHandle$Holder.invokeStaticInit(java.lang.Object, java.lang.Object)'> (0x000000070f705a80) 
thrown [../../src/hotspot/share/interpreter/linkResolver.cpp, line 766]
Event: 0.501 Thread 0x0000000117949800 Exception <a 'java/lang/NoSuchMethodError'{0x000000070f40f030}: 'void java.lang.invoke.DirectMethodHandle$Holder.invokeSpecial(java.lang.Object, java.lang.Object, java.lang.Object, java.lang.Object, java.lang.Object)'> (0x000000070f40f030) 
thrown [../../src/hotspot/share/interpreter/linkResolver.cpp, line 766]
Event: 0.517 Thread 0x0000000117949800 Exception <a 'sun/nio/fs/UnixException'{0x000000070f5d2450}> (0x000000070f5d2450) 
thrown [../../src/hotspot/share/prims/jni.cpp, line 516]
Event: 0.521 Thread 0x0000000117949800 Implicit null exception at 0x000000013faf61f8 to 0x000000013faf6288
Event: 0.523 Thread 0x0000000117949800 Implicit null exception at 0x000000013fb15e90 to 0x000000013fb1631c
Event: 0.584 Thread 0x0000000117949800 Exception <a 'java/lang/ClassNotFoundException'{0x000000070ef3fbc0}: com/sun/javafx/scene/control/skin/resources/controls> (0x000000070ef3fbc0) 
thrown [../../src/hotspot/share/prims/jni.cpp, line 535]
Event: 0.584 Thread 0x0000000117949800 Exception <a 'java/lang/ClassNotFoundException'{0x000000070ef4db60}: com/sun/javafx/scene/control/skin/resources/controls_en> (0x000000070ef4db60) 
thrown [../../src/hotspot/share/prims/jni.cpp, line 535]
Event: 0.584 Thread 0x0000000117949800 Exception <a 'java/lang/ClassNotFoundException'{0x000000070ef4eaf8}: com/sun/javafx/scene/control/skin/resources/controls_en_US> (0x000000070ef4eaf8) 
thrown [../../src/hotspot/share/prims/jni.cpp, line 535]
Event: 0.597 Thread 0x0000000117949800 Exception <a 'java/lang/NoSuchMethodError'{0x000000070ed0bd98}: 'void java.lang.invoke.DirectMethodHandle$Holder.invokeSpecial(java.lang.Object, java.lang.Object, java.lang.Object, java.lang.Object, java.lang.Object, java.lang.Object)'> (0x000000070ed0bd98) 
thrown [../../src/hotspot/share/interpreter/linkResolver.cpp, line 766]
Event: 0.609 Thread 0x0000000117949800 Exception <a 'java/lang/NoSuchMethodError'{0x000000070eb77300}: 'java.lang.Object java.lang.invoke.DirectMethodHandle$Holder.invokeInterface(java.lang.Object, java.lang.Object, java.lang.Object)'> (0x000000070eb77300) 
thrown [../../src/hotspot/share/interpreter/linkResolver.cpp, line 766]
Event: 0.609 Thread 0x0000000117949800 Exception <a 'java/lang/IncompatibleClassChangeError'{0x000000070eb7b0e0}: Found class java.lang.Object, but interface was expected> (0x000000070eb7b0e0) 
thrown [../../src/hotspot/share/interpreter/linkResolver.cpp, line 833]
Event: 0.636 Thread 0x0000000117949800 Exception <a 'java/lang/NoSuchMethodError'{0x000000070e55f760}: 'java.lang.Object java.lang.invoke.DirectMethodHandle$Holder.newInvokeSpecial(java.lang.Object, java.lang.Object, int)'> (0x000000070e55f760) 
thrown [../../src/hotspot/share/interpreter/linkResolver.cpp, line 766]
Event: 0.665 Thread 0x000000012782a400 Exception <a 'java/lang/NoSuchMethodError'{0x000000070e2e5b80}: 'int java.lang.invoke.DirectMethodHandle$Holder.invokeStaticInit(java.lang.Object, java.lang.Object)'> (0x000000070e2e5b80) 
thrown [../../src/hotspot/share/interpreter/linkResolver.cpp, line 766]
Event: 0.674 Thread 0x0000000117949800 Exception <a 'java/lang/NoSuchMethodError'{0x000000070e234288}: 'long java.lang.invoke.DirectMethodHandle$Holder.invokeStatic(java.lang.Object, java.lang.Object, java.lang.Object)'> (0x000000070e234288) 
thrown [../../src/hotspot/share/interpreter/linkResolver.cpp, line 766]
Event: 0.675 Thread 0x0000000117949800 Exception <a 'java/lang/NoSuchMethodError'{0x000000070e237a30}: 'long java.lang.invoke.DirectMethodHandle$Holder.invokeStaticInit(java.lang.Object, java.lang.Object, java.lang.Object)'> (0x000000070e237a30) 
thrown [../../src/hotspot/share/interpreter/linkResolver.cpp, line 766]
Event: 0.675 Thread 0x0000000117949800 Exception <a 'java/lang/NoSuchMethodError'{0x000000070e24f638}: 'java.lang.Object java.lang.invoke.DirectMethodHandle$Holder.newInvokeSpecial(java.lang.Object, java.lang.Object, long)'> (0x000000070e24f638) 
thrown [../../src/hotspot/share/interpreter/linkResolver.cpp, line 766]
Event: 0.676 Thread 0x0000000117949800 Exception <a 'java/lang/NoSuchMethodError'{0x000000070e252f00}: 'java.lang.Object java.lang.invoke.Invokers$Holder.linkToTargetMethod(java.lang.Object, long, java.lang.Object)'> (0x000000070e252f00) 
thrown [../../src/hotspot/share/interpreter/linkResolver.cpp, line 766]

VM Operations (20 events):
Event: 0.179 Executing VM operation: ICBufferFull
Event: 0.179 Executing VM operation: ICBufferFull done
Event: 0.341 Executing VM operation: G1CollectForAllocation
Event: 0.343 Executing VM operation: G1CollectForAllocation done
Event: 0.455 Executing VM operation: HandshakeAllThreads
Event: 0.455 Executing VM operation: HandshakeAllThreads done
Event: 0.479 Executing VM operation: HandshakeAllThreads
Event: 0.479 Executing VM operation: HandshakeAllThreads done
Event: 0.493 Executing VM operation: ICBufferFull
Event: 0.494 Executing VM operation: ICBufferFull done
Event: 0.590 Executing VM operation: ICBufferFull
Event: 0.590 Executing VM operation: ICBufferFull done
Event: 0.720 Executing VM operation: CollectForMetadataAllocation
Event: 0.723 Executing VM operation: CollectForMetadataAllocation done
Event: 0.724 Executing VM operation: G1Concurrent
Event: 0.725 Executing VM operation: G1Concurrent done
Event: 0.725 Executing VM operation: G1Concurrent
Event: 0.725 Executing VM operation: G1Concurrent done
Event: 2.065 Executing VM operation: Cleanup
Event: 2.065 Executing VM operation: Cleanup done

Events (20 events):
Event: 1.182 loading class sun/util/resources/OpenListResourceBundle
Event: 1.182 loading class sun/util/resources/OpenListResourceBundle done
Event: 1.182 loading class sun/util/resources/TimeZoneNamesBundle done
Event: 1.182 loading class sun/util/resources/cldr/TimeZoneNames done
Event: 1.183 loading class sun/util/resources/Bundles$BundleReference
Event: 1.183 loading class sun/util/resources/Bundles$CacheKeyReference
Event: 1.183 loading class sun/util/resources/Bundles$CacheKeyReference done
Event: 1.183 loading class sun/util/resources/Bundles$BundleReference done
Event: 1.183 loading class sun/util/resources/cldr/TimeZoneNames_en
Event: 1.183 loading class sun/util/resources/cldr/TimeZoneNames_en done
Event: 1.183 loading class sun/util/resources/cldr/TimeZoneNames_en_US
Event: 1.183 loading class sun/util/resources/cldr/TimeZoneNames_en_US done
Event: 1.185 loading class sun/util/locale/provider/LocaleResources$ResourceReference
Event: 1.185 loading class sun/util/locale/provider/LocaleResources$ResourceReference done
Event: 1.269 loading class java/util/EnumMap$Values
Event: 1.269 loading class java/util/EnumMap$Values done
Event: 1.269 loading class java/util/EnumMap$ValueIterator
Event: 1.269 loading class java/util/EnumMap$EnumMapIterator
Event: 1.270 loading class java/util/EnumMap$EnumMapIterator done
Event: 1.270 loading class java/util/EnumMap$ValueIterator done


Dynamic libraries:
0x0000000104f14000 	/Library/Java/JavaVirtualMachines/temurin-17.jdk/Contents/Home/lib/libjli.dylib
0x000000019245d000 	/usr/lib/libz.1.dylib
0x0000000192514000 	/usr/lib/libSystem.B.dylib
0x000000019250e000 	/usr/lib/system/libcache.dylib
0x00000001924cc000 	/usr/lib/system/libcommonCrypto.dylib
0x00000001924f5000 	/usr/lib/system/libcompiler_rt.dylib
0x00000001924ec000 	/usr/lib/system/libcopyfile.dylib
0x0000000187733000 	/usr/lib/system/libcorecrypto.dylib
0x00000001877e8000 	/usr/lib/system/libdispatch.dylib
0x00000001879b6000 	/usr/lib/system/libdyld.dylib
0x0000000192504000 	/usr/lib/system/libkeymgr.dylib
0x00000001924a7000 	/usr/lib/system/libmacho.dylib
0x0000000191b97000 	/usr/lib/system/libquarantine.dylib
0x0000000192501000 	/usr/lib/system/libremovefile.dylib
0x000000018cb2e000 	/usr/lib/system/libsystem_asl.dylib
0x00000001876d5000 	/usr/lib/system/libsystem_blocks.dylib
0x0000000187870000 	/usr/lib/system/libsystem_c.dylib
0x00000001924f9000 	/usr/lib/system/libsystem_collections.dylib
0x000000019102c000 	/usr/lib/system/libsystem_configuration.dylib
0x0000000190286000 	/usr/lib/system/libsystem_containermanager.dylib
0x0000000192204000 	/usr/lib/system/libsystem_coreservices.dylib
0x000000018a0e7000 	/usr/lib/system/libsystem_darwin.dylib
0x0000000192505000 	/usr/lib/system/libsystem_dnssd.dylib
0x000000018786d000 	/usr/lib/system/libsystem_featureflags.dylib
0x00000001879cb000 	/usr/lib/system/libsystem_info.dylib
0x000000019246f000 	/usr/lib/system/libsystem_m.dylib
0x00000001877bd000 	/usr/lib/system/libsystem_malloc.dylib
0x000000018cabc000 	/usr/lib/system/libsystem_networkextension.dylib
0x000000018a540000 	/usr/lib/system/libsystem_notify.dylib
0x0000000198869000 	/usr/lib/system/libsystem_product_info_filter.dylib
0x0000000191031000 	/usr/lib/system/libsystem_sandbox.dylib
0x00000001924fe000 	/usr/lib/system/libsystem_secinit.dylib
0x0000000187971000 	/usr/lib/system/libsystem_kernel.dylib
0x00000001879c3000 	/usr/lib/system/libsystem_platform.dylib
0x00000001879a9000 	/usr/lib/system/libsystem_pthread.dylib
0x000000018e292000 	/usr/lib/system/libsystem_symptoms.dylib
0x0000000187719000 	/usr/lib/system/libsystem_trace.dylib
0x00000001924d9000 	/usr/lib/system/libunwind.dylib
0x00000001876d7000 	/usr/lib/system/libxpc.dylib
0x0000000187959000 	/usr/lib/libc++abi.dylib
0x000000018782f000 	/usr/lib/libobjc.A.dylib
0x00000001924e4000 	/usr/lib/liboah.dylib
0x00000001878f2000 	/usr/lib/libc++.1.dylib
0x000000019e397000 	/System/Library/Frameworks/Cocoa.framework/Versions/A/Cocoa
0x000000018a5a1000 	/System/Library/Frameworks/AppKit.framework/Versions/C/AppKit
0x000000018dab8000 	/System/Library/Frameworks/CoreData.framework/Versions/A/CoreData
0x00000001888fc000 	/System/Library/Frameworks/Foundation.framework/Versions/C/Foundation
0x000000018b45a000 	/System/Library/PrivateFrameworks/UIFoundation.framework/Versions/A/UIFoundation
0x0000000198563000 	/System/Library/PrivateFrameworks/RemoteViewServices.framework/Versions/A/RemoteViewServices
0x00000001909d4000 	/System/Library/PrivateFrameworks/XCTTargetBootstrap.framework/Versions/A/XCTTargetBootstrap
0x0000000194254000 	/System/Library/PrivateFrameworks/InternationalSupport.framework/Versions/A/InternationalSupport
0x00000001942dd000 	/System/Library/PrivateFrameworks/UserActivity.framework/Versions/A/UserActivity
0x000000019374b000 	/usr/lib/libspindump.dylib
0x000000018b6cb000 	/System/Library/Frameworks/UniformTypeIdentifiers.framework/Versions/A/UniformTypeIdentifiers
0x000000018ef1c000 	/usr/lib/libapp_launch_measurement.dylib
0x000000018e444000 	/System/Library/PrivateFrameworks/CoreAnalytics.framework/Versions/A/CoreAnalytics
0x000000018ef1f000 	/System/Library/PrivateFrameworks/CoreAutoLayout.framework/Versions/A/CoreAutoLayout
0x00000001902c3000 	/System/Library/Frameworks/Metal.framework/Versions/A/Metal
0x000000019103c000 	/usr/lib/liblangid.dylib
0x00000001909d9000 	/System/Library/PrivateFrameworks/CoreSVG.framework/Versions/A/CoreSVG
0x000000018cb62000 	/System/Library/PrivateFrameworks/SkyLight.framework/Versions/A/SkyLight
0x000000018cf3e000 	/System/Library/Frameworks/CoreGraphics.framework/Versions/A/CoreGraphics
0x0000000198c2f000 	/System/Library/Frameworks/Accelerate.framework/Versions/A/Accelerate
0x00000001931c2000 	/System/Library/PrivateFrameworks/IconServices.framework/Versions/A/IconServices
0x00000001902a5000 	/System/Library/Frameworks/IOSurface.framework/Versions/A/IOSurface
0x000000018e475000 	/usr/lib/libDiagnosticMessagesClient.dylib
0x000000019c134000 	/System/Library/Frameworks/ApplicationServices.framework/Versions/A/ApplicationServices
0x00000001909bc000 	/System/Library/PrivateFrameworks/DFRFoundation.framework/Versions/A/DFRFoundation
0x0000000189e31000 	/usr/lib/libicucore.A.dylib
0x0000000195102000 	/System/Library/Frameworks/AudioToolbox.framework/Versions/A/AudioToolbox
0x0000000194260000 	/System/Library/PrivateFrameworks/DataDetectorsCore.framework/Versions/A/DataDetectorsCore
0x00000001aac80000 	/System/Library/PrivateFrameworks/TextInput.framework/Versions/A/TextInput
0x000000018cad7000 	/usr/lib/libMobileGestalt.dylib
0x0000000190688000 	/System/Library/Frameworks/Carbon.framework/Versions/A/Frameworks/HIToolbox.framework/Versions/A/HIToolbox
0x000000018e8f5000 	/System/Library/Frameworks/QuartzCore.framework/Versions/A/QuartzCore
0x0000000189ab2000 	/System/Library/Frameworks/Security.framework/Versions/A/Security
0x00000001985a3000 	/System/Library/Frameworks/Carbon.framework/Versions/A/Frameworks/SpeechRecognition.framework/Versions/A/SpeechRecognition
0x000000018ec71000 	/System/Library/PrivateFrameworks/CoreUI.framework/Versions/A/CoreUI
0x000000018938e000 	/System/Library/Frameworks/CoreAudio.framework/Versions/A/CoreAudio
0x000000018e569000 	/System/Library/Frameworks/DiskArbitration.framework/Versions/A/DiskArbitration
0x0000000193b55000 	/System/Library/PrivateFrameworks/MultitouchSupport.framework/Versions/A/MultitouchSupport
0x000000018cad5000 	/usr/lib/libenergytrace.dylib
0x000000018a469000 	/System/Library/Frameworks/IOKit.framework/Versions/A/IOKit
0x0000000198992000 	/System/Library/Frameworks/CoreServices.framework/Versions/A/CoreServices
0x000000018eeac000 	/System/Library/PrivateFrameworks/PerformanceAnalysis.framework/Versions/A/PerformanceAnalysis
0x00000001e912b000 	/System/Library/Frameworks/OpenGL.framework/Versions/A/OpenGL
0x0000000191aaf000 	/System/Library/PrivateFrameworks/MobileKeyBag.framework/Versions/A/MobileKeyBag
0x000000018d54c000 	/System/Library/Frameworks/ColorSync.framework/Versions/A/ColorSync
0x00000001879f8000 	/System/Library/Frameworks/CoreFoundation.framework/Versions/A/CoreFoundation
0x0000000190c58000 	/System/Library/Frameworks/CoreImage.framework/Versions/A/CoreImage
0x00000001891b2000 	/System/Library/Frameworks/CoreText.framework/Versions/A/CoreText
0x0000000190a09000 	/System/Library/Frameworks/ImageIO.framework/Versions/A/ImageIO
0x000000019251a000 	/System/Library/PrivateFrameworks/SoftLinking.framework/Versions/A/SoftLinking
0x000000018ef6a000 	/usr/lib/libxml2.2.dylib
0x00000001927b3000 	/usr/lib/libcompression.dylib
0x00000001941b0000 	/System/Library/PrivateFrameworks/TextureIO.framework/Versions/A/TextureIO
0x0000000192edb000 	/usr/lib/libate.dylib
0x0000000192da0000 	/usr/lib/liblzma.5.dylib
0x00000001885ef000 	/System/Library/Frameworks/SystemConfiguration.framework/Versions/A/SystemConfiguration
0x0000000192516000 	/usr/lib/libfakelink.dylib
0x000000018c607000 	/System/Library/Frameworks/CFNetwork.framework/Versions/A/CFNetwork
0x000000019265c000 	/usr/lib/libarchive.2.dylib
0x0000000191038000 	/System/Library/PrivateFrameworks/AppleSystemInfo.framework/Versions/A/AppleSystemInfo
0x0000000191bc2000 	/usr/lib/libbsm.0.dylib
0x000000018bb74000 	/usr/lib/libnetwork.dylib
0x00000001924b0000 	/usr/lib/system/libkxld.dylib
0x00000001917dc000 	/System/Library/PrivateFrameworks/IOMobileFramebuffer.framework/Versions/A/IOMobileFramebuffer
0x0000000207515000 	/usr/lib/libCoreEntitlements.dylib
0x00000001921e6000 	/System/Library/PrivateFrameworks/AppleFSCompression.framework/Versions/A/AppleFSCompression
0x0000000191baa000 	/usr/lib/libcoretls.dylib
0x0000000192db9000 	/usr/lib/libcoretls_cfhelpers.dylib
0x00000001927ae000 	/usr/lib/libpam.2.dylib
0x000000018dea8000 	/usr/lib/libsqlite3.dylib
0x0000000192e22000 	/usr/lib/libxar.1.dylib
0x00000001921f7000 	/usr/lib/libbz2.1.0.dylib
0x000000019251b000 	/usr/lib/libpcap.A.dylib
0x000000018e289000 	/usr/lib/libdns_services.dylib
0x0000000192781000 	/usr/lib/libapple_nghttp2.dylib
0x0000000192558000 	/usr/lib/libiconv.2.dylib
0x00000001924a6000 	/usr/lib/libcharset.1.dylib
0x000000018eee8000 	/System/Library/Frameworks/CoreServices.framework/Versions/A/Frameworks/FSEvents.framework/Versions/A/FSEvents
0x000000018a0f2000 	/System/Library/Frameworks/CoreServices.framework/Versions/A/Frameworks/CarbonCore.framework/Versions/A/CarbonCore
0x000000018e4c9000 	/System/Library/Frameworks/CoreServices.framework/Versions/A/Frameworks/Metadata.framework/Versions/A/Metadata
0x000000019220a000 	/System/Library/Frameworks/CoreServices.framework/Versions/A/Frameworks/OSServices.framework/Versions/A/OSServices
0x00000001926e2000 	/System/Library/Frameworks/CoreServices.framework/Versions/A/Frameworks/SearchKit.framework/Versions/A/SearchKit
0x000000018e217000 	/System/Library/Frameworks/CoreServices.framework/Versions/A/Frameworks/AE.framework/Versions/A/AE
0x0000000187f3f000 	/System/Library/Frameworks/CoreServices.framework/Versions/A/Frameworks/LaunchServices.framework/Versions/A/LaunchServices
0x0000000192d49000 	/System/Library/Frameworks/CoreServices.framework/Versions/A/Frameworks/DictionaryServices.framework/Versions/A/DictionaryServices
0x000000018eef5000 	/System/Library/Frameworks/CoreServices.framework/Versions/A/Frameworks/SharedFileList.framework/Versions/A/SharedFileList
0x0000000191b9a000 	/usr/lib/libCheckFix.dylib
0x000000018cb46000 	/System/Library/PrivateFrameworks/TCC.framework/Versions/A/TCC
0x000000019103e000 	/System/Library/PrivateFrameworks/CoreNLP.framework/Versions/A/CoreNLP
0x000000018e478000 	/System/Library/PrivateFrameworks/MetadataUtilities.framework/Versions/A/MetadataUtilities
0x00000001886a9000 	/usr/lib/libmecabra.dylib
0x0000000191bd3000 	/usr/lib/libmecab.dylib
0x0000000188675000 	/usr/lib/libCRFSuite.dylib
0x0000000191c30000 	/usr/lib/libgermantok.dylib
0x000000019275a000 	/usr/lib/libThaiTokenizer.dylib
0x000000018e571000 	/System/Library/Frameworks/Accelerate.framework/Versions/A/Frameworks/vImage.framework/Versions/A/vImage
0x0000000198969000 	/System/Library/Frameworks/Accelerate.framework/Versions/A/Frameworks/vecLib.framework/Versions/A/vecLib
0x0000000192e67000 	/System/Library/Frameworks/Accelerate.framework/Versions/A/Frameworks/vecLib.framework/Versions/A/libvMisc.dylib
0x00000001916e3000 	/System/Library/Frameworks/Accelerate.framework/Versions/A/Frameworks/vecLib.framework/Versions/A/libvDSP.dylib
0x00000001882ca000 	/System/Library/Frameworks/Accelerate.framework/Versions/A/Frameworks/vecLib.framework/Versions/A/libBLAS.dylib
0x0000000192884000 	/System/Library/Frameworks/Accelerate.framework/Versions/A/Frameworks/vecLib.framework/Versions/A/libLAPACK.dylib
0x0000000191c33000 	/System/Library/Frameworks/Accelerate.framework/Versions/A/Frameworks/vecLib.framework/Versions/A/libLinearAlgebra.dylib
0x0000000192799000 	/System/Library/Frameworks/Accelerate.framework/Versions/A/Frameworks/vecLib.framework/Versions/A/libSparseBLAS.dylib
0x000000019287f000 	/System/Library/Frameworks/Accelerate.framework/Versions/A/Frameworks/vecLib.framework/Versions/A/libQuadrature.dylib
0x0000000191137000 	/System/Library/Frameworks/Accelerate.framework/Versions/A/Frameworks/vecLib.framework/Versions/A/libBNNS.dylib
0x0000000188588000 	/System/Library/Frameworks/Accelerate.framework/Versions/A/Frameworks/vecLib.framework/Versions/A/libSparse.dylib
0x000000019112f000 	/System/Library/PrivateFrameworks/LinguisticData.framework/Versions/A/LinguisticData
0x0000000188540000 	/System/Library/PrivateFrameworks/Lexicon.framework/Versions/A/Lexicon
0x0000000192e5f000 	/usr/lib/libChineseTokenizer.dylib
0x0000000188cee000 	/System/Library/PrivateFrameworks/LanguageModeling.framework/Versions/A/LanguageModeling
0x000000019275c000 	/System/Library/PrivateFrameworks/AppleSauce.framework/Versions/A/AppleSauce
0x00000001917c9000 	/System/Library/PrivateFrameworks/CoreEmoji.framework/Versions/A/CoreEmoji
0x000000019264a000 	/usr/lib/libcmph.dylib
0x000000018eec8000 	/System/Library/Frameworks/OpenDirectory.framework/Versions/A/Frameworks/CFOpenDirectory.framework/Versions/A/CFOpenDirectory
0x000000018eeb8000 	/System/Library/Frameworks/OpenDirectory.framework/Versions/A/OpenDirectory
0x0000000192dbb000 	/System/Library/PrivateFrameworks/APFS.framework/Versions/A/APFS
0x0000000191aea000 	/System/Library/Frameworks/SecurityFoundation.framework/Versions/A/SecurityFoundation
0x0000000192e31000 	/usr/lib/libutil.dylib
0x000000018a42b000 	/System/Library/PrivateFrameworks/CoreServicesStore.framework/Versions/A/CoreServicesStore
0x0000000192e35000 	/usr/lib/libxslt.1.dylib
0x0000000191b7e000 	/System/Library/PrivateFrameworks/BackgroundTaskManagement.framework/Versions/A/BackgroundTaskManagement
0x00000001940d1000 	/System/Library/Frameworks/ImageIO.framework/Versions/A/Resources/libRadiance.dylib
0x00000001940da000 	/System/Library/Frameworks/ImageIO.framework/Versions/A/Resources/libJPEG.dylib
0x000000019402d000 	/System/Library/Frameworks/ImageIO.framework/Versions/A/Resources/libPng.dylib
0x000000019404f000 	/System/Library/Frameworks/ImageIO.framework/Versions/A/Resources/libTIFF.dylib
0x0000000194135000 	/System/Library/Frameworks/ImageIO.framework/Versions/A/Resources/libGIF.dylib
0x0000000193a65000 	/System/Library/Frameworks/ImageIO.framework/Versions/A/Resources/libJP2.dylib
0x0000000193187000 	/usr/lib/libexpat.1.dylib
0x0000000193a20000 	/System/Library/PrivateFrameworks/AppleJPEG.framework/Versions/A/AppleJPEG
0x0000000190544000 	/System/Library/PrivateFrameworks/FontServices.framework/libFontParser.dylib
0x000000018e1bc000 	/System/Library/PrivateFrameworks/RunningBoardServices.framework/Versions/A/RunningBoardServices
0x000000019ea6e000 	/System/Library/PrivateFrameworks/IOSurfaceAccelerator.framework/Versions/A/IOSurfaceAccelerator
0x0000000193b51000 	/System/Library/PrivateFrameworks/WatchdogClient.framework/Versions/A/WatchdogClient
0x0000000188dee000 	/System/Library/Frameworks/CoreDisplay.framework/Versions/A/CoreDisplay
0x000000019042e000 	/System/Library/Frameworks/CoreMedia.framework/Versions/A/CoreMedia
0x00000001902b9000 	/System/Library/PrivateFrameworks/IOAccelerator.framework/Versions/A/IOAccelerator
0x000000018f058000 	/System/Library/Frameworks/CoreVideo.framework/Versions/A/CoreVideo
0x00000001927ac000 	/System/Library/Frameworks/MetalPerformanceShaders.framework/Versions/A/MetalPerformanceShaders
0x0000000193b90000 	/System/Library/Frameworks/VideoToolbox.framework/Versions/A/VideoToolbox
0x000000018e100000 	/System/Library/PrivateFrameworks/BaseBoard.framework/Versions/A/BaseBoard
0x000000018de8e000 	/System/Library/PrivateFrameworks/ProtocolBuffer.framework/Versions/A/ProtocolBuffer
0x00000001940cc000 	/System/Library/PrivateFrameworks/GPUWrangler.framework/Versions/A/GPUWrangler
0x00000001940ac000 	/System/Library/PrivateFrameworks/IOPresentment.framework/Versions/A/IOPresentment
0x00000001940d4000 	/System/Library/PrivateFrameworks/DSExternalDisplay.framework/Versions/A/DSExternalDisplay
0x00000001e911e000 	/System/Library/Frameworks/OpenGL.framework/Versions/A/Libraries/libCoreFSCache.dylib
0x00000001f3fe8000 	/System/Library/PrivateFrameworks/GPUCompiler.framework/Versions/31001/Libraries/libGPUCompilerUtils.dylib
0x000000019413a000 	/System/Library/PrivateFrameworks/CMCaptureCore.framework/Versions/A/CMCaptureCore
0x0000000193738000 	/System/Library/PrivateFrameworks/AppServerSupport.framework/Versions/A/AppServerSupport
0x00000001959c0000 	/System/Library/PrivateFrameworks/perfdata.framework/Versions/A/perfdata
0x0000000188f0e000 	/System/Library/PrivateFrameworks/AudioToolboxCore.framework/Versions/A/AudioToolboxCore
0x0000000190407000 	/System/Library/PrivateFrameworks/caulk.framework/Versions/A/caulk
0x00000001952b5000 	/usr/lib/libAudioStatistics.dylib
0x00000001a72d3000 	/System/Library/PrivateFrameworks/SystemPolicy.framework/Versions/A/SystemPolicy
0x0000000195521000 	/usr/lib/libSMC.dylib
0x000000019e275000 	/System/Library/Frameworks/CoreMIDI.framework/Versions/A/CoreMIDI
0x0000000193ffb000 	/usr/lib/libAudioToolboxUtility.dylib
0x00000001a3436000 	/System/Library/PrivateFrameworks/OSAServicesClient.framework/Versions/A/OSAServicesClient
0x00000001959cd000 	/usr/lib/libperfcheck.dylib
0x00000001a7df2000 	/usr/lib/libmis.dylib
0x00000001e9180000 	/System/Library/Frameworks/OpenGL.framework/Versions/A/Libraries/libGLU.dylib
0x00000001e913f000 	/System/Library/Frameworks/OpenGL.framework/Versions/A/Libraries/libGFXShared.dylib
0x00000001e932c000 	/System/Library/Frameworks/OpenGL.framework/Versions/A/Libraries/libGL.dylib
0x00000001e9148000 	/System/Library/Frameworks/OpenGL.framework/Versions/A/Libraries/libGLImage.dylib
0x00000001e913c000 	/System/Library/Frameworks/OpenGL.framework/Versions/A/Libraries/libCVMSPluginSupport.dylib
0x00000001e9125000 	/System/Library/Frameworks/OpenGL.framework/Versions/A/Libraries/libCoreVMClient.dylib
0x0000000190fb8000 	/System/Library/Frameworks/MetalPerformanceShaders.framework/Versions/A/Frameworks/MPSCore.framework/Versions/A/MPSCore
0x0000000192159000 	/System/Library/Frameworks/MetalPerformanceShaders.framework/Versions/A/Frameworks/MPSImage.framework/Versions/A/MPSImage
0x0000000191c48000 	/System/Library/Frameworks/MetalPerformanceShaders.framework/Versions/A/Frameworks/MPSNeuralNetwork.framework/Versions/A/MPSNeuralNetwork
0x0000000192081000 	/System/Library/Frameworks/MetalPerformanceShaders.framework/Versions/A/Frameworks/MPSMatrix.framework/Versions/A/MPSMatrix
0x0000000191e5a000 	/System/Library/Frameworks/MetalPerformanceShaders.framework/Versions/A/Frameworks/MPSRayIntersector.framework/Versions/A/MPSRayIntersector
0x00000001920b2000 	/System/Library/Frameworks/MetalPerformanceShaders.framework/Versions/A/Frameworks/MPSNDArray.framework/Versions/A/MPSNDArray
0x00000001ebc27000 	/System/Library/Frameworks/MetalPerformanceShaders.framework/Versions/A/Frameworks/MPSFunctions.framework/Versions/A/MPSFunctions
0x00000001881a0000 	/System/Library/PrivateFrameworks/MetalTools.framework/Versions/A/MetalTools
0x0000000191036000 	/System/Library/PrivateFrameworks/AggregateDictionary.framework/Versions/A/AggregateDictionary
0x0000000192f6c000 	/usr/lib/libIOReport.dylib
0x000000019d28e000 	/System/Library/PrivateFrameworks/ASEProcessing.framework/Versions/A/ASEProcessing
0x00000001932e1000 	/System/Library/PrivateFrameworks/FaceCore.framework/Versions/A/FaceCore
0x00000001932d3000 	/System/Library/PrivateFrameworks/GraphVisualizer.framework/Versions/A/GraphVisualizer
0x00000001f3eff000 	/System/Library/PrivateFrameworks/FontServices.framework/Versions/A/FontServices
0x00000001936f4000 	/System/Library/PrivateFrameworks/OTSVG.framework/Versions/A/OTSVG
0x000000018ec21000 	/System/Library/Frameworks/ApplicationServices.framework/Versions/A/Frameworks/ATS.framework/Versions/A/Resources/libFontRegistry.dylib
0x0000000193741000 	/System/Library/PrivateFrameworks/FontServices.framework/libhvf.dylib
0x00000001f3f00000 	/System/Library/PrivateFrameworks/FontServices.framework/libXTFontStaticRegistryData.dylib
0x00000001e94cd000 	/System/Library/Frameworks/OpenCL.framework/Versions/A/OpenCL
0x000000019313b000 	/System/Library/PrivateFrameworks/AppleVA.framework/Versions/A/AppleVA
0x00000001952dd000 	/System/Library/Frameworks/ApplicationServices.framework/Versions/A/Frameworks/ATS.framework/Versions/A/ATS
0x000000018d64b000 	/System/Library/Frameworks/ApplicationServices.framework/Versions/A/Frameworks/HIServices.framework/Versions/A/HIServices
0x0000000194144000 	/System/Library/Frameworks/ApplicationServices.framework/Versions/A/Frameworks/PrintCore.framework/Versions/A/PrintCore
0x0000000195674000 	/System/Library/Frameworks/ApplicationServices.framework/Versions/A/Frameworks/QD.framework/Versions/A/QD
0x000000019566c000 	/System/Library/Frameworks/ApplicationServices.framework/Versions/A/Frameworks/ColorSyncLegacy.framework/Versions/A/ColorSyncLegacy
0x00000001952c9000 	/System/Library/Frameworks/ApplicationServices.framework/Versions/A/Frameworks/SpeechSynthesis.framework/Versions/A/SpeechSynthesis
0x0000000194105000 	/System/Library/Frameworks/ApplicationServices.framework/Versions/A/Frameworks/ATSUI.framework/Versions/A/ATSUI
0x0000000195601000 	/usr/lib/libcups.2.dylib
0x00000001959db000 	/System/Library/Frameworks/Kerberos.framework/Versions/A/Kerberos
0x00000001959ec000 	/System/Library/Frameworks/GSS.framework/Versions/A/GSS
0x000000019534d000 	/usr/lib/libresolv.9.dylib
0x0000000193750000 	/System/Library/PrivateFrameworks/Heimdal.framework/Versions/A/Heimdal
0x000000019c4c4000 	/System/Library/Frameworks/Kerberos.framework/Versions/A/Libraries/libHeimdalProxy.dylib
0x000000018e29b000 	/System/Library/Frameworks/Network.framework/Versions/A/Network
0x00000001931a2000 	/usr/lib/libheimdal-asn1.dylib
0x0000000195a3c000 	/System/Library/PrivateFrameworks/CommonAuth.framework/Versions/A/CommonAuth
0x0000000195243000 	/System/Library/PrivateFrameworks/AudioSession.framework/Versions/A/AudioSession
0x0000000193234000 	/System/Library/PrivateFrameworks/MediaExperience.framework/Versions/A/MediaExperience
0x00000001950c8000 	/System/Library/PrivateFrameworks/AudioSession.framework/libSessionUtility.dylib
0x0000000195680000 	/System/Library/PrivateFrameworks/AudioResourceArbitration.framework/Versions/A/AudioResourceArbitration
0x0000000199846000 	/System/Library/PrivateFrameworks/PowerLog.framework/Versions/A/PowerLog
0x00000001931ac000 	/System/Library/PrivateFrameworks/IconFoundation.framework/Versions/A/IconFoundation
0x000000019858f000 	/System/Library/PrivateFrameworks/SpeechRecognitionCore.framework/Versions/A/SpeechRecognitionCore
0x0000000105f50000 	/Library/Java/JavaVirtualMachines/temurin-17.jdk/Contents/Home/lib/server/libjvm.dylib
0x0000000104f68000 	/Library/Java/JavaVirtualMachines/temurin-17.jdk/Contents/Home/lib/libjimage.dylib
0x0000000104f94000 	/Library/Java/JavaVirtualMachines/temurin-17.jdk/Contents/Home/lib/libinstrument.dylib
0x0000000104fe0000 	/Library/Java/JavaVirtualMachines/temurin-17.jdk/Contents/Home/lib/libjava.dylib
0x00000001050bc000 	/Library/Java/JavaVirtualMachines/temurin-17.jdk/Contents/Home/lib/libnio.dylib
0x00000001050dc000 	/Library/Java/JavaVirtualMachines/temurin-17.jdk/Contents/Home/lib/libnet.dylib
0x0000000104fc8000 	/Library/Java/JavaVirtualMachines/temurin-17.jdk/Contents/Home/lib/libzip.dylib
0x0000000105cd8000 	/Users/sam/.openjfx/cache/17.0.1/libprism_es2.dylib
0x000000018a3ee000 	/System/Library/PrivateFrameworks/CoreServicesInternal.framework/Versions/A/CoreServicesInternal
0x00000001e9336000 	/System/Library/Frameworks/OpenGL.framework/Versions/A/Resources/GLEngine.bundle/GLEngine
0x00000001e91be000 	/System/Library/Frameworks/OpenGL.framework/Versions/A/Libraries/libGLProgrammability.dylib
0x000000010ecc0000 	/System/Library/Extensions/AppleMetalOpenGLRenderer.bundle/Contents/MacOS/AppleMetalOpenGLRenderer
0x00000001e94a5000 	/System/Library/Frameworks/OpenGL.framework/Versions/A/Resources/GLRendererFloat.bundle/GLRendererFloat
0x00000001e95a5000 	/System/Library/Extensions/AGXMetal13_3.bundle/Contents/MacOS/AGXMetal13_3
0x00000001a7e0e000 	/System/Library/PrivateFrameworks/GPURawCounter.framework/Versions/A/GPURawCounter
0x00000001a259f000 	/System/Library/PrivateFrameworks/IOGPU.framework/Versions/A/IOGPU
0x000000010eed8000 	/Users/sam/.openjfx/cache/17.0.1/libglass.dylib
0x0000000199a9e000 	/System/Library/Frameworks/FileProvider.framework/Versions/A/FileProvider
0x000000018e068000 	/System/Library/Frameworks/Accounts.framework/Versions/A/Accounts
0x0000000199c22000 	/System/Library/PrivateFrameworks/GenerationalStorage.framework/Versions/A/GenerationalStorage
0x000000019a7e5000 	/System/Library/PrivateFrameworks/CoreSymbolication.framework/Versions/A/CoreSymbolication
0x000000019983a000 	/System/Library/PrivateFrameworks/SymptomDiagnosticReporter.framework/Versions/A/SymptomDiagnosticReporter
0x000000018b6df000 	/System/Library/PrivateFrameworks/DesktopServicesPriv.framework/Versions/A/DesktopServicesPriv
0x000000018a550000 	/usr/lib/libsandbox.1.dylib
0x000000018f0e6000 	/System/Library/PrivateFrameworks/UserManagement.framework/Versions/A/UserManagement
0x000000019a7a2000 	/System/Library/PrivateFrameworks/DebugSymbols.framework/Versions/A/DebugSymbols
0x000000019565f000 	/System/Library/PrivateFrameworks/NetAuth.framework/Versions/A/NetAuth
0x0000000196580000 	/System/Library/PrivateFrameworks/Sharing.framework/Versions/A/Sharing
0x000000018f0b6000 	/System/Library/PrivateFrameworks/login.framework/Versions/A/Frameworks/loginsupport.framework/Versions/A/loginsupport
0x000000019b9d9000 	/System/Library/PrivateFrameworks/Apple80211.framework/Versions/A/Apple80211
0x000000019223d000 	/System/Library/PrivateFrameworks/AuthKit.framework/Versions/A/AuthKit
0x00000001918c5000 	/System/Library/PrivateFrameworks/CoreUtils.framework/Versions/A/CoreUtils
0x00000001917e8000 	/System/Library/Frameworks/CoreWLAN.framework/Versions/A/CoreWLAN
0x00000001966f0000 	/System/Library/Frameworks/IOBluetooth.framework/Versions/A/IOBluetooth
0x000000019ba39000 	/System/Library/PrivateFrameworks/CoreWiFi.framework/Versions/A/CoreWiFi
0x000000019a382000 	/System/Library/PrivateFrameworks/FrontBoardServices.framework/Versions/A/FrontBoardServices
0x000000019a41a000 	/System/Library/PrivateFrameworks/BoardServices.framework/Versions/A/BoardServices
0x0000000191ad8000 	/System/Library/PrivateFrameworks/AssertionServices.framework/Versions/A/AssertionServices
0x000000019bbb6000 	/System/Library/PrivateFrameworks/BackBoardServices.framework/Versions/A/BackBoardServices
0x0000000195ad3000 	/System/Library/PrivateFrameworks/CorePhoneNumbers.framework/Versions/A/CorePhoneNumbers
0x000000019537a000 	/System/Library/PrivateFrameworks/MultiverseSupport.framework/Versions/A/MultiverseSupport
0x000000019be37000 	/System/Library/PrivateFrameworks/RemoteServiceDiscovery.framework/Versions/A/RemoteServiceDiscovery
0x000000019996a000 	/System/Library/PrivateFrameworks/DiskManagement.framework/Versions/A/DiskManagement
0x000000019986d000 	/System/Library/PrivateFrameworks/AppleIDAuthSupport.framework/Versions/A/AppleIDAuthSupport
0x00000001ee464000 	/System/Library/PrivateFrameworks/AAAFoundation.framework/Versions/A/AAAFoundation
0x0000000195ab2000 	/System/Library/PrivateFrameworks/KeychainCircle.framework/Versions/A/KeychainCircle
0x000000019be47000 	/System/Library/PrivateFrameworks/RemoteXPC.framework/Versions/A/RemoteXPC
0x0000000199936000 	/System/Library/PrivateFrameworks/MediaKit.framework/Versions/A/MediaKit
0x000000019987a000 	/System/Library/Frameworks/DiscRecording.framework/Versions/A/DiscRecording
0x00000001930b7000 	/usr/lib/libCoreStorage.dylib
0x000000019beb3000 	/usr/lib/libcsfde.dylib
0x00000001967c5000 	/System/Library/PrivateFrameworks/ProtectedCloudStorage.framework/Versions/A/ProtectedCloudStorage
0x000000019beab000 	/System/Library/PrivateFrameworks/EFILogin.framework/Versions/A/EFILogin
0x0000000199c49000 	/System/Library/PrivateFrameworks/OctagonTrust.framework/Versions/A/OctagonTrust
0x00000001f3086000 	/System/Library/PrivateFrameworks/CoreUtilsExtras.framework/Versions/A/CoreUtilsExtras
0x000000019979f000 	/System/Library/Frameworks/CoreBluetooth.framework/Versions/A/CoreBluetooth
0x000000019c549000 	/System/Library/Frameworks/AudioUnit.framework/Versions/A/AudioUnit
0x00000001930af000 	/usr/lib/libMatch.1.dylib
0x00000001ac2f6000 	/System/Library/Frameworks/Accelerate.framework/Versions/A/Frameworks/vImage.framework/Versions/A/Libraries/libCGInterfaces.dylib
0x00000001175ec000 	/usr/lib/libobjc-trampolines.dylib
0x000000018edb0000 	/System/Library/PrivateFrameworks/ViewBridge.framework/Versions/A/ViewBridge
0x00000001eeb18000 	/System/Library/PrivateFrameworks/AccessibilityBundles.framework/Versions/A/AccessibilityBundles
0x0000000193813000 	/System/Library/PrivateFrameworks/login.framework/Versions/A/login
0x000000012d2b0000 	/Users/sam/.openjfx/cache/17.0.1/libjavafx_font.dylib
0x0000000207672000 	/usr/lib/libRosetta.dylib


VM Arguments:
jvm_args: -javaagent:/Applications/IntelliJ IDEA CE.app/Contents/lib/idea_rt.jar=49513:/Applications/IntelliJ IDEA CE.app/Contents/bin -Dfile.encoding=UTF-8 --module-path=/Users/sam/.m2/repository/org/openjfx/javafx-graphics/17.0.1/javafx-graphics-17.0.1-mac-aarch64.jar:/Users/sam/.m2/repository/org/openjfx/javafx-controls/17.0.1/javafx-controls-17.0.1-mac-aarch64.jar:/Users/sam/.m2/repository/org/openjfx/javafx-fxml/17.0.1/javafx-fxml-17.0.1-mac-aarch64.jar:/Users/sam/.m2/repository/org/openjfx/javafx-base/17.0.1/javafx-base-17.0.1-mac-aarch64.jar:/Users/sam/WGU/software_2/scheduler/target/classes -Djdk.module.main=dev.sam.scheduler 
java_command: dev.sam.scheduler/dev.sam.scheduler.App
java_class_path (initial): /Users/sam/.m2/repository/org/openjfx/javafx-controls/17.0.1/javafx-controls-17.0.1.jar:/Users/sam/.m2/repository/org/openjfx/javafx-graphics/17.0.1/javafx-graphics-17.0.1.jar:/Users/sam/.m2/repository/org/openjfx/javafx-base/17.0.1/javafx-base-17.0.1.jar:/Users/sam/.m2/repository/org/openjfx/javafx-fxml/17.0.1/javafx-fxml-17.0.1.jar
Launcher Type: SUN_STANDARD

[Global flags]
     intx CICompilerCount                          = 4                                         {product} {ergonomic}
     uint ConcGCThreads                            = 2                                         {product} {ergonomic}
     uint G1ConcRefinementThreads                  = 8                                         {product} {ergonomic}
   size_t G1HeapRegionSize                         = 2097152                                   {product} {ergonomic}
    uintx GCDrainStackTargetSize                   = 64                                        {product} {ergonomic}
   size_t InitialHeapSize                          = 268435456                                 {product} {ergonomic}
   size_t MarkStackSize                            = 4194304                                   {product} {ergonomic}
   size_t MaxHeapSize                              = 4294967296                                {product} {ergonomic}
   size_t MaxNewSize                               = 2575302656                                {product} {ergonomic}
   size_t MinHeapDeltaBytes                        = 2097152                                   {product} {ergonomic}
   size_t MinHeapSize                              = 8388608                                   {product} {ergonomic}
    uintx NonNMethodCodeHeapSize                   = 5839564                                {pd product} {ergonomic}
    uintx NonProfiledCodeHeapSize                  = 122909338                              {pd product} {ergonomic}
    uintx ProfiledCodeHeapSize                     = 122909338                              {pd product} {ergonomic}
    uintx ReservedCodeCacheSize                    = 251658240                              {pd product} {ergonomic}
     bool SegmentedCodeCache                       = true                                      {product} {ergonomic}
   size_t SoftMaxHeapSize                          = 4294967296                             {manageable} {ergonomic}
     bool UseCompressedClassPointers               = true                           {product lp64_product} {ergonomic}
     bool UseCompressedOops                        = true                           {product lp64_product} {ergonomic}
     bool UseG1GC                                  = true                                      {product} {ergonomic}
     bool UseNUMA                                  = false                                     {product} {ergonomic}
     bool UseNUMAInterleaving                      = false                                     {product} {ergonomic}

Logging:
Log output configuration:
 #0: stdout all=warning uptime,level,tags
 #1: stderr all=off uptime,level,tags

Environment Variables:
JAVA_HOME=/Library/Java/JavaVirtualMachines/temurin-17.jdk/Contents/Home/
PATH=/Users/sam/.nvm/versions/node/v18.3.0/bin:/opt/local/bin:/opt/local/sbin:/Library/Frameworks/Python.framework/Versions/2.7/bin:/Users/sam/.cargo/bin:/opt/homebrew/bin:/opt/homebrew/sbin:/opt/homebrew/Cellar/openjdk/18.0.1.1/bin:/usr/local/bin:/bin:/usr/bin:/usr/sbin:/sbin:/opt/local/bin:/opt/local/sbin:/Library/Frameworks/Python.framework/Versions/2.7/bin:/Applications/Little Snitch.app/Contents/Components:/Applications/kitty.app/Contents/MacOS:/Library/Apple/usr/bin:/usr/local/texlive/2022/bin/universal-darwin::/Users/sam/.fig/bin:/Users/sam/.local/bin
SHELL=/bin/zsh
LC_CTYPE=en_US.UTF-8

Signal Handlers:
   SIGSEGV: _ZL13crash_handleriP9__siginfoPv in libjvm.dylib, mask=11100110000111110111111111111111, flags=SA_RESTART|SA_SIGINFO
    SIGBUS: _ZL13crash_handleriP9__siginfoPv in libjvm.dylib, mask=11100110000111110111111111111111, flags=SA_RESTART|SA_SIGINFO
    SIGFPE: _ZL13crash_handleriP9__siginfoPv in libjvm.dylib, mask=11100110000111110111111111111111, flags=SA_RESTART|SA_SIGINFO
   SIGPIPE: _ZL17javaSignalHandleriP9__siginfoPv in libjvm.dylib, mask=11100110000111110111111111111111, flags=SA_RESTART|SA_SIGINFO
   SIGXFSZ: _ZL17javaSignalHandleriP9__siginfoPv in libjvm.dylib, mask=11100110000111110111111111111111, flags=SA_RESTART|SA_SIGINFO
    SIGILL: _ZL13crash_handleriP9__siginfoPv in libjvm.dylib, mask=11100110000111110111111111111111, flags=SA_RESTART|SA_SIGINFO
   SIGUSR2: _ZL10SR_handleriP9__siginfoP17__darwin_ucontext in libjvm.dylib, mask=00100000000000000000000000000000, flags=SA_RESTART|SA_SIGINFO
    SIGHUP: _ZL11UserHandleriPvS_ in libjvm.dylib, mask=11100110000111110111111111111111, flags=SA_RESTART|SA_SIGINFO
    SIGINT: _ZL11UserHandleriPvS_ in libjvm.dylib, mask=11100110000111110111111111111111, flags=SA_RESTART|SA_SIGINFO
   SIGTERM: _ZL11UserHandleriPvS_ in libjvm.dylib, mask=11100110000111110111111111111111, flags=SA_RESTART|SA_SIGINFO
   SIGQUIT: _ZL11UserHandleriPvS_ in libjvm.dylib, mask=11100110000111110111111111111111, flags=SA_RESTART|SA_SIGINFO
   SIGTRAP: _ZL13crash_handleriP9__siginfoPv in libjvm.dylib, mask=11100110000111110111111111111111, flags=SA_RESTART|SA_SIGINFO


---------------  S Y S T E M  ---------------

OS:
uname: Darwin 21.6.0 Darwin Kernel Version 21.6.0: Wed Aug 10 14:28:35 PDT 2022; root:xnu-8020.141.5~2/RELEASE_ARM64_T8101 arm64
OS uptime: 4 days 7:43 hours
rlimit (soft/hard): STACK 8176k/65520k , CORE 0k/infinity , NPROC 2666/4000 , NOFILE 10240/infinity , AS infinity/infinity , CPU infinity/infinity , DATA infinity/infinity , FSIZE infinity/infinity , MEMLOCK infinity/infinity , RSS infinity/infinity
load average: 3.15 2.54 2.27

CPU: total 8 (initial active 8) 0x61:0x0:0x1b588bb3:0, fp, simd, crc, lse

Memory: 16k page, physical 16777216k(83248k free), swap 1048576k(816704k free)

vm_info: OpenJDK 64-Bit Server VM (17.0.2+8) for bsd-aarch64 JRE (17.0.2+8), built on Jan 20 2022 10:58:36 by "jenkins" with clang Apple LLVM 12.0.0 (clang-1200.0.32.29)

END.
