#
# A fatal error has been detected by the Java Runtime Environment:
#
#  SIGBUS (0xa) at pc=0x000000010dfa94f0, pid=31650, tid=35851
#
# JRE version: OpenJDK Runtime Environment (18.0.1.1+2) (build 18.0.1.1+2-6)
# Java VM: OpenJDK 64-Bit Server VM (18.0.1.1+2-6, mixed mode, sharing, tiered, compressed oops, compressed class ptrs, g1 gc, bsd-aarch64)
# Problematic frame:
# v  ~StubRoutines::SafeFetchN
#
# No core dump will be written. Core dumps have been disabled. To enable core dumping, try "ulimit -c unlimited" before starting Java again
#
# If you would like to submit a bug report, please visit:
#   https://bugreport.java.com/bugreport/crash.jsp
# The crash happened outside the Java Virtual Machine in native code.
# See problematic frame for where to report the bug.
#

---------------  S U M M A R Y ------------

Command Line: -javaagent:/Applications/IntelliJ IDEA CE.app/Contents/lib/idea_rt.jar=49436:/Applications/IntelliJ IDEA CE.app/Contents/bin -Dfile.encoding=UTF-8 --module-path=/Users/sam/.m2/repository/org/openjfx/javafx-graphics/17.0.1/javafx-graphics-17.0.1-mac-aarch64.jar:/Users/sam/.m2/repository/org/openjfx/javafx-controls/17.0.1/javafx-controls-17.0.1-mac-aarch64.jar:/Users/sam/.m2/repository/org/openjfx/javafx-fxml/17.0.1/javafx-fxml-17.0.1-mac-aarch64.jar:/Users/sam/.m2/repository/org/openjfx/javafx-base/17.0.1/javafx-base-17.0.1-mac-aarch64.jar:/Users/sam/WGU/software_2/scheduler/target/classes -Djdk.module.main=dev.sam.scheduler dev.sam.scheduler/dev.sam.scheduler.App

Host: "MacBookPro17,1" arm64, 8 cores, 16G, Darwin 21.6.0, macOS 12.5.1 (21G83)
Time: Sun Aug 28 14:32:35 2022 CST elapsed time: 2.033774 seconds (0d 0h 0m 2s)

---------------  T H R E A D  ---------------

Current thread (0x000000014a95de00):  JavaThread "InvokeLaterDispatcher" daemon [_thread_in_native, id=35851, stack(0x000000016e398000,0x000000016e59b000)]

Stack: [0x000000016e398000,0x000000016e59b000],  sp=0x000000016e59a7a0,  free space=2057k
Native frames: (J=compiled Java code, j=interpreted, Vv=VM code, C=native code)
v  ~StubRoutines::SafeFetchN
V  [libjvm.dylib+0x7cdaa0]  _ZN10OopStorage7releaseEPKP7oopDesc+0x20
V  [libjvm.dylib+0x4f47ec]  jni_DeleteGlobalRef+0xd4
C  [libglass.dylib+0xab08]  -[GlassRunnable dealloc]+0x34
C  [Foundation+0x852e8]  -[_NSThreadPerformInfo dealloc]+0x30
C  [Foundation+0x5187c]  -[NSObject(NSThreadPerformAdditions) performSelectorOnMainThread:withObject:waitUntilDone:]+0x88
C  0x307780010dfb18ac
j  com.sun.glass.ui.mac.MacApplication.submitForLaterInvocation(Ljava/lang/Runnable;)V+2 javafx.graphics
j  com.sun.glass.ui.InvokeLaterDispatcher.run()V+82 javafx.graphics
v  ~StubRoutines::call_stub
V  [libjvm.dylib+0x49bbf8]  _ZN9JavaCalls11call_helperEP9JavaValueRK12methodHandleP17JavaCallArgumentsP10JavaThread+0x38c
V  [libjvm.dylib+0x49ac14]  _ZN9JavaCalls12call_virtualEP9JavaValueP5KlassP6SymbolS5_P17JavaCallArgumentsP10JavaThread+0x11c
V  [libjvm.dylib+0x49ace0]  _ZN9JavaCalls12call_virtualEP9JavaValue6HandleP5KlassP6SymbolS6_P10JavaThread+0x64
V  [libjvm.dylib+0x54e810]  _ZL12thread_entryP10JavaThreadS0_+0x9c
V  [libjvm.dylib+0x918b10]  _ZN10JavaThread17thread_main_innerEv+0xa8
V  [libjvm.dylib+0x9174a0]  _ZN6Thread8call_runEv+0xe0
V  [libjvm.dylib+0x7d4284]  _ZL19thread_native_entryP6Thread+0x158
C  [libsystem_pthread.dylib+0x726c]  _pthread_start+0x94

Java frames: (J=compiled Java code, j=interpreted, Vv=VM code)
j  com.sun.glass.ui.mac.MacApplication._submitForLaterInvocation(Ljava/lang/Runnable;)V+0 javafx.graphics
j  com.sun.glass.ui.mac.MacApplication.submitForLaterInvocation(Ljava/lang/Runnable;)V+2 javafx.graphics
j  com.sun.glass.ui.InvokeLaterDispatcher.run()V+82 javafx.graphics
v  ~StubRoutines::call_stub

siginfo: si_signo: 10 (SIGBUS), si_code: 1 (BUS_ADRALN), si_addr: 0x000000010dfa94f0

Register to memory mapping:

 x0=0x000000013b904ac8 is a global jni handle
 x1=0x0 is NULL
 x2=0x000000070e5f8618 is an oop: com.sun.glass.ui.InvokeLaterDispatcher$Future 
{0x000000070e5f8618} - klass: 'com/sun/glass/ui/InvokeLaterDispatcher$Future'
 - ---- fields (total size 3 words):
 - private 'done' 'Z' @12  true
 - private final 'runnable' 'Ljava/lang/Runnable;' @16  a 'com/sun/javafx/tk/quantum/QuantumToolkit$$Lambda$82+0x0000000800c3abf0'{0x000000070e8a1ca8} (e1d14395)
 - final synthetic 'this$0' 'Lcom/sun/glass/ui/InvokeLaterDispatcher;' @20  a 'com/sun/glass/ui/InvokeLaterDispatcher'{0x000000070e8201b0} (e1d04036)
 x3=0x0 is NULL
 x4=0x00000000000130a8 is an unknown value
 x5=0x0 is NULL
 x6=0x0 is NULL
 x7=0x0 is NULL
 x8=0x000000010dfa94ec is at begin+0 in a stub
StubRoutines::SafeFetchN [0x000000010dfa94ec, 0x000000010dfa94f8] (12 bytes)
 x9=0x0 is NULL
x10=0x2010000030300000 is an unknown value
x11=0x0000000000000007 is an unknown value
x12=0x0000000000000003 is an unknown value
x13=0x0000600001ca00a0 points into unknown readable memory: 0xb21000018894d7f4 | f4 d7 94 88 01 00 10 b2
x14=0x0000060000000000 is an unknown value
x15=0x000000012de45f98: OBJC_CLASS_$_GlassRunnable+0 in /Users/sam/.openjfx/cache/17.0.1/libglass.dylib at 0x000000012de00000
x16=0x00000001879ab0fc: pthread_getspecific+0 in /usr/lib/system/libsystem_pthread.dylib at 0x00000001879a9000
x17=0x00006000019902a0 points into unknown readable memory: 0xfffffffffffffffe | fe ff ff ff ff ff ff ff
x18=0x0 is NULL
x19=0x00006000019b4930 points into unknown readable memory: 0x00006000030bd670 | 70 d6 0b 03 00 60 00 00
x20=0x000000013b9048c0 points into unknown readable memory: 0x8a3bfcfd5844a35d | 5d a3 44 58 fd fc 3b 8a
x21=0x000000013b904ac8 is a global jni handle
x22=0x000000014a95de00 is a thread
x23=0x0000000000000001 is an unknown value
x24=0x000000013b904a80 is a global jni handle
x25=0x000000010633eca8: _ZN12StubRoutines17_safefetchN_entryE+0 in /Users/sam/Library/Java/JavaVirtualMachines/openjdk-18.0.1.1/Contents/Home/lib/server/libjvm.dylib at 0x0000000105760000
x26=0x0000000128520000 is pointing into metadata
x27=0x0 is NULL
x28=0x000000014a95de00 is a thread


Registers:
 x0=0x000000013b904ac8  x1=0x0000000000000000  x2=0x000000070e5f8618  x3=0x0000000000000000
 x4=0x00000000000130a8  x5=0x0000000000000000  x6=0x0000000000000000  x7=0x0000000000000000
 x8=0x000000010dfa94ec  x9=0x0000000000000000 x10=0x2010000030300000 x11=0x0000000000000007
x12=0x0000000000000003 x13=0x0000600001ca00a0 x14=0x0000060000000000 x15=0x000000012de45f98
x16=0x00000001879ab0fc x17=0x00006000019902a0 x18=0x0000000000000000 x19=0x00006000019b4930
x20=0x000000013b9048c0 x21=0x000000013b904ac8 x22=0x000000014a95de00 x23=0x0000000000000001
x24=0x000000013b904a80 x25=0x000000010633eca8 x26=0x0000000128520000 x27=0x0000000000000000
x28=0x000000014a95de00  fp=0x000000016e59a7e0  lr=0x0000000105f2c894  sp=0x000000016e59a7a0
pc=0x000000010dfa94f0 cpsr=0x0000000060001000
Top of Stack: (sp=0x000000016e59a7a0)
0x000000016e59a7a0:   0000000128520000 0000000000000001
0x000000016e59a7b0:   000000016e59a9a8 0000000000000000
0x000000016e59a7c0:   000000014a901490 000000013b904ab8
0x000000016e59a7d0:   000000013b904ab8 00006000019b4930
0x000000016e59a7e0:   000000016e59a820 0000000105f2daa0
0x000000016e59a7f0:   0000000000000001 000000013b904ab8
0x000000016e59a800:   000000014a901490 000000013b904ab8
0x000000016e59a810:   0000000000000001 000000014a901200
0x000000016e59a820:   000000016e59a860 0000000105c547ec
0x000000016e59a830:   000000016e59a9a8 00006000030a47d0
0x000000016e59a840:   00006000030a5c20 00000001d1cec8f7
0x000000016e59a850:   0000000000000000 00006000030a5c20
0x000000016e59a860:   000000016e59a890 000000012de0ab08
0x000000016e59a870:   1a4fcdb284ea0037 0000000000000000
0x000000016e59a880:   0000000000000000 00006000027d9780
0x000000016e59a890:   000000016e59a8d0 00000001889812e8
0x000000016e59a8a0:   000000016e59a9a8 00006000030a47d0
0x000000016e59a8b0:   00006000030a5c20 1a4fcdb284ea0037
0x000000016e59a8c0:   0000000000000000 0000000000000000
0x000000016e59a8d0:   000000016e59a910 7c7980018894d87c
0x000000016e59a8e0:   000000016e59a9a8 000000010dfb07c0
0x000000016e59a8f0:   0000000000000000 0000000106346760
0x000000016e59a900:   000000016e59a920 000000010dfaf730
0x000000016e59a910:   000000016e59a980 307780010dfb18ac
0x000000016e59a920:   000000016e59a920 00000008007cf625
0x000000016e59a930:   000000016e59a930 0000000000000000
0x000000016e59a940:   000000016e59a9a8 0000000128520000
0x000000016e59a950:   000000070e8315f0 0000000000000000
0x000000016e59a960:   0000000000000000 00000001284fb138
0x000000016e59a970:   0000000000000000 000000016e59a980
0x000000016e59a980:   000000016e59aa00 000000010dfadfc8
0x000000016e59a990:   0000000000000000 0000000000000000 

Instructions: (pc=0x000000010dfa94f0)
0x000000010dfa93f0:   f2a0c609 f2c00029 6d425935 1e640886
0x000000010dfa9400:   0c402d31 1e6408c7 1f5654d0 1e6c1017
0x000000010dfa9410:   1f5050d0 1f504cd0 1f5048d0 1e650af6
0x000000010dfa9420:   1f50d8f6 1f5694d6 1f5158f6 1e762880
0x000000010dfa9430:   36000501 1e614000 14000026 2e251ca5
0x000000010dfa9440:   d2963009 f2a0c609 f2c00029 6d425d36
0x000000010dfa9450:   1e600806 0c402d32 1f5758c7 1e6c101a
0x000000010dfa9460:   1f4754c7 1e650805 1f4750c7 d2866668
0x000000010dfa9470:   f2a7fa68 1f474cc7 1e6608c0 1f4748c7
0x000000010dfa9480:   1e6e1019 eb08007f 540000ac 1f479400
0x000000010dfa9490:   1f460340 1e603b20 1400000e d2a7fd29
0x000000010dfa94a0:   eb09007f 540000ac 51480069 d3607d29
0x000000010dfa94b0:   9e670121 14000002 1e6a5001 1f679417
0x000000010dfa94c0:   1f668742 1e613b23 1e773857 1e773860
0x000000010dfa94d0:   a8c17ff3 910003bf a8c17bfd d65f03c0
0x000000010dfa94e0:   b9400001 aa0103e0 d65f03c0 f9400001
0x000000010dfa94f0:   aa0103e0 d65f03c0 00000000 00000000
0x000000010dfa9500:   00000000 00000000 00000000 00000000
0x000000010dfa9510:   00000000 00000000 00000000 00000000
0x000000010dfa9520:   00000000 00000000 00000000 00000000
0x000000010dfa9530:   00000000 00000000 00000000 00000000
0x000000010dfa9540:   00000000 00000000 00000000 00000000
0x000000010dfa9550:   00000000 00000000 00000000 00000000
0x000000010dfa9560:   00000000 00000000 00000000 00000000
0x000000010dfa9570:   00000000 00000000 00000000 00000000
0x000000010dfa9580:   00000000 00000000 00000000 00000000
0x000000010dfa9590:   00000000 00000000 00000000 00000000
0x000000010dfa95a0:   00000000 00000000 00000000 00000000
0x000000010dfa95b0:   00000000 00000000 00000000 00000000
0x000000010dfa95c0:   00000000 00000000 00000000 00000000
0x000000010dfa95d0:   00000000 00000000 00000000 00000000
0x000000010dfa95e0:   00000000 00000000 00000000 00000000 


Stack slot to memory mapping:
stack at sp + 0 slots: 0x0000000128520000 is pointing into metadata
stack at sp + 1 slots: 0x0000000000000001 is an unknown value
stack at sp + 2 slots: 0x000000016e59a9a8 is pointing into the stack for thread: 0x000000014a95de00
stack at sp + 3 slots: 0x0 is NULL
stack at sp + 4 slots: 0x000000014a901490 points into unknown readable memory: 0x00000001062fb378 | 78 b3 2f 06 01 00 00 00
stack at sp + 5 slots: 0x000000013b904ab8 is a global jni handle
stack at sp + 6 slots: 0x000000013b904ab8 is a global jni handle
stack at sp + 7 slots: 0x00006000019b4930 points into unknown readable memory: 0x00006000030bd670 | 70 d6 0b 03 00 60 00 00

StubRoutines::SafeFetchN [0x000000010dfa94ec, 0x000000010dfa94f8] (12 bytes)
[MachCode]
  0x000000010dfa94ec: 0100 40f9 | e003 01aa | c003 5fd6 
[/MachCode]

---------------  P R O C E S S  ---------------

Threads class SMR info:
_java_thread_list=0x00006000032736e0, length=20, elements={
0x000000014b01d000, 0x000000014a83e800, 0x000000013a80aa00, 0x000000013c010600,
0x000000013c808200, 0x000000012e008200, 0x000000014b065c00, 0x000000013c808800,
0x000000013a80b000, 0x000000013c009a00, 0x000000013c013a00, 0x000000013c808e00,
0x000000014a90ac00, 0x000000014a95de00, 0x000000014a901200, 0x000000014a9a3a00,
0x000000013c255a00, 0x000000014b0d5400, 0x000000013c286400, 0x000000012e994a00
}

Java Threads: ( => current thread )
  0x000000014b01d000 JavaThread "main" [_thread_blocked, id=9987, stack(0x000000016b990000,0x000000016bb93000)]
  0x000000014a83e800 JavaThread "Reference Handler" daemon [_thread_blocked, id=17155, stack(0x000000016c7e4000,0x000000016c9e7000)]
  0x000000013a80aa00 JavaThread "Finalizer" daemon [_thread_blocked, id=16643, stack(0x000000016c9f0000,0x000000016cbf3000)]
  0x000000013c010600 JavaThread "Signal Dispatcher" daemon [_thread_blocked, id=23043, stack(0x000000016cd14000,0x000000016cf17000)]
  0x000000013c808200 JavaThread "Service Thread" daemon [_thread_blocked, id=23555, stack(0x000000016cf20000,0x000000016d123000)]
  0x000000012e008200 JavaThread "Monitor Deflation Thread" daemon [_thread_blocked, id=42243, stack(0x000000016d12c000,0x000000016d32f000)]
  0x000000014b065c00 JavaThread "C2 CompilerThread0" daemon [_thread_blocked, id=23811, stack(0x000000016d338000,0x000000016d53b000)]
  0x000000013c808800 JavaThread "C1 CompilerThread0" daemon [_thread_blocked, id=24323, stack(0x000000016d544000,0x000000016d747000)]
  0x000000013a80b000 JavaThread "Sweeper thread" daemon [_thread_blocked, id=41731, stack(0x000000016d750000,0x000000016d953000)]
  0x000000013c009a00 JavaThread "Common-Cleaner" daemon [_thread_blocked, id=25091, stack(0x000000016d95c000,0x000000016db5f000)]
  0x000000013c013a00 JavaThread "Monitor Ctrl-Break" daemon [_thread_in_native, id=25603, stack(0x000000016db68000,0x000000016dd6b000)]
  0x000000013c808e00 JavaThread "Notification Thread" daemon [_thread_blocked, id=41219, stack(0x000000016dd74000,0x000000016df77000)]
  0x000000014a90ac00 JavaThread "QuantumRenderer-0" daemon [_thread_blocked, id=40707, stack(0x000000016e18c000,0x000000016e38f000)]
=>0x000000014a95de00 JavaThread "InvokeLaterDispatcher" daemon [_thread_in_native, id=35851, stack(0x000000016e398000,0x000000016e59b000)]
  0x000000014a901200 JavaThread "JavaFX Application Thread" [_thread_in_native, id=259, stack(0x000000016b108000,0x000000016b904000)]
  0x000000014a9a3a00 JavaThread "JavaFX-Launcher" [_thread_blocked, id=57615, stack(0x000000016e8c8000,0x000000016eacb000)]
  0x000000013c255a00 JavaThread "Prism Font Disposer" daemon [_thread_blocked, id=60167, stack(0x000000016f510000,0x000000016f713000)]
  0x000000014b0d5400 JavaThread "PulseTimer-CVDisplayLink thread" daemon [_thread_in_native, id=52491, stack(0x000000016e5a4000,0x000000016e627000)]
  0x000000013c286400 JavaThread "Cleaner-0" daemon [_thread_blocked, id=71707, stack(0x000000016f71c000,0x000000016f91f000)]
  0x000000012e994a00 JavaThread "Attach Listener" daemon [_thread_blocked, id=1331, stack(0x000000016f928000,0x000000016fb2b000)]

Other Threads:
  0x000000014b80bbf0 VMThread "VM Thread" [stack: 0x000000016c5d8000,0x000000016c7db000] [id=15363]
  0x000000014a7074d0 WatcherThread "VM Periodic Task Thread" [stack: 0x000000016df80000,0x000000016e183000] [id=26115]
  0x000000014b807de0 WorkerThread "GC Thread#0" [stack: 0x000000016bb9c000,0x000000016bd9f000] [id=12803]
  0x000000013b926000 WorkerThread "GC Thread#1" [stack: 0x000000016ead4000,0x000000016ecd7000] [id=57859]
  0x000000013b926470 WorkerThread "GC Thread#2" [stack: 0x000000016ece0000,0x000000016eee3000] [id=58371]
  0x000000014b823110 WorkerThread "GC Thread#3" [stack: 0x000000016eeec000,0x000000016f0ef000] [id=58883]
  0x000000014b823970 WorkerThread "GC Thread#4" [stack: 0x000000016f0f8000,0x000000016f2fb000] [id=59395]
  0x000000014b8241d0 WorkerThread "GC Thread#5" [stack: 0x000000016f304000,0x000000016f507000] [id=59651]
  0x000000014a605790 ConcurrentGCThread "G1 Main Marker" [stack: 0x000000016bda8000,0x000000016bfab000] [id=19971]
  0x000000014a606000 WorkerThread "G1 Conc#0" [stack: 0x000000016bfb4000,0x000000016c1b7000] [id=19203]
  0x000000014a612e60 ConcurrentGCThread "G1 Refine#0" [stack: 0x000000016c1c0000,0x000000016c3c3000] [id=13571]
  0x000000013a604080 ConcurrentGCThread "G1 Service" [stack: 0x000000016c3cc000,0x000000016c5cf000] [id=18435]

Threads with active compile tasks:

VM state: not at safepoint (normal execution)

VM Mutex/Monitor currently owned by a thread: None

Heap address: 0x0000000700000000, size: 4096 MB, Compressed Oops mode: Zero based, Oop shift amount: 3

CDS archive(s) mapped at: [0x0000000800000000-0x0000000800ba8000-0x0000000800ba8000), size 12222464, SharedBaseAddress: 0x0000000800000000, ArchiveRelocationMode: 0.
Compressed class space mapped at: 0x0000000800c00000-0x0000000840c00000, reserved size: 1073741824
Narrow klass base: 0x0000000800000000, Narrow klass shift: 0, Narrow klass range: 0x100000000

GC Precious Log:
 CardTable entry size: 512
 Card Set container configuration: InlinePtr #cards 4 size 8 Array Of Cards #cards 16 size 48 Howl #buckets 8 coarsen threshold 3686 Howl Bitmap #cards 512 size 80 coarsen threshold 460 Card regions per heap region 1 cards per card region 4096
 CPUs: 8 total, 8 available
 Memory: 16384M
 Large Page Support: Disabled
 NUMA Support: Disabled
 Compressed Oops: Enabled (Zero based)
 Heap Region Size: 2M
 Heap Min Capacity: 8M
 Heap Initial Capacity: 256M
 Heap Max Capacity: 4G
 Pre-touch: Disabled
 Parallel Workers: 8
 Concurrent Workers: 2
 Concurrent Refinement Workers: 8
 Periodic GC: Disabled

Heap:
 garbage-first heap   total 266240K, used 35922K [0x0000000700000000, 0x0000000800000000)
  region size 2048K, 17 young (34816K), 2 survivors (4096K)
 Metaspace       used 14313K, committed 14592K, reserved 1114112K
  class space    used 2062K, committed 2176K, reserved 1048576K

Heap Regions: E=young(eden), S=young(survivor), O=old, HS=humongous(starts), HC=humongous(continues), CS=collection set, F=free, OA=open archive, CA=closed archive, TAMS=top-at-mark-start (previous, next)
|   0|0x0000000700000000, 0x0000000700200000, 0x0000000700200000|100%|HS|  |TAMS 0x0000000700000000, 0x0000000700000000| Complete 
|   1|0x0000000700200000, 0x0000000700200000, 0x0000000700400000|  0%| F|  |TAMS 0x0000000700200000, 0x0000000700200000| Untracked 
|   2|0x0000000700400000, 0x0000000700400000, 0x0000000700600000|  0%| F|  |TAMS 0x0000000700400000, 0x0000000700400000| Untracked 
|   3|0x0000000700600000, 0x0000000700600000, 0x0000000700800000|  0%| F|  |TAMS 0x0000000700600000, 0x0000000700600000| Untracked 
|   4|0x0000000700800000, 0x0000000700800000, 0x0000000700a00000|  0%| F|  |TAMS 0x0000000700800000, 0x0000000700800000| Untracked 
|   5|0x0000000700a00000, 0x0000000700a00000, 0x0000000700c00000|  0%| F|  |TAMS 0x0000000700a00000, 0x0000000700a00000| Untracked 
|   6|0x0000000700c00000, 0x0000000700c00000, 0x0000000700e00000|  0%| F|  |TAMS 0x0000000700c00000, 0x0000000700c00000| Untracked 
|   7|0x0000000700e00000, 0x0000000700e00000, 0x0000000701000000|  0%| F|  |TAMS 0x0000000700e00000, 0x0000000700e00000| Untracked 
|   8|0x0000000701000000, 0x0000000701000000, 0x0000000701200000|  0%| F|  |TAMS 0x0000000701000000, 0x0000000701000000| Untracked 
|   9|0x0000000701200000, 0x0000000701200000, 0x0000000701400000|  0%| F|  |TAMS 0x0000000701200000, 0x0000000701200000| Untracked 
|  10|0x0000000701400000, 0x0000000701400000, 0x0000000701600000|  0%| F|  |TAMS 0x0000000701400000, 0x0000000701400000| Untracked 
|  11|0x0000000701600000, 0x0000000701600000, 0x0000000701800000|  0%| F|  |TAMS 0x0000000701600000, 0x0000000701600000| Untracked 
|  12|0x0000000701800000, 0x0000000701800000, 0x0000000701a00000|  0%| F|  |TAMS 0x0000000701800000, 0x0000000701800000| Untracked 
|  13|0x0000000701a00000, 0x0000000701a00000, 0x0000000701c00000|  0%| F|  |TAMS 0x0000000701a00000, 0x0000000701a00000| Untracked 
|  14|0x0000000701c00000, 0x0000000701c00000, 0x0000000701e00000|  0%| F|  |TAMS 0x0000000701c00000, 0x0000000701c00000| Untracked 
|  15|0x0000000701e00000, 0x0000000701e00000, 0x0000000702000000|  0%| F|  |TAMS 0x0000000701e00000, 0x0000000701e00000| Untracked 
|  16|0x0000000702000000, 0x0000000702000000, 0x0000000702200000|  0%| F|  |TAMS 0x0000000702000000, 0x0000000702000000| Untracked 
|  17|0x0000000702200000, 0x0000000702200000, 0x0000000702400000|  0%| F|  |TAMS 0x0000000702200000, 0x0000000702200000| Untracked 
|  18|0x0000000702400000, 0x0000000702400000, 0x0000000702600000|  0%| F|  |TAMS 0x0000000702400000, 0x0000000702400000| Untracked 
|  19|0x0000000702600000, 0x0000000702600000, 0x0000000702800000|  0%| F|  |TAMS 0x0000000702600000, 0x0000000702600000| Untracked 
|  20|0x0000000702800000, 0x0000000702800000, 0x0000000702a00000|  0%| F|  |TAMS 0x0000000702800000, 0x0000000702800000| Untracked 
|  21|0x0000000702a00000, 0x0000000702a00000, 0x0000000702c00000|  0%| F|  |TAMS 0x0000000702a00000, 0x0000000702a00000| Untracked 
|  22|0x0000000702c00000, 0x0000000702c00000, 0x0000000702e00000|  0%| F|  |TAMS 0x0000000702c00000, 0x0000000702c00000| Untracked 
|  23|0x0000000702e00000, 0x0000000702e00000, 0x0000000703000000|  0%| F|  |TAMS 0x0000000702e00000, 0x0000000702e00000| Untracked 
|  24|0x0000000703000000, 0x0000000703000000, 0x0000000703200000|  0%| F|  |TAMS 0x0000000703000000, 0x0000000703000000| Untracked 
|  25|0x0000000703200000, 0x0000000703200000, 0x0000000703400000|  0%| F|  |TAMS 0x0000000703200000, 0x0000000703200000| Untracked 
|  26|0x0000000703400000, 0x0000000703400000, 0x0000000703600000|  0%| F|  |TAMS 0x0000000703400000, 0x0000000703400000| Untracked 
|  27|0x0000000703600000, 0x0000000703600000, 0x0000000703800000|  0%| F|  |TAMS 0x0000000703600000, 0x0000000703600000| Untracked 
|  28|0x0000000703800000, 0x0000000703800000, 0x0000000703a00000|  0%| F|  |TAMS 0x0000000703800000, 0x0000000703800000| Untracked 
|  29|0x0000000703a00000, 0x0000000703a00000, 0x0000000703c00000|  0%| F|  |TAMS 0x0000000703a00000, 0x0000000703a00000| Untracked 
|  30|0x0000000703c00000, 0x0000000703c00000, 0x0000000703e00000|  0%| F|  |TAMS 0x0000000703c00000, 0x0000000703c00000| Untracked 
|  31|0x0000000703e00000, 0x0000000703e00000, 0x0000000704000000|  0%| F|  |TAMS 0x0000000703e00000, 0x0000000703e00000| Untracked 
|  32|0x0000000704000000, 0x0000000704000000, 0x0000000704200000|  0%| F|  |TAMS 0x0000000704000000, 0x0000000704000000| Untracked 
|  33|0x0000000704200000, 0x0000000704200000, 0x0000000704400000|  0%| F|  |TAMS 0x0000000704200000, 0x0000000704200000| Untracked 
|  34|0x0000000704400000, 0x0000000704400000, 0x0000000704600000|  0%| F|  |TAMS 0x0000000704400000, 0x0000000704400000| Untracked 
|  35|0x0000000704600000, 0x0000000704600000, 0x0000000704800000|  0%| F|  |TAMS 0x0000000704600000, 0x0000000704600000| Untracked 
|  36|0x0000000704800000, 0x0000000704800000, 0x0000000704a00000|  0%| F|  |TAMS 0x0000000704800000, 0x0000000704800000| Untracked 
|  37|0x0000000704a00000, 0x0000000704a00000, 0x0000000704c00000|  0%| F|  |TAMS 0x0000000704a00000, 0x0000000704a00000| Untracked 
|  38|0x0000000704c00000, 0x0000000704c00000, 0x0000000704e00000|  0%| F|  |TAMS 0x0000000704c00000, 0x0000000704c00000| Untracked 
|  39|0x0000000704e00000, 0x0000000704e00000, 0x0000000705000000|  0%| F|  |TAMS 0x0000000704e00000, 0x0000000704e00000| Untracked 
|  40|0x0000000705000000, 0x0000000705000000, 0x0000000705200000|  0%| F|  |TAMS 0x0000000705000000, 0x0000000705000000| Untracked 
|  41|0x0000000705200000, 0x0000000705200000, 0x0000000705400000|  0%| F|  |TAMS 0x0000000705200000, 0x0000000705200000| Untracked 
|  42|0x0000000705400000, 0x0000000705400000, 0x0000000705600000|  0%| F|  |TAMS 0x0000000705400000, 0x0000000705400000| Untracked 
|  43|0x0000000705600000, 0x0000000705600000, 0x0000000705800000|  0%| F|  |TAMS 0x0000000705600000, 0x0000000705600000| Untracked 
|  44|0x0000000705800000, 0x0000000705800000, 0x0000000705a00000|  0%| F|  |TAMS 0x0000000705800000, 0x0000000705800000| Untracked 
|  45|0x0000000705a00000, 0x0000000705a00000, 0x0000000705c00000|  0%| F|  |TAMS 0x0000000705a00000, 0x0000000705a00000| Untracked 
|  46|0x0000000705c00000, 0x0000000705c00000, 0x0000000705e00000|  0%| F|  |TAMS 0x0000000705c00000, 0x0000000705c00000| Untracked 
|  47|0x0000000705e00000, 0x0000000705e00000, 0x0000000706000000|  0%| F|  |TAMS 0x0000000705e00000, 0x0000000705e00000| Untracked 
|  48|0x0000000706000000, 0x0000000706000000, 0x0000000706200000|  0%| F|  |TAMS 0x0000000706000000, 0x0000000706000000| Untracked 
|  49|0x0000000706200000, 0x0000000706200000, 0x0000000706400000|  0%| F|  |TAMS 0x0000000706200000, 0x0000000706200000| Untracked 
|  50|0x0000000706400000, 0x0000000706400000, 0x0000000706600000|  0%| F|  |TAMS 0x0000000706400000, 0x0000000706400000| Untracked 
|  51|0x0000000706600000, 0x0000000706600000, 0x0000000706800000|  0%| F|  |TAMS 0x0000000706600000, 0x0000000706600000| Untracked 
|  52|0x0000000706800000, 0x0000000706800000, 0x0000000706a00000|  0%| F|  |TAMS 0x0000000706800000, 0x0000000706800000| Untracked 
|  53|0x0000000706a00000, 0x0000000706a00000, 0x0000000706c00000|  0%| F|  |TAMS 0x0000000706a00000, 0x0000000706a00000| Untracked 
|  54|0x0000000706c00000, 0x0000000706c00000, 0x0000000706e00000|  0%| F|  |TAMS 0x0000000706c00000, 0x0000000706c00000| Untracked 
|  55|0x0000000706e00000, 0x0000000706e00000, 0x0000000707000000|  0%| F|  |TAMS 0x0000000706e00000, 0x0000000706e00000| Untracked 
|  56|0x0000000707000000, 0x0000000707000000, 0x0000000707200000|  0%| F|  |TAMS 0x0000000707000000, 0x0000000707000000| Untracked 
|  57|0x0000000707200000, 0x0000000707200000, 0x0000000707400000|  0%| F|  |TAMS 0x0000000707200000, 0x0000000707200000| Untracked 
|  58|0x0000000707400000, 0x0000000707400000, 0x0000000707600000|  0%| F|  |TAMS 0x0000000707400000, 0x0000000707400000| Untracked 
|  59|0x0000000707600000, 0x0000000707600000, 0x0000000707800000|  0%| F|  |TAMS 0x0000000707600000, 0x0000000707600000| Untracked 
|  60|0x0000000707800000, 0x0000000707800000, 0x0000000707a00000|  0%| F|  |TAMS 0x0000000707800000, 0x0000000707800000| Untracked 
|  61|0x0000000707a00000, 0x0000000707a00000, 0x0000000707c00000|  0%| F|  |TAMS 0x0000000707a00000, 0x0000000707a00000| Untracked 
|  62|0x0000000707c00000, 0x0000000707c00000, 0x0000000707e00000|  0%| F|  |TAMS 0x0000000707c00000, 0x0000000707c00000| Untracked 
|  63|0x0000000707e00000, 0x0000000707e00000, 0x0000000708000000|  0%| F|  |TAMS 0x0000000707e00000, 0x0000000707e00000| Untracked 
|  64|0x0000000708000000, 0x0000000708000000, 0x0000000708200000|  0%| F|  |TAMS 0x0000000708000000, 0x0000000708000000| Untracked 
|  65|0x0000000708200000, 0x0000000708200000, 0x0000000708400000|  0%| F|  |TAMS 0x0000000708200000, 0x0000000708200000| Untracked 
|  66|0x0000000708400000, 0x0000000708400000, 0x0000000708600000|  0%| F|  |TAMS 0x0000000708400000, 0x0000000708400000| Untracked 
|  67|0x0000000708600000, 0x0000000708600000, 0x0000000708800000|  0%| F|  |TAMS 0x0000000708600000, 0x0000000708600000| Untracked 
|  68|0x0000000708800000, 0x0000000708800000, 0x0000000708a00000|  0%| F|  |TAMS 0x0000000708800000, 0x0000000708800000| Untracked 
|  69|0x0000000708a00000, 0x0000000708a00000, 0x0000000708c00000|  0%| F|  |TAMS 0x0000000708a00000, 0x0000000708a00000| Untracked 
|  70|0x0000000708c00000, 0x0000000708c00000, 0x0000000708e00000|  0%| F|  |TAMS 0x0000000708c00000, 0x0000000708c00000| Untracked 
|  71|0x0000000708e00000, 0x0000000708e00000, 0x0000000709000000|  0%| F|  |TAMS 0x0000000708e00000, 0x0000000708e00000| Untracked 
|  72|0x0000000709000000, 0x0000000709000000, 0x0000000709200000|  0%| F|  |TAMS 0x0000000709000000, 0x0000000709000000| Untracked 
|  73|0x0000000709200000, 0x0000000709200000, 0x0000000709400000|  0%| F|  |TAMS 0x0000000709200000, 0x0000000709200000| Untracked 
|  74|0x0000000709400000, 0x0000000709400000, 0x0000000709600000|  0%| F|  |TAMS 0x0000000709400000, 0x0000000709400000| Untracked 
|  75|0x0000000709600000, 0x0000000709600000, 0x0000000709800000|  0%| F|  |TAMS 0x0000000709600000, 0x0000000709600000| Untracked 
|  76|0x0000000709800000, 0x0000000709800000, 0x0000000709a00000|  0%| F|  |TAMS 0x0000000709800000, 0x0000000709800000| Untracked 
|  77|0x0000000709a00000, 0x0000000709a00000, 0x0000000709c00000|  0%| F|  |TAMS 0x0000000709a00000, 0x0000000709a00000| Untracked 
|  78|0x0000000709c00000, 0x0000000709c00000, 0x0000000709e00000|  0%| F|  |TAMS 0x0000000709c00000, 0x0000000709c00000| Untracked 
|  79|0x0000000709e00000, 0x0000000709e00000, 0x000000070a000000|  0%| F|  |TAMS 0x0000000709e00000, 0x0000000709e00000| Untracked 
|  80|0x000000070a000000, 0x000000070a000000, 0x000000070a200000|  0%| F|  |TAMS 0x000000070a000000, 0x000000070a000000| Untracked 
|  81|0x000000070a200000, 0x000000070a200000, 0x000000070a400000|  0%| F|  |TAMS 0x000000070a200000, 0x000000070a200000| Untracked 
|  82|0x000000070a400000, 0x000000070a400000, 0x000000070a600000|  0%| F|  |TAMS 0x000000070a400000, 0x000000070a400000| Untracked 
|  83|0x000000070a600000, 0x000000070a600000, 0x000000070a800000|  0%| F|  |TAMS 0x000000070a600000, 0x000000070a600000| Untracked 
|  84|0x000000070a800000, 0x000000070a800000, 0x000000070aa00000|  0%| F|  |TAMS 0x000000070a800000, 0x000000070a800000| Untracked 
|  85|0x000000070aa00000, 0x000000070aa00000, 0x000000070ac00000|  0%| F|  |TAMS 0x000000070aa00000, 0x000000070aa00000| Untracked 
|  86|0x000000070ac00000, 0x000000070ac00000, 0x000000070ae00000|  0%| F|  |TAMS 0x000000070ac00000, 0x000000070ac00000| Untracked 
|  87|0x000000070ae00000, 0x000000070ae00000, 0x000000070b000000|  0%| F|  |TAMS 0x000000070ae00000, 0x000000070ae00000| Untracked 
|  88|0x000000070b000000, 0x000000070b000000, 0x000000070b200000|  0%| F|  |TAMS 0x000000070b000000, 0x000000070b000000| Untracked 
|  89|0x000000070b200000, 0x000000070b200000, 0x000000070b400000|  0%| F|  |TAMS 0x000000070b200000, 0x000000070b200000| Untracked 
|  90|0x000000070b400000, 0x000000070b400000, 0x000000070b600000|  0%| F|  |TAMS 0x000000070b400000, 0x000000070b400000| Untracked 
|  91|0x000000070b600000, 0x000000070b600000, 0x000000070b800000|  0%| F|  |TAMS 0x000000070b600000, 0x000000070b600000| Untracked 
|  92|0x000000070b800000, 0x000000070b800000, 0x000000070ba00000|  0%| F|  |TAMS 0x000000070b800000, 0x000000070b800000| Untracked 
|  93|0x000000070ba00000, 0x000000070ba00000, 0x000000070bc00000|  0%| F|  |TAMS 0x000000070ba00000, 0x000000070ba00000| Untracked 
|  94|0x000000070bc00000, 0x000000070bc00000, 0x000000070be00000|  0%| F|  |TAMS 0x000000070bc00000, 0x000000070bc00000| Untracked 
|  95|0x000000070be00000, 0x000000070be00000, 0x000000070c000000|  0%| F|  |TAMS 0x000000070be00000, 0x000000070be00000| Untracked 
|  96|0x000000070c000000, 0x000000070c000000, 0x000000070c200000|  0%| F|  |TAMS 0x000000070c000000, 0x000000070c000000| Untracked 
|  97|0x000000070c200000, 0x000000070c200000, 0x000000070c400000|  0%| F|  |TAMS 0x000000070c200000, 0x000000070c200000| Untracked 
|  98|0x000000070c400000, 0x000000070c400000, 0x000000070c600000|  0%| F|  |TAMS 0x000000070c400000, 0x000000070c400000| Untracked 
|  99|0x000000070c600000, 0x000000070c600000, 0x000000070c800000|  0%| F|  |TAMS 0x000000070c600000, 0x000000070c600000| Untracked 
| 100|0x000000070c800000, 0x000000070c800000, 0x000000070ca00000|  0%| F|  |TAMS 0x000000070c800000, 0x000000070c800000| Untracked 
| 101|0x000000070ca00000, 0x000000070ca00000, 0x000000070cc00000|  0%| F|  |TAMS 0x000000070ca00000, 0x000000070ca00000| Untracked 
| 102|0x000000070cc00000, 0x000000070cc00000, 0x000000070ce00000|  0%| F|  |TAMS 0x000000070cc00000, 0x000000070cc00000| Untracked 
| 103|0x000000070ce00000, 0x000000070ce00000, 0x000000070d000000|  0%| F|  |TAMS 0x000000070ce00000, 0x000000070ce00000| Untracked 
| 104|0x000000070d000000, 0x000000070d000000, 0x000000070d200000|  0%| F|  |TAMS 0x000000070d000000, 0x000000070d000000| Untracked 
| 105|0x000000070d200000, 0x000000070d200000, 0x000000070d400000|  0%| F|  |TAMS 0x000000070d200000, 0x000000070d200000| Untracked 
| 106|0x000000070d400000, 0x000000070d400000, 0x000000070d600000|  0%| F|  |TAMS 0x000000070d400000, 0x000000070d400000| Untracked 
| 107|0x000000070d600000, 0x000000070d600000, 0x000000070d800000|  0%| F|  |TAMS 0x000000070d600000, 0x000000070d600000| Untracked 
| 108|0x000000070d800000, 0x000000070d800000, 0x000000070da00000|  0%| F|  |TAMS 0x000000070d800000, 0x000000070d800000| Untracked 
| 109|0x000000070da00000, 0x000000070da00000, 0x000000070dc00000|  0%| F|  |TAMS 0x000000070da00000, 0x000000070da00000| Untracked 
| 110|0x000000070dc00000, 0x000000070dc00000, 0x000000070de00000|  0%| F|  |TAMS 0x000000070dc00000, 0x000000070dc00000| Untracked 
| 111|0x000000070de00000, 0x000000070df33c10, 0x000000070e000000| 60%| E|  |TAMS 0x000000070de00000, 0x000000070de00000| Complete 
| 112|0x000000070e000000, 0x000000070e200000, 0x000000070e200000|100%| E|CS|TAMS 0x000000070e000000, 0x000000070e000000| Complete 
| 113|0x000000070e200000, 0x000000070e400000, 0x000000070e400000|100%| E|CS|TAMS 0x000000070e200000, 0x000000070e200000| Complete 
| 114|0x000000070e400000, 0x000000070e600000, 0x000000070e600000|100%| E|CS|TAMS 0x000000070e400000, 0x000000070e400000| Complete 
| 115|0x000000070e600000, 0x000000070e72cb10, 0x000000070e800000| 58%| S|CS|TAMS 0x000000070e600000, 0x000000070e600000| Complete 
| 116|0x000000070e800000, 0x000000070ea00000, 0x000000070ea00000|100%| S|CS|TAMS 0x000000070e800000, 0x000000070e800000| Complete 
| 117|0x000000070ea00000, 0x000000070ec00000, 0x000000070ec00000|100%| E|CS|TAMS 0x000000070ea00000, 0x000000070ea00000| Complete 
| 118|0x000000070ec00000, 0x000000070ee00000, 0x000000070ee00000|100%| E|CS|TAMS 0x000000070ec00000, 0x000000070ec00000| Complete 
| 119|0x000000070ee00000, 0x000000070f000000, 0x000000070f000000|100%| E|CS|TAMS 0x000000070ee00000, 0x000000070ee00000| Complete 
| 120|0x000000070f000000, 0x000000070f200000, 0x000000070f200000|100%| E|CS|TAMS 0x000000070f000000, 0x000000070f000000| Complete 
| 121|0x000000070f200000, 0x000000070f400000, 0x000000070f400000|100%| E|CS|TAMS 0x000000070f200000, 0x000000070f200000| Complete 
| 122|0x000000070f400000, 0x000000070f600000, 0x000000070f600000|100%| E|CS|TAMS 0x000000070f400000, 0x000000070f400000| Complete 
| 123|0x000000070f600000, 0x000000070f800000, 0x000000070f800000|100%| E|CS|TAMS 0x000000070f600000, 0x000000070f600000| Complete 
| 124|0x000000070f800000, 0x000000070fa00000, 0x000000070fa00000|100%| E|CS|TAMS 0x000000070f800000, 0x000000070f800000| Complete 
| 125|0x000000070fa00000, 0x000000070fc00000, 0x000000070fc00000|100%| E|CS|TAMS 0x000000070fa00000, 0x000000070fa00000| Complete 
| 126|0x000000070fc00000, 0x000000070fe00000, 0x000000070fe00000|100%| E|CS|TAMS 0x000000070fc00000, 0x000000070fc00000| Complete 
| 127|0x000000070fe00000, 0x0000000710000000, 0x0000000710000000|100%| E|CS|TAMS 0x000000070fe00000, 0x000000070fe00000| Complete 
|2046|0x00000007ffc00000, 0x00000007ffd74000, 0x00000007ffe00000| 72%|OA|  |TAMS 0x00000007ffc00000, 0x00000007ffc00000| Untracked 
|2047|0x00000007ffe00000, 0x00000007ffe74000, 0x0000000800000000| 22%|CA|  |TAMS 0x00000007ffe00000, 0x00000007ffe00000| Untracked 

Card table byte_map: [0x000000011cfa8000,0x000000011d7a8000] _byte_map_base: 0x00000001197a8000

Marking Bits (Prev, Next): (CMBitMap*) 0x000000013a808210, (CMBitMap*) 0x000000013a808250
 Prev Bits: [0x000000011dfa8000, 0x0000000121fa8000)
 Next Bits: [0x0000000121fa8000, 0x0000000125fa8000)

Polling page: 0x0000000104680000

Metaspace:

Usage:
  Non-class:     11.96 MB used.
      Class:      2.01 MB used.
       Both:     13.98 MB used.

Virtual space:
  Non-class space:       64.00 MB reserved,      12.12 MB ( 19%) committed,  1 nodes.
      Class space:        1.00 GB reserved,       2.12 MB ( <1%) committed,  1 nodes.
             Both:        1.06 GB reserved,      14.25 MB (  1%) committed. 

Chunk freelists:
   Non-Class:  2.95 MB
       Class:  1.81 MB
        Both:  4.77 MB

MaxMetaspaceSize: unlimited
CompressedClassSpaceSize: 1.00 GB
Initial GC threshold: 21.00 MB
Current GC threshold: 21.00 MB
CDS: on
MetaspaceReclaimPolicy: balanced
 - commit_granule_bytes: 65536.
 - commit_granule_words: 8192.
 - virtual_space_node_default_size: 8388608.
 - enlarge_chunks_in_place: 1.
 - new_chunks_are_fully_committed: 0.
 - uncommit_free_chunks: 1.
 - use_allocation_guard: 0.


Internal statistics:

num_allocs_failed_limit: 0.
num_arena_births: 314.
num_arena_deaths: 0.
num_vsnodes_births: 2.
num_vsnodes_deaths: 0.
num_space_committed: 228.
num_space_uncommitted: 0.
num_chunks_returned_to_freelist: 0.
num_chunks_taken_from_freelist: 740.
num_chunk_merges: 0.
num_chunk_splits: 523.
num_chunks_enlarged: 404.
num_inconsistent_stats: 0.

CodeHeap 'non-profiled nmethods': size=120032Kb used=571Kb max_used=571Kb free=119460Kb
 bounds [0x0000000115a70000, 0x0000000115ce0000, 0x000000011cfa8000]
CodeHeap 'profiled nmethods': size=120016Kb used=3362Kb max_used=3362Kb free=116653Kb
 bounds [0x000000010e53c000, 0x000000010e88c000, 0x0000000115a70000]
CodeHeap 'non-nmethods': size=5712Kb used=1384Kb max_used=1415Kb free=4327Kb
 bounds [0x000000010dfa8000, 0x000000010e218000, 0x000000010e53c000]
 total_blobs=2471 nmethods=1714 adapters=673
 compilation: enabled
              stopped_count=0, restarted_count=0
 full_count=0

Compilation events (20 events):
Event: 1.823 Thread 0x000000013c808800 1764       3       com.sun.javafx.util.TempState::getInstance (10 bytes)
Event: 1.823 Thread 0x000000013c808800 nmethod 1764 0x000000010e876a90 code [0x000000010e876c40, 0x000000010e876f18]
Event: 1.831 Thread 0x000000013c808800 1765       3       com.sun.glass.ui.Application::GetApplication (4 bytes)
Event: 1.831 Thread 0x000000013c808800 nmethod 1765 0x000000010e877010 code [0x000000010e8771c0, 0x000000010e8772e8]
Event: 1.847 Thread 0x000000013c808800 1766       1       javafx.scene.input.PickResult::getIntersectedPoint (5 bytes)
Event: 1.847 Thread 0x000000013c808800 nmethod 1766 0x0000000115afe390 code [0x0000000115afe500, 0x0000000115afe5e8]
Event: 1.866 Thread 0x000000013c808800 1768       3       java.util.WeakHashMap::<init> (133 bytes)
Event: 1.866 Thread 0x000000013c808800 nmethod 1768 0x000000010e877390 code [0x000000010e877800, 0x000000010e878dd8]
Event: 1.866 Thread 0x000000013c808800 1767       3       java.util.WeakHashMap::<init> (9 bytes)
Event: 1.866 Thread 0x000000013c808800 nmethod 1767 0x000000010e879590 code [0x000000010e879740, 0x000000010e8798d8]
Event: 1.916 Thread 0x000000013c808800 1769       3       java.util.concurrent.locks.AbstractQueuedSynchronizer$ConditionNode::isReleasable (23 bytes)
Event: 1.916 Thread 0x000000013c808800 nmethod 1769 0x000000010e879990 code [0x000000010e879b40, 0x000000010e879de8]
Event: 1.945 Thread 0x000000013c808800 1770       1       javafx.event.Event::getTarget (5 bytes)
Event: 1.945 Thread 0x000000013c808800 nmethod 1770 0x0000000115afe690 code [0x0000000115afe800, 0x0000000115afe8e8]
Event: 1.994 Thread 0x000000013c808800 1771       3       javafx.scene.Node::updateLocalToParentTransform (442 bytes)
Event: 2.000 Thread 0x000000013c808800 nmethod 1771 0x000000010e879e90 code [0x000000010e87ab40, 0x000000010e8818a8]
Event: 2.015 Thread 0x000000013c808800 1772  s    3       com.sun.javafx.tk.quantum.QuantumToolkit$PulseTask::set (20 bytes)
Event: 2.016 Thread 0x000000013c808800 nmethod 1772 0x000000010e883710 code [0x000000010e883900, 0x000000010e883f58]
Event: 2.017 Thread 0x000000013c808800 1773       3       javafx.scene.Node::getEffect (21 bytes)
Event: 2.017 Thread 0x000000013c808800 nmethod 1773 0x000000010e884190 code [0x000000010e884380, 0x000000010e884998]

GC Heap History (2 events):
Event: 0.332 GC heap before
{Heap before GC invocations=0 (full 0):
 garbage-first heap   total 266240K, used 22432K [0x0000000700000000, 0x0000000800000000)
  region size 2048K, 11 young (22528K), 0 survivors (0K)
 Metaspace       used 7351K, committed 7552K, reserved 1114112K
  class space    used 910K, committed 1024K, reserved 1048576K
}
Event: 0.334 GC heap after
{Heap after GC invocations=1 (full 0):
 garbage-first heap   total 266240K, used 5202K [0x0000000700000000, 0x0000000800000000)
  region size 2048K, 2 young (4096K), 2 survivors (4096K)
 Metaspace       used 7351K, committed 7552K, reserved 1114112K
  class space    used 910K, committed 1024K, reserved 1048576K
}

Deoptimization events (20 events):
Event: 0.678 Thread 0x000000014a90ac00 DEOPT PACKING pc=0x000000010e84fc48 sp=0x000000016e38ceb0
Event: 0.678 Thread 0x000000014a90ac00 DEOPT UNPACKING pc=0x000000010dfe6b7c sp=0x000000016e38cb10 mode 0
Event: 0.678 Thread 0x000000014a90ac00 DEOPT PACKING pc=0x000000010e84fc48 sp=0x000000016e38ceb0
Event: 0.678 Thread 0x000000014a90ac00 DEOPT UNPACKING pc=0x000000010dfe6b7c sp=0x000000016e38cb10 mode 0
Event: 0.678 Thread 0x000000014a90ac00 DEOPT PACKING pc=0x000000010e84fc48 sp=0x000000016e38ceb0
Event: 0.678 Thread 0x000000014a90ac00 DEOPT UNPACKING pc=0x000000010dfe6b7c sp=0x000000016e38cb10 mode 0
Event: 0.678 Thread 0x000000014a90ac00 DEOPT PACKING pc=0x000000010e84fc48 sp=0x000000016e38ceb0
Event: 0.678 Thread 0x000000014a90ac00 DEOPT UNPACKING pc=0x000000010dfe6b7c sp=0x000000016e38cb10 mode 0
Event: 0.679 Thread 0x000000014a90ac00 DEOPT PACKING pc=0x000000010e84fc48 sp=0x000000016e38ceb0
Event: 0.679 Thread 0x000000014a90ac00 DEOPT UNPACKING pc=0x000000010dfe6b7c sp=0x000000016e38cb10 mode 0
Event: 0.679 Thread 0x000000014a90ac00 DEOPT PACKING pc=0x000000010e84fc48 sp=0x000000016e38ceb0
Event: 0.679 Thread 0x000000014a90ac00 DEOPT UNPACKING pc=0x000000010dfe6b7c sp=0x000000016e38cb10 mode 0
Event: 1.172 Thread 0x000000012e994a00 Uncommon trap: trap_request=0xffffff45 fr.pc=0x0000000115aced44 relative=0x0000000000000dc4
Event: 1.172 Thread 0x000000012e994a00 Uncommon trap: reason=unstable_if action=reinterpret pc=0x0000000115aced44 method=java.util.concurrent.ConcurrentHashMap.putVal(Ljava/lang/Object;Ljava/lang/Object;Z)Ljava/lang/Object; @ 148 c2
Event: 1.172 Thread 0x000000012e994a00 DEOPT PACKING pc=0x0000000115aced44 sp=0x000000016fb296e0
Event: 1.172 Thread 0x000000012e994a00 DEOPT UNPACKING pc=0x000000010dfe6d1c sp=0x000000016fb29600 mode 2
Event: 1.173 Thread 0x000000012e994a00 DEOPT PACKING pc=0x000000010e809724 sp=0x000000016fb29ce0
Event: 1.173 Thread 0x000000012e994a00 DEOPT UNPACKING pc=0x000000010dfe6b7c sp=0x000000016fb29a40 mode 3
Event: 1.173 Thread 0x000000012e994a00 DEOPT PACKING pc=0x000000010e7db958 sp=0x000000016fb29840
Event: 1.173 Thread 0x000000012e994a00 DEOPT UNPACKING pc=0x000000010dfe6b7c sp=0x000000016fb29590 mode 3

Classes loaded (20 events):
Event: 1.171 Loading class sun/util/locale/provider/TimeZoneNameProviderImpl done
Event: 1.171 Loading class sun/util/cldr/CLDRTimeZoneNameProviderImpl done
Event: 1.172 Loading class sun/util/locale/provider/BaseLocaleDataMetaInfo
Event: 1.172 Loading class sun/util/locale/provider/BaseLocaleDataMetaInfo done
Event: 1.172 Loading class sun/util/resources/cldr/TimeZoneNames
Event: 1.172 Loading class sun/util/resources/TimeZoneNamesBundle
Event: 1.172 Loading class sun/util/resources/OpenListResourceBundle
Event: 1.172 Loading class sun/util/resources/OpenListResourceBundle done
Event: 1.172 Loading class sun/util/resources/TimeZoneNamesBundle done
Event: 1.172 Loading class sun/util/resources/cldr/TimeZoneNames done
Event: 1.172 Loading class sun/util/resources/cldr/TimeZoneNames_en
Event: 1.173 Loading class sun/util/resources/cldr/TimeZoneNames_en done
Event: 1.173 Loading class sun/util/resources/cldr/TimeZoneNames_en_US
Event: 1.173 Loading class sun/util/resources/cldr/TimeZoneNames_en_US done
Event: 1.217 Loading class java/util/EnumMap$Values
Event: 1.217 Loading class java/util/EnumMap$Values done
Event: 1.217 Loading class java/util/EnumMap$ValueIterator
Event: 1.217 Loading class java/util/EnumMap$EnumMapIterator
Event: 1.217 Loading class java/util/EnumMap$EnumMapIterator done
Event: 1.217 Loading class java/util/EnumMap$ValueIterator done

Classes unloaded (0 events):
No events

Classes redefined (0 events):
No events

Internal exceptions (20 events):
Event: 0.498 Thread 0x000000014a901200 Exception <a 'java/lang/NoSuchMethodError'{0x000000070f494838}: 'int java.lang.invoke.DirectMethodHandle$Holder.invokeSpecial(java.lang.Object, java.lang.Object, java.lang.Object, int)'> (0x000000070f494838) 
thrown [open/src/hotspot/share/interpreter/linkResolver.cpp, line 766]
Event: 0.498 Thread 0x000000014a901200 Exception <a 'java/lang/NoSuchMethodError'{0x000000070f49f018}: 'void java.lang.invoke.DelegatingMethodHandle$Holder.reinvoke_L(java.lang.Object, java.lang.Object, int)'> (0x000000070f49f018) 
thrown [open/src/hotspot/share/interpreter/linkResolver.cpp, line 766]
Event: 0.498 Thread 0x000000014a901200 Exception <a 'java/lang/NoSuchMethodError'{0x000000070f4a6340}: 'int java.lang.invoke.DirectMethodHandle$Holder.invokeSpecial(java.lang.Object, java.lang.Object, java.lang.Object)'> (0x000000070f4a6340) 
thrown [open/src/hotspot/share/interpreter/linkResolver.cpp, line 766]
Event: 0.507 Thread 0x000000014a901200 Exception <a 'java/lang/NoSuchMethodError'{0x000000070f566878}: 'void java.lang.invoke.Invokers$Holder.invokeExact_MT(java.lang.Object, java.lang.Object, java.lang.Object, java.lang.Object)'> (0x000000070f566878) 
thrown [open/src/hotspot/share/interpreter/linkResolver.cpp, line 766]
Event: 0.512 Thread 0x000000014a901200 Implicit null exception at 0x0000000115acb594 to 0x0000000115acb7dc
Event: 0.515 Thread 0x000000014a901200 Implicit null exception at 0x0000000115ac6414 to 0x0000000115ac664c
Event: 0.515 Thread 0x000000014a901200 Implicit null exception at 0x0000000115ac47d4 to 0x0000000115ac4840
Event: 0.559 Thread 0x000000014a901200 Exception <a 'java/lang/ClassNotFoundException'{0x000000070ef80588}: com/sun/javafx/scene/control/skin/resources/controls> (0x000000070ef80588) 
thrown [open/src/hotspot/share/prims/jni.cpp, line 535]
Event: 0.559 Thread 0x000000014a901200 Exception <a 'java/lang/ClassNotFoundException'{0x000000070ef8e528}: com/sun/javafx/scene/control/skin/resources/controls_en> (0x000000070ef8e528) 
thrown [open/src/hotspot/share/prims/jni.cpp, line 535]
Event: 0.559 Thread 0x000000014a901200 Exception <a 'java/lang/ClassNotFoundException'{0x000000070ef8f4c0}: com/sun/javafx/scene/control/skin/resources/controls_en_US> (0x000000070ef8f4c0) 
thrown [open/src/hotspot/share/prims/jni.cpp, line 535]
Event: 0.571 Thread 0x000000014a901200 Exception <a 'java/lang/NoSuchMethodError'{0x000000070ed4c978}: 'void java.lang.invoke.DirectMethodHandle$Holder.invokeSpecial(java.lang.Object, java.lang.Object, java.lang.Object, java.lang.Object, java.lang.Object, java.lang.Object)'> (0x000000070ed4c978) 
thrown [open/src/hotspot/share/interpreter/linkResolver.cpp, line 766]
Event: 0.581 Thread 0x000000014a901200 Exception <a 'java/lang/NoSuchMethodError'{0x000000070ebb2c18}: 'java.lang.Object java.lang.invoke.DirectMethodHandle$Holder.invokeInterface(java.lang.Object, java.lang.Object, java.lang.Object)'> (0x000000070ebb2c18) 
thrown [open/src/hotspot/share/interpreter/linkResolver.cpp, line 766]
Event: 0.581 Thread 0x000000014a901200 Exception <a 'java/lang/IncompatibleClassChangeError'{0x000000070ebb6598}: Found class java.lang.Object, but interface was expected> (0x000000070ebb6598) 
thrown [open/src/hotspot/share/interpreter/linkResolver.cpp, line 833]
Event: 0.600 Thread 0x000000014a901200 Exception <a 'java/lang/NoSuchMethodError'{0x000000070e574ac8}: 'int java.lang.invoke.DirectMethodHandle$Holder.invokeSpecial(java.lang.Object, java.lang.Object, int)'> (0x000000070e574ac8) 
thrown [open/src/hotspot/share/interpreter/linkResolver.cpp, line 766]
Event: 0.606 Thread 0x000000014a901200 Exception <a 'java/lang/NoSuchMethodError'{0x000000070e5a37f8}: 'java.lang.Object java.lang.invoke.DirectMethodHandle$Holder.newInvokeSpecial(java.lang.Object, java.lang.Object, int)'> (0x000000070e5a37f8) 
thrown [open/src/hotspot/share/interpreter/linkResolver.cpp, line 766]
Event: 0.640 Thread 0x000000014a90ac00 Exception <a 'java/lang/NoSuchMethodError'{0x000000070e2a67c0}: 'int java.lang.invoke.DirectMethodHandle$Holder.invokeStaticInit(java.lang.Object, java.lang.Object)'> (0x000000070e2a67c0) 
thrown [open/src/hotspot/share/interpreter/linkResolver.cpp, line 766]
Event: 0.649 Thread 0x000000014a901200 Exception <a 'java/lang/NoSuchMethodError'{0x000000070e228450}: 'long java.lang.invoke.DirectMethodHandle$Holder.invokeStatic(java.lang.Object, java.lang.Object, java.lang.Object)'> (0x000000070e228450) 
thrown [open/src/hotspot/share/interpreter/linkResolver.cpp, line 766]
Event: 0.649 Thread 0x000000014a901200 Exception <a 'java/lang/NoSuchMethodError'{0x000000070e22bbf0}: 'long java.lang.invoke.DirectMethodHandle$Holder.invokeStaticInit(java.lang.Object, java.lang.Object, java.lang.Object)'> (0x000000070e22bbf0) 
thrown [open/src/hotspot/share/interpreter/linkResolver.cpp, line 766]
Event: 0.650 Thread 0x000000014a901200 Exception <a 'java/lang/NoSuchMethodError'{0x000000070e34fc68}: 'java.lang.Object java.lang.invoke.DirectMethodHandle$Holder.newInvokeSpecial(java.lang.Object, java.lang.Object, long)'> (0x000000070e34fc68) 
thrown [open/src/hotspot/share/interpreter/linkResolver.cpp, line 766]
Event: 0.650 Thread 0x000000014a901200 Exception <a 'java/lang/NoSuchMethodError'{0x000000070e353538}: 'java.lang.Object java.lang.invoke.Invokers$Holder.linkToTargetMethod(java.lang.Object, long, java.lang.Object)'> (0x000000070e353538) 
thrown [open/src/hotspot/share/interpreter/linkResolver.cpp, line 766]

VM Operations (20 events):
Event: 0.061 Executing VM operation: HandshakeAllThreads
Event: 0.061 Executing VM operation: HandshakeAllThreads done
Event: 0.064 Executing VM operation: HandshakeAllThreads
Event: 0.064 Executing VM operation: HandshakeAllThreads done
Event: 0.081 Executing VM operation: HandshakeAllThreads
Event: 0.081 Executing VM operation: HandshakeAllThreads done
Event: 0.083 Executing VM operation: ICBufferFull
Event: 0.083 Executing VM operation: ICBufferFull done
Event: 0.330 Executing VM operation: ICBufferFull
Event: 0.330 Executing VM operation: ICBufferFull done
Event: 0.332 Executing VM operation: G1CollectForAllocation
Event: 0.335 Executing VM operation: G1CollectForAllocation done
Event: 0.457 Executing VM operation: HandshakeAllThreads
Event: 0.457 Executing VM operation: HandshakeAllThreads done
Event: 0.475 Executing VM operation: HandshakeAllThreads
Event: 0.475 Executing VM operation: HandshakeAllThreads done
Event: 0.491 Executing VM operation: ICBufferFull
Event: 0.491 Executing VM operation: ICBufferFull done
Event: 0.595 Executing VM operation: ICBufferFull
Event: 0.595 Executing VM operation: ICBufferFull done

Events (20 events):
Event: 0.205 Protecting memory [0x000000016e5a4000,0x000000016e5b0000] with protection modes 0
Event: 0.234 Protecting memory [0x000000016e5a4000,0x000000016e5b0000] with protection modes 3
Event: 0.234 Thread 0x000000013c201e00 Thread exited: 0x000000013c201e00
Event: 0.266 Protecting memory [0x000000016e5a4000,0x000000016e5b0000] with protection modes 0
Event: 0.266 Thread 0x000000014b0e0600 Thread added: 0x000000014b0e0600
Event: 0.274 Thread 0x000000014a9a3a00 Thread added: 0x000000014a9a3a00
Event: 0.274 Protecting memory [0x000000016e8c8000,0x000000016e8d4000] with protection modes 0
Event: 0.285 Loaded shared library /Users/sam/Library/Java/JavaVirtualMachines/openjdk-18.0.1.1/Contents/Home/lib/libjimage.dylib
Event: 0.349 Loading shared library /Users/sam/.m2/repository/org/openjfx/javafx-graphics/17.0.1/libjavafx_font.dylib failed, dlopen(/Users/sam/.m2/repository/org/openjfx/javafx-graphics/17.0.1/libjavafx_font.dylib, 0x0001): tried: '/Users/sam/.m2/repository/org/openj
Event: 0.350 Loaded shared library /Users/sam/.openjfx/cache/17.0.1/libjavafx_font.dylib
Event: 0.462 Thread 0x000000013c255a00 Thread added: 0x000000013c255a00
Event: 0.462 Protecting memory [0x000000016f510000,0x000000016f51c000] with protection modes 0
Event: 0.516 Protecting memory [0x000000016e5a4000,0x000000016e5b0000] with protection modes 3
Event: 0.516 Thread 0x000000014b0e0600 Thread exited: 0x000000014b0e0600
Event: 0.532 Protecting memory [0x000000016e5a4000,0x000000016e5b0000] with protection modes 0
Event: 0.532 Thread 0x000000014b0d5400 Thread added: 0x000000014b0d5400
Event: 0.656 Thread 0x000000013c286400 Thread added: 0x000000013c286400
Event: 0.656 Protecting memory [0x000000016f71c000,0x000000016f728000] with protection modes 0
Event: 1.065 Thread 0x000000012e994a00 Thread added: 0x000000012e994a00
Event: 1.065 Protecting memory [0x000000016f928000,0x000000016f934000] with protection modes 0


Dynamic libraries:
0x0000000104630000 	/Users/sam/Library/Java/JavaVirtualMachines/openjdk-18.0.1.1/Contents/Home/lib/libjli.dylib
0x000000019245d000 	/usr/lib/libz.1.dylib
0x0000000192514000 	/usr/lib/libSystem.B.dylib
0x000000019250e000 	/usr/lib/system/libcache.dylib
0x00000001924cc000 	/usr/lib/system/libcommonCrypto.dylib
0x00000001924f5000 	/usr/lib/system/libcompiler_rt.dylib
0x00000001924ec000 	/usr/lib/system/libcopyfile.dylib
0x0000000187733000 	/usr/lib/system/libcorecrypto.dylib
0x00000001877e8000 	/usr/lib/system/libdispatch.dylib
0x00000001879b6000 	/usr/lib/system/libdyld.dylib
0x0000000192504000 	/usr/lib/system/libkeymgr.dylib
0x00000001924a7000 	/usr/lib/system/libmacho.dylib
0x0000000191b97000 	/usr/lib/system/libquarantine.dylib
0x0000000192501000 	/usr/lib/system/libremovefile.dylib
0x000000018cb2e000 	/usr/lib/system/libsystem_asl.dylib
0x00000001876d5000 	/usr/lib/system/libsystem_blocks.dylib
0x0000000187870000 	/usr/lib/system/libsystem_c.dylib
0x00000001924f9000 	/usr/lib/system/libsystem_collections.dylib
0x000000019102c000 	/usr/lib/system/libsystem_configuration.dylib
0x0000000190286000 	/usr/lib/system/libsystem_containermanager.dylib
0x0000000192204000 	/usr/lib/system/libsystem_coreservices.dylib
0x000000018a0e7000 	/usr/lib/system/libsystem_darwin.dylib
0x0000000192505000 	/usr/lib/system/libsystem_dnssd.dylib
0x000000018786d000 	/usr/lib/system/libsystem_featureflags.dylib
0x00000001879cb000 	/usr/lib/system/libsystem_info.dylib
0x000000019246f000 	/usr/lib/system/libsystem_m.dylib
0x00000001877bd000 	/usr/lib/system/libsystem_malloc.dylib
0x000000018cabc000 	/usr/lib/system/libsystem_networkextension.dylib
0x000000018a540000 	/usr/lib/system/libsystem_notify.dylib
0x0000000198869000 	/usr/lib/system/libsystem_product_info_filter.dylib
0x0000000191031000 	/usr/lib/system/libsystem_sandbox.dylib
0x00000001924fe000 	/usr/lib/system/libsystem_secinit.dylib
0x0000000187971000 	/usr/lib/system/libsystem_kernel.dylib
0x00000001879c3000 	/usr/lib/system/libsystem_platform.dylib
0x00000001879a9000 	/usr/lib/system/libsystem_pthread.dylib
0x000000018e292000 	/usr/lib/system/libsystem_symptoms.dylib
0x0000000187719000 	/usr/lib/system/libsystem_trace.dylib
0x00000001924d9000 	/usr/lib/system/libunwind.dylib
0x00000001876d7000 	/usr/lib/system/libxpc.dylib
0x0000000187959000 	/usr/lib/libc++abi.dylib
0x000000018782f000 	/usr/lib/libobjc.A.dylib
0x00000001924e4000 	/usr/lib/liboah.dylib
0x00000001878f2000 	/usr/lib/libc++.1.dylib
0x000000019e397000 	/System/Library/Frameworks/Cocoa.framework/Versions/A/Cocoa
0x000000018a5a1000 	/System/Library/Frameworks/AppKit.framework/Versions/C/AppKit
0x000000018dab8000 	/System/Library/Frameworks/CoreData.framework/Versions/A/CoreData
0x00000001888fc000 	/System/Library/Frameworks/Foundation.framework/Versions/C/Foundation
0x000000018b45a000 	/System/Library/PrivateFrameworks/UIFoundation.framework/Versions/A/UIFoundation
0x0000000198563000 	/System/Library/PrivateFrameworks/RemoteViewServices.framework/Versions/A/RemoteViewServices
0x00000001909d4000 	/System/Library/PrivateFrameworks/XCTTargetBootstrap.framework/Versions/A/XCTTargetBootstrap
0x0000000194254000 	/System/Library/PrivateFrameworks/InternationalSupport.framework/Versions/A/InternationalSupport
0x00000001942dd000 	/System/Library/PrivateFrameworks/UserActivity.framework/Versions/A/UserActivity
0x000000019374b000 	/usr/lib/libspindump.dylib
0x000000018b6cb000 	/System/Library/Frameworks/UniformTypeIdentifiers.framework/Versions/A/UniformTypeIdentifiers
0x000000018ef1c000 	/usr/lib/libapp_launch_measurement.dylib
0x000000018e444000 	/System/Library/PrivateFrameworks/CoreAnalytics.framework/Versions/A/CoreAnalytics
0x000000018ef1f000 	/System/Library/PrivateFrameworks/CoreAutoLayout.framework/Versions/A/CoreAutoLayout
0x00000001902c3000 	/System/Library/Frameworks/Metal.framework/Versions/A/Metal
0x000000019103c000 	/usr/lib/liblangid.dylib
0x00000001909d9000 	/System/Library/PrivateFrameworks/CoreSVG.framework/Versions/A/CoreSVG
0x000000018cb62000 	/System/Library/PrivateFrameworks/SkyLight.framework/Versions/A/SkyLight
0x000000018cf3e000 	/System/Library/Frameworks/CoreGraphics.framework/Versions/A/CoreGraphics
0x0000000198c2f000 	/System/Library/Frameworks/Accelerate.framework/Versions/A/Accelerate
0x00000001931c2000 	/System/Library/PrivateFrameworks/IconServices.framework/Versions/A/IconServices
0x00000001902a5000 	/System/Library/Frameworks/IOSurface.framework/Versions/A/IOSurface
0x000000018e475000 	/usr/lib/libDiagnosticMessagesClient.dylib
0x000000019c134000 	/System/Library/Frameworks/ApplicationServices.framework/Versions/A/ApplicationServices
0x00000001909bc000 	/System/Library/PrivateFrameworks/DFRFoundation.framework/Versions/A/DFRFoundation
0x0000000189e31000 	/usr/lib/libicucore.A.dylib
0x0000000195102000 	/System/Library/Frameworks/AudioToolbox.framework/Versions/A/AudioToolbox
0x0000000194260000 	/System/Library/PrivateFrameworks/DataDetectorsCore.framework/Versions/A/DataDetectorsCore
0x00000001aac80000 	/System/Library/PrivateFrameworks/TextInput.framework/Versions/A/TextInput
0x000000018cad7000 	/usr/lib/libMobileGestalt.dylib
0x0000000190688000 	/System/Library/Frameworks/Carbon.framework/Versions/A/Frameworks/HIToolbox.framework/Versions/A/HIToolbox
0x000000018e8f5000 	/System/Library/Frameworks/QuartzCore.framework/Versions/A/QuartzCore
0x0000000189ab2000 	/System/Library/Frameworks/Security.framework/Versions/A/Security
0x00000001985a3000 	/System/Library/Frameworks/Carbon.framework/Versions/A/Frameworks/SpeechRecognition.framework/Versions/A/SpeechRecognition
0x000000018ec71000 	/System/Library/PrivateFrameworks/CoreUI.framework/Versions/A/CoreUI
0x000000018938e000 	/System/Library/Frameworks/CoreAudio.framework/Versions/A/CoreAudio
0x000000018e569000 	/System/Library/Frameworks/DiskArbitration.framework/Versions/A/DiskArbitration
0x0000000193b55000 	/System/Library/PrivateFrameworks/MultitouchSupport.framework/Versions/A/MultitouchSupport
0x000000018cad5000 	/usr/lib/libenergytrace.dylib
0x000000018a469000 	/System/Library/Frameworks/IOKit.framework/Versions/A/IOKit
0x0000000198992000 	/System/Library/Frameworks/CoreServices.framework/Versions/A/CoreServices
0x000000018eeac000 	/System/Library/PrivateFrameworks/PerformanceAnalysis.framework/Versions/A/PerformanceAnalysis
0x00000001e912b000 	/System/Library/Frameworks/OpenGL.framework/Versions/A/OpenGL
0x0000000191aaf000 	/System/Library/PrivateFrameworks/MobileKeyBag.framework/Versions/A/MobileKeyBag
0x000000018d54c000 	/System/Library/Frameworks/ColorSync.framework/Versions/A/ColorSync
0x00000001879f8000 	/System/Library/Frameworks/CoreFoundation.framework/Versions/A/CoreFoundation
0x0000000190c58000 	/System/Library/Frameworks/CoreImage.framework/Versions/A/CoreImage
0x00000001891b2000 	/System/Library/Frameworks/CoreText.framework/Versions/A/CoreText
0x0000000190a09000 	/System/Library/Frameworks/ImageIO.framework/Versions/A/ImageIO
0x000000019251a000 	/System/Library/PrivateFrameworks/SoftLinking.framework/Versions/A/SoftLinking
0x000000018ef6a000 	/usr/lib/libxml2.2.dylib
0x00000001927b3000 	/usr/lib/libcompression.dylib
0x00000001941b0000 	/System/Library/PrivateFrameworks/TextureIO.framework/Versions/A/TextureIO
0x0000000192edb000 	/usr/lib/libate.dylib
0x0000000192da0000 	/usr/lib/liblzma.5.dylib
0x00000001885ef000 	/System/Library/Frameworks/SystemConfiguration.framework/Versions/A/SystemConfiguration
0x0000000192516000 	/usr/lib/libfakelink.dylib
0x000000018c607000 	/System/Library/Frameworks/CFNetwork.framework/Versions/A/CFNetwork
0x000000019265c000 	/usr/lib/libarchive.2.dylib
0x0000000191038000 	/System/Library/PrivateFrameworks/AppleSystemInfo.framework/Versions/A/AppleSystemInfo
0x0000000191bc2000 	/usr/lib/libbsm.0.dylib
0x000000018bb74000 	/usr/lib/libnetwork.dylib
0x00000001924b0000 	/usr/lib/system/libkxld.dylib
0x00000001917dc000 	/System/Library/PrivateFrameworks/IOMobileFramebuffer.framework/Versions/A/IOMobileFramebuffer
0x0000000207515000 	/usr/lib/libCoreEntitlements.dylib
0x00000001921e6000 	/System/Library/PrivateFrameworks/AppleFSCompression.framework/Versions/A/AppleFSCompression
0x0000000191baa000 	/usr/lib/libcoretls.dylib
0x0000000192db9000 	/usr/lib/libcoretls_cfhelpers.dylib
0x00000001927ae000 	/usr/lib/libpam.2.dylib
0x000000018dea8000 	/usr/lib/libsqlite3.dylib
0x0000000192e22000 	/usr/lib/libxar.1.dylib
0x00000001921f7000 	/usr/lib/libbz2.1.0.dylib
0x000000019251b000 	/usr/lib/libpcap.A.dylib
0x000000018e289000 	/usr/lib/libdns_services.dylib
0x0000000192781000 	/usr/lib/libapple_nghttp2.dylib
0x0000000192558000 	/usr/lib/libiconv.2.dylib
0x00000001924a6000 	/usr/lib/libcharset.1.dylib
0x000000018eee8000 	/System/Library/Frameworks/CoreServices.framework/Versions/A/Frameworks/FSEvents.framework/Versions/A/FSEvents
0x000000018a0f2000 	/System/Library/Frameworks/CoreServices.framework/Versions/A/Frameworks/CarbonCore.framework/Versions/A/CarbonCore
0x000000018e4c9000 	/System/Library/Frameworks/CoreServices.framework/Versions/A/Frameworks/Metadata.framework/Versions/A/Metadata
0x000000019220a000 	/System/Library/Frameworks/CoreServices.framework/Versions/A/Frameworks/OSServices.framework/Versions/A/OSServices
0x00000001926e2000 	/System/Library/Frameworks/CoreServices.framework/Versions/A/Frameworks/SearchKit.framework/Versions/A/SearchKit
0x000000018e217000 	/System/Library/Frameworks/CoreServices.framework/Versions/A/Frameworks/AE.framework/Versions/A/AE
0x0000000187f3f000 	/System/Library/Frameworks/CoreServices.framework/Versions/A/Frameworks/LaunchServices.framework/Versions/A/LaunchServices
0x0000000192d49000 	/System/Library/Frameworks/CoreServices.framework/Versions/A/Frameworks/DictionaryServices.framework/Versions/A/DictionaryServices
0x000000018eef5000 	/System/Library/Frameworks/CoreServices.framework/Versions/A/Frameworks/SharedFileList.framework/Versions/A/SharedFileList
0x0000000191b9a000 	/usr/lib/libCheckFix.dylib
0x000000018cb46000 	/System/Library/PrivateFrameworks/TCC.framework/Versions/A/TCC
0x000000019103e000 	/System/Library/PrivateFrameworks/CoreNLP.framework/Versions/A/CoreNLP
0x000000018e478000 	/System/Library/PrivateFrameworks/MetadataUtilities.framework/Versions/A/MetadataUtilities
0x00000001886a9000 	/usr/lib/libmecabra.dylib
0x0000000191bd3000 	/usr/lib/libmecab.dylib
0x0000000188675000 	/usr/lib/libCRFSuite.dylib
0x0000000191c30000 	/usr/lib/libgermantok.dylib
0x000000019275a000 	/usr/lib/libThaiTokenizer.dylib
0x000000018e571000 	/System/Library/Frameworks/Accelerate.framework/Versions/A/Frameworks/vImage.framework/Versions/A/vImage
0x0000000198969000 	/System/Library/Frameworks/Accelerate.framework/Versions/A/Frameworks/vecLib.framework/Versions/A/vecLib
0x0000000192e67000 	/System/Library/Frameworks/Accelerate.framework/Versions/A/Frameworks/vecLib.framework/Versions/A/libvMisc.dylib
0x00000001916e3000 	/System/Library/Frameworks/Accelerate.framework/Versions/A/Frameworks/vecLib.framework/Versions/A/libvDSP.dylib
0x00000001882ca000 	/System/Library/Frameworks/Accelerate.framework/Versions/A/Frameworks/vecLib.framework/Versions/A/libBLAS.dylib
0x0000000192884000 	/System/Library/Frameworks/Accelerate.framework/Versions/A/Frameworks/vecLib.framework/Versions/A/libLAPACK.dylib
0x0000000191c33000 	/System/Library/Frameworks/Accelerate.framework/Versions/A/Frameworks/vecLib.framework/Versions/A/libLinearAlgebra.dylib
0x0000000192799000 	/System/Library/Frameworks/Accelerate.framework/Versions/A/Frameworks/vecLib.framework/Versions/A/libSparseBLAS.dylib
0x000000019287f000 	/System/Library/Frameworks/Accelerate.framework/Versions/A/Frameworks/vecLib.framework/Versions/A/libQuadrature.dylib
0x0000000191137000 	/System/Library/Frameworks/Accelerate.framework/Versions/A/Frameworks/vecLib.framework/Versions/A/libBNNS.dylib
0x0000000188588000 	/System/Library/Frameworks/Accelerate.framework/Versions/A/Frameworks/vecLib.framework/Versions/A/libSparse.dylib
0x000000019112f000 	/System/Library/PrivateFrameworks/LinguisticData.framework/Versions/A/LinguisticData
0x0000000188540000 	/System/Library/PrivateFrameworks/Lexicon.framework/Versions/A/Lexicon
0x0000000192e5f000 	/usr/lib/libChineseTokenizer.dylib
0x0000000188cee000 	/System/Library/PrivateFrameworks/LanguageModeling.framework/Versions/A/LanguageModeling
0x000000019275c000 	/System/Library/PrivateFrameworks/AppleSauce.framework/Versions/A/AppleSauce
0x00000001917c9000 	/System/Library/PrivateFrameworks/CoreEmoji.framework/Versions/A/CoreEmoji
0x000000019264a000 	/usr/lib/libcmph.dylib
0x000000018eec8000 	/System/Library/Frameworks/OpenDirectory.framework/Versions/A/Frameworks/CFOpenDirectory.framework/Versions/A/CFOpenDirectory
0x000000018eeb8000 	/System/Library/Frameworks/OpenDirectory.framework/Versions/A/OpenDirectory
0x0000000192dbb000 	/System/Library/PrivateFrameworks/APFS.framework/Versions/A/APFS
0x0000000191aea000 	/System/Library/Frameworks/SecurityFoundation.framework/Versions/A/SecurityFoundation
0x0000000192e31000 	/usr/lib/libutil.dylib
0x000000018a42b000 	/System/Library/PrivateFrameworks/CoreServicesStore.framework/Versions/A/CoreServicesStore
0x0000000192e35000 	/usr/lib/libxslt.1.dylib
0x0000000191b7e000 	/System/Library/PrivateFrameworks/BackgroundTaskManagement.framework/Versions/A/BackgroundTaskManagement
0x00000001940d1000 	/System/Library/Frameworks/ImageIO.framework/Versions/A/Resources/libRadiance.dylib
0x00000001940da000 	/System/Library/Frameworks/ImageIO.framework/Versions/A/Resources/libJPEG.dylib
0x000000019402d000 	/System/Library/Frameworks/ImageIO.framework/Versions/A/Resources/libPng.dylib
0x000000019404f000 	/System/Library/Frameworks/ImageIO.framework/Versions/A/Resources/libTIFF.dylib
0x0000000194135000 	/System/Library/Frameworks/ImageIO.framework/Versions/A/Resources/libGIF.dylib
0x0000000193a65000 	/System/Library/Frameworks/ImageIO.framework/Versions/A/Resources/libJP2.dylib
0x0000000193187000 	/usr/lib/libexpat.1.dylib
0x0000000193a20000 	/System/Library/PrivateFrameworks/AppleJPEG.framework/Versions/A/AppleJPEG
0x0000000190544000 	/System/Library/PrivateFrameworks/FontServices.framework/libFontParser.dylib
0x000000018e1bc000 	/System/Library/PrivateFrameworks/RunningBoardServices.framework/Versions/A/RunningBoardServices
0x000000019ea6e000 	/System/Library/PrivateFrameworks/IOSurfaceAccelerator.framework/Versions/A/IOSurfaceAccelerator
0x0000000193b51000 	/System/Library/PrivateFrameworks/WatchdogClient.framework/Versions/A/WatchdogClient
0x0000000188dee000 	/System/Library/Frameworks/CoreDisplay.framework/Versions/A/CoreDisplay
0x000000019042e000 	/System/Library/Frameworks/CoreMedia.framework/Versions/A/CoreMedia
0x00000001902b9000 	/System/Library/PrivateFrameworks/IOAccelerator.framework/Versions/A/IOAccelerator
0x000000018f058000 	/System/Library/Frameworks/CoreVideo.framework/Versions/A/CoreVideo
0x00000001927ac000 	/System/Library/Frameworks/MetalPerformanceShaders.framework/Versions/A/MetalPerformanceShaders
0x0000000193b90000 	/System/Library/Frameworks/VideoToolbox.framework/Versions/A/VideoToolbox
0x000000018e100000 	/System/Library/PrivateFrameworks/BaseBoard.framework/Versions/A/BaseBoard
0x000000018de8e000 	/System/Library/PrivateFrameworks/ProtocolBuffer.framework/Versions/A/ProtocolBuffer
0x00000001940cc000 	/System/Library/PrivateFrameworks/GPUWrangler.framework/Versions/A/GPUWrangler
0x00000001940ac000 	/System/Library/PrivateFrameworks/IOPresentment.framework/Versions/A/IOPresentment
0x00000001940d4000 	/System/Library/PrivateFrameworks/DSExternalDisplay.framework/Versions/A/DSExternalDisplay
0x00000001e911e000 	/System/Library/Frameworks/OpenGL.framework/Versions/A/Libraries/libCoreFSCache.dylib
0x00000001f3fe8000 	/System/Library/PrivateFrameworks/GPUCompiler.framework/Versions/31001/Libraries/libGPUCompilerUtils.dylib
0x000000019413a000 	/System/Library/PrivateFrameworks/CMCaptureCore.framework/Versions/A/CMCaptureCore
0x0000000193738000 	/System/Library/PrivateFrameworks/AppServerSupport.framework/Versions/A/AppServerSupport
0x00000001959c0000 	/System/Library/PrivateFrameworks/perfdata.framework/Versions/A/perfdata
0x0000000188f0e000 	/System/Library/PrivateFrameworks/AudioToolboxCore.framework/Versions/A/AudioToolboxCore
0x0000000190407000 	/System/Library/PrivateFrameworks/caulk.framework/Versions/A/caulk
0x00000001952b5000 	/usr/lib/libAudioStatistics.dylib
0x00000001a72d3000 	/System/Library/PrivateFrameworks/SystemPolicy.framework/Versions/A/SystemPolicy
0x0000000195521000 	/usr/lib/libSMC.dylib
0x000000019e275000 	/System/Library/Frameworks/CoreMIDI.framework/Versions/A/CoreMIDI
0x0000000193ffb000 	/usr/lib/libAudioToolboxUtility.dylib
0x00000001a3436000 	/System/Library/PrivateFrameworks/OSAServicesClient.framework/Versions/A/OSAServicesClient
0x00000001959cd000 	/usr/lib/libperfcheck.dylib
0x00000001a7df2000 	/usr/lib/libmis.dylib
0x00000001e9180000 	/System/Library/Frameworks/OpenGL.framework/Versions/A/Libraries/libGLU.dylib
0x00000001e913f000 	/System/Library/Frameworks/OpenGL.framework/Versions/A/Libraries/libGFXShared.dylib
0x00000001e932c000 	/System/Library/Frameworks/OpenGL.framework/Versions/A/Libraries/libGL.dylib
0x00000001e9148000 	/System/Library/Frameworks/OpenGL.framework/Versions/A/Libraries/libGLImage.dylib
0x00000001e913c000 	/System/Library/Frameworks/OpenGL.framework/Versions/A/Libraries/libCVMSPluginSupport.dylib
0x00000001e9125000 	/System/Library/Frameworks/OpenGL.framework/Versions/A/Libraries/libCoreVMClient.dylib
0x0000000190fb8000 	/System/Library/Frameworks/MetalPerformanceShaders.framework/Versions/A/Frameworks/MPSCore.framework/Versions/A/MPSCore
0x0000000192159000 	/System/Library/Frameworks/MetalPerformanceShaders.framework/Versions/A/Frameworks/MPSImage.framework/Versions/A/MPSImage
0x0000000191c48000 	/System/Library/Frameworks/MetalPerformanceShaders.framework/Versions/A/Frameworks/MPSNeuralNetwork.framework/Versions/A/MPSNeuralNetwork
0x0000000192081000 	/System/Library/Frameworks/MetalPerformanceShaders.framework/Versions/A/Frameworks/MPSMatrix.framework/Versions/A/MPSMatrix
0x0000000191e5a000 	/System/Library/Frameworks/MetalPerformanceShaders.framework/Versions/A/Frameworks/MPSRayIntersector.framework/Versions/A/MPSRayIntersector
0x00000001920b2000 	/System/Library/Frameworks/MetalPerformanceShaders.framework/Versions/A/Frameworks/MPSNDArray.framework/Versions/A/MPSNDArray
0x00000001ebc27000 	/System/Library/Frameworks/MetalPerformanceShaders.framework/Versions/A/Frameworks/MPSFunctions.framework/Versions/A/MPSFunctions
0x00000001881a0000 	/System/Library/PrivateFrameworks/MetalTools.framework/Versions/A/MetalTools
0x0000000191036000 	/System/Library/PrivateFrameworks/AggregateDictionary.framework/Versions/A/AggregateDictionary
0x0000000192f6c000 	/usr/lib/libIOReport.dylib
0x000000019d28e000 	/System/Library/PrivateFrameworks/ASEProcessing.framework/Versions/A/ASEProcessing
0x00000001932e1000 	/System/Library/PrivateFrameworks/FaceCore.framework/Versions/A/FaceCore
0x00000001932d3000 	/System/Library/PrivateFrameworks/GraphVisualizer.framework/Versions/A/GraphVisualizer
0x00000001f3eff000 	/System/Library/PrivateFrameworks/FontServices.framework/Versions/A/FontServices
0x00000001936f4000 	/System/Library/PrivateFrameworks/OTSVG.framework/Versions/A/OTSVG
0x000000018ec21000 	/System/Library/Frameworks/ApplicationServices.framework/Versions/A/Frameworks/ATS.framework/Versions/A/Resources/libFontRegistry.dylib
0x0000000193741000 	/System/Library/PrivateFrameworks/FontServices.framework/libhvf.dylib
0x00000001f3f00000 	/System/Library/PrivateFrameworks/FontServices.framework/libXTFontStaticRegistryData.dylib
0x00000001e94cd000 	/System/Library/Frameworks/OpenCL.framework/Versions/A/OpenCL
0x000000019313b000 	/System/Library/PrivateFrameworks/AppleVA.framework/Versions/A/AppleVA
0x00000001952dd000 	/System/Library/Frameworks/ApplicationServices.framework/Versions/A/Frameworks/ATS.framework/Versions/A/ATS
0x000000018d64b000 	/System/Library/Frameworks/ApplicationServices.framework/Versions/A/Frameworks/HIServices.framework/Versions/A/HIServices
0x0000000194144000 	/System/Library/Frameworks/ApplicationServices.framework/Versions/A/Frameworks/PrintCore.framework/Versions/A/PrintCore
0x0000000195674000 	/System/Library/Frameworks/ApplicationServices.framework/Versions/A/Frameworks/QD.framework/Versions/A/QD
0x000000019566c000 	/System/Library/Frameworks/ApplicationServices.framework/Versions/A/Frameworks/ColorSyncLegacy.framework/Versions/A/ColorSyncLegacy
0x00000001952c9000 	/System/Library/Frameworks/ApplicationServices.framework/Versions/A/Frameworks/SpeechSynthesis.framework/Versions/A/SpeechSynthesis
0x0000000194105000 	/System/Library/Frameworks/ApplicationServices.framework/Versions/A/Frameworks/ATSUI.framework/Versions/A/ATSUI
0x0000000195601000 	/usr/lib/libcups.2.dylib
0x00000001959db000 	/System/Library/Frameworks/Kerberos.framework/Versions/A/Kerberos
0x00000001959ec000 	/System/Library/Frameworks/GSS.framework/Versions/A/GSS
0x000000019534d000 	/usr/lib/libresolv.9.dylib
0x0000000193750000 	/System/Library/PrivateFrameworks/Heimdal.framework/Versions/A/Heimdal
0x000000019c4c4000 	/System/Library/Frameworks/Kerberos.framework/Versions/A/Libraries/libHeimdalProxy.dylib
0x000000018e29b000 	/System/Library/Frameworks/Network.framework/Versions/A/Network
0x00000001931a2000 	/usr/lib/libheimdal-asn1.dylib
0x0000000195a3c000 	/System/Library/PrivateFrameworks/CommonAuth.framework/Versions/A/CommonAuth
0x0000000195243000 	/System/Library/PrivateFrameworks/AudioSession.framework/Versions/A/AudioSession
0x0000000193234000 	/System/Library/PrivateFrameworks/MediaExperience.framework/Versions/A/MediaExperience
0x00000001950c8000 	/System/Library/PrivateFrameworks/AudioSession.framework/libSessionUtility.dylib
0x0000000195680000 	/System/Library/PrivateFrameworks/AudioResourceArbitration.framework/Versions/A/AudioResourceArbitration
0x0000000199846000 	/System/Library/PrivateFrameworks/PowerLog.framework/Versions/A/PowerLog
0x00000001931ac000 	/System/Library/PrivateFrameworks/IconFoundation.framework/Versions/A/IconFoundation
0x000000019858f000 	/System/Library/PrivateFrameworks/SpeechRecognitionCore.framework/Versions/A/SpeechRecognitionCore
0x0000000105760000 	/Users/sam/Library/Java/JavaVirtualMachines/openjdk-18.0.1.1/Contents/Home/lib/server/libjvm.dylib
0x0000000104694000 	/Users/sam/Library/Java/JavaVirtualMachines/openjdk-18.0.1.1/Contents/Home/lib/libjimage.dylib
0x00000001046c0000 	/Users/sam/Library/Java/JavaVirtualMachines/openjdk-18.0.1.1/Contents/Home/lib/libinstrument.dylib
0x000000010470c000 	/Users/sam/Library/Java/JavaVirtualMachines/openjdk-18.0.1.1/Contents/Home/lib/libjava.dylib
0x0000000105278000 	/Users/sam/Library/Java/JavaVirtualMachines/openjdk-18.0.1.1/Contents/Home/lib/libnio.dylib
0x0000000105298000 	/Users/sam/Library/Java/JavaVirtualMachines/openjdk-18.0.1.1/Contents/Home/lib/libnet.dylib
0x00000001046f4000 	/Users/sam/Library/Java/JavaVirtualMachines/openjdk-18.0.1.1/Contents/Home/lib/libzip.dylib
0x00000001052b8000 	/Users/sam/.openjfx/cache/17.0.1/libprism_es2.dylib
0x000000018a3ee000 	/System/Library/PrivateFrameworks/CoreServicesInternal.framework/Versions/A/CoreServicesInternal
0x00000001e9336000 	/System/Library/Frameworks/OpenGL.framework/Versions/A/Resources/GLEngine.bundle/GLEngine
0x00000001e91be000 	/System/Library/Frameworks/OpenGL.framework/Versions/A/Libraries/libGLProgrammability.dylib
0x00000001054c0000 	/System/Library/Extensions/AppleMetalOpenGLRenderer.bundle/Contents/MacOS/AppleMetalOpenGLRenderer
0x00000001e94a5000 	/System/Library/Frameworks/OpenGL.framework/Versions/A/Resources/GLRendererFloat.bundle/GLRendererFloat
0x00000001e95a5000 	/System/Library/Extensions/AGXMetal13_3.bundle/Contents/MacOS/AGXMetal13_3
0x00000001a7e0e000 	/System/Library/PrivateFrameworks/GPURawCounter.framework/Versions/A/GPURawCounter
0x00000001a259f000 	/System/Library/PrivateFrameworks/IOGPU.framework/Versions/A/IOGPU
0x000000012de00000 	/Users/sam/.openjfx/cache/17.0.1/libglass.dylib
0x0000000199a9e000 	/System/Library/Frameworks/FileProvider.framework/Versions/A/FileProvider
0x000000018e068000 	/System/Library/Frameworks/Accounts.framework/Versions/A/Accounts
0x0000000199c22000 	/System/Library/PrivateFrameworks/GenerationalStorage.framework/Versions/A/GenerationalStorage
0x000000019a7e5000 	/System/Library/PrivateFrameworks/CoreSymbolication.framework/Versions/A/CoreSymbolication
0x000000019983a000 	/System/Library/PrivateFrameworks/SymptomDiagnosticReporter.framework/Versions/A/SymptomDiagnosticReporter
0x000000018b6df000 	/System/Library/PrivateFrameworks/DesktopServicesPriv.framework/Versions/A/DesktopServicesPriv
0x000000018a550000 	/usr/lib/libsandbox.1.dylib
0x000000018f0e6000 	/System/Library/PrivateFrameworks/UserManagement.framework/Versions/A/UserManagement
0x000000019a7a2000 	/System/Library/PrivateFrameworks/DebugSymbols.framework/Versions/A/DebugSymbols
0x000000019565f000 	/System/Library/PrivateFrameworks/NetAuth.framework/Versions/A/NetAuth
0x0000000196580000 	/System/Library/PrivateFrameworks/Sharing.framework/Versions/A/Sharing
0x000000018f0b6000 	/System/Library/PrivateFrameworks/login.framework/Versions/A/Frameworks/loginsupport.framework/Versions/A/loginsupport
0x000000019b9d9000 	/System/Library/PrivateFrameworks/Apple80211.framework/Versions/A/Apple80211
0x000000019223d000 	/System/Library/PrivateFrameworks/AuthKit.framework/Versions/A/AuthKit
0x00000001918c5000 	/System/Library/PrivateFrameworks/CoreUtils.framework/Versions/A/CoreUtils
0x00000001917e8000 	/System/Library/Frameworks/CoreWLAN.framework/Versions/A/CoreWLAN
0x00000001966f0000 	/System/Library/Frameworks/IOBluetooth.framework/Versions/A/IOBluetooth
0x000000019ba39000 	/System/Library/PrivateFrameworks/CoreWiFi.framework/Versions/A/CoreWiFi
0x000000019a382000 	/System/Library/PrivateFrameworks/FrontBoardServices.framework/Versions/A/FrontBoardServices
0x000000019a41a000 	/System/Library/PrivateFrameworks/BoardServices.framework/Versions/A/BoardServices
0x0000000191ad8000 	/System/Library/PrivateFrameworks/AssertionServices.framework/Versions/A/AssertionServices
0x000000019bbb6000 	/System/Library/PrivateFrameworks/BackBoardServices.framework/Versions/A/BackBoardServices
0x0000000195ad3000 	/System/Library/PrivateFrameworks/CorePhoneNumbers.framework/Versions/A/CorePhoneNumbers
0x000000019537a000 	/System/Library/PrivateFrameworks/MultiverseSupport.framework/Versions/A/MultiverseSupport
0x000000019be37000 	/System/Library/PrivateFrameworks/RemoteServiceDiscovery.framework/Versions/A/RemoteServiceDiscovery
0x000000019996a000 	/System/Library/PrivateFrameworks/DiskManagement.framework/Versions/A/DiskManagement
0x000000019986d000 	/System/Library/PrivateFrameworks/AppleIDAuthSupport.framework/Versions/A/AppleIDAuthSupport
0x00000001ee464000 	/System/Library/PrivateFrameworks/AAAFoundation.framework/Versions/A/AAAFoundation
0x0000000195ab2000 	/System/Library/PrivateFrameworks/KeychainCircle.framework/Versions/A/KeychainCircle
0x000000019be47000 	/System/Library/PrivateFrameworks/RemoteXPC.framework/Versions/A/RemoteXPC
0x0000000199936000 	/System/Library/PrivateFrameworks/MediaKit.framework/Versions/A/MediaKit
0x000000019987a000 	/System/Library/Frameworks/DiscRecording.framework/Versions/A/DiscRecording
0x00000001930b7000 	/usr/lib/libCoreStorage.dylib
0x000000019beb3000 	/usr/lib/libcsfde.dylib
0x00000001967c5000 	/System/Library/PrivateFrameworks/ProtectedCloudStorage.framework/Versions/A/ProtectedCloudStorage
0x000000019beab000 	/System/Library/PrivateFrameworks/EFILogin.framework/Versions/A/EFILogin
0x0000000199c49000 	/System/Library/PrivateFrameworks/OctagonTrust.framework/Versions/A/OctagonTrust
0x00000001f3086000 	/System/Library/PrivateFrameworks/CoreUtilsExtras.framework/Versions/A/CoreUtilsExtras
0x000000019979f000 	/System/Library/Frameworks/CoreBluetooth.framework/Versions/A/CoreBluetooth
0x000000019c549000 	/System/Library/Frameworks/AudioUnit.framework/Versions/A/AudioUnit
0x00000001930af000 	/usr/lib/libMatch.1.dylib
0x00000001ac2f6000 	/System/Library/Frameworks/Accelerate.framework/Versions/A/Frameworks/vImage.framework/Versions/A/Libraries/libCGInterfaces.dylib
0x0000000138a38000 	/usr/lib/libobjc-trampolines.dylib
0x000000018edb0000 	/System/Library/PrivateFrameworks/ViewBridge.framework/Versions/A/ViewBridge
0x00000001eeb18000 	/System/Library/PrivateFrameworks/AccessibilityBundles.framework/Versions/A/AccessibilityBundles
0x0000000193813000 	/System/Library/PrivateFrameworks/login.framework/Versions/A/login
0x000000013a2e0000 	/Users/sam/.openjfx/cache/17.0.1/libjavafx_font.dylib
0x0000000207672000 	/usr/lib/libRosetta.dylib


VM Arguments:
jvm_args: -javaagent:/Applications/IntelliJ IDEA CE.app/Contents/lib/idea_rt.jar=49436:/Applications/IntelliJ IDEA CE.app/Contents/bin -Dfile.encoding=UTF-8 --module-path=/Users/sam/.m2/repository/org/openjfx/javafx-graphics/17.0.1/javafx-graphics-17.0.1-mac-aarch64.jar:/Users/sam/.m2/repository/org/openjfx/javafx-controls/17.0.1/javafx-controls-17.0.1-mac-aarch64.jar:/Users/sam/.m2/repository/org/openjfx/javafx-fxml/17.0.1/javafx-fxml-17.0.1-mac-aarch64.jar:/Users/sam/.m2/repository/org/openjfx/javafx-base/17.0.1/javafx-base-17.0.1-mac-aarch64.jar:/Users/sam/WGU/software_2/scheduler/target/classes -Djdk.module.main=dev.sam.scheduler 
java_command: dev.sam.scheduler/dev.sam.scheduler.App
java_class_path (initial): /Users/sam/.m2/repository/org/openjfx/javafx-controls/17.0.1/javafx-controls-17.0.1.jar:/Users/sam/.m2/repository/org/openjfx/javafx-graphics/17.0.1/javafx-graphics-17.0.1.jar:/Users/sam/.m2/repository/org/openjfx/javafx-base/17.0.1/javafx-base-17.0.1.jar:/Users/sam/.m2/repository/org/openjfx/javafx-fxml/17.0.1/javafx-fxml-17.0.1.jar
Launcher Type: SUN_STANDARD

[Global flags]
     intx CICompilerCount                          = 4                                         {product} {ergonomic}
     uint ConcGCThreads                            = 2                                         {product} {ergonomic}
     uint G1ConcRefinementThreads                  = 8                                         {product} {ergonomic}
   size_t G1HeapRegionSize                         = 2097152                                   {product} {ergonomic}
    uintx GCDrainStackTargetSize                   = 64                                        {product} {ergonomic}
   size_t InitialHeapSize                          = 268435456                                 {product} {ergonomic}
   size_t MarkStackSize                            = 4194304                                   {product} {ergonomic}
   size_t MaxHeapSize                              = 4294967296                                {product} {ergonomic}
   size_t MaxNewSize                               = 2575302656                                {product} {ergonomic}
   size_t MinHeapDeltaBytes                        = 2097152                                   {product} {ergonomic}
   size_t MinHeapSize                              = 8388608                                   {product} {ergonomic}
    uintx NonNMethodCodeHeapSize                   = 5839564                                {pd product} {ergonomic}
    uintx NonProfiledCodeHeapSize                  = 122909338                              {pd product} {ergonomic}
    uintx ProfiledCodeHeapSize                     = 122909338                              {pd product} {ergonomic}
    uintx ReservedCodeCacheSize                    = 251658240                              {pd product} {ergonomic}
     bool SegmentedCodeCache                       = true                                      {product} {ergonomic}
   size_t SoftMaxHeapSize                          = 4294967296                             {manageable} {ergonomic}
     bool UseCompressedClassPointers               = true                           {product lp64_product} {ergonomic}
     bool UseCompressedOops                        = true                           {product lp64_product} {ergonomic}
     bool UseG1GC                                  = true                                      {product} {ergonomic}
     bool UseNUMA                                  = false                                     {product} {ergonomic}
     bool UseNUMAInterleaving                      = false                                     {product} {ergonomic}

Logging:
Log output configuration:
 #0: stdout all=warning uptime,level,tags foldmultilines=false
 #1: stderr all=off uptime,level,tags foldmultilines=false

Environment Variables:
JAVA_HOME=/Library/Java/JavaVirtualMachines/temurin-17.jdk/Contents/Home/
PATH=/Users/sam/.nvm/versions/node/v18.3.0/bin:/opt/local/bin:/opt/local/sbin:/Library/Frameworks/Python.framework/Versions/2.7/bin:/Users/sam/.cargo/bin:/opt/homebrew/bin:/opt/homebrew/sbin:/opt/homebrew/Cellar/openjdk/18.0.1.1/bin:/usr/local/bin:/bin:/usr/bin:/usr/sbin:/sbin:/opt/local/bin:/opt/local/sbin:/Library/Frameworks/Python.framework/Versions/2.7/bin:/Applications/Little Snitch.app/Contents/Components:/Applications/kitty.app/Contents/MacOS:/Library/Apple/usr/bin:/usr/local/texlive/2022/bin/universal-darwin::/Users/sam/.fig/bin:/Users/sam/.local/bin
SHELL=/bin/zsh
LC_CTYPE=en_US.UTF-8

Signal Handlers:
   SIGSEGV: _ZL13crash_handleriP9__siginfoPv in libjvm.dylib, mask=11100110000111110111111111111111, flags=SA_RESTART|SA_SIGINFO
    SIGBUS: _ZL13crash_handleriP9__siginfoPv in libjvm.dylib, mask=11100110000111110111111111111111, flags=SA_RESTART|SA_SIGINFO
    SIGFPE: _ZL13crash_handleriP9__siginfoPv in libjvm.dylib, mask=11100110000111110111111111111111, flags=SA_RESTART|SA_SIGINFO
   SIGPIPE: _ZL17javaSignalHandleriP9__siginfoPv in libjvm.dylib, mask=11100110000111110111111111111111, flags=SA_RESTART|SA_SIGINFO
   SIGXFSZ: _ZL17javaSignalHandleriP9__siginfoPv in libjvm.dylib, mask=11100110000111110111111111111111, flags=SA_RESTART|SA_SIGINFO
    SIGILL: _ZL13crash_handleriP9__siginfoPv in libjvm.dylib, mask=11100110000111110111111111111111, flags=SA_RESTART|SA_SIGINFO
   SIGUSR2: _ZL10SR_handleriP9__siginfoP17__darwin_ucontext in libjvm.dylib, mask=00100000000000000000000000000000, flags=SA_RESTART|SA_SIGINFO
    SIGHUP: _ZL11UserHandleriPvS_ in libjvm.dylib, mask=11100110000111110111111111111111, flags=SA_RESTART|SA_SIGINFO
    SIGINT: _ZL11UserHandleriPvS_ in libjvm.dylib, mask=11100110000111110111111111111111, flags=SA_RESTART|SA_SIGINFO
   SIGTERM: _ZL11UserHandleriPvS_ in libjvm.dylib, mask=11100110000111110111111111111111, flags=SA_RESTART|SA_SIGINFO
   SIGQUIT: _ZL11UserHandleriPvS_ in libjvm.dylib, mask=11100110000111110111111111111111, flags=SA_RESTART|SA_SIGINFO
   SIGTRAP: _ZL13crash_handleriP9__siginfoPv in libjvm.dylib, mask=11100110000111110111111111111111, flags=SA_RESTART|SA_SIGINFO


---------------  S Y S T E M  ---------------

OS:
uname: Darwin 21.6.0 Darwin Kernel Version 21.6.0: Wed Aug 10 14:28:35 PDT 2022; root:xnu-8020.141.5~2/RELEASE_ARM64_T8101 arm64
OS uptime: 4 days 7:41 hours
rlimit (soft/hard): STACK 8176k/65520k , CORE 0k/infinity , NPROC 2666/4000 , NOFILE 10240/infinity , AS infinity/infinity , CPU infinity/infinity , DATA infinity/infinity , FSIZE infinity/infinity , MEMLOCK infinity/infinity , RSS infinity/infinity
load average: 2.37 2.32 2.18

CPU: total 8 (initial active 8) 0x61:0x0:0x1b588bb3:0, fp, simd, aes, pmull, crc, lse

Memory: 16k page, physical 16777216k(62096k free), swap 1048576k(816704k free)

vm_info: OpenJDK 64-Bit Server VM (18.0.1.1+2-6) for bsd-aarch64 JRE (18.0.1.1+2-6), built on Apr 25 2022 20:45:35 by "mach5one" with clang Apple LLVM 12.0.0 (clang-1200.0.32.29)

END.
