#
# A fatal error has been detected by the Java Runtime Environment:
#
#  SIGBUS (0xa) at pc=0x000000010e4414f0, pid=31109, tid=35851
#
# JRE version: OpenJDK Runtime Environment Temurin-17.0.2+8 (17.0.2+8) (build 17.0.2+8)
# Java VM: OpenJDK 64-Bit Server VM Temurin-17.0.2+8 (17.0.2+8, mixed mode, tiered, compressed oops, compressed class ptrs, g1 gc, bsd-aarch64)
# Problematic frame:
# v  ~StubRoutines::SafeFetchN
#
# No core dump will be written. Core dumps have been disabled. To enable core dumping, try "ulimit -c unlimited" before starting Java again
#
# If you would like to submit a bug report, please visit:
#   https://github.com/adoptium/adoptium-support/issues
# The crash happened outside the Java Virtual Machine in native code.
# See problematic frame for where to report the bug.
#

---------------  S U M M A R Y ------------

Command Line: -javaagent:/Applications/IntelliJ IDEA CE.app/Contents/lib/idea_rt.jar=49262:/Applications/IntelliJ IDEA CE.app/Contents/bin -Dfile.encoding=UTF-8 --module-path=/Users/sam/WGU/software_2/scheduler/target/classes:/Users/sam/.m2/repository/org/openjfx/javafx-graphics/17.0.1/javafx-graphics-17.0.1-mac-aarch64.jar:/Users/sam/.m2/repository/org/openjfx/javafx-controls/17.0.1/javafx-controls-17.0.1-mac-aarch64.jar:/Users/sam/.m2/repository/org/openjfx/javafx-fxml/17.0.1/javafx-fxml-17.0.1-mac-aarch64.jar:/Users/sam/.m2/repository/org/openjfx/javafx-base/17.0.1/javafx-base-17.0.1-mac-aarch64.jar -Djdk.module.main=dev.sam.scheduler dev.sam.scheduler/dev.sam.scheduler.App

Host: "MacBookPro17,1" arm64 1 MHz, 8 cores, 16G, Darwin 21.6.0, macOS 12.5.1 (21G83)
Time: Sun Aug 28 14:28:42 2022 CST elapsed time: 10.872208 seconds (0d 0h 0m 10s)

---------------  T H R E A D  ---------------

Current thread (0x0000000128914a00):  JavaThread "InvokeLaterDispatcher" daemon [_thread_in_native, id=35851, stack(0x000000016e12c000,0x000000016e32f000)]

Stack: [0x000000016e12c000,0x000000016e32f000],  sp=0x000000016e32e7a0,  free space=2057k
Native frames: (J=compiled Java code, j=interpreted, Vv=VM code, C=native code)
v  ~StubRoutines::SafeFetchN
V  [libjvm.dylib+0x7ba2dc]  _ZN10OopStorage7releaseEPKP7oopDesc+0x20
V  [libjvm.dylib+0x4c5750]  jni_DeleteGlobalRef+0xd8
C  [libglass.dylib+0xab08]  -[GlassRunnable dealloc]+0x34
C  [Foundation+0x852e8]  -[_NSThreadPerformInfo dealloc]+0x30
C  [Foundation+0x5187c]  -[NSObject(NSThreadPerformAdditions) performSelectorOnMainThread:withObject:waitUntilDone:]+0x88
C  0x7d67000115f99a4c
J 1785 c1 com.sun.glass.ui.mac.MacApplication.submitForLaterInvocation(Ljava/lang/Runnable;)V javafx.graphics (6 bytes) @ 0x000000010ed04ed8 [0x000000010ed04e40+0x0000000000000098]
C  0x00000007000048b8

Java frames: (J=compiled Java code, j=interpreted, Vv=VM code)
J 1816  com.sun.glass.ui.mac.MacApplication._submitForLaterInvocation(Ljava/lang/Runnable;)V javafx.graphics (0 bytes) @ 0x0000000115f99a4c [0x0000000115f999c0+0x000000000000008c]
J 1785 c1 com.sun.glass.ui.mac.MacApplication.submitForLaterInvocation(Ljava/lang/Runnable;)V javafx.graphics (6 bytes) @ 0x000000010ed04ed8 [0x000000010ed04e40+0x0000000000000098]
j  com.sun.glass.ui.InvokeLaterDispatcher.run()V+82 javafx.graphics
v  ~StubRoutines::call_stub

siginfo: si_signo: 10 (SIGBUS), si_code: 1 (BUS_ADRALN), si_addr: 0x000000010e4414f0

Register to memory mapping:

 x0=0x000000012c606608 is a global jni handle
 x1=0x0 is NULL
 x2=0x000000070ff178d8 is an oop: com.sun.glass.ui.InvokeLaterDispatcher$Future 
{0x000000070ff178d8} - klass: 'com/sun/glass/ui/InvokeLaterDispatcher$Future'
 - ---- fields (total size 3 words):
 - private 'done' 'Z' @12  true
 - private final 'runnable' 'Ljava/lang/Runnable;' @16  a 'com/sun/javafx/application/PlatformImpl$$Lambda$92+0x00000008001156b8'{0x00000007017e78d8} (e02fcf1b)
 - final synthetic 'this$0' 'Lcom/sun/glass/ui/InvokeLaterDispatcher;' @20  a 'com/sun/glass/ui/InvokeLaterDispatcher'{0x00000007000048b8} (e0000917)
 x3=0x0 is NULL
 x4=0x00000000000130a8 is an unknown value
 x5=0x0 is NULL
 x6=0x0 is NULL
 x7=0x0 is NULL
 x8=0x000000010e4414ec is at begin+0 in a stub
StubRoutines::SafeFetchN [0x000000010e4414ec, 0x000000010e4414f8] (12 bytes)
 x9=0x0 is NULL
x10=0x2010000030300000 is an unknown value
x11=0x0000000000000007 is an unknown value
x12=0x0000000000000003 is an unknown value
x13=0x0000600000b696a0 points into unknown readable memory: 0xa14700018894d7f4 | f4 d7 94 88 01 00 47 a1
x14=0x0000310000000000 is an unknown value
x15=0x000000012c045f98: OBJC_CLASS_$_GlassRunnable+0 in /Users/sam/.openjfx/cache/17.0.1/libglass.dylib at 0x000000012c000000
x16=0x00000001879ab0fc: pthread_getspecific+0 in /usr/lib/system/libsystem_pthread.dylib at 0x00000001879a9000
x17=0x0000600000156a00 points into unknown readable memory: 0xfffffffffffffffe | fe ff ff ff ff ff ff ff
x18=0x0 is NULL
x19=0x0000600000e54070 points into unknown readable memory: 0x000060000277e9b0 | b0 e9 77 02 00 60 00 00
x20=0x000000012c606400 points into unknown readable memory: 0x0000000000000000 | 00 00 00 00 00 00 00 00
x21=0x000000012c606608 is a global jni handle
x22=0x0000000128914a00 is a thread
x23=0x0000000000000001 is an unknown value
x24=0x000000012c6065c0 is a global jni handle
x25=0x0000000106633a08: _ZN12StubRoutines17_safefetchN_entryE+0 in /Library/Java/JavaVirtualMachines/temurin-17.jdk/Contents/Home/lib/server/libjvm.dylib at 0x00000001059d8000
x26=0x0000000160155108 is pointing into metadata
x27=0x0 is NULL
x28=0x0000000128914a00 is a thread


Registers:
 x0=0x000000012c606608  x1=0x0000000000000000  x2=0x000000070ff178d8  x3=0x0000000000000000
 x4=0x00000000000130a8  x5=0x0000000000000000  x6=0x0000000000000000  x7=0x0000000000000000
 x8=0x000000010e4414ec  x9=0x0000000000000000 x10=0x2010000030300000 x11=0x0000000000000007
x12=0x0000000000000003 x13=0x0000600000b696a0 x14=0x0000310000000000 x15=0x000000012c045f98
x16=0x00000001879ab0fc x17=0x0000600000156a00 x18=0x0000000000000000 x19=0x0000600000e54070
x20=0x000000012c606400 x21=0x000000012c606608 x22=0x0000000128914a00 x23=0x0000000000000001
x24=0x000000012c6065c0 x25=0x0000000106633a08 x26=0x0000000160155108 x27=0x0000000000000000
x28=0x0000000128914a00  fp=0x000000016e32e7e0  lr=0x00000001061910ac  sp=0x000000016e32e7a0
pc=0x000000010e4414f0 cpsr=0x0000000060001000
Top of Stack: (sp=0x000000016e32e7a0)
0x000000016e32e7a0:   0000000160155108 0000000000000001
0x000000016e32e7b0:   00000008000ea7c0 0000000000000000
0x000000016e32e7c0:   00000001298244a8 000000012c6065f8
0x000000016e32e7d0:   000000012c6065f8 0000600000e54070
0x000000016e32e7e0:   000000016e32e820 00000001061922dc
0x000000016e32e7f0:   0000000000000001 000000012c6065f8
0x000000016e32e800:   00000001298244a8 000000012c6065f8
0x000000016e32e810:   0000000000000001 0000000129824200
0x000000016e32e820:   000000016e32e860 0000000105e9d750
0x000000016e32e830:   00000008000ea7c0 0000600002756670
0x000000016e32e840:   0000600002756690 00000001d1cec8f7
0x000000016e32e850:   0000000000000000 0000600002756690
0x000000016e32e860:   000000016e32e890 000000012c00ab08
0x000000016e32e870:   48881cee84ec001a 0000000000000000
0x000000016e32e880:   0000000000000000 00006000030816c0
0x000000016e32e890:   000000016e32e8d0 00000001889812e8
0x000000016e32e8a0:   00000008000ea7c0 0000600002756670
0x000000016e32e8b0:   0000600002756690 48881cee84ec001a
0x000000016e32e8c0:   0000000000000000 0000000000000000
0x000000016e32e8d0:   000000016e32e910 de7080018894d87c
0x000000016e32e8e0:   00000008000ea7c0 000000010e4487c0
0x000000016e32e8f0:   0000000160154b42 000000010663b3c8
0x000000016e32e900:   000000016e32e9f0 00000000000000b9
0x000000016e32e910:   000000016e32e970 7d67000115f99a4c
0x000000016e32e920:   000000070005a970 000000070ff178d8
0x000000016e32e930:   000000016e32ea98 00000001879b7630
0x000000016e32e940:   0000000128914a00 0000000106618130
0x000000016e32e950:   000000016e32ea00 0000000000000001
0x000000016e32e960:   000000016e32e9a0 00000007001ae2a8
0x000000016e32e970:   000000016e32ea60 000000010ed04ed8
0x000000016e32e980:   000000070ff178d8 00000007017e78d8
0x000000016e32e990:   000000016e32e9f8 00000000000000b6 

Instructions: (pc=0x000000010e4414f0)
0x000000010e4413f0:   f2a0cc09 f2c00029 6d425935 1e640886
0x000000010e441400:   0c402d31 1e6408c7 1f5654d0 1e6c1017
0x000000010e441410:   1f5050d0 1f504cd0 1f5048d0 1e650af6
0x000000010e441420:   1f50d8f6 1f5694d6 1f5158f6 1e762880
0x000000010e441430:   36000501 1e614000 14000026 2e251ca5
0x000000010e441440:   d2803009 f2a0cc09 f2c00029 6d425d36
0x000000010e441450:   1e600806 0c402d32 1f5758c7 1e6c101a
0x000000010e441460:   1f4754c7 1e650805 1f4750c7 d2866668
0x000000010e441470:   f2a7fa68 1f474cc7 1e6608c0 1f4748c7
0x000000010e441480:   1e6e1019 eb08007f 540000ac 1f479400
0x000000010e441490:   1f460340 1e603b20 1400000e d2a7fd29
0x000000010e4414a0:   eb09007f 540000ac 51480069 d3607d29
0x000000010e4414b0:   9e670121 14000002 1e6a5001 1f679417
0x000000010e4414c0:   1f668742 1e613b23 1e773857 1e773860
0x000000010e4414d0:   a8c17ff3 910003bf a8c17bfd d65f03c0
0x000000010e4414e0:   b9400001 aa0103e0 d65f03c0 f9400001
0x000000010e4414f0:   aa0103e0 d65f03c0 00000000 00000000
0x000000010e441500:   00000000 00000000 00000000 00000000
0x000000010e441510:   00000000 00000000 00000000 00000000
0x000000010e441520:   00000000 00000000 00000000 00000000
0x000000010e441530:   00000000 00000000 00000000 00000000
0x000000010e441540:   00000000 00000000 00000000 00000000
0x000000010e441550:   00000000 00000000 00000000 00000000
0x000000010e441560:   00000000 00000000 00000000 00000000
0x000000010e441570:   00000000 00000000 00000000 00000000
0x000000010e441580:   00000000 00000000 00000000 00000000
0x000000010e441590:   00000000 00000000 00000000 00000000
0x000000010e4415a0:   00000000 00000000 00000000 00000000
0x000000010e4415b0:   00000000 00000000 00000000 00000000
0x000000010e4415c0:   00000000 00000000 00000000 00000000
0x000000010e4415d0:   00000000 00000000 00000000 00000000
0x000000010e4415e0:   00000000 00000000 00000000 00000000 


Stack slot to memory mapping:
stack at sp + 0 slots: 0x0000000160155108 is pointing into metadata
stack at sp + 1 slots: 0x0000000000000001 is an unknown value
stack at sp + 2 slots: 0x00000008000ea7c0 is a pointer to class: 
com.sun.glass.ui.mac.MacApplication {0x00000008000ea7c0}
 - instance size:     5
 - klass size:        136
 - access:            final synchronized 
 - state:             fully_initialized
 - name:              'com/sun/glass/ui/mac/MacApplication'
 - super:             'com/sun/glass/ui/Application'
 - sub:               
 - arrays:            NULL
 - methods:           Array<T>(0x000000016012efb0)
 - method ordering:   Array<T>(0x000000012a000018)
 - default_methods:   Array<T>(0x0000000000000000)
 - local interfaces:  Array<T>(0x000000016012eda0)
 - trans. interfaces: Array<T>(0x000000016012eda0)
 - constants:         constant pool [548]/operands[69] {0x000000016012dac0} for 'com/sun/glass/ui/mac/MacApplication' cache=0x0000000160152aa0
 - class loader data:  loader data: 0x000060000144c0a0 for instance a 'jdk/internal/loader/ClassLoaders$AppClassLoader'{0x000000070000f198}
 - source file:       'MacApplication.java'
 - class annotations:       Array<T>(0x0000000000000000)
 - class type annotations:  Array<T>(0x0000000000000000)
 - field annotations:       Array<T>(0x0000000000000000)
 - field type annotations:  Array<T>(0x0000000000000000)
 - inner classes:     Array<T>(0x000000016012bea0)
 - nest members:     Array<T>(0x000000016012bef8)
 - permitted subclasses:     Array<T>(0x000000012a000028)
 - java mirror:       a 'java/lang/Class'{0x000000070005a8f8} = 'com/sun/glass/ui/mac/MacApplication'
 - vtable length      72  (start addr: 0x00000008000ea990)
 - itable length      5 (start addr: 0x00000008000eabd0)
 - ---- static fields (1 words):
 - static final 'BROWSER_PARENT_ID' 'J' @112 
 - ---- non-static fields (7 words):
 - private 'initialActiveEventReceived' 'Z' @12 
 - private 'terminateWhenLastWindowClosed' 'Z' @13 
 - protected 'name' 'Ljava/lang/String;' @16 
 - private 'eventHandler' 'Lcom/sun/glass/ui/Application$EventHandler;' @20 
 - private 'initialOpenedFiles' '[Ljava/lang/String;' @24 
 - private 'isTaskbarApplication' 'Z' @14 
 - private 'firstDidResignActive' 'Z' @15 
 - private final 'invokeLaterDispatcher' 'Lcom/sun/glass/ui/InvokeLaterDispatcher;' @28 
 - private 'appleMenu' 'Lcom/sun/glass/ui/Menu;' @32 
 - private final 'reactivationLatch' 'Ljava/util/concurrent/CountDownLatch;' @36 
 - non-static oop maps: 16-36 
stack at sp + 3 slots: 0x0 is NULL
stack at sp + 4 slots: 0x00000001298244a8 points into unknown readable memory: 0x00000001065ee888 | 88 e8 5e 06 01 00 00 00
stack at sp + 5 slots: 0x000000012c6065f8 is a global jni handle
stack at sp + 6 slots: 0x000000012c6065f8 is a global jni handle
stack at sp + 7 slots: 0x0000600000e54070 points into unknown readable memory: 0x000060000277e9b0 | b0 e9 77 02 00 60 00 00

StubRoutines::SafeFetchN [0x000000010e4414ec, 0x000000010e4414f8] (12 bytes)
[MachCode]
  0x000000010e4414ec: 0100 40f9 | e003 01aa | c003 5fd6 
[/MachCode]

---------------  P R O C E S S  ---------------

Threads class SMR info:
_java_thread_list=0x0000600002591580, length=20, elements={
0x000000012d008800, 0x000000012d053000, 0x000000012d055800, 0x000000012c80d000,
0x0000000129827a00, 0x0000000129827400, 0x0000000129825e00, 0x000000012b00a400,
0x000000012b012a00, 0x0000000129822800, 0x000000012c85d000, 0x000000012c878400,
0x000000012c878a00, 0x0000000128914a00, 0x0000000129824200, 0x000000012d36ae00,
0x000000012c8d3200, 0x000000012c8e3400, 0x000000012c917a00, 0x000000012d3f2800
}

Java Threads: ( => current thread )
  0x000000012d008800 JavaThread "main" [_thread_blocked, id=5891, stack(0x000000016b724000,0x000000016b927000)]
  0x000000012d053000 JavaThread "Reference Handler" daemon [_thread_blocked, id=15107, stack(0x000000016c578000,0x000000016c77b000)]
  0x000000012d055800 JavaThread "Finalizer" daemon [_thread_blocked, id=16131, stack(0x000000016c784000,0x000000016c987000)]
  0x000000012c80d000 JavaThread "Signal Dispatcher" daemon [_thread_blocked, id=22531, stack(0x000000016caa8000,0x000000016ccab000)]
  0x0000000129827a00 JavaThread "Service Thread" daemon [_thread_blocked, id=41987, stack(0x000000016ccb4000,0x000000016ceb7000)]
  0x0000000129827400 JavaThread "Monitor Deflation Thread" daemon [_thread_blocked, id=41731, stack(0x000000016cec0000,0x000000016d0c3000)]
  0x0000000129825e00 JavaThread "C2 CompilerThread0" daemon [_thread_blocked, id=41475, stack(0x000000016d0cc000,0x000000016d2cf000)]
  0x000000012b00a400 JavaThread "C1 CompilerThread0" daemon [_thread_blocked, id=23811, stack(0x000000016d2d8000,0x000000016d4db000)]
  0x000000012b012a00 JavaThread "Sweeper thread" daemon [_thread_blocked, id=41219, stack(0x000000016d4e4000,0x000000016d6e7000)]
  0x0000000129822800 JavaThread "Common-Cleaner" daemon [_thread_blocked, id=24323, stack(0x000000016d6f0000,0x000000016d8f3000)]
  0x000000012c85d000 JavaThread "Monitor Ctrl-Break" daemon [_thread_in_native, id=40707, stack(0x000000016d8fc000,0x000000016daff000)]
  0x000000012c878400 JavaThread "Notification Thread" daemon [_thread_blocked, id=24835, stack(0x000000016db08000,0x000000016dd0b000)]
  0x000000012c878a00 JavaThread "QuantumRenderer-0" daemon [_thread_blocked, id=40195, stack(0x000000016df20000,0x000000016e123000)]
=>0x0000000128914a00 JavaThread "InvokeLaterDispatcher" daemon [_thread_in_native, id=35851, stack(0x000000016e12c000,0x000000016e32f000)]
  0x0000000129824200 JavaThread "JavaFX Application Thread" [_thread_in_native, id=259, stack(0x000000016ae9c000,0x000000016b698000)]
  0x000000012d36ae00 JavaThread "JavaFX-Launcher" [_thread_blocked, id=74763, stack(0x000000016e5d0000,0x000000016e7d3000)]
  0x000000012c8d3200 JavaThread "Prism Font Disposer" daemon [_thread_blocked, id=70663, stack(0x000000016f218000,0x000000016f41b000)]
  0x000000012c8e3400 JavaThread "PulseTimer-CVDisplayLink thread" daemon [_thread_in_native, id=51463, stack(0x000000016e338000,0x000000016e3bb000)]
  0x000000012c917a00 JavaThread "Cleaner-0" daemon [_thread_blocked, id=59403, stack(0x000000016fad4000,0x000000016fcd7000)]
  0x000000012d3f2800 JavaThread "Attach Listener" daemon [_thread_blocked, id=172067, stack(0x000000016fce0000,0x000000016fee3000)]

Other Threads:
  0x0000000105506040 VMThread "VM Thread" [stack: 0x000000016c36c000,0x000000016c56f000] [id=14595]
  0x000000012d905000 WatcherThread [stack: 0x000000016dd14000,0x000000016df17000] [id=25347]
  0x000000012c708190 GCTaskThread "GC Thread#0" [stack: 0x000000016b930000,0x000000016bb33000] [id=12291]
  0x000000012c61db70 GCTaskThread "GC Thread#1" [stack: 0x000000016e7dc000,0x000000016e9df000] [id=71683]
  0x000000012c61de20 GCTaskThread "GC Thread#2" [stack: 0x000000016e9e8000,0x000000016ebeb000] [id=57347]
  0x000000012d807280 GCTaskThread "GC Thread#3" [stack: 0x000000016ebf4000,0x000000016edf7000] [id=57859]
  0x000000012d807af0 GCTaskThread "GC Thread#4" [stack: 0x000000016ee00000,0x000000016f003000] [id=58371]
  0x000000012c72d570 GCTaskThread "GC Thread#5" [stack: 0x000000016f00c000,0x000000016f20f000] [id=71171]
  0x0000000128507cb0 GCTaskThread "GC Thread#6" [stack: 0x000000016f424000,0x000000016f627000] [id=59147]
  0x0000000128508130 GCTaskThread "GC Thread#7" [stack: 0x000000016f630000,0x000000016f833000] [id=59907]
  0x000000012c708840 ConcurrentGCThread "G1 Main Marker" [stack: 0x000000016bb3c000,0x000000016bd3f000] [id=12547]
  0x000000012c7090c0 ConcurrentGCThread "G1 Conc#0" [stack: 0x000000016bd48000,0x000000016bf4b000] [id=18947]
  0x0000000128507690 ConcurrentGCThread "G1 Conc#1" [stack: 0x000000016f83c000,0x000000016fa3f000] [id=70147]
  0x000000012c6053d0 ConcurrentGCThread "G1 Refine#0" [stack: 0x000000016bf54000,0x000000016c157000] [id=13571]
  0x000000012c605c70 ConcurrentGCThread "G1 Service" [stack: 0x000000016c160000,0x000000016c363000] [id=18691]

Threads with active compile tasks:

VM state: not at safepoint (normal execution)

VM Mutex/Monitor currently owned by a thread: None

Heap address: 0x0000000700000000, size: 4096 MB, Compressed Oops mode: Zero based, Oop shift amount: 3

CDS archive(s) not mapped
Compressed class space mapped at: 0x0000000800000000-0x0000000840000000, reserved size: 1073741824
Narrow klass base: 0x0000000800000000, Narrow klass shift: 0, Narrow klass range: 0x40000000

GC Precious Log:
 CPUs: 8 total, 8 available
 Memory: 16384M
 Large Page Support: Disabled
 NUMA Support: Disabled
 Compressed Oops: Enabled (Zero based)
 Heap Region Size: 2M
 Heap Min Capacity: 8M
 Heap Initial Capacity: 256M
 Heap Max Capacity: 4G
 Pre-touch: Disabled
 Parallel Workers: 8
 Concurrent Workers: 2
 Concurrent Refinement Workers: 8
 Periodic GC: Disabled

Heap:
 garbage-first heap   total 34816K, used 15487K [0x0000000700000000, 0x0000000800000000)
  region size 2048K, 7 young (14336K), 2 survivors (4096K)
 Metaspace       used 23483K, committed 23744K, reserved 1073152K
  class space    used 2891K, committed 3008K, reserved 1048576K

Heap Regions: E=young(eden), S=young(survivor), O=old, HS=humongous(starts), HC=humongous(continues), CS=collection set, F=free, OA=open archive, CA=closed archive, TAMS=top-at-mark-start (previous, next)
|   0|0x0000000700000000, 0x0000000700200000, 0x0000000700200000|100%| O|  |TAMS 0x0000000700000000, 0x0000000700000000| Untracked 
|   1|0x0000000700200000, 0x0000000700340200, 0x0000000700400000| 62%| O|  |TAMS 0x0000000700200000, 0x0000000700200000| Complete 
|   2|0x0000000700400000, 0x0000000700600000, 0x0000000700600000|100%|HS|  |TAMS 0x0000000700400000, 0x0000000700400000| Complete 
|   3|0x0000000700600000, 0x0000000700600000, 0x0000000700800000|  0%| F|  |TAMS 0x0000000700600000, 0x0000000700600000| Untracked 
|   4|0x0000000700800000, 0x0000000700800000, 0x0000000700a00000|  0%| F|  |TAMS 0x0000000700800000, 0x0000000700800000| Untracked 
|   5|0x0000000700a00000, 0x0000000700a00000, 0x0000000700c00000|  0%| F|  |TAMS 0x0000000700a00000, 0x0000000700a00000| Untracked 
|   6|0x0000000700c00000, 0x0000000700c00000, 0x0000000700e00000|  0%| F|  |TAMS 0x0000000700c00000, 0x0000000700c00000| Untracked 
|   7|0x0000000700e00000, 0x0000000700e00000, 0x0000000701000000|  0%| F|  |TAMS 0x0000000700e00000, 0x0000000700e00000| Untracked 
|   8|0x0000000701000000, 0x0000000701000000, 0x0000000701200000|  0%| F|  |TAMS 0x0000000701000000, 0x0000000701000000| Untracked 
|   9|0x0000000701200000, 0x0000000701200000, 0x0000000701400000|  0%| F|  |TAMS 0x0000000701200000, 0x0000000701200000| Untracked 
|  10|0x0000000701400000, 0x00000007014f04d8, 0x0000000701600000| 46%| E|  |TAMS 0x0000000701400000, 0x0000000701400000| Complete 
|  11|0x0000000701600000, 0x0000000701800000, 0x0000000701800000|100%| E|CS|TAMS 0x0000000701600000, 0x0000000701600000| Complete 
|  12|0x0000000701800000, 0x0000000701a00000, 0x0000000701a00000|100%| E|CS|TAMS 0x0000000701800000, 0x0000000701800000| Complete 
|  13|0x0000000701a00000, 0x0000000701c00000, 0x0000000701c00000|100%| E|  |TAMS 0x0000000701a00000, 0x0000000701a00000| Complete 
| 111|0x000000070de00000, 0x000000070dfdfc48, 0x000000070e000000| 93%| S|CS|TAMS 0x000000070de00000, 0x000000070de00000| Complete 
| 112|0x000000070e000000, 0x000000070e200000, 0x000000070e200000|100%| S|CS|TAMS 0x000000070e000000, 0x000000070e000000| Complete 
| 127|0x000000070fe00000, 0x0000000710000000, 0x0000000710000000|100%| E|CS|TAMS 0x000000070fe00000, 0x000000070fe00000| Complete 

Card table byte_map: [0x000000011d440000,0x000000011dc40000] _byte_map_base: 0x0000000119c40000

Marking Bits (Prev, Next): (CMBitMap*) 0x000000012d042a50, (CMBitMap*) 0x000000012d042a10
 Prev Bits: [0x0000000122440000, 0x0000000126440000)
 Next Bits: [0x000000011e440000, 0x0000000122440000)

Polling page: 0x00000001047ec000

Metaspace:

Usage:
  Non-class:     20.11 MB used.
      Class:      2.82 MB used.
       Both:     22.93 MB used.

Virtual space:
  Non-class space:       24.00 MB reserved,      20.25 MB ( 84%) committed,  3 nodes.
      Class space:        1.00 GB reserved,       2.94 MB ( <1%) committed,  1 nodes.
             Both:        1.02 GB reserved,      23.19 MB (  2%) committed. 

Chunk freelists:
   Non-Class:  3.17 MB
       Class:  1.09 MB
        Both:  4.27 MB

MaxMetaspaceSize: unlimited
CompressedClassSpaceSize: 1.00 GB
Initial GC threshold: 21.00 MB
Current GC threshold: 35.25 MB
CDS: off
MetaspaceReclaimPolicy: balanced
 - commit_granule_bytes: 65536.
 - commit_granule_words: 8192.
 - virtual_space_node_default_size: 1048576.
 - enlarge_chunks_in_place: 1.
 - new_chunks_are_fully_committed: 0.
 - uncommit_free_chunks: 1.
 - use_allocation_guard: 0.
 - handle_deallocations: 1.


Internal statistics:

num_allocs_failed_limit: 3.
num_arena_births: 190.
num_arena_deaths: 0.
num_vsnodes_births: 4.
num_vsnodes_deaths: 0.
num_space_committed: 371.
num_space_uncommitted: 0.
num_chunks_returned_to_freelist: 3.
num_chunks_taken_from_freelist: 681.
num_chunk_merges: 0.
num_chunk_splits: 467.
num_chunks_enlarged: 361.
num_purges: 0.
num_inconsistent_stats: 0.

CodeHeap 'non-profiled nmethods': size=120032Kb used=1024Kb max_used=1024Kb free=119007Kb
 bounds [0x0000000115f08000, 0x0000000116178000, 0x000000011d440000]
CodeHeap 'profiled nmethods': size=120016Kb used=5432Kb max_used=5432Kb free=114583Kb
 bounds [0x000000010e9d4000, 0x000000010ef24000, 0x0000000115f08000]
CodeHeap 'non-nmethods': size=5712Kb used=1376Kb max_used=1424Kb free=4335Kb
 bounds [0x000000010e440000, 0x000000010e6b0000, 0x000000010e9d4000]
 total_blobs=3433 nmethods=2668 adapters=680
 compilation: enabled
              stopped_count=0, restarted_count=0
 full_count=0

Compilation events (20 events):
Event: 10.792 Thread 0x000000012b00a400 nmethod 2717 0x000000010ef19f10 code [0x000000010ef1a100, 0x000000010ef1a4d8]
Event: 10.792 Thread 0x000000012b00a400 2718       3       com.sun.javafx.geom.transform.AffineBase::transform (365 bytes)
Event: 10.793 Thread 0x000000012b00a400 nmethod 2718 0x000000010ef1a690 code [0x000000010ef1a8c0, 0x000000010ef1b058]
Event: 10.807 Thread 0x000000012b00a400 2719       3       javafx.geometry.Point3D::<init> (26 bytes)
Event: 10.807 Thread 0x000000012b00a400 nmethod 2719 0x000000010ef1b390 code [0x000000010ef1b540, 0x000000010ef1b6e8]
Event: 10.807 Thread 0x000000012b00a400 2720       3       javafx.scene.Scene$TargetWrapper::set (11 bytes)
Event: 10.807 Thread 0x000000012b00a400 nmethod 2720 0x000000010ef1b810 code [0x000000010ef1b9c0, 0x000000010ef1bba8]
Event: 10.823 Thread 0x000000012b00a400 2721       3       javafx.scene.Node::getCursor (21 bytes)
Event: 10.824 Thread 0x000000012b00a400 nmethod 2721 0x000000010ef1bc90 code [0x000000010ef1be80, 0x000000010ef1c498]
Event: 10.868 Thread 0x000000012b00a400 2722       3       com.sun.javafx.css.CascadingStyle::getParsedValue (11 bytes)
Event: 10.869 Thread 0x000000012b00a400 nmethod 2722 0x000000010ef1c610 code [0x000000010ef1c7c0, 0x000000010ef1c968]
Event: 10.869 Thread 0x000000012b00a400 2724       3       java.util.HashMap::clear (50 bytes)
Event: 10.869 Thread 0x000000012b00a400 nmethod 2724 0x000000010ef1ca90 code [0x000000010ef1cc40, 0x000000010ef1d068]
Event: 10.869 Thread 0x000000012b00a400 2725       3       java.util.HashSet::clear (8 bytes)
Event: 10.869 Thread 0x000000012b00a400 nmethod 2725 0x000000010ef1d190 code [0x000000010ef1d340, 0x000000010ef1d558]
Event: 10.869 Thread 0x000000012b00a400 2726       3       com.sun.javafx.css.StyleManager::getStyleMap (33 bytes)
Event: 10.870 Thread 0x000000012b00a400 nmethod 2726 0x000000010ef1d610 code [0x000000010ef1d800, 0x000000010ef1dac8]
Event: 10.870 Thread 0x000000012b00a400 2728       3       java.util.HashMap::remove (26 bytes)
Event: 10.870 Thread 0x000000012b00a400 nmethod 2728 0x000000010ef1dc10 code [0x000000010ef1de00, 0x000000010ef1e208]
Event: 10.870 Thread 0x000000012b00a400 2729       3       java.util.HashMap::removeNode (291 bytes)

GC Heap History (4 events):
Event: 0.353 GC heap before
{Heap before GC invocations=0 (full 0):
 garbage-first heap   total 262144K, used 20480K [0x0000000700000000, 0x0000000800000000)
  region size 2048K, 11 young (22528K), 0 survivors (0K)
 Metaspace       used 14509K, committed 14656K, reserved 1064960K
  class space    used 1583K, committed 1664K, reserved 1048576K
}
Event: 0.356 GC heap after
{Heap after GC invocations=1 (full 0):
 garbage-first heap   total 262144K, used 3263K [0x0000000700000000, 0x0000000800000000)
  region size 2048K, 2 young (4096K), 2 survivors (4096K)
 Metaspace       used 14509K, committed 14656K, reserved 1064960K
  class space    used 1583K, committed 1664K, reserved 1048576K
}
Event: 0.670 GC heap before
{Heap before GC invocations=1 (full 0):
 garbage-first heap   total 262144K, used 25791K [0x0000000700000000, 0x0000000800000000)
  region size 2048K, 15 young (30720K), 2 survivors (4096K)
 Metaspace       used 21314K, committed 21504K, reserved 1073152K
  class space    used 2718K, committed 2816K, reserved 1048576K
}
Event: 0.677 GC heap after
{Heap after GC invocations=2 (full 0):
 garbage-first heap   total 262144K, used 7295K [0x0000000700000000, 0x0000000800000000)
  region size 2048K, 2 young (4096K), 2 survivors (4096K)
 Metaspace       used 21314K, committed 21504K, reserved 1073152K
  class space    used 2718K, committed 2816K, reserved 1048576K
}

Deoptimization events (20 events):
Event: 8.753 Thread 0x000000012c878a00 DEOPT PACKING pc=0x000000010ed5ca24 sp=0x000000016e121520
Event: 8.753 Thread 0x000000012c878a00 DEOPT UNPACKING pc=0x000000010e47eb7c sp=0x000000016e121120 mode 0
Event: 8.765 Thread 0x000000012c878a00 DEOPT PACKING pc=0x000000010ed5c300 sp=0x000000016e120d40
Event: 8.765 Thread 0x000000012c878a00 DEOPT UNPACKING pc=0x000000010e47eb7c sp=0x000000016e120940 mode 0
Event: 8.767 Thread 0x000000012c878a00 DEOPT PACKING pc=0x000000010ed5c994 sp=0x000000016e120d40
Event: 8.767 Thread 0x000000012c878a00 DEOPT UNPACKING pc=0x000000010e47eb7c sp=0x000000016e120940 mode 0
Event: 8.767 Thread 0x000000012c878a00 DEOPT PACKING pc=0x000000010ed5c300 sp=0x000000016e121520
Event: 8.767 Thread 0x000000012c878a00 DEOPT UNPACKING pc=0x000000010e47eb7c sp=0x000000016e121120 mode 0
Event: 8.768 Thread 0x000000012c878a00 DEOPT PACKING pc=0x000000010ed5c300 sp=0x000000016e121520
Event: 8.768 Thread 0x000000012c878a00 DEOPT UNPACKING pc=0x000000010e47eb7c sp=0x000000016e121120 mode 0
Event: 8.770 Thread 0x000000012c878a00 DEOPT PACKING pc=0x000000010ed5c300 sp=0x000000016e120d40
Event: 8.770 Thread 0x000000012c878a00 DEOPT UNPACKING pc=0x000000010e47eb7c sp=0x000000016e120940 mode 0
Event: 8.771 Thread 0x000000012c878a00 DEOPT PACKING pc=0x000000010ed5c994 sp=0x000000016e120d90
Event: 8.771 Thread 0x000000012c878a00 DEOPT UNPACKING pc=0x000000010e47eb7c sp=0x000000016e120970 mode 0
Event: 8.771 Thread 0x000000012c878a00 DEOPT PACKING pc=0x000000010ed5c300 sp=0x000000016e1215c0
Event: 8.771 Thread 0x000000012c878a00 DEOPT UNPACKING pc=0x000000010e47eb7c sp=0x000000016e1211a0 mode 0
Event: 8.772 Thread 0x000000012c878a00 DEOPT PACKING pc=0x000000010ed5c300 sp=0x000000016e1215c0
Event: 8.772 Thread 0x000000012c878a00 DEOPT UNPACKING pc=0x000000010e47eb7c sp=0x000000016e1211a0 mode 0
Event: 9.081 Thread 0x000000012c878a00 DEOPT PACKING pc=0x000000010ed9b6fc sp=0x000000016e121690
Event: 9.081 Thread 0x000000012c878a00 DEOPT UNPACKING pc=0x000000010e47eb7c sp=0x000000016e121320 mode 0

Classes unloaded (0 events):
No events

Classes redefined (0 events):
No events

Internal exceptions (20 events):
Event: 0.362 Thread 0x0000000129824200 Exception <a 'java/lang/ClassNotFoundException'{0x000000070fe51060}: sun/util/logging/resources/spi/loggingProvider> (0x000000070fe51060) 
thrown [../../src/hotspot/share/classfile/systemDictionary.cpp, line 256]
Event: 0.374 Thread 0x0000000129824200 Exception <a 'java/lang/NoSuchMethodError'{0x000000070fc2eef0}: 'java.lang.Object java.lang.invoke.DirectMethodHandle$Holder.invokeSpecial(java.lang.Object, java.lang.Object, java.lang.Object, int, java.lang.Object)'> (0x000000070fc2eef0) 
thrown [../../src/hotspot/share/interpreter/linkResolver.cpp, line 766]
Event: 0.527 Thread 0x0000000129824200 Exception <a 'java/lang/NoSuchMethodError'{0x000000070f40ecb0}: 'void java.lang.invoke.DirectMethodHandle$Holder.invokeStaticInit(java.lang.Object, java.lang.Object)'> (0x000000070f40ecb0) 
thrown [../../src/hotspot/share/interpreter/linkResolver.cpp, line 766]
Event: 0.530 Thread 0x0000000129824200 Exception <a 'java/lang/NoSuchMethodError'{0x000000070f4960e8}: 'void java.lang.invoke.DirectMethodHandle$Holder.invokeSpecial(java.lang.Object, java.lang.Object, java.lang.Object, java.lang.Object, java.lang.Object)'> (0x000000070f4960e8) 
thrown [../../src/hotspot/share/interpreter/linkResolver.cpp, line 766]
Event: 0.550 Thread 0x0000000129824200 Exception <a 'java/io/FileNotFoundException'{0x000000070f26bcd8}> (0x000000070f26bcd8) 
thrown [../../src/hotspot/share/prims/jni.cpp, line 516]
Event: 0.557 Thread 0x0000000129824200 Implicit null exception at 0x0000000115f5f390 to 0x0000000115f5f84c
Event: 0.561 Thread 0x0000000129824200 Implicit null exception at 0x0000000115f59950 to 0x0000000115f59dcc
Event: 0.561 Thread 0x0000000129824200 Implicit null exception at 0x0000000115f602d4 to 0x0000000115f60340
Event: 0.612 Thread 0x0000000129824200 Exception <a 'java/lang/ClassNotFoundException'{0x000000070ec735f0}: com/sun/javafx/scene/control/skin/resources/controls> (0x000000070ec735f0) 
thrown [../../src/hotspot/share/prims/jni.cpp, line 535]
Event: 0.612 Thread 0x0000000129824200 Exception <a 'java/lang/ClassNotFoundException'{0x000000070ec819a0}: com/sun/javafx/scene/control/skin/resources/controls_en> (0x000000070ec819a0) 
thrown [../../src/hotspot/share/prims/jni.cpp, line 535]
Event: 0.612 Thread 0x0000000129824200 Exception <a 'java/lang/ClassNotFoundException'{0x000000070ec82938}: com/sun/javafx/scene/control/skin/resources/controls_en_US> (0x000000070ec82938) 
thrown [../../src/hotspot/share/prims/jni.cpp, line 535]
Event: 0.627 Thread 0x0000000129824200 Exception <a 'java/lang/NoSuchMethodError'{0x000000070ea47558}: 'void java.lang.invoke.DirectMethodHandle$Holder.invokeSpecial(java.lang.Object, java.lang.Object, java.lang.Object, java.lang.Object, java.lang.Object, java.lang.Object)'> (0x000000070ea47558) 
thrown [../../src/hotspot/share/interpreter/linkResolver.cpp, line 766]
Event: 0.638 Thread 0x0000000129824200 Exception <a 'java/lang/NoSuchMethodError'{0x000000070e4aa880}: 'java.lang.Object java.lang.invoke.DirectMethodHandle$Holder.invokeInterface(java.lang.Object, java.lang.Object, java.lang.Object)'> (0x000000070e4aa880) 
thrown [../../src/hotspot/share/interpreter/linkResolver.cpp, line 766]
Event: 0.638 Thread 0x0000000129824200 Exception <a 'java/lang/IncompatibleClassChangeError'{0x000000070e4ae208}: Found class java.lang.Object, but interface was expected> (0x000000070e4ae208) 
thrown [../../src/hotspot/share/interpreter/linkResolver.cpp, line 833]
Event: 0.669 Thread 0x0000000129824200 Exception <a 'java/lang/NoSuchMethodError'{0x000000070e2941d0}: 'java.lang.Object java.lang.invoke.DirectMethodHandle$Holder.newInvokeSpecial(java.lang.Object, java.lang.Object, int)'> (0x000000070e2941d0) 
thrown [../../src/hotspot/share/interpreter/linkResolver.cpp, line 766]
Event: 0.723 Thread 0x0000000129824200 Exception <a 'java/lang/NoSuchMethodError'{0x000000070fe58cd8}: 'long java.lang.invoke.DirectMethodHandle$Holder.invokeStatic(java.lang.Object, java.lang.Object, java.lang.Object)'> (0x000000070fe58cd8) 
thrown [../../src/hotspot/share/interpreter/linkResolver.cpp, line 766]
Event: 0.723 Thread 0x0000000129824200 Exception <a 'java/lang/NoSuchMethodError'{0x000000070fe5c480}: 'long java.lang.invoke.DirectMethodHandle$Holder.invokeStaticInit(java.lang.Object, java.lang.Object, java.lang.Object)'> (0x000000070fe5c480) 
thrown [../../src/hotspot/share/interpreter/linkResolver.cpp, line 766]
Event: 0.724 Thread 0x0000000129824200 Exception <a 'java/lang/NoSuchMethodError'{0x000000070fe74088}: 'java.lang.Object java.lang.invoke.DirectMethodHandle$Holder.newInvokeSpecial(java.lang.Object, java.lang.Object, long)'> (0x000000070fe74088) 
thrown [../../src/hotspot/share/interpreter/linkResolver.cpp, line 766]
Event: 0.724 Thread 0x0000000129824200 Exception <a 'java/lang/NoSuchMethodError'{0x000000070fe77950}: 'java.lang.Object java.lang.invoke.Invokers$Holder.linkToTargetMethod(java.lang.Object, long, java.lang.Object)'> (0x000000070fe77950) 
thrown [../../src/hotspot/share/interpreter/linkResolver.cpp, line 766]
Event: 0.727 Thread 0x000000012c878a00 Exception <a 'java/lang/NoSuchMethodError'{0x0000000701a290a8}: 'int java.lang.invoke.DirectMethodHandle$Holder.invokeStaticInit(java.lang.Object, java.lang.Object)'> (0x0000000701a290a8) 
thrown [../../src/hotspot/share/interpreter/linkResolver.cpp, line 766]

VM Operations (20 events):
Event: 0.683 Executing VM operation: G1Concurrent
Event: 0.683 Executing VM operation: G1Concurrent done
Event: 2.063 Executing VM operation: Cleanup
Event: 2.064 Executing VM operation: Cleanup done
Event: 3.067 Executing VM operation: Cleanup
Event: 3.067 Executing VM operation: Cleanup done
Event: 4.068 Executing VM operation: Cleanup
Event: 4.068 Executing VM operation: Cleanup done
Event: 5.070 Executing VM operation: Cleanup
Event: 5.070 Executing VM operation: Cleanup done
Event: 6.075 Executing VM operation: Cleanup
Event: 6.076 Executing VM operation: Cleanup done
Event: 8.080 Executing VM operation: Cleanup
Event: 8.080 Executing VM operation: Cleanup done
Event: 8.652 Executing VM operation: ICBufferFull
Event: 8.652 Executing VM operation: ICBufferFull done
Event: 9.085 Executing VM operation: ICBufferFull
Event: 9.085 Executing VM operation: ICBufferFull done
Event: 10.090 Executing VM operation: Cleanup
Event: 10.090 Executing VM operation: Cleanup done

Events (20 events):
Event: 1.166 loading class sun/util/locale/provider/LocaleResources
Event: 1.166 loading class sun/util/locale/provider/LocaleResources done
Event: 1.166 loading class sun/util/resources/cldr/TimeZoneNames
Event: 1.166 loading class sun/util/resources/TimeZoneNamesBundle
Event: 1.166 loading class sun/util/resources/OpenListResourceBundle
Event: 1.166 loading class sun/util/resources/OpenListResourceBundle done
Event: 1.166 loading class sun/util/resources/TimeZoneNamesBundle done
Event: 1.166 loading class sun/util/resources/cldr/TimeZoneNames done
Event: 1.166 loading class sun/util/resources/cldr/TimeZoneNames_en
Event: 1.166 loading class sun/util/resources/cldr/TimeZoneNames_en done
Event: 1.167 loading class sun/util/resources/cldr/TimeZoneNames_en_US
Event: 1.167 loading class sun/util/resources/cldr/TimeZoneNames_en_US done
Event: 1.167 loading class sun/util/locale/provider/LocaleResources$ResourceReference
Event: 1.167 loading class sun/util/locale/provider/LocaleResources$ResourceReference done
Event: 6.942 loading class java/util/EnumMap$Values
Event: 6.942 loading class java/util/EnumMap$Values done
Event: 6.942 loading class java/util/EnumMap$ValueIterator
Event: 6.942 loading class java/util/EnumMap$EnumMapIterator
Event: 6.942 loading class java/util/EnumMap$EnumMapIterator done
Event: 6.942 loading class java/util/EnumMap$ValueIterator done


Dynamic libraries:
0x000000010479c000 	/Library/Java/JavaVirtualMachines/temurin-17.jdk/Contents/Home/lib/libjli.dylib
0x000000019245d000 	/usr/lib/libz.1.dylib
0x0000000192514000 	/usr/lib/libSystem.B.dylib
0x000000019250e000 	/usr/lib/system/libcache.dylib
0x00000001924cc000 	/usr/lib/system/libcommonCrypto.dylib
0x00000001924f5000 	/usr/lib/system/libcompiler_rt.dylib
0x00000001924ec000 	/usr/lib/system/libcopyfile.dylib
0x0000000187733000 	/usr/lib/system/libcorecrypto.dylib
0x00000001877e8000 	/usr/lib/system/libdispatch.dylib
0x00000001879b6000 	/usr/lib/system/libdyld.dylib
0x0000000192504000 	/usr/lib/system/libkeymgr.dylib
0x00000001924a7000 	/usr/lib/system/libmacho.dylib
0x0000000191b97000 	/usr/lib/system/libquarantine.dylib
0x0000000192501000 	/usr/lib/system/libremovefile.dylib
0x000000018cb2e000 	/usr/lib/system/libsystem_asl.dylib
0x00000001876d5000 	/usr/lib/system/libsystem_blocks.dylib
0x0000000187870000 	/usr/lib/system/libsystem_c.dylib
0x00000001924f9000 	/usr/lib/system/libsystem_collections.dylib
0x000000019102c000 	/usr/lib/system/libsystem_configuration.dylib
0x0000000190286000 	/usr/lib/system/libsystem_containermanager.dylib
0x0000000192204000 	/usr/lib/system/libsystem_coreservices.dylib
0x000000018a0e7000 	/usr/lib/system/libsystem_darwin.dylib
0x0000000192505000 	/usr/lib/system/libsystem_dnssd.dylib
0x000000018786d000 	/usr/lib/system/libsystem_featureflags.dylib
0x00000001879cb000 	/usr/lib/system/libsystem_info.dylib
0x000000019246f000 	/usr/lib/system/libsystem_m.dylib
0x00000001877bd000 	/usr/lib/system/libsystem_malloc.dylib
0x000000018cabc000 	/usr/lib/system/libsystem_networkextension.dylib
0x000000018a540000 	/usr/lib/system/libsystem_notify.dylib
0x0000000198869000 	/usr/lib/system/libsystem_product_info_filter.dylib
0x0000000191031000 	/usr/lib/system/libsystem_sandbox.dylib
0x00000001924fe000 	/usr/lib/system/libsystem_secinit.dylib
0x0000000187971000 	/usr/lib/system/libsystem_kernel.dylib
0x00000001879c3000 	/usr/lib/system/libsystem_platform.dylib
0x00000001879a9000 	/usr/lib/system/libsystem_pthread.dylib
0x000000018e292000 	/usr/lib/system/libsystem_symptoms.dylib
0x0000000187719000 	/usr/lib/system/libsystem_trace.dylib
0x00000001924d9000 	/usr/lib/system/libunwind.dylib
0x00000001876d7000 	/usr/lib/system/libxpc.dylib
0x0000000187959000 	/usr/lib/libc++abi.dylib
0x000000018782f000 	/usr/lib/libobjc.A.dylib
0x00000001924e4000 	/usr/lib/liboah.dylib
0x00000001878f2000 	/usr/lib/libc++.1.dylib
0x000000019e397000 	/System/Library/Frameworks/Cocoa.framework/Versions/A/Cocoa
0x000000018a5a1000 	/System/Library/Frameworks/AppKit.framework/Versions/C/AppKit
0x000000018dab8000 	/System/Library/Frameworks/CoreData.framework/Versions/A/CoreData
0x00000001888fc000 	/System/Library/Frameworks/Foundation.framework/Versions/C/Foundation
0x000000018b45a000 	/System/Library/PrivateFrameworks/UIFoundation.framework/Versions/A/UIFoundation
0x0000000198563000 	/System/Library/PrivateFrameworks/RemoteViewServices.framework/Versions/A/RemoteViewServices
0x00000001909d4000 	/System/Library/PrivateFrameworks/XCTTargetBootstrap.framework/Versions/A/XCTTargetBootstrap
0x0000000194254000 	/System/Library/PrivateFrameworks/InternationalSupport.framework/Versions/A/InternationalSupport
0x00000001942dd000 	/System/Library/PrivateFrameworks/UserActivity.framework/Versions/A/UserActivity
0x000000019374b000 	/usr/lib/libspindump.dylib
0x000000018b6cb000 	/System/Library/Frameworks/UniformTypeIdentifiers.framework/Versions/A/UniformTypeIdentifiers
0x000000018ef1c000 	/usr/lib/libapp_launch_measurement.dylib
0x000000018e444000 	/System/Library/PrivateFrameworks/CoreAnalytics.framework/Versions/A/CoreAnalytics
0x000000018ef1f000 	/System/Library/PrivateFrameworks/CoreAutoLayout.framework/Versions/A/CoreAutoLayout
0x00000001902c3000 	/System/Library/Frameworks/Metal.framework/Versions/A/Metal
0x000000019103c000 	/usr/lib/liblangid.dylib
0x00000001909d9000 	/System/Library/PrivateFrameworks/CoreSVG.framework/Versions/A/CoreSVG
0x000000018cb62000 	/System/Library/PrivateFrameworks/SkyLight.framework/Versions/A/SkyLight
0x000000018cf3e000 	/System/Library/Frameworks/CoreGraphics.framework/Versions/A/CoreGraphics
0x0000000198c2f000 	/System/Library/Frameworks/Accelerate.framework/Versions/A/Accelerate
0x00000001931c2000 	/System/Library/PrivateFrameworks/IconServices.framework/Versions/A/IconServices
0x00000001902a5000 	/System/Library/Frameworks/IOSurface.framework/Versions/A/IOSurface
0x000000018e475000 	/usr/lib/libDiagnosticMessagesClient.dylib
0x000000019c134000 	/System/Library/Frameworks/ApplicationServices.framework/Versions/A/ApplicationServices
0x00000001909bc000 	/System/Library/PrivateFrameworks/DFRFoundation.framework/Versions/A/DFRFoundation
0x0000000189e31000 	/usr/lib/libicucore.A.dylib
0x0000000195102000 	/System/Library/Frameworks/AudioToolbox.framework/Versions/A/AudioToolbox
0x0000000194260000 	/System/Library/PrivateFrameworks/DataDetectorsCore.framework/Versions/A/DataDetectorsCore
0x00000001aac80000 	/System/Library/PrivateFrameworks/TextInput.framework/Versions/A/TextInput
0x000000018cad7000 	/usr/lib/libMobileGestalt.dylib
0x0000000190688000 	/System/Library/Frameworks/Carbon.framework/Versions/A/Frameworks/HIToolbox.framework/Versions/A/HIToolbox
0x000000018e8f5000 	/System/Library/Frameworks/QuartzCore.framework/Versions/A/QuartzCore
0x0000000189ab2000 	/System/Library/Frameworks/Security.framework/Versions/A/Security
0x00000001985a3000 	/System/Library/Frameworks/Carbon.framework/Versions/A/Frameworks/SpeechRecognition.framework/Versions/A/SpeechRecognition
0x000000018ec71000 	/System/Library/PrivateFrameworks/CoreUI.framework/Versions/A/CoreUI
0x000000018938e000 	/System/Library/Frameworks/CoreAudio.framework/Versions/A/CoreAudio
0x000000018e569000 	/System/Library/Frameworks/DiskArbitration.framework/Versions/A/DiskArbitration
0x0000000193b55000 	/System/Library/PrivateFrameworks/MultitouchSupport.framework/Versions/A/MultitouchSupport
0x000000018cad5000 	/usr/lib/libenergytrace.dylib
0x000000018a469000 	/System/Library/Frameworks/IOKit.framework/Versions/A/IOKit
0x0000000198992000 	/System/Library/Frameworks/CoreServices.framework/Versions/A/CoreServices
0x000000018eeac000 	/System/Library/PrivateFrameworks/PerformanceAnalysis.framework/Versions/A/PerformanceAnalysis
0x00000001e912b000 	/System/Library/Frameworks/OpenGL.framework/Versions/A/OpenGL
0x0000000191aaf000 	/System/Library/PrivateFrameworks/MobileKeyBag.framework/Versions/A/MobileKeyBag
0x000000018d54c000 	/System/Library/Frameworks/ColorSync.framework/Versions/A/ColorSync
0x00000001879f8000 	/System/Library/Frameworks/CoreFoundation.framework/Versions/A/CoreFoundation
0x0000000190c58000 	/System/Library/Frameworks/CoreImage.framework/Versions/A/CoreImage
0x00000001891b2000 	/System/Library/Frameworks/CoreText.framework/Versions/A/CoreText
0x0000000190a09000 	/System/Library/Frameworks/ImageIO.framework/Versions/A/ImageIO
0x000000019251a000 	/System/Library/PrivateFrameworks/SoftLinking.framework/Versions/A/SoftLinking
0x000000018ef6a000 	/usr/lib/libxml2.2.dylib
0x00000001927b3000 	/usr/lib/libcompression.dylib
0x00000001941b0000 	/System/Library/PrivateFrameworks/TextureIO.framework/Versions/A/TextureIO
0x0000000192edb000 	/usr/lib/libate.dylib
0x0000000192da0000 	/usr/lib/liblzma.5.dylib
0x00000001885ef000 	/System/Library/Frameworks/SystemConfiguration.framework/Versions/A/SystemConfiguration
0x0000000192516000 	/usr/lib/libfakelink.dylib
0x000000018c607000 	/System/Library/Frameworks/CFNetwork.framework/Versions/A/CFNetwork
0x000000019265c000 	/usr/lib/libarchive.2.dylib
0x0000000191038000 	/System/Library/PrivateFrameworks/AppleSystemInfo.framework/Versions/A/AppleSystemInfo
0x0000000191bc2000 	/usr/lib/libbsm.0.dylib
0x000000018bb74000 	/usr/lib/libnetwork.dylib
0x00000001924b0000 	/usr/lib/system/libkxld.dylib
0x00000001917dc000 	/System/Library/PrivateFrameworks/IOMobileFramebuffer.framework/Versions/A/IOMobileFramebuffer
0x0000000207515000 	/usr/lib/libCoreEntitlements.dylib
0x00000001921e6000 	/System/Library/PrivateFrameworks/AppleFSCompression.framework/Versions/A/AppleFSCompression
0x0000000191baa000 	/usr/lib/libcoretls.dylib
0x0000000192db9000 	/usr/lib/libcoretls_cfhelpers.dylib
0x00000001927ae000 	/usr/lib/libpam.2.dylib
0x000000018dea8000 	/usr/lib/libsqlite3.dylib
0x0000000192e22000 	/usr/lib/libxar.1.dylib
0x00000001921f7000 	/usr/lib/libbz2.1.0.dylib
0x000000019251b000 	/usr/lib/libpcap.A.dylib
0x000000018e289000 	/usr/lib/libdns_services.dylib
0x0000000192781000 	/usr/lib/libapple_nghttp2.dylib
0x0000000192558000 	/usr/lib/libiconv.2.dylib
0x00000001924a6000 	/usr/lib/libcharset.1.dylib
0x000000018eee8000 	/System/Library/Frameworks/CoreServices.framework/Versions/A/Frameworks/FSEvents.framework/Versions/A/FSEvents
0x000000018a0f2000 	/System/Library/Frameworks/CoreServices.framework/Versions/A/Frameworks/CarbonCore.framework/Versions/A/CarbonCore
0x000000018e4c9000 	/System/Library/Frameworks/CoreServices.framework/Versions/A/Frameworks/Metadata.framework/Versions/A/Metadata
0x000000019220a000 	/System/Library/Frameworks/CoreServices.framework/Versions/A/Frameworks/OSServices.framework/Versions/A/OSServices
0x00000001926e2000 	/System/Library/Frameworks/CoreServices.framework/Versions/A/Frameworks/SearchKit.framework/Versions/A/SearchKit
0x000000018e217000 	/System/Library/Frameworks/CoreServices.framework/Versions/A/Frameworks/AE.framework/Versions/A/AE
0x0000000187f3f000 	/System/Library/Frameworks/CoreServices.framework/Versions/A/Frameworks/LaunchServices.framework/Versions/A/LaunchServices
0x0000000192d49000 	/System/Library/Frameworks/CoreServices.framework/Versions/A/Frameworks/DictionaryServices.framework/Versions/A/DictionaryServices
0x000000018eef5000 	/System/Library/Frameworks/CoreServices.framework/Versions/A/Frameworks/SharedFileList.framework/Versions/A/SharedFileList
0x0000000191b9a000 	/usr/lib/libCheckFix.dylib
0x000000018cb46000 	/System/Library/PrivateFrameworks/TCC.framework/Versions/A/TCC
0x000000019103e000 	/System/Library/PrivateFrameworks/CoreNLP.framework/Versions/A/CoreNLP
0x000000018e478000 	/System/Library/PrivateFrameworks/MetadataUtilities.framework/Versions/A/MetadataUtilities
0x00000001886a9000 	/usr/lib/libmecabra.dylib
0x0000000191bd3000 	/usr/lib/libmecab.dylib
0x0000000188675000 	/usr/lib/libCRFSuite.dylib
0x0000000191c30000 	/usr/lib/libgermantok.dylib
0x000000019275a000 	/usr/lib/libThaiTokenizer.dylib
0x000000018e571000 	/System/Library/Frameworks/Accelerate.framework/Versions/A/Frameworks/vImage.framework/Versions/A/vImage
0x0000000198969000 	/System/Library/Frameworks/Accelerate.framework/Versions/A/Frameworks/vecLib.framework/Versions/A/vecLib
0x0000000192e67000 	/System/Library/Frameworks/Accelerate.framework/Versions/A/Frameworks/vecLib.framework/Versions/A/libvMisc.dylib
0x00000001916e3000 	/System/Library/Frameworks/Accelerate.framework/Versions/A/Frameworks/vecLib.framework/Versions/A/libvDSP.dylib
0x00000001882ca000 	/System/Library/Frameworks/Accelerate.framework/Versions/A/Frameworks/vecLib.framework/Versions/A/libBLAS.dylib
0x0000000192884000 	/System/Library/Frameworks/Accelerate.framework/Versions/A/Frameworks/vecLib.framework/Versions/A/libLAPACK.dylib
0x0000000191c33000 	/System/Library/Frameworks/Accelerate.framework/Versions/A/Frameworks/vecLib.framework/Versions/A/libLinearAlgebra.dylib
0x0000000192799000 	/System/Library/Frameworks/Accelerate.framework/Versions/A/Frameworks/vecLib.framework/Versions/A/libSparseBLAS.dylib
0x000000019287f000 	/System/Library/Frameworks/Accelerate.framework/Versions/A/Frameworks/vecLib.framework/Versions/A/libQuadrature.dylib
0x0000000191137000 	/System/Library/Frameworks/Accelerate.framework/Versions/A/Frameworks/vecLib.framework/Versions/A/libBNNS.dylib
0x0000000188588000 	/System/Library/Frameworks/Accelerate.framework/Versions/A/Frameworks/vecLib.framework/Versions/A/libSparse.dylib
0x000000019112f000 	/System/Library/PrivateFrameworks/LinguisticData.framework/Versions/A/LinguisticData
0x0000000188540000 	/System/Library/PrivateFrameworks/Lexicon.framework/Versions/A/Lexicon
0x0000000192e5f000 	/usr/lib/libChineseTokenizer.dylib
0x0000000188cee000 	/System/Library/PrivateFrameworks/LanguageModeling.framework/Versions/A/LanguageModeling
0x000000019275c000 	/System/Library/PrivateFrameworks/AppleSauce.framework/Versions/A/AppleSauce
0x00000001917c9000 	/System/Library/PrivateFrameworks/CoreEmoji.framework/Versions/A/CoreEmoji
0x000000019264a000 	/usr/lib/libcmph.dylib
0x000000018eec8000 	/System/Library/Frameworks/OpenDirectory.framework/Versions/A/Frameworks/CFOpenDirectory.framework/Versions/A/CFOpenDirectory
0x000000018eeb8000 	/System/Library/Frameworks/OpenDirectory.framework/Versions/A/OpenDirectory
0x0000000192dbb000 	/System/Library/PrivateFrameworks/APFS.framework/Versions/A/APFS
0x0000000191aea000 	/System/Library/Frameworks/SecurityFoundation.framework/Versions/A/SecurityFoundation
0x0000000192e31000 	/usr/lib/libutil.dylib
0x000000018a42b000 	/System/Library/PrivateFrameworks/CoreServicesStore.framework/Versions/A/CoreServicesStore
0x0000000192e35000 	/usr/lib/libxslt.1.dylib
0x0000000191b7e000 	/System/Library/PrivateFrameworks/BackgroundTaskManagement.framework/Versions/A/BackgroundTaskManagement
0x00000001940d1000 	/System/Library/Frameworks/ImageIO.framework/Versions/A/Resources/libRadiance.dylib
0x00000001940da000 	/System/Library/Frameworks/ImageIO.framework/Versions/A/Resources/libJPEG.dylib
0x000000019402d000 	/System/Library/Frameworks/ImageIO.framework/Versions/A/Resources/libPng.dylib
0x000000019404f000 	/System/Library/Frameworks/ImageIO.framework/Versions/A/Resources/libTIFF.dylib
0x0000000194135000 	/System/Library/Frameworks/ImageIO.framework/Versions/A/Resources/libGIF.dylib
0x0000000193a65000 	/System/Library/Frameworks/ImageIO.framework/Versions/A/Resources/libJP2.dylib
0x0000000193187000 	/usr/lib/libexpat.1.dylib
0x0000000193a20000 	/System/Library/PrivateFrameworks/AppleJPEG.framework/Versions/A/AppleJPEG
0x0000000190544000 	/System/Library/PrivateFrameworks/FontServices.framework/libFontParser.dylib
0x000000018e1bc000 	/System/Library/PrivateFrameworks/RunningBoardServices.framework/Versions/A/RunningBoardServices
0x000000019ea6e000 	/System/Library/PrivateFrameworks/IOSurfaceAccelerator.framework/Versions/A/IOSurfaceAccelerator
0x0000000193b51000 	/System/Library/PrivateFrameworks/WatchdogClient.framework/Versions/A/WatchdogClient
0x0000000188dee000 	/System/Library/Frameworks/CoreDisplay.framework/Versions/A/CoreDisplay
0x000000019042e000 	/System/Library/Frameworks/CoreMedia.framework/Versions/A/CoreMedia
0x00000001902b9000 	/System/Library/PrivateFrameworks/IOAccelerator.framework/Versions/A/IOAccelerator
0x000000018f058000 	/System/Library/Frameworks/CoreVideo.framework/Versions/A/CoreVideo
0x00000001927ac000 	/System/Library/Frameworks/MetalPerformanceShaders.framework/Versions/A/MetalPerformanceShaders
0x0000000193b90000 	/System/Library/Frameworks/VideoToolbox.framework/Versions/A/VideoToolbox
0x000000018e100000 	/System/Library/PrivateFrameworks/BaseBoard.framework/Versions/A/BaseBoard
0x000000018de8e000 	/System/Library/PrivateFrameworks/ProtocolBuffer.framework/Versions/A/ProtocolBuffer
0x00000001940cc000 	/System/Library/PrivateFrameworks/GPUWrangler.framework/Versions/A/GPUWrangler
0x00000001940ac000 	/System/Library/PrivateFrameworks/IOPresentment.framework/Versions/A/IOPresentment
0x00000001940d4000 	/System/Library/PrivateFrameworks/DSExternalDisplay.framework/Versions/A/DSExternalDisplay
0x00000001e911e000 	/System/Library/Frameworks/OpenGL.framework/Versions/A/Libraries/libCoreFSCache.dylib
0x00000001f3fe8000 	/System/Library/PrivateFrameworks/GPUCompiler.framework/Versions/31001/Libraries/libGPUCompilerUtils.dylib
0x000000019413a000 	/System/Library/PrivateFrameworks/CMCaptureCore.framework/Versions/A/CMCaptureCore
0x0000000193738000 	/System/Library/PrivateFrameworks/AppServerSupport.framework/Versions/A/AppServerSupport
0x00000001959c0000 	/System/Library/PrivateFrameworks/perfdata.framework/Versions/A/perfdata
0x0000000188f0e000 	/System/Library/PrivateFrameworks/AudioToolboxCore.framework/Versions/A/AudioToolboxCore
0x0000000190407000 	/System/Library/PrivateFrameworks/caulk.framework/Versions/A/caulk
0x00000001952b5000 	/usr/lib/libAudioStatistics.dylib
0x00000001a72d3000 	/System/Library/PrivateFrameworks/SystemPolicy.framework/Versions/A/SystemPolicy
0x0000000195521000 	/usr/lib/libSMC.dylib
0x000000019e275000 	/System/Library/Frameworks/CoreMIDI.framework/Versions/A/CoreMIDI
0x0000000193ffb000 	/usr/lib/libAudioToolboxUtility.dylib
0x00000001a3436000 	/System/Library/PrivateFrameworks/OSAServicesClient.framework/Versions/A/OSAServicesClient
0x00000001959cd000 	/usr/lib/libperfcheck.dylib
0x00000001a7df2000 	/usr/lib/libmis.dylib
0x00000001e9180000 	/System/Library/Frameworks/OpenGL.framework/Versions/A/Libraries/libGLU.dylib
0x00000001e913f000 	/System/Library/Frameworks/OpenGL.framework/Versions/A/Libraries/libGFXShared.dylib
0x00000001e932c000 	/System/Library/Frameworks/OpenGL.framework/Versions/A/Libraries/libGL.dylib
0x00000001e9148000 	/System/Library/Frameworks/OpenGL.framework/Versions/A/Libraries/libGLImage.dylib
0x00000001e913c000 	/System/Library/Frameworks/OpenGL.framework/Versions/A/Libraries/libCVMSPluginSupport.dylib
0x00000001e9125000 	/System/Library/Frameworks/OpenGL.framework/Versions/A/Libraries/libCoreVMClient.dylib
0x0000000190fb8000 	/System/Library/Frameworks/MetalPerformanceShaders.framework/Versions/A/Frameworks/MPSCore.framework/Versions/A/MPSCore
0x0000000192159000 	/System/Library/Frameworks/MetalPerformanceShaders.framework/Versions/A/Frameworks/MPSImage.framework/Versions/A/MPSImage
0x0000000191c48000 	/System/Library/Frameworks/MetalPerformanceShaders.framework/Versions/A/Frameworks/MPSNeuralNetwork.framework/Versions/A/MPSNeuralNetwork
0x0000000192081000 	/System/Library/Frameworks/MetalPerformanceShaders.framework/Versions/A/Frameworks/MPSMatrix.framework/Versions/A/MPSMatrix
0x0000000191e5a000 	/System/Library/Frameworks/MetalPerformanceShaders.framework/Versions/A/Frameworks/MPSRayIntersector.framework/Versions/A/MPSRayIntersector
0x00000001920b2000 	/System/Library/Frameworks/MetalPerformanceShaders.framework/Versions/A/Frameworks/MPSNDArray.framework/Versions/A/MPSNDArray
0x00000001ebc27000 	/System/Library/Frameworks/MetalPerformanceShaders.framework/Versions/A/Frameworks/MPSFunctions.framework/Versions/A/MPSFunctions
0x00000001881a0000 	/System/Library/PrivateFrameworks/MetalTools.framework/Versions/A/MetalTools
0x0000000191036000 	/System/Library/PrivateFrameworks/AggregateDictionary.framework/Versions/A/AggregateDictionary
0x0000000192f6c000 	/usr/lib/libIOReport.dylib
0x000000019d28e000 	/System/Library/PrivateFrameworks/ASEProcessing.framework/Versions/A/ASEProcessing
0x00000001932e1000 	/System/Library/PrivateFrameworks/FaceCore.framework/Versions/A/FaceCore
0x00000001932d3000 	/System/Library/PrivateFrameworks/GraphVisualizer.framework/Versions/A/GraphVisualizer
0x00000001f3eff000 	/System/Library/PrivateFrameworks/FontServices.framework/Versions/A/FontServices
0x00000001936f4000 	/System/Library/PrivateFrameworks/OTSVG.framework/Versions/A/OTSVG
0x000000018ec21000 	/System/Library/Frameworks/ApplicationServices.framework/Versions/A/Frameworks/ATS.framework/Versions/A/Resources/libFontRegistry.dylib
0x0000000193741000 	/System/Library/PrivateFrameworks/FontServices.framework/libhvf.dylib
0x00000001f3f00000 	/System/Library/PrivateFrameworks/FontServices.framework/libXTFontStaticRegistryData.dylib
0x00000001e94cd000 	/System/Library/Frameworks/OpenCL.framework/Versions/A/OpenCL
0x000000019313b000 	/System/Library/PrivateFrameworks/AppleVA.framework/Versions/A/AppleVA
0x00000001952dd000 	/System/Library/Frameworks/ApplicationServices.framework/Versions/A/Frameworks/ATS.framework/Versions/A/ATS
0x000000018d64b000 	/System/Library/Frameworks/ApplicationServices.framework/Versions/A/Frameworks/HIServices.framework/Versions/A/HIServices
0x0000000194144000 	/System/Library/Frameworks/ApplicationServices.framework/Versions/A/Frameworks/PrintCore.framework/Versions/A/PrintCore
0x0000000195674000 	/System/Library/Frameworks/ApplicationServices.framework/Versions/A/Frameworks/QD.framework/Versions/A/QD
0x000000019566c000 	/System/Library/Frameworks/ApplicationServices.framework/Versions/A/Frameworks/ColorSyncLegacy.framework/Versions/A/ColorSyncLegacy
0x00000001952c9000 	/System/Library/Frameworks/ApplicationServices.framework/Versions/A/Frameworks/SpeechSynthesis.framework/Versions/A/SpeechSynthesis
0x0000000194105000 	/System/Library/Frameworks/ApplicationServices.framework/Versions/A/Frameworks/ATSUI.framework/Versions/A/ATSUI
0x0000000195601000 	/usr/lib/libcups.2.dylib
0x00000001959db000 	/System/Library/Frameworks/Kerberos.framework/Versions/A/Kerberos
0x00000001959ec000 	/System/Library/Frameworks/GSS.framework/Versions/A/GSS
0x000000019534d000 	/usr/lib/libresolv.9.dylib
0x0000000193750000 	/System/Library/PrivateFrameworks/Heimdal.framework/Versions/A/Heimdal
0x000000019c4c4000 	/System/Library/Frameworks/Kerberos.framework/Versions/A/Libraries/libHeimdalProxy.dylib
0x000000018e29b000 	/System/Library/Frameworks/Network.framework/Versions/A/Network
0x00000001931a2000 	/usr/lib/libheimdal-asn1.dylib
0x0000000195a3c000 	/System/Library/PrivateFrameworks/CommonAuth.framework/Versions/A/CommonAuth
0x0000000195243000 	/System/Library/PrivateFrameworks/AudioSession.framework/Versions/A/AudioSession
0x0000000193234000 	/System/Library/PrivateFrameworks/MediaExperience.framework/Versions/A/MediaExperience
0x00000001950c8000 	/System/Library/PrivateFrameworks/AudioSession.framework/libSessionUtility.dylib
0x0000000195680000 	/System/Library/PrivateFrameworks/AudioResourceArbitration.framework/Versions/A/AudioResourceArbitration
0x0000000199846000 	/System/Library/PrivateFrameworks/PowerLog.framework/Versions/A/PowerLog
0x00000001931ac000 	/System/Library/PrivateFrameworks/IconFoundation.framework/Versions/A/IconFoundation
0x000000019858f000 	/System/Library/PrivateFrameworks/SpeechRecognitionCore.framework/Versions/A/SpeechRecognitionCore
0x00000001059d8000 	/Library/Java/JavaVirtualMachines/temurin-17.jdk/Contents/Home/lib/server/libjvm.dylib
0x0000000104800000 	/Library/Java/JavaVirtualMachines/temurin-17.jdk/Contents/Home/lib/libjimage.dylib
0x00000001049f0000 	/Library/Java/JavaVirtualMachines/temurin-17.jdk/Contents/Home/lib/libinstrument.dylib
0x0000000104a3c000 	/Library/Java/JavaVirtualMachines/temurin-17.jdk/Contents/Home/lib/libjava.dylib
0x0000000105800000 	/Library/Java/JavaVirtualMachines/temurin-17.jdk/Contents/Home/lib/libnio.dylib
0x0000000105820000 	/Library/Java/JavaVirtualMachines/temurin-17.jdk/Contents/Home/lib/libnet.dylib
0x0000000104a20000 	/Library/Java/JavaVirtualMachines/temurin-17.jdk/Contents/Home/lib/libzip.dylib
0x0000000105844000 	/Users/sam/.openjfx/cache/17.0.1/libprism_es2.dylib
0x000000018a3ee000 	/System/Library/PrivateFrameworks/CoreServicesInternal.framework/Versions/A/CoreServicesInternal
0x00000001e9336000 	/System/Library/Frameworks/OpenGL.framework/Versions/A/Resources/GLEngine.bundle/GLEngine
0x00000001e91be000 	/System/Library/Frameworks/OpenGL.framework/Versions/A/Libraries/libGLProgrammability.dylib
0x00000001058f0000 	/System/Library/Extensions/AppleMetalOpenGLRenderer.bundle/Contents/MacOS/AppleMetalOpenGLRenderer
0x00000001e94a5000 	/System/Library/Frameworks/OpenGL.framework/Versions/A/Resources/GLRendererFloat.bundle/GLRendererFloat
0x00000001e95a5000 	/System/Library/Extensions/AGXMetal13_3.bundle/Contents/MacOS/AGXMetal13_3
0x00000001a7e0e000 	/System/Library/PrivateFrameworks/GPURawCounter.framework/Versions/A/GPURawCounter
0x00000001a259f000 	/System/Library/PrivateFrameworks/IOGPU.framework/Versions/A/IOGPU
0x000000012c000000 	/Users/sam/.openjfx/cache/17.0.1/libglass.dylib
0x0000000199a9e000 	/System/Library/Frameworks/FileProvider.framework/Versions/A/FileProvider
0x000000018e068000 	/System/Library/Frameworks/Accounts.framework/Versions/A/Accounts
0x0000000199c22000 	/System/Library/PrivateFrameworks/GenerationalStorage.framework/Versions/A/GenerationalStorage
0x000000019a7e5000 	/System/Library/PrivateFrameworks/CoreSymbolication.framework/Versions/A/CoreSymbolication
0x000000019983a000 	/System/Library/PrivateFrameworks/SymptomDiagnosticReporter.framework/Versions/A/SymptomDiagnosticReporter
0x000000018b6df000 	/System/Library/PrivateFrameworks/DesktopServicesPriv.framework/Versions/A/DesktopServicesPriv
0x000000018a550000 	/usr/lib/libsandbox.1.dylib
0x000000018f0e6000 	/System/Library/PrivateFrameworks/UserManagement.framework/Versions/A/UserManagement
0x000000019a7a2000 	/System/Library/PrivateFrameworks/DebugSymbols.framework/Versions/A/DebugSymbols
0x000000019565f000 	/System/Library/PrivateFrameworks/NetAuth.framework/Versions/A/NetAuth
0x0000000196580000 	/System/Library/PrivateFrameworks/Sharing.framework/Versions/A/Sharing
0x000000018f0b6000 	/System/Library/PrivateFrameworks/login.framework/Versions/A/Frameworks/loginsupport.framework/Versions/A/loginsupport
0x000000019b9d9000 	/System/Library/PrivateFrameworks/Apple80211.framework/Versions/A/Apple80211
0x000000019223d000 	/System/Library/PrivateFrameworks/AuthKit.framework/Versions/A/AuthKit
0x00000001918c5000 	/System/Library/PrivateFrameworks/CoreUtils.framework/Versions/A/CoreUtils
0x00000001917e8000 	/System/Library/Frameworks/CoreWLAN.framework/Versions/A/CoreWLAN
0x00000001966f0000 	/System/Library/Frameworks/IOBluetooth.framework/Versions/A/IOBluetooth
0x000000019ba39000 	/System/Library/PrivateFrameworks/CoreWiFi.framework/Versions/A/CoreWiFi
0x000000019a382000 	/System/Library/PrivateFrameworks/FrontBoardServices.framework/Versions/A/FrontBoardServices
0x000000019a41a000 	/System/Library/PrivateFrameworks/BoardServices.framework/Versions/A/BoardServices
0x0000000191ad8000 	/System/Library/PrivateFrameworks/AssertionServices.framework/Versions/A/AssertionServices
0x000000019bbb6000 	/System/Library/PrivateFrameworks/BackBoardServices.framework/Versions/A/BackBoardServices
0x0000000195ad3000 	/System/Library/PrivateFrameworks/CorePhoneNumbers.framework/Versions/A/CorePhoneNumbers
0x000000019537a000 	/System/Library/PrivateFrameworks/MultiverseSupport.framework/Versions/A/MultiverseSupport
0x000000019be37000 	/System/Library/PrivateFrameworks/RemoteServiceDiscovery.framework/Versions/A/RemoteServiceDiscovery
0x000000019996a000 	/System/Library/PrivateFrameworks/DiskManagement.framework/Versions/A/DiskManagement
0x000000019986d000 	/System/Library/PrivateFrameworks/AppleIDAuthSupport.framework/Versions/A/AppleIDAuthSupport
0x00000001ee464000 	/System/Library/PrivateFrameworks/AAAFoundation.framework/Versions/A/AAAFoundation
0x0000000195ab2000 	/System/Library/PrivateFrameworks/KeychainCircle.framework/Versions/A/KeychainCircle
0x000000019be47000 	/System/Library/PrivateFrameworks/RemoteXPC.framework/Versions/A/RemoteXPC
0x0000000199936000 	/System/Library/PrivateFrameworks/MediaKit.framework/Versions/A/MediaKit
0x000000019987a000 	/System/Library/Frameworks/DiscRecording.framework/Versions/A/DiscRecording
0x00000001930b7000 	/usr/lib/libCoreStorage.dylib
0x000000019beb3000 	/usr/lib/libcsfde.dylib
0x00000001967c5000 	/System/Library/PrivateFrameworks/ProtectedCloudStorage.framework/Versions/A/ProtectedCloudStorage
0x000000019beab000 	/System/Library/PrivateFrameworks/EFILogin.framework/Versions/A/EFILogin
0x0000000199c49000 	/System/Library/PrivateFrameworks/OctagonTrust.framework/Versions/A/OctagonTrust
0x00000001f3086000 	/System/Library/PrivateFrameworks/CoreUtilsExtras.framework/Versions/A/CoreUtilsExtras
0x000000019979f000 	/System/Library/Frameworks/CoreBluetooth.framework/Versions/A/CoreBluetooth
0x000000019c549000 	/System/Library/Frameworks/AudioUnit.framework/Versions/A/AudioUnit
0x00000001930af000 	/usr/lib/libMatch.1.dylib
0x00000001ac2f6000 	/System/Library/Frameworks/Accelerate.framework/Versions/A/Frameworks/vImage.framework/Versions/A/Libraries/libCGInterfaces.dylib
0x000000012c5c4000 	/usr/lib/libobjc-trampolines.dylib
0x000000018edb0000 	/System/Library/PrivateFrameworks/ViewBridge.framework/Versions/A/ViewBridge
0x00000001eeb18000 	/System/Library/PrivateFrameworks/AccessibilityBundles.framework/Versions/A/AccessibilityBundles
0x0000000193813000 	/System/Library/PrivateFrameworks/login.framework/Versions/A/login
0x0000000192f75000 	/System/Library/PrivateFrameworks/CrashReporterSupport.framework/Versions/A/CrashReporterSupport
0x00000001b3dad000 	/System/Library/PrivateFrameworks/OSAnalytics.framework/Versions/A/OSAnalytics
0x00000001bf11a000 	/System/Library/PrivateFrameworks/Symbolication.framework/Versions/A/Symbolication
0x00000001a7dcf000 	/System/Library/PrivateFrameworks/MallocStackLogging.framework/Versions/A/MallocStackLogging
0x0000000163bc4000 	/Users/sam/.openjfx/cache/17.0.1/libjavafx_font.dylib
0x0000000207672000 	/usr/lib/libRosetta.dylib


VM Arguments:
jvm_args: -javaagent:/Applications/IntelliJ IDEA CE.app/Contents/lib/idea_rt.jar=49262:/Applications/IntelliJ IDEA CE.app/Contents/bin -Dfile.encoding=UTF-8 --module-path=/Users/sam/WGU/software_2/scheduler/target/classes:/Users/sam/.m2/repository/org/openjfx/javafx-graphics/17.0.1/javafx-graphics-17.0.1-mac-aarch64.jar:/Users/sam/.m2/repository/org/openjfx/javafx-controls/17.0.1/javafx-controls-17.0.1-mac-aarch64.jar:/Users/sam/.m2/repository/org/openjfx/javafx-fxml/17.0.1/javafx-fxml-17.0.1-mac-aarch64.jar:/Users/sam/.m2/repository/org/openjfx/javafx-base/17.0.1/javafx-base-17.0.1-mac-aarch64.jar -Djdk.module.main=dev.sam.scheduler 
java_command: dev.sam.scheduler/dev.sam.scheduler.App
java_class_path (initial): /Users/sam/.m2/repository/org/openjfx/javafx-controls/17.0.1/javafx-controls-17.0.1.jar:/Users/sam/.m2/repository/org/openjfx/javafx-graphics/17.0.1/javafx-graphics-17.0.1.jar:/Users/sam/.m2/repository/org/openjfx/javafx-base/17.0.1/javafx-base-17.0.1.jar:/Users/sam/.m2/repository/org/openjfx/javafx-fxml/17.0.1/javafx-fxml-17.0.1.jar
Launcher Type: SUN_STANDARD

[Global flags]
     intx CICompilerCount                          = 4                                         {product} {ergonomic}
     uint ConcGCThreads                            = 2                                         {product} {ergonomic}
     uint G1ConcRefinementThreads                  = 8                                         {product} {ergonomic}
   size_t G1HeapRegionSize                         = 2097152                                   {product} {ergonomic}
    uintx GCDrainStackTargetSize                   = 64                                        {product} {ergonomic}
   size_t InitialHeapSize                          = 268435456                                 {product} {ergonomic}
   size_t MarkStackSize                            = 4194304                                   {product} {ergonomic}
   size_t MaxHeapSize                              = 4294967296                                {product} {ergonomic}
   size_t MaxNewSize                               = 2575302656                                {product} {ergonomic}
   size_t MinHeapDeltaBytes                        = 2097152                                   {product} {ergonomic}
   size_t MinHeapSize                              = 8388608                                   {product} {ergonomic}
    uintx NonNMethodCodeHeapSize                   = 5839564                                {pd product} {ergonomic}
    uintx NonProfiledCodeHeapSize                  = 122909338                              {pd product} {ergonomic}
    uintx ProfiledCodeHeapSize                     = 122909338                              {pd product} {ergonomic}
    uintx ReservedCodeCacheSize                    = 251658240                              {pd product} {ergonomic}
     bool SegmentedCodeCache                       = true                                      {product} {ergonomic}
   size_t SoftMaxHeapSize                          = 4294967296                             {manageable} {ergonomic}
     bool UseCompressedClassPointers               = true                           {product lp64_product} {ergonomic}
     bool UseCompressedOops                        = true                           {product lp64_product} {ergonomic}
     bool UseG1GC                                  = true                                      {product} {ergonomic}
     bool UseNUMA                                  = false                                     {product} {ergonomic}
     bool UseNUMAInterleaving                      = false                                     {product} {ergonomic}

Logging:
Log output configuration:
 #0: stdout all=warning uptime,level,tags
 #1: stderr all=off uptime,level,tags

Environment Variables:
JAVA_HOME=/Library/Java/JavaVirtualMachines/temurin-17.jdk/Contents/Home/
PATH=/Users/sam/.nvm/versions/node/v18.3.0/bin:/opt/local/bin:/opt/local/sbin:/Library/Frameworks/Python.framework/Versions/2.7/bin:/Users/sam/.cargo/bin:/opt/homebrew/bin:/opt/homebrew/sbin:/opt/homebrew/Cellar/openjdk/18.0.1.1/bin:/usr/local/bin:/bin:/usr/bin:/usr/sbin:/sbin:/opt/local/bin:/opt/local/sbin:/Library/Frameworks/Python.framework/Versions/2.7/bin:/Applications/Little Snitch.app/Contents/Components:/Applications/kitty.app/Contents/MacOS:/Library/Apple/usr/bin:/usr/local/texlive/2022/bin/universal-darwin::/Users/sam/.fig/bin:/Users/sam/.local/bin
SHELL=/bin/zsh
LC_CTYPE=en_US.UTF-8

Signal Handlers:
   SIGSEGV: _ZL13crash_handleriP9__siginfoPv in libjvm.dylib, mask=11100110000111110111111111111111, flags=SA_RESTART|SA_SIGINFO
    SIGBUS: _ZL13crash_handleriP9__siginfoPv in libjvm.dylib, mask=11100110000111110111111111111111, flags=SA_RESTART|SA_SIGINFO
    SIGFPE: _ZL13crash_handleriP9__siginfoPv in libjvm.dylib, mask=11100110000111110111111111111111, flags=SA_RESTART|SA_SIGINFO
   SIGPIPE: _ZL17javaSignalHandleriP9__siginfoPv in libjvm.dylib, mask=11100110000111110111111111111111, flags=SA_RESTART|SA_SIGINFO
   SIGXFSZ: _ZL17javaSignalHandleriP9__siginfoPv in libjvm.dylib, mask=11100110000111110111111111111111, flags=SA_RESTART|SA_SIGINFO
    SIGILL: _ZL13crash_handleriP9__siginfoPv in libjvm.dylib, mask=11100110000111110111111111111111, flags=SA_RESTART|SA_SIGINFO
   SIGUSR2: _ZL10SR_handleriP9__siginfoP17__darwin_ucontext in libjvm.dylib, mask=00100000000000000000000000000000, flags=SA_RESTART|SA_SIGINFO
    SIGHUP: _ZL11UserHandleriPvS_ in libjvm.dylib, mask=11100110000111110111111111111111, flags=SA_RESTART|SA_SIGINFO
    SIGINT: _ZL11UserHandleriPvS_ in libjvm.dylib, mask=11100110000111110111111111111111, flags=SA_RESTART|SA_SIGINFO
   SIGTERM: _ZL11UserHandleriPvS_ in libjvm.dylib, mask=11100110000111110111111111111111, flags=SA_RESTART|SA_SIGINFO
   SIGQUIT: _ZL11UserHandleriPvS_ in libjvm.dylib, mask=11100110000111110111111111111111, flags=SA_RESTART|SA_SIGINFO
   SIGTRAP: _ZL13crash_handleriP9__siginfoPv in libjvm.dylib, mask=11100110000111110111111111111111, flags=SA_RESTART|SA_SIGINFO


---------------  S Y S T E M  ---------------

OS:
uname: Darwin 21.6.0 Darwin Kernel Version 21.6.0: Wed Aug 10 14:28:35 PDT 2022; root:xnu-8020.141.5~2/RELEASE_ARM64_T8101 arm64
OS uptime: 4 days 7:37 hours
rlimit (soft/hard): STACK 8176k/65520k , CORE 0k/infinity , NPROC 2666/4000 , NOFILE 10240/infinity , AS infinity/infinity , CPU infinity/infinity , DATA infinity/infinity , FSIZE infinity/infinity , MEMLOCK infinity/infinity , RSS infinity/infinity
load average: 2.52 2.23 2.12

CPU: total 8 (initial active 8) 0x61:0x0:0x1b588bb3:0, fp, simd, crc, lse

Memory: 16k page, physical 16777216k(242688k free), swap 1048576k(816704k free)

vm_info: OpenJDK 64-Bit Server VM (17.0.2+8) for bsd-aarch64 JRE (17.0.2+8), built on Jan 20 2022 10:58:36 by "jenkins" with clang Apple LLVM 12.0.0 (clang-1200.0.32.29)

END.
